#
# There is insufficient memory for the Java Runtime Environment to continue.
# Native memory allocation (mmap) failed to map 30408704 bytes for Failed to commit area from 0x00000000aad00000 to 0x00000000aca00000 of length 30408704.
# Possible reasons:
#   The system is out of physical RAM or swap space
#   The process is running with CompressedOops enabled, and the Java Heap may be blocking the growth of the native heap
# Possible solutions:
#   Reduce memory load on the system
#   Increase physical memory or swap space
#   Check if swap backing store is full
#   Decrease Java heap size (-Xmx/-Xms)
#   Decrease number of Java threads
#   Decrease Java thread stack sizes (-Xss)
#   Set larger code cache with -XX:ReservedCodeCacheSize=
#   JVM is running with Unscaled Compressed Oops mode in which the Java heap is
#     placed in the first 4GB address space. The Java Heap base address is the
#     maximum limit for the native heap growth. Please use -XX:HeapBaseMinAddress
#     to set the Java Heap base and to place the Java Heap above 4GB virtual address.
# This output file may be truncated or incomplete.
#
#  Out of Memory Error (./src/hotspot/os/windows/os_windows.cpp:3386), pid=18000, tid=4804
#
# JRE version: OpenJDK Runtime Environment Temurin-11.0.16+8 (11.0.16+8) (build 11.0.16+8)
# Java VM: OpenJDK 64-Bit Server VM Temurin-11.0.16+8 (11.0.16+8, mixed mode, tiered, compressed oops, g1 gc, windows-amd64)
# No core dump will be written. Minidumps are not enabled by default on client versions of Windows
#

---------------  S U M M A R Y ------------

Command Line: org.jetbrains.kotlin.cli.jvm.K2JVMCompiler @D:\Android01\node_modules\react-native-safe-area-context\android\build\20221029_15222055180142825587.compiler.options

Host: AMD Ryzen 5 3550H with Radeon Vega Mobile Gfx  , 8 cores, 5G,  Windows 10 , 64 bit Build 19041 (10.0.19041.1889)
Time: Sat Oct 29 19:30:35 2022 SE Asia Standard Time elapsed time: 13.072513 seconds (0d 0h 0m 13s)

---------------  T H R E A D  ---------------

Current thread (0x000002291d89b000):  VMThread "VM Thread" [stack: 0x00000077e0500000,0x00000077e0600000] [id=4804]

Stack: [0x00000077e0500000,0x00000077e0600000]
[error occurred during error reporting (printing stack bounds), id 0xc0000005, EXCEPTION_ACCESS_VIOLATION (0xc0000005) at pc=0x000002290868112d]

Native frames: (J=compiled Java code, j=interpreted, Vv=VM code, C=native code)
V  [jvm.dll+0x61f1da]
V  [jvm.dll+0x7abc69]
V  [jvm.dll+0x7ad358]
V  [jvm.dll+0x7ad995]
V  [jvm.dll+0x7ad94b]
V  [jvm.dll+0x61e567]
V  [jvm.dll+0x61ec78]
C  [ntdll.dll+0xa241f]
C  [ntdll.dll+0x514a4]
C  [ntdll.dll+0xa0f4e]
C  0x000002290868112d

VM_Operation (0x00000077dfffca10): G1CollectForAllocation, mode: safepoint, requested by thread 0x000002297fbf0800


---------------  P R O C E S S  ---------------

Threads class SMR info:
_java_thread_list=0x0000022920801660, length=11, elements={
0x000002297fbf0800, 0x000002291d8bf800, 0x000002291d8c9000, 0x000002291d8dc000,
0x000002291d8de000, 0x000002291d8df000, 0x000002291d8e6000, 0x000002291d8ea000,
0x000002291d91a000, 0x000002291e3cd800, 0x0000022920807800
}

Java Threads: ( => current thread )
  0x000002297fbf0800 JavaThread "main" [_thread_blocked, id=23784, stack(0x00000077dff00000,0x00000077e0000000)]
  0x000002291d8bf800 JavaThread "Reference Handler" daemon [_thread_blocked, id=25264, stack(0x00000077e0600000,0x00000077e0700000)]
  0x000002291d8c9000 JavaThread "Finalizer" daemon [_thread_blocked, id=18136, stack(0x00000077e0700000,0x00000077e0800000)]
  0x000002291d8dc000 JavaThread "Signal Dispatcher" daemon [_thread_blocked, id=21624, stack(0x00000077e0800000,0x00000077e0900000)]
  0x000002291d8de000 JavaThread "Attach Listener" daemon [_thread_blocked, id=24648, stack(0x00000077e0900000,0x00000077e0a00000)]
  0x000002291d8df000 JavaThread "Service Thread" daemon [_thread_blocked, id=22896, stack(0x00000077e0a00000,0x00000077e0b00000)]
  0x000002291d8e6000 JavaThread "C2 CompilerThread0" daemon [_thread_blocked, id=7392, stack(0x00000077e0b00000,0x00000077e0c00000)]
  0x000002291d8ea000 JavaThread "C1 CompilerThread0" daemon [_thread_blocked, id=16048, stack(0x00000077e0c00000,0x00000077e0d00000)]
  0x000002291d91a000 JavaThread "Sweeper thread" daemon [_thread_blocked, id=9616, stack(0x00000077e0d00000,0x00000077e0e00000)]
  0x000002291e3cd800 JavaThread "Common-Cleaner" daemon [_thread_blocked, id=21480, stack(0x00000077e0f00000,0x00000077e1000000)]
  0x0000022920807800 JavaThread "C2 CompilerThread1" daemon [_thread_blocked, id=3720, stack(0x00000077e1200000,0x00000077e1300000)]

Other Threads:
=>0x000002291d89b000 VMThread "VM Thread" [stack: 0x00000077e0500000,0x00000077e0600000] [id=4804]
  0x000002291e3c5000 WatcherThread [stack: 0x00000077e0e00000,0x00000077e0f00000] [id=3048]
  0x000002297fc0b800 GCTaskThread "GC Thread#0" [stack: 0x00000077e0000000,0x00000077e0100000] [id=9368]
  0x000002291ea4e000 GCTaskThread "GC Thread#1" [stack: 0x00000077e1100000,0x00000077e1200000] [id=26076]
  0x00000229235e1800 GCTaskThread "GC Thread#2" [stack: 0x00000077e1300000,0x00000077e1400000] [id=20036]
  0x000002297fc30800 ConcurrentGCThread "G1 Main Marker" [stack: 0x00000077e0100000,0x00000077e0200000] [id=21404]
  0x000002297fc32000 ConcurrentGCThread "G1 Conc#0" [stack: 0x00000077e0200000,0x00000077e0300000] [id=5780]
  0x000002291eb06000 ConcurrentGCThread "G1 Conc#1" [stack: 0x00000077e1000000,0x00000077e1100000] [id=21212]
  0x000002297fcb0000 ConcurrentGCThread "G1 Refine#0" [stack: 0x00000077e0300000,0x00000077e0400000] [id=24276]
  0x000002297fcb1000 ConcurrentGCThread "G1 Young RemSet Sampling" [stack: 0x00000077e0400000,0x00000077e0500000] [id=22756]

Threads with active compile tasks:
C2 CompilerThread0    13080 11909       4       org.jetbrains.kotlin.backend.common.serialization.mangle.descriptor.DescriptorBasedKotlinManglerImpl::signatureString (10 bytes)
C1 CompilerThread0    13080 11920       3       org.jetbrains.kotlin.backend.common.lower.DefaultArgumentStubGeneratorKt::generateDefaultsFunction (677 bytes)
C2 CompilerThread1    13080 11908       4       org.jetbrains.kotlin.backend.common.serialization.CityHashKt::cityHash64 (725 bytes)

VM state:at safepoint (normal execution)

VM Mutex/Monitor currently owned by a thread:  ([mutex/lock_event])
[0x000002297fbec370] Threads_lock - owner thread: 0x000002291d89b000
[0x000002297fbed4e0] Heap_lock - owner thread: 0x000002297fbf0800

Heap address: 0x00000000a1e00000, size: 1506 MB, Compressed Oops mode: 32-bit
Narrow klass base: 0x0000000000000000, Narrow klass shift: 3
Compressed class space size: 1073741824 Address: 0x0000000100000000

Heap:
 garbage-first heap   total 176128K, used 64498K [0x00000000a1e00000, 0x0000000100000000)
  region size 1024K, 4 young (4096K), 4 survivors (4096K)
 Metaspace       used 80919K, capacity 81771K, committed 82048K, reserved 1122304K
  class space    used 8914K, capacity 9279K, committed 9344K, reserved 1048576K
Heap Regions: E=young(eden), S=young(survivor), O=old, HS=humongous(starts), HC=humongous(continues), CS=collection set, F=free, A=archive, TAMS=top-at-mark-start (previous, next)
|   0|0x00000000a1e00000, 0x00000000a1f00000, 0x00000000a1f00000|100%|HS|  |TAMS 0x00000000a1f00000, 0x00000000a1e00000| Complete 
|   1|0x00000000a1f00000, 0x00000000a2000000, 0x00000000a2000000|100%|HC|  |TAMS 0x00000000a2000000, 0x00000000a1f00000| Complete 
|   2|0x00000000a2000000, 0x00000000a2100000, 0x00000000a2100000|100%|HC|  |TAMS 0x00000000a2100000, 0x00000000a2000000| Complete 
|   3|0x00000000a2100000, 0x00000000a2200000, 0x00000000a2200000|100%|HS|  |TAMS 0x00000000a2200000, 0x00000000a2100000| Complete 
|   4|0x00000000a2200000, 0x00000000a2300000, 0x00000000a2300000|100%|HC|  |TAMS 0x00000000a2300000, 0x00000000a2200000| Complete 
|   5|0x00000000a2300000, 0x00000000a2400000, 0x00000000a2400000|100%|HC|  |TAMS 0x00000000a2400000, 0x00000000a2300000| Complete 
|   6|0x00000000a2400000, 0x00000000a2500000, 0x00000000a2500000|100%|HS|  |TAMS 0x00000000a2500000, 0x00000000a2400000| Complete 
|   7|0x00000000a2500000, 0x00000000a2600000, 0x00000000a2600000|100%|HC|  |TAMS 0x00000000a2600000, 0x00000000a2500000| Complete 
|   8|0x00000000a2600000, 0x00000000a2700000, 0x00000000a2700000|100%| O|  |TAMS 0x00000000a2700000, 0x00000000a2600000| Untracked 
|   9|0x00000000a2700000, 0x00000000a2800000, 0x00000000a2800000|100%| O|  |TAMS 0x00000000a2800000, 0x00000000a2700000| Untracked 
|  10|0x00000000a2800000, 0x00000000a2900000, 0x00000000a2900000|100%| O|  |TAMS 0x00000000a2900000, 0x00000000a2800000| Untracked 
|  11|0x00000000a2900000, 0x00000000a2a00000, 0x00000000a2a00000|100%| O|  |TAMS 0x00000000a2a00000, 0x00000000a2900000| Untracked 
|  12|0x00000000a2a00000, 0x00000000a2b00000, 0x00000000a2b00000|100%| O|  |TAMS 0x00000000a2b00000, 0x00000000a2a00000| Untracked 
|  13|0x00000000a2b00000, 0x00000000a2c00000, 0x00000000a2c00000|100%| O|  |TAMS 0x00000000a2c00000, 0x00000000a2b00000| Untracked 
|  14|0x00000000a2c00000, 0x00000000a2d00000, 0x00000000a2d00000|100%| O|  |TAMS 0x00000000a2d00000, 0x00000000a2c00000| Untracked 
|  15|0x00000000a2d00000, 0x00000000a2e00000, 0x00000000a2e00000|100%| O|  |TAMS 0x00000000a2e00000, 0x00000000a2d00000| Untracked 
|  16|0x00000000a2e00000, 0x00000000a2f00000, 0x00000000a2f00000|100%| O|  |TAMS 0x00000000a2f00000, 0x00000000a2e00000| Untracked 
|  17|0x00000000a2f00000, 0x00000000a3000000, 0x00000000a3000000|100%| O|  |TAMS 0x00000000a3000000, 0x00000000a2f00000| Untracked 
|  18|0x00000000a3000000, 0x00000000a3100000, 0x00000000a3100000|100%| O|  |TAMS 0x00000000a3100000, 0x00000000a3000000| Untracked 
|  19|0x00000000a3100000, 0x00000000a3200000, 0x00000000a3200000|100%| O|  |TAMS 0x00000000a3200000, 0x00000000a3100000| Untracked 
|  20|0x00000000a3200000, 0x00000000a3300000, 0x00000000a3300000|100%| O|  |TAMS 0x00000000a3300000, 0x00000000a3200000| Untracked 
|  21|0x00000000a3300000, 0x00000000a3400000, 0x00000000a3400000|100%| O|  |TAMS 0x00000000a3400000, 0x00000000a3300000| Untracked 
|  22|0x00000000a3400000, 0x00000000a3500000, 0x00000000a3500000|100%| O|  |TAMS 0x00000000a3500000, 0x00000000a3400000| Untracked 
|  23|0x00000000a3500000, 0x00000000a3600000, 0x00000000a3600000|100%| O|  |TAMS 0x00000000a3600000, 0x00000000a3500000| Untracked 
|  24|0x00000000a3600000, 0x00000000a3700000, 0x00000000a3700000|100%| O|  |TAMS 0x00000000a3700000, 0x00000000a3600000| Untracked 
|  25|0x00000000a3700000, 0x00000000a3800000, 0x00000000a3800000|100%| O|  |TAMS 0x00000000a3800000, 0x00000000a3700000| Untracked 
|  26|0x00000000a3800000, 0x00000000a3900000, 0x00000000a3900000|100%| O|  |TAMS 0x00000000a3900000, 0x00000000a3800000| Untracked 
|  27|0x00000000a3900000, 0x00000000a3a00000, 0x00000000a3a00000|100%| O|  |TAMS 0x00000000a3a00000, 0x00000000a3900000| Untracked 
|  28|0x00000000a3a00000, 0x00000000a3b00000, 0x00000000a3b00000|100%| O|  |TAMS 0x00000000a3b00000, 0x00000000a3a00000| Untracked 
|  29|0x00000000a3b00000, 0x00000000a3c00000, 0x00000000a3c00000|100%| O|  |TAMS 0x00000000a3c00000, 0x00000000a3b00000| Untracked 
|  30|0x00000000a3c00000, 0x00000000a3d00000, 0x00000000a3d00000|100%| O|  |TAMS 0x00000000a3d00000, 0x00000000a3c00000| Untracked 
|  31|0x00000000a3d00000, 0x00000000a3e00000, 0x00000000a3e00000|100%| O|  |TAMS 0x00000000a3e00000, 0x00000000a3d00000| Untracked 
|  32|0x00000000a3e00000, 0x00000000a3f00000, 0x00000000a3f00000|100%| O|  |TAMS 0x00000000a3f00000, 0x00000000a3e00000| Untracked 
|  33|0x00000000a3f00000, 0x00000000a4000000, 0x00000000a4000000|100%| O|  |TAMS 0x00000000a4000000, 0x00000000a3f00000| Untracked 
|  34|0x00000000a4000000, 0x00000000a4100000, 0x00000000a4100000|100%| O|  |TAMS 0x00000000a4100000, 0x00000000a4000000| Untracked 
|  35|0x00000000a4100000, 0x00000000a4200000, 0x00000000a4200000|100%| O|  |TAMS 0x00000000a4200000, 0x00000000a4100000| Untracked 
|  36|0x00000000a4200000, 0x00000000a4300000, 0x00000000a4300000|100%| O|  |TAMS 0x00000000a4300000, 0x00000000a4200000| Untracked 
|  37|0x00000000a4300000, 0x00000000a4400000, 0x00000000a4400000|100%| O|  |TAMS 0x00000000a4400000, 0x00000000a4300000| Untracked 
|  38|0x00000000a4400000, 0x00000000a4500000, 0x00000000a4500000|100%| O|  |TAMS 0x00000000a4500000, 0x00000000a4400000| Untracked 
|  39|0x00000000a4500000, 0x00000000a4600000, 0x00000000a4600000|100%| O|  |TAMS 0x00000000a4600000, 0x00000000a4500000| Untracked 
|  40|0x00000000a4600000, 0x00000000a4700000, 0x00000000a4700000|100%| O|  |TAMS 0x00000000a4700000, 0x00000000a4600000| Untracked 
|  41|0x00000000a4700000, 0x00000000a4800000, 0x00000000a4800000|100%| O|  |TAMS 0x00000000a4780000, 0x00000000a4700000| Untracked 
|  42|0x00000000a4800000, 0x00000000a4900000, 0x00000000a4900000|100%| O|  |TAMS 0x00000000a4800000, 0x00000000a4800000| Untracked 
|  43|0x00000000a4900000, 0x00000000a4a00000, 0x00000000a4a00000|100%| O|  |TAMS 0x00000000a4900000, 0x00000000a4900000| Untracked 
|  44|0x00000000a4a00000, 0x00000000a4b00000, 0x00000000a4b00000|100%| O|  |TAMS 0x00000000a4a00000, 0x00000000a4a00000| Untracked 
|  45|0x00000000a4b00000, 0x00000000a4c00000, 0x00000000a4c00000|100%| O|  |TAMS 0x00000000a4b00000, 0x00000000a4b00000| Untracked 
|  46|0x00000000a4c00000, 0x00000000a4d00000, 0x00000000a4d00000|100%| O|  |TAMS 0x00000000a4c00000, 0x00000000a4c00000| Untracked 
|  47|0x00000000a4d00000, 0x00000000a4e00000, 0x00000000a4e00000|100%| O|  |TAMS 0x00000000a4d00000, 0x00000000a4d00000| Untracked 
|  48|0x00000000a4e00000, 0x00000000a4f00000, 0x00000000a4f00000|100%| O|  |TAMS 0x00000000a4e00000, 0x00000000a4e00000| Untracked 
|  49|0x00000000a4f00000, 0x00000000a5000000, 0x00000000a5000000|100%| O|  |TAMS 0x00000000a4f00000, 0x00000000a4f00000| Untracked 
|  50|0x00000000a5000000, 0x00000000a5100000, 0x00000000a5100000|100%| O|  |TAMS 0x00000000a5000000, 0x00000000a5000000| Untracked 
|  51|0x00000000a5100000, 0x00000000a5200000, 0x00000000a5200000|100%| O|  |TAMS 0x00000000a5100000, 0x00000000a5100000| Untracked 
|  52|0x00000000a5200000, 0x00000000a5300000, 0x00000000a5300000|100%| O|  |TAMS 0x00000000a5200000, 0x00000000a5200000| Untracked 
|  53|0x00000000a5300000, 0x00000000a5400000, 0x00000000a5400000|100%| O|  |TAMS 0x00000000a5300000, 0x00000000a5300000| Untracked 
|  54|0x00000000a5400000, 0x00000000a5500000, 0x00000000a5500000|100%| O|  |TAMS 0x00000000a5400000, 0x00000000a5400000| Untracked 
|  55|0x00000000a5500000, 0x00000000a5600000, 0x00000000a5600000|100%| O|  |TAMS 0x00000000a5500000, 0x00000000a5500000| Untracked 
|  56|0x00000000a5600000, 0x00000000a5700000, 0x00000000a5700000|100%| O|  |TAMS 0x00000000a5600000, 0x00000000a5600000| Untracked 
|  57|0x00000000a5700000, 0x00000000a5800000, 0x00000000a5800000|100%| O|  |TAMS 0x00000000a5700000, 0x00000000a5700000| Untracked 
|  58|0x00000000a5800000, 0x00000000a5900000, 0x00000000a5900000|100%| O|  |TAMS 0x00000000a5800000, 0x00000000a5800000| Untracked 
|  59|0x00000000a5900000, 0x00000000a59a4400, 0x00000000a5a00000| 64%| O|  |TAMS 0x00000000a5900000, 0x00000000a5900000| Untracked 
|  60|0x00000000a5a00000, 0x00000000a5a00000, 0x00000000a5b00000|  0%| F|  |TAMS 0x00000000a5a00000, 0x00000000a5a00000| Untracked 
|  61|0x00000000a5b00000, 0x00000000a5b00000, 0x00000000a5c00000|  0%| F|  |TAMS 0x00000000a5b00000, 0x00000000a5b00000| Untracked 
|  62|0x00000000a5c00000, 0x00000000a5c00000, 0x00000000a5d00000|  0%| F|  |TAMS 0x00000000a5c00000, 0x00000000a5c00000| Untracked 
|  63|0x00000000a5d00000, 0x00000000a5d00000, 0x00000000a5e00000|  0%| F|  |TAMS 0x00000000a5d00000, 0x00000000a5d00000| Untracked 
|  64|0x00000000a5e00000, 0x00000000a5e00000, 0x00000000a5f00000|  0%| F|  |TAMS 0x00000000a5e00000, 0x00000000a5e00000| Untracked 
|  65|0x00000000a5f00000, 0x00000000a5f00000, 0x00000000a6000000|  0%| F|  |TAMS 0x00000000a5f00000, 0x00000000a5f00000| Untracked 
|  66|0x00000000a6000000, 0x00000000a6000000, 0x00000000a6100000|  0%| F|  |TAMS 0x00000000a6000000, 0x00000000a6000000| Untracked 
|  67|0x00000000a6100000, 0x00000000a6100000, 0x00000000a6200000|  0%| F|  |TAMS 0x00000000a6100000, 0x00000000a6100000| Untracked 
|  68|0x00000000a6200000, 0x00000000a6200000, 0x00000000a6300000|  0%| F|  |TAMS 0x00000000a6200000, 0x00000000a6200000| Untracked 
|  69|0x00000000a6300000, 0x00000000a6300000, 0x00000000a6400000|  0%| F|  |TAMS 0x00000000a6300000, 0x00000000a6300000| Untracked 
|  70|0x00000000a6400000, 0x00000000a6400000, 0x00000000a6500000|  0%| F|  |TAMS 0x00000000a6400000, 0x00000000a6400000| Untracked 
|  71|0x00000000a6500000, 0x00000000a6500000, 0x00000000a6600000|  0%| F|  |TAMS 0x00000000a6500000, 0x00000000a6500000| Untracked 
|  72|0x00000000a6600000, 0x00000000a6600000, 0x00000000a6700000|  0%| F|  |TAMS 0x00000000a6600000, 0x00000000a6600000| Untracked 
|  73|0x00000000a6700000, 0x00000000a6700000, 0x00000000a6800000|  0%| F|  |TAMS 0x00000000a6700000, 0x00000000a6700000| Untracked 
|  74|0x00000000a6800000, 0x00000000a6800000, 0x00000000a6900000|  0%| F|  |TAMS 0x00000000a6800000, 0x00000000a6800000| Untracked 
|  75|0x00000000a6900000, 0x00000000a6900000, 0x00000000a6a00000|  0%| F|  |TAMS 0x00000000a6900000, 0x00000000a6900000| Untracked 
|  76|0x00000000a6a00000, 0x00000000a6a00000, 0x00000000a6b00000|  0%| F|  |TAMS 0x00000000a6a00000, 0x00000000a6a00000| Untracked 
|  77|0x00000000a6b00000, 0x00000000a6b00000, 0x00000000a6c00000|  0%| F|  |TAMS 0x00000000a6b00000, 0x00000000a6b00000| Untracked 
|  78|0x00000000a6c00000, 0x00000000a6c00000, 0x00000000a6d00000|  0%| F|  |TAMS 0x00000000a6c00000, 0x00000000a6c00000| Untracked 
|  79|0x00000000a6d00000, 0x00000000a6d00000, 0x00000000a6e00000|  0%| F|  |TAMS 0x00000000a6d00000, 0x00000000a6d00000| Untracked 
|  80|0x00000000a6e00000, 0x00000000a6e00000, 0x00000000a6f00000|  0%| F|  |TAMS 0x00000000a6e00000, 0x00000000a6e00000| Untracked 
|  81|0x00000000a6f00000, 0x00000000a6f00000, 0x00000000a7000000|  0%| F|  |TAMS 0x00000000a6f00000, 0x00000000a6f00000| Untracked 
|  82|0x00000000a7000000, 0x00000000a7000000, 0x00000000a7100000|  0%| F|  |TAMS 0x00000000a7000000, 0x00000000a7000000| Untracked 
|  83|0x00000000a7100000, 0x00000000a7100000, 0x00000000a7200000|  0%| F|  |TAMS 0x00000000a7100000, 0x00000000a7100000| Untracked 
|  84|0x00000000a7200000, 0x00000000a7200000, 0x00000000a7300000|  0%| F|  |TAMS 0x00000000a7200000, 0x00000000a7200000| Untracked 
|  85|0x00000000a7300000, 0x00000000a7300000, 0x00000000a7400000|  0%| F|  |TAMS 0x00000000a7300000, 0x00000000a7300000| Untracked 
|  86|0x00000000a7400000, 0x00000000a7400000, 0x00000000a7500000|  0%| F|  |TAMS 0x00000000a7400000, 0x00000000a7400000| Untracked 
|  87|0x00000000a7500000, 0x00000000a7500000, 0x00000000a7600000|  0%| F|  |TAMS 0x00000000a7500000, 0x00000000a7500000| Untracked 
|  88|0x00000000a7600000, 0x00000000a7600000, 0x00000000a7700000|  0%| F|  |TAMS 0x00000000a7600000, 0x00000000a7600000| Untracked 
|  89|0x00000000a7700000, 0x00000000a7700000, 0x00000000a7800000|  0%| F|  |TAMS 0x00000000a7700000, 0x00000000a7700000| Untracked 
|  90|0x00000000a7800000, 0x00000000a7800000, 0x00000000a7900000|  0%| F|  |TAMS 0x00000000a7800000, 0x00000000a7800000| Untracked 
|  91|0x00000000a7900000, 0x00000000a79585b8, 0x00000000a7a00000| 34%| S|CS|TAMS 0x00000000a7900000, 0x00000000a7900000| Complete 
|  92|0x00000000a7a00000, 0x00000000a7a00000, 0x00000000a7b00000|  0%| F|  |TAMS 0x00000000a7a00000, 0x00000000a7a00000| Untracked 
|  93|0x00000000a7b00000, 0x00000000a7b00000, 0x00000000a7c00000|  0%| F|  |TAMS 0x00000000a7b00000, 0x00000000a7b00000| Untracked 
|  94|0x00000000a7c00000, 0x00000000a7c00000, 0x00000000a7d00000|  0%| F|  |TAMS 0x00000000a7c00000, 0x00000000a7c00000| Untracked 
|  95|0x00000000a7d00000, 0x00000000a7d00000, 0x00000000a7e00000|  0%| F|  |TAMS 0x00000000a7d00000, 0x00000000a7d00000| Untracked 
|  96|0x00000000a7e00000, 0x00000000a7e00000, 0x00000000a7f00000|  0%| F|  |TAMS 0x00000000a7e00000, 0x00000000a7e00000| Untracked 
|  97|0x00000000a7f00000, 0x00000000a7f00000, 0x00000000a8000000|  0%| F|  |TAMS 0x00000000a7f00000, 0x00000000a7f00000| Untracked 
|  98|0x00000000a8000000, 0x00000000a8100000, 0x00000000a8100000|100%| S|CS|TAMS 0x00000000a8000000, 0x00000000a8000000| Complete 
|  99|0x00000000a8100000, 0x00000000a8200000, 0x00000000a8200000|100%| S|CS|TAMS 0x00000000a8100000, 0x00000000a8100000| Complete 
| 100|0x00000000a8200000, 0x00000000a8300000, 0x00000000a8300000|100%| S|CS|TAMS 0x00000000a8200000, 0x00000000a8200000| Complete 
| 101|0x00000000a8300000, 0x00000000a8300000, 0x00000000a8400000|  0%| F|  |TAMS 0x00000000a8300000, 0x00000000a8300000| Untracked 
| 102|0x00000000a8400000, 0x00000000a8400000, 0x00000000a8500000|  0%| F|  |TAMS 0x00000000a8400000, 0x00000000a8400000| Untracked 
| 103|0x00000000a8500000, 0x00000000a8500000, 0x00000000a8600000|  0%| F|  |TAMS 0x00000000a8500000, 0x00000000a8500000| Untracked 
| 104|0x00000000a8600000, 0x00000000a8600000, 0x00000000a8700000|  0%| F|  |TAMS 0x00000000a8600000, 0x00000000a8600000| Untracked 
| 105|0x00000000a8700000, 0x00000000a8700000, 0x00000000a8800000|  0%| F|  |TAMS 0x00000000a8700000, 0x00000000a8700000| Untracked 
| 106|0x00000000a8800000, 0x00000000a8800000, 0x00000000a8900000|  0%| F|  |TAMS 0x00000000a8800000, 0x00000000a8800000| Untracked 
| 107|0x00000000a8900000, 0x00000000a8900000, 0x00000000a8a00000|  0%| F|  |TAMS 0x00000000a8900000, 0x00000000a8900000| Untracked 
| 108|0x00000000a8a00000, 0x00000000a8a00000, 0x00000000a8b00000|  0%| F|  |TAMS 0x00000000a8a00000, 0x00000000a8a00000| Untracked 
| 109|0x00000000a8b00000, 0x00000000a8b00000, 0x00000000a8c00000|  0%| F|  |TAMS 0x00000000a8b00000, 0x00000000a8b00000| Untracked 
| 110|0x00000000a8c00000, 0x00000000a8c00000, 0x00000000a8d00000|  0%| F|  |TAMS 0x00000000a8c00000, 0x00000000a8c00000| Untracked 
| 111|0x00000000a8d00000, 0x00000000a8d00000, 0x00000000a8e00000|  0%| F|  |TAMS 0x00000000a8d00000, 0x00000000a8d00000| Untracked 
| 112|0x00000000a8e00000, 0x00000000a8e00000, 0x00000000a8f00000|  0%| F|  |TAMS 0x00000000a8e00000, 0x00000000a8e00000| Untracked 
| 113|0x00000000a8f00000, 0x00000000a8f00000, 0x00000000a9000000|  0%| F|  |TAMS 0x00000000a8f00000, 0x00000000a8f00000| Untracked 
| 114|0x00000000a9000000, 0x00000000a9000000, 0x00000000a9100000|  0%| F|  |TAMS 0x00000000a9000000, 0x00000000a9000000| Untracked 
| 115|0x00000000a9100000, 0x00000000a9100000, 0x00000000a9200000|  0%| F|  |TAMS 0x00000000a9100000, 0x00000000a9100000| Untracked 
| 116|0x00000000a9200000, 0x00000000a9200000, 0x00000000a9300000|  0%| F|  |TAMS 0x00000000a9200000, 0x00000000a9200000| Untracked 
| 117|0x00000000a9300000, 0x00000000a9300000, 0x00000000a9400000|  0%| F|  |TAMS 0x00000000a9300000, 0x00000000a9300000| Untracked 
| 118|0x00000000a9400000, 0x00000000a9400000, 0x00000000a9500000|  0%| F|  |TAMS 0x00000000a9400000, 0x00000000a9400000| Untracked 
| 119|0x00000000a9500000, 0x00000000a9500000, 0x00000000a9600000|  0%| F|  |TAMS 0x00000000a9500000, 0x00000000a9500000| Untracked 
| 120|0x00000000a9600000, 0x00000000a9600000, 0x00000000a9700000|  0%| F|  |TAMS 0x00000000a9600000, 0x00000000a9600000| Untracked 
| 121|0x00000000a9700000, 0x00000000a9700000, 0x00000000a9800000|  0%| F|  |TAMS 0x00000000a9700000, 0x00000000a9700000| Untracked 
| 122|0x00000000a9800000, 0x00000000a9800000, 0x00000000a9900000|  0%| F|  |TAMS 0x00000000a9800000, 0x00000000a9800000| Untracked 
| 123|0x00000000a9900000, 0x00000000a9900000, 0x00000000a9a00000|  0%| F|  |TAMS 0x00000000a9900000, 0x00000000a9900000| Untracked 
| 124|0x00000000a9a00000, 0x00000000a9a00000, 0x00000000a9b00000|  0%| F|  |TAMS 0x00000000a9a00000, 0x00000000a9a00000| Untracked 
| 125|0x00000000a9b00000, 0x00000000a9b00000, 0x00000000a9c00000|  0%| F|  |TAMS 0x00000000a9b00000, 0x00000000a9b00000| Untracked 
| 126|0x00000000a9c00000, 0x00000000a9c00000, 0x00000000a9d00000|  0%| F|  |TAMS 0x00000000a9c00000, 0x00000000a9c00000| Untracked 
| 127|0x00000000a9d00000, 0x00000000a9d00000, 0x00000000a9e00000|  0%| F|  |TAMS 0x00000000a9d00000, 0x00000000a9d00000| Untracked 
| 128|0x00000000a9e00000, 0x00000000a9e00000, 0x00000000a9f00000|  0%| F|  |TAMS 0x00000000a9e00000, 0x00000000a9e00000| Untracked 
| 129|0x00000000a9f00000, 0x00000000a9f00000, 0x00000000aa000000|  0%| F|  |TAMS 0x00000000a9f00000, 0x00000000a9f00000| Untracked 
| 130|0x00000000aa000000, 0x00000000aa000000, 0x00000000aa100000|  0%| F|  |TAMS 0x00000000aa000000, 0x00000000aa000000| Untracked 
| 131|0x00000000aa100000, 0x00000000aa100000, 0x00000000aa200000|  0%| F|  |TAMS 0x00000000aa100000, 0x00000000aa100000| Untracked 
| 132|0x00000000aa200000, 0x00000000aa200000, 0x00000000aa300000|  0%| F|  |TAMS 0x00000000aa200000, 0x00000000aa200000| Untracked 
| 133|0x00000000aa300000, 0x00000000aa300000, 0x00000000aa400000|  0%| F|  |TAMS 0x00000000aa300000, 0x00000000aa300000| Untracked 
| 134|0x00000000aa400000, 0x00000000aa400000, 0x00000000aa500000|  0%| F|  |TAMS 0x00000000aa400000, 0x00000000aa400000| Untracked 
| 135|0x00000000aa500000, 0x00000000aa500000, 0x00000000aa600000|  0%| F|  |TAMS 0x00000000aa500000, 0x00000000aa500000| Untracked 
| 136|0x00000000aa600000, 0x00000000aa600000, 0x00000000aa700000|  0%| F|  |TAMS 0x00000000aa600000, 0x00000000aa600000| Untracked 
| 137|0x00000000aa700000, 0x00000000aa700000, 0x00000000aa800000|  0%| F|  |TAMS 0x00000000aa700000, 0x00000000aa700000| Untracked 
| 138|0x00000000aa800000, 0x00000000aa800000, 0x00000000aa900000|  0%| F|  |TAMS 0x00000000aa800000, 0x00000000aa800000| Untracked 
| 139|0x00000000aa900000, 0x00000000aa900000, 0x00000000aaa00000|  0%| F|  |TAMS 0x00000000aa900000, 0x00000000aa900000| Untracked 
| 140|0x00000000aaa00000, 0x00000000aaa00000, 0x00000000aab00000|  0%| F|  |TAMS 0x00000000aaa00000, 0x00000000aaa00000| Untracked 
| 141|0x00000000aab00000, 0x00000000aab00000, 0x00000000aac00000|  0%| F|  |TAMS 0x00000000aab00000, 0x00000000aab00000| Untracked 
| 142|0x00000000aac00000, 0x00000000aac00000, 0x00000000aad00000|  0%| F|  |TAMS 0x00000000aac00000, 0x00000000aac00000| Untracked 

Card table byte_map: [0x0000022917980000,0x0000022917c80000] _byte_map_base: 0x0000022917471000

Marking Bits (Prev, Next): (CMBitMap*) 0x000002297fc29c30, (CMBitMap*) 0x000002297fc29bf8
 Prev Bits: [0x0000022919710000, 0x000002291ae98000)
 Next Bits: [0x0000022917f80000, 0x0000022919708000)

Polling page: 0x000002297dbb0000

Metaspace:

Usage:
  Non-class:     70.79 MB capacity,    70.32 MB (>99%) used,   352.70 KB ( <1%) free+waste,   134.88 KB ( <1%) overhead. 
      Class:      9.06 MB capacity,     8.71 MB ( 96%) used,   306.86 KB (  3%) free+waste,    57.31 KB ( <1%) overhead. 
       Both:     79.85 MB capacity,    79.02 MB ( 99%) used,   659.55 KB ( <1%) free+waste,   192.19 KB ( <1%) overhead. 

Virtual space:
  Non-class space:       72.00 MB reserved,      71.00 MB ( 99%) committed 
      Class space:        1.00 GB reserved,       9.13 MB ( <1%) committed 
             Both:        1.07 GB reserved,      80.13 MB (  7%) committed 

Chunk freelists:
   Non-Class:  20.00 KB
       Class:  1.00 KB
        Both:  21.00 KB

MaxMetaspaceSize: 17179869184.00 GB
CompressedClassSpaceSize: 1.00 GB
Initial GC threshold: 20.80 MB
Current GC threshold: 98.34 MB
CDS: off

CodeHeap 'non-profiled nmethods': size=120000Kb used=5539Kb max_used=5539Kb free=114460Kb
 bounds [0x0000022910150000, 0x00000229106c0000, 0x0000022917680000]
CodeHeap 'profiled nmethods': size=120000Kb used=36182Kb max_used=36182Kb free=83817Kb
 bounds [0x0000022908c20000, 0x000002290af80000, 0x0000022910150000]
CodeHeap 'non-nmethods': size=5760Kb used=1354Kb max_used=1389Kb free=4405Kb
 bounds [0x0000022908680000, 0x00000229088f0000, 0x0000022908c20000]
 total_blobs=12447 nmethods=11796 adapters=560
 compilation: enabled
              stopped_count=0, restarted_count=0
 full_count=0

Compilation events (20 events):
Event: 13.038 Thread 0x000002291d8ea000 nmethod 11912 0x000002290af6c210 code [0x000002290af6c3c0, 0x000002290af6c4c8]
Event: 13.039 Thread 0x000002291d8ea000 11913       2       org.jetbrains.kotlin.backend.common.ir.IrUtilsKt::copyAnnotations (249 bytes)
Event: 13.041 Thread 0x000002291d8ea000 nmethod 11913 0x000002290af6c590 code [0x000002290af6c920, 0x000002290af6d7d8]
Event: 13.041 Thread 0x000002291d8ea000 11914       2       org.jetbrains.kotlin.backend.common.lower.DefaultArgumentStubGeneratorKt::findBaseFunctionWithDefaultArguments (19 bytes)
Event: 13.041 Thread 0x000002291d8ea000 nmethod 11914 0x000002290af6e290 code [0x000002290af6e480, 0x000002290af6e718]
Event: 13.042 Thread 0x0000022920807800 nmethod 11748 0x00000229106b5c10 code [0x00000229106b5e20, 0x00000229106b6c08]
Event: 13.042 Thread 0x0000022920807800 11908       4       org.jetbrains.kotlin.backend.common.serialization.CityHashKt::cityHash64 (725 bytes)
Event: 13.042 Thread 0x000002291d8ea000 11915       1       org.jetbrains.kotlin.ir.expressions.impl.IrConstructorCallImpl::getType (5 bytes)
Event: 13.042 Thread 0x000002291d8ea000 nmethod 11915 0x00000229106b7490 code [0x00000229106b7640, 0x00000229106b76f8]
Event: 13.044 Thread 0x000002291d8ea000 11916       3       org.jetbrains.kotlin.backend.common.lower.DefaultArgumentStubGenerator::lower (170 bytes)
Event: 13.049 Thread 0x000002291d8ea000 nmethod 11916 0x000002290af6e890 code [0x000002290af6efc0, 0x000002290af731a8]
Event: 13.049 Thread 0x000002291d8ea000 11917       3       org.jetbrains.kotlin.ir.util.DeepCopySymbolRemapper::getReferenced (29 bytes)
Event: 13.049 Thread 0x000002291d8ea000 nmethod 11917 0x000002290af74710 code [0x000002290af748e0, 0x000002290af74c08]
Event: 13.050 Thread 0x000002291d8ea000 11918       3       org.jetbrains.kotlin.backend.jvm.lower.JvmDefaultArgumentStubGenerator::useConstructorMarker (32 bytes)
Event: 13.051 Thread 0x000002291d8e6000 nmethod 11901 0x00000229106b7790 code [0x00000229106b79e0, 0x00000229106b82c8]
Event: 13.051 Thread 0x000002291d8e6000 11889       4       org.jetbrains.kotlin.backend.common.serialization.CityHashKt::bswap-VKZWuLQ (401 bytes)
Event: 13.051 Thread 0x000002291d8ea000 nmethod 11918 0x000002290af74d10 code [0x000002290af74f80, 0x000002290af758d8]
Event: 13.051 Thread 0x000002291d8ea000 11920       3       org.jetbrains.kotlin.backend.common.lower.DefaultArgumentStubGeneratorKt::generateDefaultsFunction (677 bytes)
Event: 13.051 Thread 0x000002291d8e6000 nmethod 11889 0x00000229106b8990 code [0x00000229106b8b20, 0x00000229106b8bd8]
Event: 13.051 Thread 0x000002291d8e6000 11909       4       org.jetbrains.kotlin.backend.common.serialization.mangle.descriptor.DescriptorBasedKotlinManglerImpl::signatureString (10 bytes)

GC Heap History (20 events):
Event: 2.820 GC heap after
{Heap after GC invocations=5 (full 0):
 garbage-first heap   total 98304K, used 19969K [0x00000000a1e00000, 0x0000000100000000)
  region size 1024K, 2 young (2048K), 2 survivors (2048K)
 Metaspace       used 35258K, capacity 35680K, committed 35840K, reserved 1081344K
  class space    used 4320K, capacity 4506K, committed 4608K, reserved 1048576K
}
Event: 3.515 GC heap before
{Heap before GC invocations=6 (full 0):
 garbage-first heap   total 98304K, used 55809K [0x00000000a1e00000, 0x0000000100000000)
  region size 1024K, 37 young (37888K), 2 survivors (2048K)
 Metaspace       used 42824K, capacity 43316K, committed 43392K, reserved 1087488K
  class space    used 5034K, capacity 5230K, committed 5248K, reserved 1048576K
}
Event: 3.523 GC heap after
{Heap after GC invocations=7 (full 0):
 garbage-first heap   total 121856K, used 23041K [0x00000000a1e00000, 0x0000000100000000)
  region size 1024K, 5 young (5120K), 5 survivors (5120K)
 Metaspace       used 42824K, capacity 43316K, committed 43392K, reserved 1087488K
  class space    used 5034K, capacity 5230K, committed 5248K, reserved 1048576K
}
Event: 4.592 GC heap before
{Heap before GC invocations=7 (full 0):
 garbage-first heap   total 121856K, used 71169K [0x00000000a1e00000, 0x0000000100000000)
  region size 1024K, 49 young (50176K), 5 survivors (5120K)
 Metaspace       used 52668K, capacity 53399K, committed 53760K, reserved 1095680K
  class space    used 6258K, capacity 6540K, committed 6656K, reserved 1048576K
}
Event: 4.609 GC heap after
{Heap after GC invocations=8 (full 0):
 garbage-first heap   total 121856K, used 30557K [0x00000000a1e00000, 0x0000000100000000)
  region size 1024K, 7 young (7168K), 7 survivors (7168K)
 Metaspace       used 52668K, capacity 53399K, committed 53760K, reserved 1095680K
  class space    used 6258K, capacity 6540K, committed 6656K, reserved 1048576K
}
Event: 5.331 GC heap before
{Heap before GC invocations=8 (full 0):
 garbage-first heap   total 121856K, used 74589K [0x00000000a1e00000, 0x0000000100000000)
  region size 1024K, 50 young (51200K), 7 survivors (7168K)
 Metaspace       used 56182K, capacity 56900K, committed 57216K, reserved 1099776K
  class space    used 6656K, capacity 6938K, committed 7040K, reserved 1048576K
}
Event: 5.348 GC heap after
{Heap after GC invocations=9 (full 0):
 garbage-first heap   total 121856K, used 33686K [0x00000000a1e00000, 0x0000000100000000)
  region size 1024K, 5 young (5120K), 5 survivors (5120K)
 Metaspace       used 56182K, capacity 56900K, committed 57216K, reserved 1099776K
  class space    used 6656K, capacity 6938K, committed 7040K, reserved 1048576K
}
Event: 6.617 GC heap before
{Heap before GC invocations=9 (full 0):
 garbage-first heap   total 121856K, used 77718K [0x00000000a1e00000, 0x0000000100000000)
  region size 1024K, 48 young (49152K), 5 survivors (5120K)
 Metaspace       used 59154K, capacity 59905K, committed 60032K, reserved 1101824K
  class space    used 6873K, capacity 7185K, committed 7296K, reserved 1048576K
}
Event: 6.645 GC heap after
{Heap after GC invocations=10 (full 0):
 garbage-first heap   total 121856K, used 41843K [0x00000000a1e00000, 0x0000000100000000)
  region size 1024K, 6 young (6144K), 6 survivors (6144K)
 Metaspace       used 59154K, capacity 59905K, committed 60032K, reserved 1101824K
  class space    used 6873K, capacity 7185K, committed 7296K, reserved 1048576K
}
Event: 6.862 GC heap before
{Heap before GC invocations=10 (full 0):
 garbage-first heap   total 121856K, used 51059K [0x00000000a1e00000, 0x0000000100000000)
  region size 1024K, 16 young (16384K), 6 survivors (6144K)
 Metaspace       used 59339K, capacity 60042K, committed 60160K, reserved 1101824K
  class space    used 6886K, capacity 7188K, committed 7296K, reserved 1048576K
}
Event: 6.882 GC heap after
{Heap after GC invocations=11 (full 0):
 garbage-first heap   total 146432K, used 45056K [0x00000000a1e00000, 0x0000000100000000)
  region size 1024K, 3 young (3072K), 3 survivors (3072K)
 Metaspace       used 59339K, capacity 60042K, committed 60160K, reserved 1101824K
  class space    used 6886K, capacity 7188K, committed 7296K, reserved 1048576K
}
Event: 7.777 GC heap before
{Heap before GC invocations=12 (full 0):
 garbage-first heap   total 146432K, used 83968K [0x00000000a1e00000, 0x0000000100000000)
  region size 1024K, 41 young (41984K), 3 survivors (3072K)
 Metaspace       used 61613K, capacity 62414K, committed 62592K, reserved 1103872K
  class space    used 7122K, capacity 7441K, committed 7552K, reserved 1048576K
}
Event: 7.790 GC heap after
{Heap after GC invocations=13 (full 0):
 garbage-first heap   total 146432K, used 48595K [0x00000000a1e00000, 0x0000000100000000)
  region size 1024K, 6 young (6144K), 6 survivors (6144K)
 Metaspace       used 61613K, capacity 62414K, committed 62592K, reserved 1103872K
  class space    used 7122K, capacity 7441K, committed 7552K, reserved 1048576K
}
Event: 9.962 GC heap before
{Heap before GC invocations=13 (full 0):
 garbage-first heap   total 146432K, used 90579K [0x00000000a1e00000, 0x0000000100000000)
  region size 1024K, 47 young (48128K), 6 survivors (6144K)
 Metaspace       used 65298K, capacity 66182K, committed 66432K, reserved 1107968K
  class space    used 7342K, capacity 7706K, committed 7808K, reserved 1048576K
}
Event: 9.979 GC heap after
{Heap after GC invocations=14 (full 0):
 garbage-first heap   total 146432K, used 53647K [0x00000000a1e00000, 0x0000000100000000)
  region size 1024K, 5 young (5120K), 5 survivors (5120K)
 Metaspace       used 65298K, capacity 66182K, committed 66432K, reserved 1107968K
  class space    used 7342K, capacity 7706K, committed 7808K, reserved 1048576K
}
Event: 11.274 GC heap before
{Heap before GC invocations=14 (full 0):
 garbage-first heap   total 146432K, used 95631K [0x00000000a1e00000, 0x0000000100000000)
  region size 1024K, 46 young (47104K), 5 survivors (5120K)
 Metaspace       used 72490K, capacity 73336K, committed 73472K, reserved 1114112K
  class space    used 8059K, capacity 8409K, committed 8448K, reserved 1048576K
}
Event: 11.287 GC heap after
{Heap after GC invocations=15 (full 0):
 garbage-first heap   total 146432K, used 56258K [0x00000000a1e00000, 0x0000000100000000)
  region size 1024K, 3 young (3072K), 3 survivors (3072K)
 Metaspace       used 72490K, capacity 73336K, committed 73472K, reserved 1114112K
  class space    used 8059K, capacity 8409K, committed 8448K, reserved 1048576K
}
Event: 12.243 GC heap before
{Heap before GC invocations=15 (full 0):
 garbage-first heap   total 146432K, used 99266K [0x00000000a1e00000, 0x0000000100000000)
  region size 1024K, 45 young (46080K), 3 survivors (3072K)
 Metaspace       used 74144K, capacity 75033K, committed 75136K, reserved 1116160K
  class space    used 8198K, capacity 8569K, committed 8576K, reserved 1048576K
}
Event: 12.258 GC heap after
{Heap after GC invocations=16 (full 0):
 garbage-first heap   total 146432K, used 61039K [0x00000000a1e00000, 0x0000000100000000)
  region size 1024K, 6 young (6144K), 6 survivors (6144K)
 Metaspace       used 74144K, capacity 75033K, committed 75136K, reserved 1116160K
  class space    used 8198K, capacity 8569K, committed 8576K, reserved 1048576K
}
Event: 13.053 GC heap before
{Heap before GC invocations=16 (full 0):
 garbage-first heap   total 146432K, used 104047K [0x00000000a1e00000, 0x0000000100000000)
  region size 1024K, 48 young (49152K), 6 survivors (6144K)
 Metaspace       used 80919K, capacity 81771K, committed 82048K, reserved 1122304K
  class space    used 8914K, capacity 9279K, committed 9344K, reserved 1048576K
}

Deoptimization events (20 events):
Event: 12.854 Thread 0x000002297fbf0800 DEOPT PACKING pc=0x00000229106642b0 sp=0x00000077dfffdc80
Event: 12.854 Thread 0x000002297fbf0800 DEOPT UNPACKING pc=0x00000229086ca1af sp=0x00000077dfffdc08 mode 2
Event: 12.863 Thread 0x000002297fbf0800 Uncommon trap: trap_request=0xffffffde fr.pc=0x00000229106642b0 relative=0x0000000000000650
Event: 12.863 Thread 0x000002297fbf0800 Uncommon trap: reason=class_check action=maybe_recompile pc=0x00000229106642b0 method=org.jetbrains.kotlin.ir.declarations.IrFunction.acceptChildren(Lorg/jetbrains/kotlin/ir/visitors/IrElementVisitor;Ljava/lang/Object;)V @ 108 c2
Event: 12.863 Thread 0x000002297fbf0800 DEOPT PACKING pc=0x00000229106642b0 sp=0x00000077dfffd1b0
Event: 12.863 Thread 0x000002297fbf0800 DEOPT UNPACKING pc=0x00000229086ca1af sp=0x00000077dfffd138 mode 2
Event: 12.868 Thread 0x000002297fbf0800 Uncommon trap: trap_request=0xffffffde fr.pc=0x00000229106642b0 relative=0x0000000000000650
Event: 12.868 Thread 0x000002297fbf0800 Uncommon trap: reason=class_check action=maybe_recompile pc=0x00000229106642b0 method=org.jetbrains.kotlin.ir.declarations.IrFunction.acceptChildren(Lorg/jetbrains/kotlin/ir/visitors/IrElementVisitor;Ljava/lang/Object;)V @ 108 c2
Event: 12.868 Thread 0x000002297fbf0800 DEOPT PACKING pc=0x00000229106642b0 sp=0x00000077dfffd5a0
Event: 12.868 Thread 0x000002297fbf0800 DEOPT UNPACKING pc=0x00000229086ca1af sp=0x00000077dfffd528 mode 2
Event: 12.900 Thread 0x000002297fbf0800 DEOPT PACKING pc=0x000002291069a9d4 sp=0x00000077dfffd9a0
Event: 12.900 Thread 0x000002297fbf0800 DEOPT UNPACKING pc=0x00000229086ca95e sp=0x00000077dfffcdc0 mode 0
Event: 12.934 Thread 0x000002297fbf0800 Uncommon trap: trap_request=0xffffffc6 fr.pc=0x00000229105db150 relative=0x00000000000007b0
Event: 12.934 Thread 0x000002297fbf0800 Uncommon trap: reason=bimorphic_or_optimized_type_check action=maybe_recompile pc=0x00000229105db150 method=kotlin.text.StringsKt__AppendableKt.appendElement(Ljava/lang/Appendable;Ljava/lang/Object;Lkotlin/jvm/functions/Function1;)V @ 14 c2
Event: 12.934 Thread 0x000002297fbf0800 DEOPT PACKING pc=0x00000229105db150 sp=0x00000077dfffd5c0
Event: 12.934 Thread 0x000002297fbf0800 DEOPT UNPACKING pc=0x00000229086ca1af sp=0x00000077dfffd598 mode 2
Event: 12.934 Thread 0x000002297fbf0800 Uncommon trap: trap_request=0xffffffc6 fr.pc=0x00000229105db150 relative=0x00000000000007b0
Event: 12.934 Thread 0x000002297fbf0800 Uncommon trap: reason=bimorphic_or_optimized_type_check action=maybe_recompile pc=0x00000229105db150 method=kotlin.text.StringsKt__AppendableKt.appendElement(Ljava/lang/Appendable;Ljava/lang/Object;Lkotlin/jvm/functions/Function1;)V @ 14 c2
Event: 12.934 Thread 0x000002297fbf0800 DEOPT PACKING pc=0x00000229105db150 sp=0x00000077dfffd5c0
Event: 12.934 Thread 0x000002297fbf0800 DEOPT UNPACKING pc=0x00000229086ca1af sp=0x00000077dfffd598 mode 2

Classes redefined (0 events):
No events

Internal exceptions (20 events):
Event: 5.266 Thread 0x000002297fbf0800 Implicit null exception at 0x00000229102833cc to 0x00000229102834a8
Event: 5.824 Thread 0x000002297fbf0800 Implicit null exception at 0x0000022910344cd5 to 0x0000022910345830
Event: 5.824 Thread 0x000002297fbf0800 Implicit null exception at 0x00000229103443af to 0x00000229103443dc
Event: 5.881 Thread 0x000002297fbf0800 Exception <a 'java/lang/IncompatibleClassChangeError'{0x00000000a8896b80}: Found class java.lang.Object, but interface was expected> (0x00000000a8896b80) thrown at [./src/hotspot/share/interpreter/linkResolver.cpp, line 839]
Event: 5.927 Thread 0x000002297fbf0800 Exception <a 'java/lang/NoSuchMethodError'{0x00000000a86f8be8}: 'int java.lang.invoke.DirectMethodHandle$Holder.invokeInterface(java.lang.Object, java.lang.Object)'> (0x00000000a86f8be8) thrown at [./src/hotspot/share/interpreter/linkResolver.cpp, line 773]
Event: 6.852 Thread 0x000002297fbf0800 Exception <a 'java/lang/NoSuchMethodError'{0x00000000a8b99300}: 'java.lang.Object java.lang.invoke.DirectMethodHandle$Holder.invokeStatic(java.lang.Object, int, java.lang.Object, java.lang.Object)'> (0x00000000a8b99300) thrown at [./src/hotspot/share/interpreter/linkResolver.cpp, line 773]
Event: 7.141 Thread 0x000002297fbf0800 Implicit null exception at 0x00000229101b07de to 0x00000229101b0f4a
Event: 7.141 Thread 0x000002297fbf0800 Implicit null exception at 0x00000229101acfaf to 0x00000229101ad01d
Event: 7.175 Thread 0x000002297fbf0800 Exception <a 'java/lang/NoSuchMethodError'{0x00000000a9e9ade0}: 'java.lang.Object java.lang.invoke.Invokers$Holder.linkToTargetMethod(java.lang.Object, java.lang.Object, java.lang.Object, int, int, java.lang.Object)'> (0x00000000a9e9ade0) thrown at [./src/hotspot/share/interpreter/linkResolver.cpp, line 773]
Event: 7.409 Thread 0x000002297fbf0800 Implicit null exception at 0x00000229104206bc to 0x00000229104218e0
Event: 7.588 Thread 0x000002297fbf0800 Exception <a 'java/lang/NoSuchMethodError'{0x00000000a8e991a8}: 'int java.lang.invoke.DirectMethodHandle$Holder.invokeStaticInit(java.lang.Object, int)'> (0x00000000a8e991a8) thrown at [./src/hotspot/share/interpreter/linkResolver.cpp, line 773]
Event: 7.657 Thread 0x000002297fbf0800 Implicit null exception at 0x000002291016b674 to 0x000002291016bbcc
Event: 7.824 Thread 0x000002297fbf0800 Exception <a 'java/lang/NoSuchMethodError'{0x00000000aab4f0e8}: 'java.lang.Object java.lang.invoke.DirectMethodHandle$Holder.invokeInterface(java.lang.Object, java.lang.Object, java.lang.Object)'> (0x00000000aab4f0e8) thrown at [./src/hotspot/share/interpreter/linkResolver.cpp, line 773]
Event: 7.825 Thread 0x000002297fbf0800 Exception <a 'java/lang/IncompatibleClassChangeError'{0x00000000aab52318}: Found class java.lang.Object, but interface was expected> (0x00000000aab52318) thrown at [./src/hotspot/share/interpreter/linkResolver.cpp, line 839]
Event: 7.838 Thread 0x000002297fbf0800 Exception <a 'java/lang/NoSuchMethodError'{0x00000000aab8c7e0}: 'java.lang.Object java.lang.invoke.Invokers$Holder.linkToTargetMethod(java.lang.Object, java.lang.Object, java.lang.Object, java.lang.Object, java.lang.Object, java.lang.Object, java.lang.Object)'> (0x00000000aab8c7e0) thrown at [./src/hotspot/share/interpreter/linkResolver.cpp, line 773]
Event: 10.448 Thread 0x000002297fbf0800 Implicit null exception at 0x00000229101ab5f5 to 0x00000229101ab7bc
Event: 10.679 Thread 0x000002297fbf0800 Implicit null exception at 0x00000229103e9dfb to 0x00000229103ea0c8
Event: 10.857 Thread 0x000002297fbf0800 Exception <a 'java/lang/NoSuchMethodError'{0x00000000a9733428}: 'java.lang.Object java.lang.invoke.DirectMethodHandle$Holder.invokeStaticInit(java.lang.Object, java.lang.Object, java.lang.Object, java.lang.Object)'> (0x00000000a9733428) thrown at [./src/hotspot/share/interpreter/linkResolver.cpp, line 773]
Event: 11.114 Thread 0x000002297fbf0800 Exception <a 'java/lang/NoSuchMethodError'{0x00000000a8b42c70}: 'int java.lang.invoke.DirectMethodHandle$Holder.invokeStaticInit(java.lang.Object, java.lang.Object, java.lang.Object, java.lang.Object)'> (0x00000000a8b42c70) thrown at [./src/hotspot/share/interpreter/linkResolver.cpp, line 773]
Event: 11.298 Thread 0x000002297fbf0800 Implicit null exception at 0x00000229101ba1f4 to 0x00000229101ba40c

Events (20 events):
Event: 12.933 loading class org/jetbrains/kotlin/backend/common/lower/LocalDeclarationsLowering$LocalDeclarationsTransformer$generateNameForLiftedDeclaration$nameFromParents$1 done
Event: 12.934 loading class org/jetbrains/kotlin/backend/common/lower/LocalNameProvider$DefaultImpls
Event: 12.934 loading class org/jetbrains/kotlin/backend/common/lower/LocalNameProvider$DefaultImpls done
Event: 12.934 loading class org/jetbrains/kotlin/ir/declarations/IrDeclarationOrigin$LOCAL_FUNCTION
Event: 12.934 loading class org/jetbrains/kotlin/ir/declarations/IrDeclarationOrigin$LOCAL_FUNCTION done
Event: 12.935 loading class org/jetbrains/kotlin/backend/common/lower/BOUND_VALUE_PARAMETER
Event: 12.935 loading class org/jetbrains/kotlin/backend/common/lower/BOUND_VALUE_PARAMETER done
Event: 12.935 loading class org/jetbrains/kotlin/backend/common/lower/LocalDeclarationsLowering$LocalDeclarationsTransformer$FunctionBodiesRewriter
Event: 12.935 loading class org/jetbrains/kotlin/backend/common/lower/LocalDeclarationsLowering$LocalDeclarationsTransformer$FunctionBodiesRewriter done
Event: 12.936 Executing VM operation: Deoptimize
Event: 12.938 Executing VM operation: Deoptimize done
Event: 12.946 loading class org/jetbrains/kotlin/backend/jvm/lower/AddContinuationLowering$addContinuationParameterToSuspendCalls$1$visitFunctionReference$1
Event: 12.946 loading class org/jetbrains/kotlin/backend/jvm/lower/AddContinuationLowering$addContinuationParameterToSuspendCalls$1$visitFunctionReference$1 done
Event: 12.948 loading class org/jetbrains/kotlin/backend/jvm/JvmLoweredDeclarationOrigin$FIELD_FOR_OUTER_THIS
Event: 12.948 loading class org/jetbrains/kotlin/backend/jvm/JvmLoweredDeclarationOrigin$FIELD_FOR_OUTER_THIS done
Event: 12.949 loading class org/jetbrains/kotlin/backend/jvm/JvmLoweredDeclarationOrigin$ENUM_CONSTRUCTOR_SYNTHETIC_PARAMETER
Event: 12.949 loading class org/jetbrains/kotlin/backend/jvm/JvmLoweredDeclarationOrigin$ENUM_CONSTRUCTOR_SYNTHETIC_PARAMETER done
Event: 12.956 loading class org/jetbrains/kotlin/backend/jvm/JvmLoweredDeclarationOrigin$INVOVEDYNAMIC_CALL_TARGET
Event: 12.956 loading class org/jetbrains/kotlin/backend/jvm/JvmLoweredDeclarationOrigin$INVOVEDYNAMIC_CALL_TARGET done
Event: 13.053 Executing VM operation: G1CollectForAllocation


Dynamic libraries:
0x00007ff6108c0000 - 0x00007ff6108cd000 	C:\Program Files\Eclipse Adoptium\jdk-11.0.16.8-hotspot\bin\java.exe
0x00007ff90a1b0000 - 0x00007ff90a3a8000 	C:\WINDOWS\SYSTEM32\ntdll.dll
0x00007ff908270000 - 0x00007ff90832d000 	C:\WINDOWS\System32\KERNEL32.DLL
0x00007ff907ee0000 - 0x00007ff9081b2000 	C:\WINDOWS\System32\KERNELBASE.dll
0x00007ff907ca0000 - 0x00007ff907da0000 	C:\WINDOWS\System32\ucrtbase.dll
0x00007ff8f4820000 - 0x00007ff8f4837000 	C:\Program Files\Eclipse Adoptium\jdk-11.0.16.8-hotspot\bin\jli.dll
0x00007ff8f4800000 - 0x00007ff8f4815000 	C:\Program Files\Eclipse Adoptium\jdk-11.0.16.8-hotspot\bin\VCRUNTIME140.dll
0x00007ff908330000 - 0x00007ff9084cd000 	C:\WINDOWS\System32\USER32.dll
0x00007ff907eb0000 - 0x00007ff907ed2000 	C:\WINDOWS\System32\win32u.dll
0x00007ff8f0540000 - 0x00007ff8f07da000 	C:\WINDOWS\WinSxS\amd64_microsoft.windows.common-controls_6595b64144ccf1df_6.0.19041.1110_none_60b5254171f9507e\COMCTL32.dll
0x00007ff908c00000 - 0x00007ff908c2b000 	C:\WINDOWS\System32\GDI32.dll
0x00007ff909770000 - 0x00007ff90980e000 	C:\WINDOWS\System32\msvcrt.dll
0x00007ff907da0000 - 0x00007ff907eaf000 	C:\WINDOWS\System32\gdi32full.dll
0x00007ff907c00000 - 0x00007ff907c9d000 	C:\WINDOWS\System32\msvcp_win.dll
0x00007ff9088f0000 - 0x00007ff908920000 	C:\WINDOWS\System32\IMM32.DLL
0x00007ff8f4760000 - 0x00007ff8f47fb000 	C:\Program Files\Eclipse Adoptium\jdk-11.0.16.8-hotspot\bin\msvcp140.dll
0x00007ff8670b0000 - 0x00007ff867c32000 	C:\Program Files\Eclipse Adoptium\jdk-11.0.16.8-hotspot\bin\server\jvm.dll
0x00007ff908840000 - 0x00007ff9088ee000 	C:\WINDOWS\System32\ADVAPI32.dll
0x00007ff9096d0000 - 0x00007ff90976c000 	C:\WINDOWS\System32\sechost.dll
0x00007ff908c30000 - 0x00007ff908d55000 	C:\WINDOWS\System32\RPCRT4.dll
0x00007ff909340000 - 0x00007ff909348000 	C:\WINDOWS\System32\PSAPI.DLL
0x00007ff903050000 - 0x00007ff903059000 	C:\WINDOWS\SYSTEM32\WSOCK32.dll
0x00007ff8fd8f0000 - 0x00007ff8fd917000 	C:\WINDOWS\SYSTEM32\WINMM.dll
0x00007ff8fdb20000 - 0x00007ff8fdb2a000 	C:\WINDOWS\SYSTEM32\VERSION.dll
0x00007ff908b90000 - 0x00007ff908bfb000 	C:\WINDOWS\System32\WS2_32.dll
0x00007ff9060d0000 - 0x00007ff9060e2000 	C:\WINDOWS\SYSTEM32\kernel.appcore.dll
0x00007ff904bc0000 - 0x00007ff904bd0000 	C:\Program Files\Eclipse Adoptium\jdk-11.0.16.8-hotspot\bin\verify.dll
0x00007ff905710000 - 0x00007ff9058f4000 	C:\WINDOWS\SYSTEM32\DBGHELP.DLL
0x00007ff8e0de0000 - 0x00007ff8e0e0c000 	C:\WINDOWS\SYSTEM32\dbgcore.DLL
0x00007ff907a10000 - 0x00007ff907a92000 	C:\WINDOWS\System32\bcryptPrimitives.dll
0x00007ff8f4730000 - 0x00007ff8f4758000 	C:\Program Files\Eclipse Adoptium\jdk-11.0.16.8-hotspot\bin\java.dll
0x00007ff8fdb30000 - 0x00007ff8fdb3a000 	C:\Program Files\Eclipse Adoptium\jdk-11.0.16.8-hotspot\bin\jimage.dll
0x00007ff8f4710000 - 0x00007ff8f4728000 	C:\Program Files\Eclipse Adoptium\jdk-11.0.16.8-hotspot\bin\zip.dll
0x00007ff909a20000 - 0x00007ff90a163000 	C:\WINDOWS\System32\SHELL32.dll
0x00007ff905900000 - 0x00007ff906091000 	C:\WINDOWS\SYSTEM32\windows.storage.dll
0x00007ff9084d0000 - 0x00007ff908824000 	C:\WINDOWS\System32\combase.dll
0x00007ff907320000 - 0x00007ff907350000 	C:\WINDOWS\SYSTEM32\Wldp.dll
0x00007ff909620000 - 0x00007ff9096cd000 	C:\WINDOWS\System32\SHCORE.dll
0x00007ff908210000 - 0x00007ff908265000 	C:\WINDOWS\System32\shlwapi.dll
0x00007ff907800000 - 0x00007ff90781f000 	C:\WINDOWS\SYSTEM32\profapi.dll
0x00007ff8f46f0000 - 0x00007ff8f4709000 	C:\Program Files\Eclipse Adoptium\jdk-11.0.16.8-hotspot\bin\net.dll
0x00007ff8fd430000 - 0x00007ff8fd53d000 	C:\WINDOWS\SYSTEM32\WINHTTP.dll
0x00007ff907030000 - 0x00007ff90709a000 	C:\WINDOWS\system32\mswsock.dll
0x00007ff8f46d0000 - 0x00007ff8f46e3000 	C:\Program Files\Eclipse Adoptium\jdk-11.0.16.8-hotspot\bin\nio.dll

dbghelp: loaded successfully - version: 4.0.5 - missing functions: none
symbol engine: initialized successfully - sym options: 0x614 - pdb path: .;C:\Program Files\Eclipse Adoptium\jdk-11.0.16.8-hotspot\bin;C:\WINDOWS\SYSTEM32;C:\WINDOWS\WinSxS\amd64_microsoft.windows.common-controls_6595b64144ccf1df_6.0.19041.1110_none_60b5254171f9507e;C:\Program Files\Eclipse Adoptium\jdk-11.0.16.8-hotspot\bin\server

VM Arguments:
java_command: org.jetbrains.kotlin.cli.jvm.K2JVMCompiler @D:\Android01\node_modules\react-native-safe-area-context\android\build\20221029_15222055180142825587.compiler.options
java_class_path (initial): C:\Users\hp\.gradle\caches\modules-2\files-2.1\org.jetbrains.kotlin\kotlin-compiler-embeddable\1.6.10\88f2073f4020cdb83132cfe940ceb9a60aba54ea\kotlin-compiler-embeddable-1.6.10.jar;C:\Users\hp\.gradle\caches\modules-2\files-2.1\org.jetbrains.kotlin\kotlin-reflect\1.6.10\1cbe9c92c12a94eea200d23c2bbaedaf3daf5132\kotlin-reflect-1.6.10.jar;C:\Users\hp\.gradle\caches\modules-2\files-2.1\org.jetbrains.kotlin\kotlin-stdlib\1.6.10\b8af3fe6f1ca88526914929add63cf5e7c5049af\kotlin-stdlib-1.6.10.jar;C:\Users\hp\.gradle\caches\modules-2\files-2.1\org.jetbrains.kotlin\kotlin-script-runtime\1.6.10\d0a7ff2e2500ef497ed0214ae40ad3c8387a6164\kotlin-script-runtime-1.6.10.jar;C:\Users\hp\.gradle\caches\modules-2\files-2.1\org.jetbrains.kotlin\kotlin-daemon-embeddable\1.6.10\a56d79bcbea411fa6058e4ecffc2de73e742bd2a\kotlin-daemon-embeddable-1.6.10.jar;C:\Users\hp\.gradle\caches\modules-2\files-2.1\org.jetbrains.intellij.deps\trove4j\1.0.20181211\216c2e14b070f334479d800987affe4054cd563f\trove4j-1.0.20181211.jar;C:\Users\hp\.gradle\caches\modules-2\files-2.1\net.java.dev.jna\jna\5.6.0\330f2244e9030119ab3030fc3fededc86713d9cc\jna-5.6.0.jar;C:\Users\hp\.gradle\caches\modules-2\files-2.1\org.jetbrains\annotations\13.0\919f0dfe192fb4e063e7dacadee7f8bb9a2672a9\annotations-13.0.jar;C:\Users\hp\.gradle\caches\modules-2\files-2.1\org.jetbrains.kotlin\kotlin-stdlib-common\1.6.10\c118700e3a33c8a0d9adc920e9dec0831171925\kotlin-stdlib-common-1.6.10.jar
Launcher Type: SUN_STANDARD

[Global flags]
     intx CICompilerCount                          = 4                                         {product} {ergonomic}
     uint ConcGCThreads                            = 2                                         {product} {ergonomic}
     uint G1ConcRefinementThreads                  = 8                                         {product} {ergonomic}
   size_t G1HeapRegionSize                         = 1048576                                   {product} {ergonomic}
    uintx GCDrainStackTargetSize                   = 64                                        {product} {ergonomic}
   size_t InitialHeapSize                          = 100663296                                 {product} {ergonomic}
   size_t MarkStackSize                            = 4194304                                   {product} {ergonomic}
   size_t MaxHeapSize                              = 1579155456                                {product} {ergonomic}
   size_t MaxNewSize                               = 946864128                                 {product} {ergonomic}
   size_t MinHeapDeltaBytes                        = 1048576                                   {product} {ergonomic}
    uintx NonNMethodCodeHeapSize                   = 5836300                                {pd product} {ergonomic}
    uintx NonProfiledCodeHeapSize                  = 122910970                              {pd product} {ergonomic}
    uintx ProfiledCodeHeapSize                     = 122910970                              {pd product} {ergonomic}
    uintx ReservedCodeCacheSize                    = 251658240                              {pd product} {ergonomic}
     bool SegmentedCodeCache                       = true                                      {product} {ergonomic}
     bool UseCompressedClassPointers               = true                                 {lp64_product} {ergonomic}
     bool UseCompressedOops                        = true                                 {lp64_product} {ergonomic}
     bool UseG1GC                                  = true                                      {product} {ergonomic}
     bool UseLargePagesIndividualAllocation        = false                                  {pd product} {ergonomic}

Logging:
Log output configuration:
 #0: stdout all=warning uptime,level,tags
 #1: stderr all=off uptime,level,tags

Environment Variables:
CLASSPATH=D:\Android01\android\\gradle\wrapper\gradle-wrapper.jar
PATH=D:\Android01\android\node_modules\.bin;D:\Android01\node_modules\.bin;D:\node_modules\.bin;C:\Program Files\nodejs;C:\Users\hp\AppData\Local\Temp\yarn--1667045350987-0.16744122880478352;D:\Android01\node_modules\.bin;C:\Users\hp\AppData\Local\Yarn\Data\link\node_modules\.bin;C:\Users\hp\AppData\Local\Yarn\bin;C:\Program Files\libexec\lib\node_modules\npm\bin\node-gyp-bin;C:\Program Files\lib\node_modules\npm\bin\node-gyp-bin;C:\Program Files\nodejs\node_modules\npm\bin\node-gyp-bin;C:\Program Files\Eclipse Adoptium\jdk-11.0.16.8-hotspot\bin;C:\Program Files\Common Files\Oracle\Java\javapath;C:\Program Files (x86)\Common Files\Intel\Shared Libraries\redist\intel64\compiler;C:\Program Files\Microsoft MPI\Bin\;C:\windows\system32;C:\windows;C:\windows\System32\Wbem;C:\windows\System32\WindowsPowerShell\v1.0\;C:\windows\System32\OpenSSH\;C:\Program Files (x86)\NVIDIA Corporation\PhysX\Common;C:\Program Files\NVIDIA Corporation\NVIDIA NvDLISR;C:\Program Files\Microsoft SQL Server\130\Tools\Binn\;C:\Program Files\Microsoft SQL Server\Client SDK\ODBC\170\Tools\Binn\;C:\Program Files (x86)\Microsoft SQL Server\150\Tools\Binn\;C:\Program Files\Microsoft SQL Server\150\Tools\Binn\;C:\Program Files\Microsoft SQL Server\150\DTS\Binn\;C:\Program Files\Git\cmd;C:\xampp\php;C:\WINDOWS\system32;C:\WINDOWS;C:\WINDOWS\System32\Wbem;C:\WINDOWS\System32\WindowsPowerShell\v1.0\;C:\WINDOWS\System32\OpenSSH\;C:\Program Files\Microsoft SQL Server\120\Tools\Binn\;C:\Program Files\heroku\bin;C:\Program Files\Java\jdk-18.0.1.1\bin;C:\Program Files\nodejs\;C:\ProgramData\chocolatey\bin;C:\Users\hp\AppData\Local\Android\Sdk\platform-tools;C:\Users\hp\AppData\Local\Android\Sdk;C:\Users\hp\AppData\Local\Programs\Python\Python39\Scripts\;C:\Users\hp\AppData\Local\Programs\Python\Python39\;C:\Users\hp\AppData\Local\Microsoft\WindowsApps;C:\Users\hp\AppData\Local\Programs\Microsoft VS Code\bin;C:\Users\hp\AppData\Roaming\Composer\vendor\bin;C:\flutter\bin;C:\Users\hp\AppData\Roaming\npm
USERNAME=hp
OS=Windows_NT
PROCESSOR_IDENTIFIER=AMD64 Family 23 Model 24 Stepping 1, AuthenticAMD
TMP=C:\Users\hp\AppData\Local\Temp
TEMP=C:\Users\hp\AppData\Local\Temp



---------------  S Y S T E M  ---------------

OS: Windows 10 , 64 bit Build 19041 (10.0.19041.1889)
OS uptime: 9 days 23:53 hours
Hyper-V role detected

CPU:total 8 (initial active 8) (8 cores per cpu, 2 threads per core) family 23 model 24 stepping 1 microcode 0x0, cmov, cx8, fxsr, mmx, sse, sse2, sse3, ssse3, sse4.1, sse4.2, popcnt, avx, avx2, aes, clmul, mmxext, 3dnowpref, lzcnt, sse4a, ht, tsc, tscinvbit, tscinv, bmi1, bmi2, adx, sha, fma

Memory: 4k page, system-wide physical 6021M (378M free)
TotalPageFile size 24453M (AvailPageFile size 10M)
current process WorkingSet (physical memory assigned to process): 353M, peak: 353M
current process commit charge ("private bytes"): 394M, peak: 423M

vm_info: OpenJDK 64-Bit Server VM (11.0.16+8) for windows-amd64 JRE (11.0.16+8), built on Jul 20 2022 07:15:32 by "" with MS VC++ 15.9 (VS2017)

END.
