#
# There is insufficient memory for the Java Runtime Environment to continue.
# Native memory allocation (malloc) failed to allocate 989616 bytes for Chunk::new
# Possible reasons:
#   The system is out of physical RAM or swap space
#   The process is running with CompressedOops enabled, and the Java Heap may be blocking the growth of the native heap
# Possible solutions:
#   Reduce memory load on the system
#   Increase physical memory or swap space
#   Check if swap backing store is full
#   Decrease Java heap size (-Xmx/-Xms)
#   Decrease number of Java threads
#   Decrease Java thread stack sizes (-Xss)
#   Set larger code cache with -XX:ReservedCodeCacheSize=
#   JVM is running with Unscaled Compressed Oops mode in which the Java heap is
#     placed in the first 4GB address space. The Java Heap base address is the
#     maximum limit for the native heap growth. Please use -XX:HeapBaseMinAddress
#     to set the Java Heap base and to place the Java Heap above 4GB virtual address.
# This output file may be truncated or incomplete.
#
#  Out of Memory Error (./src/hotspot/share/memory/arena.cpp:197), pid=25036, tid=23736
#
# JRE version: OpenJDK Runtime Environment Temurin-11.0.16+8 (11.0.16+8) (build 11.0.16+8)
# Java VM: OpenJDK 64-Bit Server VM Temurin-11.0.16+8 (11.0.16+8, mixed mode, tiered, compressed oops, g1 gc, windows-amd64)
# No core dump will be written. Minidumps are not enabled by default on client versions of Windows
#

---------------  S U M M A R Y ------------

Command Line: -XX:MaxMetaspaceSize=512m --add-opens=java.base/java.util=ALL-UNNAMED --add-opens=java.base/java.lang=ALL-UNNAMED --add-opens=java.base/java.lang.invoke=ALL-UNNAMED --add-opens=java.base/java.util=ALL-UNNAMED --add-opens=java.prefs/java.util.prefs=ALL-UNNAMED --add-opens=java.prefs/java.util.prefs=ALL-UNNAMED --add-opens=java.base/java.nio.charset=ALL-UNNAMED --add-opens=java.base/java.net=ALL-UNNAMED --add-opens=java.base/java.util.concurrent.atomic=ALL-UNNAMED -Xmx2048m -Dfile.encoding=windows-1252 -Duser.country=ID -Duser.language=en -Duser.variant org.gradle.launcher.daemon.bootstrap.GradleDaemon 7.5.1

Host: AMD Ryzen 5 3550H with Radeon Vega Mobile Gfx  , 8 cores, 5G,  Windows 10 , 64 bit Build 19041 (10.0.19041.2251)
Time: Wed Dec 14 16:02:43 2022 SE Asia Standard Time elapsed time: 127.794826 seconds (0d 0h 2m 7s)

---------------  T H R E A D  ---------------

Current thread (0x00000251f718d000):  JavaThread "C2 CompilerThread0" daemon [_thread_in_native, id=23736, stack(0x000000c896200000,0x000000c896300000)]


Current CompileTask:
C2: 127794 14743       4       org.gradle.internal.snapshot.AbstractListChildMap::store (72 bytes)

Stack: [0x000000c896200000,0x000000c896300000]
Native frames: (J=compiled Java code, j=interpreted, Vv=VM code, C=native code)
V  [jvm.dll+0x61f1da]
V  [jvm.dll+0x7abc69]
V  [jvm.dll+0x7ad358]
V  [jvm.dll+0x7ada33]
V  [jvm.dll+0x24fb08]
V  [jvm.dll+0xc262c]
V  [jvm.dll+0xc2bec]
V  [jvm.dll+0x359e22]
V  [jvm.dll+0x325e83]
V  [jvm.dll+0x3251ba]
V  [jvm.dll+0x208dd5]
V  [jvm.dll+0x207efd]
V  [jvm.dll+0x18a3a1]
V  [jvm.dll+0x2177b4]
V  [jvm.dll+0x2159fb]
V  [jvm.dll+0x76e6a0]
V  [jvm.dll+0x7675d4]
V  [jvm.dll+0x61e045]
C  [ucrtbase.dll+0x21bb2]
C  [KERNEL32.DLL+0x174b4]
C  [ntdll.dll+0x526a1]


---------------  P R O C E S S  ---------------

Threads class SMR info:
_java_thread_list=0x0000025181dfaf20, length=136, elements={
0x00000251d7752000, 0x00000251f6810800, 0x00000251f681b000, 0x00000251f6872800,
0x00000251f6875000, 0x00000251f7182800, 0x00000251f718d000, 0x00000251f6879000,
0x00000251f71b0800, 0x00000251f7308000, 0x00000251f8342800, 0x00000251f9373000,
0x00000251f7fe7800, 0x00000251f8ce8000, 0x00000251f8c99800, 0x00000251f8d28000,
0x00000251f8241000, 0x00000251f83f3800, 0x00000251f83f4800, 0x00000251f8c28000,
0x00000251f9546800, 0x00000251f9542800, 0x00000251f9541000, 0x00000251f9547800,
0x00000251f9543800, 0x00000251f9541800, 0x00000251f9544000, 0x00000251f9545000,
0x00000251f9546000, 0x00000251f9b82800, 0x00000251f9b80000, 0x00000251f9b83800,
0x00000251f9b84000, 0x00000251f9b85000, 0x00000251f9b86000, 0x00000251f9b87800,
0x00000251f9b82000, 0x00000251f9b86800, 0x00000251f9b88800, 0x00000251f9b8c800,
0x00000251f9b89000, 0x00000251f9b8f000, 0x00000251f9b8d000, 0x00000251f9b8a000,
0x00000251f9b8b800, 0x00000251f9b8b000, 0x00000251f9b8e000, 0x00000251fd07c800,
0x00000251fd07d800, 0x00000251fd07b000, 0x00000251fd07a000, 0x00000251fd07b800,
0x00000251fd07e000, 0x00000251fd07f000, 0x00000251fd079000, 0x00000251fd082000,
0x00000251fd084800, 0x00000251fd083000, 0x00000251fd07f800, 0x00000251fd080800,
0x00000251fd086000, 0x00000251fd084000, 0x00000251fd085800, 0x00000251fd081800,
0x00000251fd087000, 0x00000251fd088000, 0x00000251fcff7000, 0x00000251fcff7800,
0x00000251fcff4800, 0x00000251fcff9800, 0x00000251fcffa000, 0x00000251fcff8800,
0x00000251fcffb000, 0x00000251fcff5800, 0x00000251fcffc000, 0x00000251fcff6000,
0x00000251fd001800, 0x00000251fcffd800, 0x00000251fd000000, 0x00000251fcffe800,
0x00000251fd002800, 0x00000251fd000800, 0x00000251fcffc800, 0x00000251fd003000,
0x00000251fcfff000, 0x00000251f9f7e000, 0x00000251f9f7c800, 0x00000251f9f83000,
0x00000251f9f7f000, 0x00000251f9f82800, 0x00000251f9f80000, 0x00000251f9f80800,
0x00000251f9f81800, 0x00000251f9f7d800, 0x00000251f9f84000, 0x00000251f9f84800,
0x00000251f9f86800, 0x00000251f9f87000, 0x00000251f9f88000, 0x00000251f9f89000,
0x00000251f9f85800, 0x00000251f9f89800, 0x00000251f9f8b800, 0x00000251f9f8a800,
0x00000251faf6f000, 0x00000251faf6a800, 0x00000251faf71000, 0x00000251faf6d800,
0x00000251faf6c000, 0x00000251faf70000, 0x00000251faf6b000, 0x00000251faf71800,
0x00000251faf72800, 0x00000251faf6c800, 0x00000251faf74000, 0x00000251faf73000,
0x00000251faf6e800, 0x00000251faf77800, 0x00000251faf75000, 0x00000251faf75800,
0x00000251faf76800, 0x00000251faf78000, 0x00000251faf79000, 0x00000251fa9e1000,
0x00000251fa9e2800, 0x00000251fa9e2000, 0x00000251fa9dd800, 0x00000251fa9dd000,
0x00000251fa9de800, 0x00000251fa9e5000, 0x00000251fa9e3800, 0x00000251fa9e4000,
0x00000251fa9df800, 0x00000251fa9e6000, 0x00000251fa9e6800, 0x00000251fa9ea000
}

Java Threads: ( => current thread )
  0x00000251d7752000 JavaThread "main" [_thread_blocked, id=22692, stack(0x000000c895600000,0x000000c895700000)]
  0x00000251f6810800 JavaThread "Reference Handler" daemon [_thread_blocked, id=32, stack(0x000000c895d00000,0x000000c895e00000)]
  0x00000251f681b000 JavaThread "Finalizer" daemon [_thread_blocked, id=14424, stack(0x000000c895e00000,0x000000c895f00000)]
  0x00000251f6872800 JavaThread "Signal Dispatcher" daemon [_thread_blocked, id=15024, stack(0x000000c895f00000,0x000000c896000000)]
  0x00000251f6875000 JavaThread "Attach Listener" daemon [_thread_blocked, id=30492, stack(0x000000c896000000,0x000000c896100000)]
  0x00000251f7182800 JavaThread "Service Thread" daemon [_thread_blocked, id=5248, stack(0x000000c896100000,0x000000c896200000)]
=>0x00000251f718d000 JavaThread "C2 CompilerThread0" daemon [_thread_in_native, id=23736, stack(0x000000c896200000,0x000000c896300000)]
  0x00000251f6879000 JavaThread "C1 CompilerThread0" daemon [_thread_blocked, id=4760, stack(0x000000c896300000,0x000000c896400000)]
  0x00000251f71b0800 JavaThread "Sweeper thread" daemon [_thread_blocked, id=14600, stack(0x000000c896400000,0x000000c896500000)]
  0x00000251f7308000 JavaThread "Common-Cleaner" daemon [_thread_blocked, id=8384, stack(0x000000c896500000,0x000000c896600000)]
  0x00000251f8342800 JavaThread "Daemon health stats" [_thread_blocked, id=14560, stack(0x000000c896700000,0x000000c896800000)]
  0x00000251f9373000 JavaThread "Incoming local TCP Connector on port 51916" [_thread_in_native, id=4108, stack(0x000000c896c00000,0x000000c896d00000)]
  0x00000251f7fe7800 JavaThread "Daemon periodic checks" [_thread_blocked, id=8920, stack(0x000000c896d00000,0x000000c896e00000)]
  0x00000251f8ce8000 JavaThread "Daemon" [_thread_blocked, id=11212, stack(0x000000c896e00000,0x000000c896f00000)]
  0x00000251f8c99800 JavaThread "Handler for socket connection from /127.0.0.1:51916 to /127.0.0.1:51918" [_thread_in_native, id=16756, stack(0x000000c896f00000,0x000000c897000000)]
  0x00000251f8d28000 JavaThread "Cancel handler" [_thread_blocked, id=24544, stack(0x000000c897000000,0x000000c897100000)]
  0x00000251f8241000 JavaThread "Daemon worker" [_thread_blocked, id=8980, stack(0x000000c897100000,0x000000c897200000)]
  0x00000251f83f3800 JavaThread "Asynchronous log dispatcher for DefaultDaemonConnection: socket connection from /127.0.0.1:51916 to /127.0.0.1:51918" [_thread_blocked, id=25340, stack(0x000000c897200000,0x000000c897300000)]
  0x00000251f83f4800 JavaThread "Stdin handler" [_thread_blocked, id=26124, stack(0x000000c897300000,0x000000c897400000)]
  0x00000251f8c28000 JavaThread "Daemon client event forwarder" [_thread_blocked, id=30688, stack(0x000000c897400000,0x000000c897500000)]
  0x00000251f9546800 JavaThread "Cache worker for journal cache (C:\Users\hp\.gradle\caches\journal-1)" [_thread_blocked, id=15468, stack(0x000000c897500000,0x000000c897600000)]
  0x00000251f9542800 JavaThread "File lock request listener" [_thread_in_native, id=20172, stack(0x000000c897600000,0x000000c897700000)]
  0x00000251f9541000 JavaThread "Cache worker for file hash cache (C:\Users\hp\.gradle\caches\7.5.1\fileHashes)" [_thread_blocked, id=4888, stack(0x000000c897b00000,0x000000c897c00000)]
  0x00000251f9547800 JavaThread "File watcher server" daemon [_thread_in_native, id=24204, stack(0x000000c897d00000,0x000000c897e00000)]
  0x00000251f9543800 JavaThread "File watcher consumer" daemon [_thread_blocked, id=29412, stack(0x000000c897e00000,0x000000c897f00000)]
  0x00000251f9541800 JavaThread "Cache worker for checksums cache (D:\Android01\android\.gradle\7.5.1\checksums)" [_thread_blocked, id=23720, stack(0x000000c897f00000,0x000000c898000000)]
  0x00000251f9544000 JavaThread "Cache worker for cache directory md-rule (C:\Users\hp\.gradle\caches\7.5.1\md-rule)" [_thread_blocked, id=28512, stack(0x000000c898000000,0x000000c898100000)]
  0x00000251f9545000 JavaThread "Cache worker for file content cache (C:\Users\hp\.gradle\caches\7.5.1\fileContent)" [_thread_blocked, id=26344, stack(0x000000c898100000,0x000000c898200000)]
  0x00000251f9546000 JavaThread "Cache worker for file hash cache (D:\Android01\android\.gradle\7.5.1\fileHashes)" [_thread_blocked, id=28256, stack(0x000000c898200000,0x000000c898300000)]
  0x00000251f9b82800 JavaThread "Cache worker for cache directory md-supplier (C:\Users\hp\.gradle\caches\7.5.1\md-supplier)" [_thread_blocked, id=20680, stack(0x000000c898300000,0x000000c898400000)]
  0x00000251f9b80000 JavaThread "Cache worker for execution history cache (C:\Users\hp\.gradle\caches\7.5.1\executionHistory)" [_thread_blocked, id=21836, stack(0x000000c898400000,0x000000c898500000)]
  0x00000251f9b83800 JavaThread "jar transforms" [_thread_blocked, id=25452, stack(0x000000c898500000,0x000000c898600000)]
  0x00000251f9b84000 JavaThread "jar transforms Thread 2" [_thread_blocked, id=24592, stack(0x000000c898600000,0x000000c898700000)]
  0x00000251f9b85000 JavaThread "jar transforms Thread 3" [_thread_blocked, id=20376, stack(0x000000c898700000,0x000000c898800000)]
  0x00000251f9b86000 JavaThread "jar transforms Thread 4" [_thread_blocked, id=28892, stack(0x000000c898800000,0x000000c898900000)]
  0x00000251f9b87800 JavaThread "Cache worker for kotlin-dsl (C:\Users\hp\.gradle\caches\7.5.1\kotlin-dsl)" [_thread_blocked, id=6288, stack(0x000000c898b00000,0x000000c898c00000)]
  0x00000251f9b82000 JavaThread "jar transforms Thread 5" [_thread_blocked, id=25272, stack(0x000000c898c00000,0x000000c898d00000)]
  0x00000251f9b86800 JavaThread "jar transforms Thread 6" [_thread_blocked, id=29348, stack(0x000000c898d00000,0x000000c898e00000)]
  0x00000251f9b88800 JavaThread "Cache worker for dependencies-accessors (D:\Android01\android\.gradle\7.5.1\dependencies-accessors)" [_thread_blocked, id=29164, stack(0x000000c898e00000,0x000000c898f00000)]
  0x00000251f9b8c800 JavaThread "Cache worker for Build Output Cleanup Cache (D:\Android01\node_modules\react-native-gradle-plugin\.gradle\buildOutputCleanup)" [_thread_blocked, id=28004, stack(0x000000c898f00000,0x000000c899000000)]
  0x00000251f9b89000 JavaThread "jar transforms Thread 7" [_thread_blocked, id=26092, stack(0x000000c899000000,0x000000c899100000)]
  0x00000251f9b8f000 JavaThread "Unconstrained build operations" [_thread_blocked, id=25828, stack(0x000000c899100000,0x000000c899200000)]
  0x00000251f9b8d000 JavaThread "Unconstrained build operations Thread 2" [_thread_blocked, id=22100, stack(0x000000c899200000,0x000000c899300000)]
  0x00000251f9b8a000 JavaThread "Unconstrained build operations Thread 3" [_thread_blocked, id=28608, stack(0x000000c899300000,0x000000c899400000)]
  0x00000251f9b8b800 JavaThread "Unconstrained build operations Thread 4" [_thread_blocked, id=7896, stack(0x000000c899400000,0x000000c899500000)]
  0x00000251f9b8b000 JavaThread "Unconstrained build operations Thread 5" [_thread_blocked, id=27408, stack(0x000000c899500000,0x000000c899600000)]
  0x00000251f9b8e000 JavaThread "Unconstrained build operations Thread 6" [_thread_blocked, id=22960, stack(0x000000c899600000,0x000000c899700000)]
  0x00000251fd07c800 JavaThread "Unconstrained build operations Thread 7" [_thread_blocked, id=30216, stack(0x000000c899700000,0x000000c899800000)]
  0x00000251fd07d800 JavaThread "Unconstrained build operations Thread 8" [_thread_blocked, id=14728, stack(0x000000c899800000,0x000000c899900000)]
  0x00000251fd07b000 JavaThread "Unconstrained build operations Thread 9" [_thread_blocked, id=15880, stack(0x000000c899900000,0x000000c899a00000)]
  0x00000251fd07a000 JavaThread "Unconstrained build operations Thread 10" [_thread_blocked, id=16204, stack(0x000000c899a00000,0x000000c899b00000)]
  0x00000251fd07b800 JavaThread "Unconstrained build operations Thread 11" [_thread_blocked, id=27344, stack(0x000000c899b00000,0x000000c899c00000)]
  0x00000251fd07e000 JavaThread "Unconstrained build operations Thread 12" [_thread_blocked, id=25160, stack(0x000000c899c00000,0x000000c899d00000)]
  0x00000251fd07f000 JavaThread "Unconstrained build operations Thread 13" [_thread_blocked, id=25580, stack(0x000000c899d00000,0x000000c899e00000)]
  0x00000251fd079000 JavaThread "Unconstrained build operations Thread 14" [_thread_blocked, id=14400, stack(0x000000c899e00000,0x000000c899f00000)]
  0x00000251fd082000 JavaThread "Unconstrained build operations Thread 15" [_thread_blocked, id=28896, stack(0x000000c899f00000,0x000000c89a000000)]
  0x00000251fd084800 JavaThread "Unconstrained build operations Thread 16" [_thread_blocked, id=28444, stack(0x000000c89a000000,0x000000c89a100000)]
  0x00000251fd083000 JavaThread "Unconstrained build operations Thread 17" [_thread_blocked, id=26768, stack(0x000000c89a100000,0x000000c89a200000)]
  0x00000251fd07f800 JavaThread "Unconstrained build operations Thread 18" [_thread_blocked, id=26516, stack(0x000000c89a200000,0x000000c89a300000)]
  0x00000251fd080800 JavaThread "Unconstrained build operations Thread 19" [_thread_blocked, id=20616, stack(0x000000c89a300000,0x000000c89a400000)]
  0x00000251fd086000 JavaThread "Unconstrained build operations Thread 20" [_thread_blocked, id=28968, stack(0x000000c89a400000,0x000000c89a500000)]
  0x00000251fd084000 JavaThread "Unconstrained build operations Thread 21" [_thread_blocked, id=22200, stack(0x000000c89a500000,0x000000c89a600000)]
  0x00000251fd085800 JavaThread "Unconstrained build operations Thread 22" [_thread_blocked, id=8976, stack(0x000000c89a600000,0x000000c89a700000)]
  0x00000251fd081800 JavaThread "Unconstrained build operations Thread 23" [_thread_blocked, id=30704, stack(0x000000c89a700000,0x000000c89a800000)]
  0x00000251fd087000 JavaThread "Unconstrained build operations Thread 24" [_thread_blocked, id=30176, stack(0x000000c89a800000,0x000000c89a900000)]
  0x00000251fd088000 JavaThread "Unconstrained build operations Thread 25" [_thread_blocked, id=28756, stack(0x000000c89a900000,0x000000c89aa00000)]
  0x00000251fcff7000 JavaThread "Unconstrained build operations Thread 26" [_thread_blocked, id=27232, stack(0x000000c89aa00000,0x000000c89ab00000)]
  0x00000251fcff7800 JavaThread "Unconstrained build operations Thread 27" [_thread_blocked, id=6160, stack(0x000000c89ab00000,0x000000c89ac00000)]
  0x00000251fcff4800 JavaThread "Unconstrained build operations Thread 28" [_thread_blocked, id=10340, stack(0x000000c89ac00000,0x000000c89ad00000)]
  0x00000251fcff9800 JavaThread "Unconstrained build operations Thread 29" [_thread_blocked, id=19052, stack(0x000000c89ad00000,0x000000c89ae00000)]
  0x00000251fcffa000 JavaThread "Unconstrained build operations Thread 30" [_thread_blocked, id=23972, stack(0x000000c89ae00000,0x000000c89af00000)]
  0x00000251fcff8800 JavaThread "Unconstrained build operations Thread 31" [_thread_blocked, id=22788, stack(0x000000c89af00000,0x000000c89b000000)]
  0x00000251fcffb000 JavaThread "Unconstrained build operations Thread 32" [_thread_blocked, id=28332, stack(0x000000c89b000000,0x000000c89b100000)]
  0x00000251fcff5800 JavaThread "Unconstrained build operations Thread 33" [_thread_blocked, id=23168, stack(0x000000c89b100000,0x000000c89b200000)]
  0x00000251fcffc000 JavaThread "jar transforms Thread 8" [_thread_blocked, id=1348, stack(0x000000c89b200000,0x000000c89b300000)]
  0x00000251fcff6000 JavaThread "build event listener" [_thread_blocked, id=30132, stack(0x000000c89b300000,0x000000c89b400000)]
  0x00000251fd001800 JavaThread "Memory manager" [_thread_blocked, id=30248, stack(0x000000c89b400000,0x000000c89b500000)]
  0x00000251fcffd800 JavaThread "Cache worker for Build Output Cleanup Cache (D:\Android01\android\.gradle\buildOutputCleanup)" [_thread_blocked, id=7528, stack(0x000000c89b500000,0x000000c89b600000)]
  0x00000251fd000000 JavaThread "included builds" [_thread_blocked, id=26616, stack(0x000000c895300000,0x000000c895400000)]
  0x00000251fcffe800 JavaThread "Execution worker" [_thread_blocked, id=27468, stack(0x000000c895400000,0x000000c895500000)]
  0x00000251fd002800 JavaThread "Execution worker Thread 2" [_thread_blocked, id=4804, stack(0x000000c895500000,0x000000c895600000)]
  0x00000251fd000800 JavaThread "Execution worker Thread 3" [_thread_blocked, id=18720, stack(0x000000c89b600000,0x000000c89b700000)]
  0x00000251fcffc800 JavaThread "Execution worker Thread 4" [_thread_blocked, id=15276, stack(0x000000c89b700000,0x000000c89b800000)]
  0x00000251fd003000 JavaThread "Execution worker Thread 5" [_thread_blocked, id=4284, stack(0x000000c89b800000,0x000000c89b900000)]
  0x00000251fcfff000 JavaThread "Execution worker Thread 6" [_thread_blocked, id=14000, stack(0x000000c89b900000,0x000000c89ba00000)]
  0x00000251f9f7e000 JavaThread "Execution worker Thread 7" [_thread_blocked, id=29224, stack(0x000000c89ba00000,0x000000c89bb00000)]
  0x00000251f9f7c800 JavaThread "Cache worker for execution history cache (D:\Android01\node_modules\react-native-gradle-plugin\.gradle\7.5.1\executionHistory)" [_thread_blocked, id=26564, stack(0x000000c89bb00000,0x000000c89bc00000)]
  0x00000251f9f83000 JavaThread "Unconstrained build operations Thread 34" [_thread_blocked, id=25616, stack(0x000000c89bc00000,0x000000c89bd00000)]
  0x00000251f9f7f000 JavaThread "Unconstrained build operations Thread 35" [_thread_in_Java, id=10684, stack(0x000000c89bd00000,0x000000c89be00000)]
  0x00000251f9f82800 JavaThread "Unconstrained build operations Thread 36" [_thread_blocked, id=16876, stack(0x000000c89be00000,0x000000c89bf00000)]
  0x00000251f9f80000 JavaThread "Unconstrained build operations Thread 37" [_thread_blocked, id=25748, stack(0x000000c89bf00000,0x000000c89c000000)]
  0x00000251f9f80800 JavaThread "Unconstrained build operations Thread 38" [_thread_blocked, id=12828, stack(0x000000c89c000000,0x000000c89c100000)]
  0x00000251f9f81800 JavaThread "Unconstrained build operations Thread 39" [_thread_blocked, id=28520, stack(0x000000c89c100000,0x000000c89c200000)]
  0x00000251f9f7d800 JavaThread "Unconstrained build operations Thread 40" [_thread_blocked, id=17504, stack(0x000000c89c200000,0x000000c89c300000)]
  0x00000251f9f84000 JavaThread "Unconstrained build operations Thread 41" [_thread_blocked, id=28812, stack(0x000000c89c300000,0x000000c89c400000)]
  0x00000251f9f84800 JavaThread "Unconstrained build operations Thread 42" [_thread_blocked, id=23752, stack(0x000000c89c400000,0x000000c89c500000)]
  0x00000251f9f86800 JavaThread "Unconstrained build operations Thread 43" [_thread_blocked, id=30360, stack(0x000000c89c500000,0x000000c89c600000)]
  0x00000251f9f87000 JavaThread "Unconstrained build operations Thread 44" [_thread_blocked, id=20164, stack(0x000000c89c600000,0x000000c89c700000)]
  0x00000251f9f88000 JavaThread "Unconstrained build operations Thread 45" [_thread_blocked, id=10744, stack(0x000000c89c700000,0x000000c89c800000)]
  0x00000251f9f89000 JavaThread "Unconstrained build operations Thread 46" [_thread_blocked, id=21628, stack(0x000000c89c800000,0x000000c89c900000)]
  0x00000251f9f85800 JavaThread "Unconstrained build operations Thread 47" [_thread_blocked, id=28036, stack(0x000000c89c900000,0x000000c89ca00000)]
  0x00000251f9f89800 JavaThread "Unconstrained build operations Thread 48" [_thread_in_vm, id=30344, stack(0x000000c89ca00000,0x000000c89cb00000)]
  0x00000251f9f8b800 JavaThread "Unconstrained build operations Thread 49" [_thread_blocked, id=1736, stack(0x000000c89cb00000,0x000000c89cc00000)]
  0x00000251f9f8a800 JavaThread "Unconstrained build operations Thread 50" [_thread_blocked, id=30348, stack(0x000000c89cc00000,0x000000c89cd00000)]
  0x00000251faf6f000 JavaThread "Unconstrained build operations Thread 51" [_thread_blocked, id=3708, stack(0x000000c89cd00000,0x000000c89ce00000)]
  0x00000251faf6a800 JavaThread "Unconstrained build operations Thread 52" [_thread_blocked, id=28876, stack(0x000000c89ce00000,0x000000c89cf00000)]
  0x00000251faf71000 JavaThread "Unconstrained build operations Thread 53" [_thread_blocked, id=15240, stack(0x000000c89cf00000,0x000000c89d000000)]
  0x00000251faf6d800 JavaThread "Unconstrained build operations Thread 54" [_thread_blocked, id=25672, stack(0x000000c89d000000,0x000000c89d100000)]
  0x00000251faf6c000 JavaThread "Unconstrained build operations Thread 55" [_thread_blocked, id=27640, stack(0x000000c89d100000,0x000000c89d200000)]
  0x00000251faf70000 JavaThread "Unconstrained build operations Thread 56" [_thread_blocked, id=25652, stack(0x000000c89d200000,0x000000c89d300000)]
  0x00000251faf6b000 JavaThread "Unconstrained build operations Thread 57" [_thread_blocked, id=3036, stack(0x000000c89d300000,0x000000c89d400000)]
  0x00000251faf71800 JavaThread "Unconstrained build operations Thread 58" [_thread_blocked, id=27880, stack(0x000000c89d400000,0x000000c89d500000)]
  0x00000251faf72800 JavaThread "Unconstrained build operations Thread 59" [_thread_blocked, id=20256, stack(0x000000c89d500000,0x000000c89d600000)]
  0x00000251faf6c800 JavaThread "Unconstrained build operations Thread 60" [_thread_blocked, id=28580, stack(0x000000c89d600000,0x000000c89d700000)]
  0x00000251faf74000 JavaThread "Unconstrained build operations Thread 61" [_thread_blocked, id=26556, stack(0x000000c89d700000,0x000000c89d800000)]
  0x00000251faf73000 JavaThread "Unconstrained build operations Thread 62" [_thread_blocked, id=29888, stack(0x000000c89d800000,0x000000c89d900000)]
  0x00000251faf6e800 JavaThread "Unconstrained build operations Thread 63" [_thread_blocked, id=24452, stack(0x000000c89d900000,0x000000c89da00000)]
  0x00000251faf77800 JavaThread "Unconstrained build operations Thread 64" [_thread_blocked, id=5928, stack(0x000000c89da00000,0x000000c89db00000)]
  0x00000251faf75000 JavaThread "Unconstrained build operations Thread 65" [_thread_blocked, id=8260, stack(0x000000c89db00000,0x000000c89dc00000)]
  0x00000251faf75800 JavaThread "Unconstrained build operations Thread 66" [_thread_blocked, id=9056, stack(0x000000c89dc00000,0x000000c89dd00000)]
  0x00000251faf76800 JavaThread "Unconstrained build operations Thread 67" [_thread_blocked, id=24516, stack(0x000000c89dd00000,0x000000c89de00000)]
  0x00000251faf78000 JavaThread "Unconstrained build operations Thread 68" [_thread_blocked, id=9532, stack(0x000000c89de00000,0x000000c89df00000)]
  0x00000251faf79000 JavaThread "Unconstrained build operations Thread 69" [_thread_blocked, id=26120, stack(0x000000c89df00000,0x000000c89e000000)]
  0x00000251fa9e1000 JavaThread "Unconstrained build operations Thread 70" [_thread_blocked, id=20144, stack(0x000000c89e000000,0x000000c89e100000)]
  0x00000251fa9e2800 JavaThread "Unconstrained build operations Thread 71" [_thread_blocked, id=11984, stack(0x000000c89e100000,0x000000c89e200000)]
  0x00000251fa9e2000 JavaThread "Unconstrained build operations Thread 72" [_thread_blocked, id=20708, stack(0x000000c89e200000,0x000000c89e300000)]
  0x00000251fa9dd800 JavaThread "Unconstrained build operations Thread 73" [_thread_blocked, id=4452, stack(0x000000c89e300000,0x000000c89e400000)]
  0x00000251fa9dd000 JavaThread "Unconstrained build operations Thread 74" [_thread_blocked, id=18140, stack(0x000000c89e400000,0x000000c89e500000)]
  0x00000251fa9de800 JavaThread "Unconstrained build operations Thread 75" [_thread_blocked, id=28652, stack(0x000000c89e500000,0x000000c89e600000)]
  0x00000251fa9e5000 JavaThread "Unconstrained build operations Thread 76" [_thread_blocked, id=13720, stack(0x000000c89e600000,0x000000c89e700000)]
  0x00000251fa9e3800 JavaThread "Unconstrained build operations Thread 77" [_thread_blocked, id=12396, stack(0x000000c89e700000,0x000000c89e800000)]
  0x00000251fa9e4000 JavaThread "Unconstrained build operations Thread 78" [_thread_blocked, id=24284, stack(0x000000c89e800000,0x000000c89e900000)]
  0x00000251fa9df800 JavaThread "Unconstrained build operations Thread 79" [_thread_blocked, id=17916, stack(0x000000c89e900000,0x000000c89ea00000)]
  0x00000251fa9e6000 JavaThread "Unconstrained build operations Thread 80" [_thread_blocked, id=25612, stack(0x000000c89ea00000,0x000000c89eb00000)]
  0x00000251fa9e6800 JavaThread "build event listener" [_thread_blocked, id=27444, stack(0x000000c89eb00000,0x000000c89ec00000)]
  0x00000251fa9ea000 JavaThread "Cache worker for execution history cache (D:\Android01\android\.gradle\7.5.1\executionHistory)" [_thread_blocked, id=18320, stack(0x000000c89ef00000,0x000000c89f000000)]

Other Threads:
  0x00000251f680a800 VMThread "VM Thread" [stack: 0x000000c895c00000,0x000000c895d00000] [id=27664]
  0x00000251f734e000 WatcherThread [stack: 0x000000c896600000,0x000000c896700000] [id=720]
  0x00000251d776c800 GCTaskThread "GC Thread#0" [stack: 0x000000c895700000,0x000000c895800000] [id=20768]
  0x00000251f85c0800 GCTaskThread "GC Thread#1" [stack: 0x000000c896800000,0x000000c896900000] [id=19292]
  0x00000251f8423000 GCTaskThread "GC Thread#2" [stack: 0x000000c896900000,0x000000c896a00000] [id=5676]
  0x00000251f92bf000 GCTaskThread "GC Thread#3" [stack: 0x000000c896a00000,0x000000c896b00000] [id=30496]
  0x00000251f91bc000 GCTaskThread "GC Thread#4" [stack: 0x000000c897700000,0x000000c897800000] [id=16428]
  0x00000251f8363000 GCTaskThread "GC Thread#5" [stack: 0x000000c897800000,0x000000c897900000] [id=15296]
  0x00000251f8209800 GCTaskThread "GC Thread#6" [stack: 0x000000c897900000,0x000000c897a00000] [id=29988]
  0x00000251f7794800 GCTaskThread "GC Thread#7" [stack: 0x000000c897a00000,0x000000c897b00000] [id=25004]
  0x00000251d779e000 ConcurrentGCThread "G1 Main Marker" [stack: 0x000000c895800000,0x000000c895900000] [id=16964]
  0x00000251d779f800 ConcurrentGCThread "G1 Conc#0" [stack: 0x000000c895900000,0x000000c895a00000] [id=21840]
  0x00000251f7201000 ConcurrentGCThread "G1 Conc#1" [stack: 0x000000c897c00000,0x000000c897d00000] [id=2668]
  0x00000251d7827800 ConcurrentGCThread "G1 Refine#0" [stack: 0x000000c895a00000,0x000000c895b00000] [id=27788]
  0x00000251f865f000 ConcurrentGCThread "G1 Refine#1" [stack: 0x000000c896b00000,0x000000c896c00000] [id=28888]
  0x00000251d7829000 ConcurrentGCThread "G1 Young RemSet Sampling" [stack: 0x000000c895b00000,0x000000c895c00000] [id=3644]

Threads with active compile tasks:
C2 CompilerThread0   127858 14743       4       org.gradle.internal.snapshot.AbstractListChildMap::store (72 bytes)

VM state:not at safepoint (normal execution)

VM Mutex/Monitor currently owned by a thread: None

Heap address: 0x0000000080000000, size: 2048 MB, Compressed Oops mode: 32-bit
Narrow klass base: 0x0000000000000000, Narrow klass shift: 3
Compressed class space size: 528482304 Address: 0x0000000100000000

Heap:
 garbage-first heap   total 207872K, used 133526K [0x0000000080000000, 0x0000000100000000)
  region size 1024K, 8 young (8192K), 6 survivors (6144K)
 Metaspace       used 113585K, capacity 117011K, committed 117332K, reserved 618496K
  class space    used 14757K, capacity 16072K, committed 16204K, reserved 516096K
Heap Regions: E=young(eden), S=young(survivor), O=old, HS=humongous(starts), HC=humongous(continues), CS=collection set, F=free, A=archive, TAMS=top-at-mark-start (previous, next)
|   0|0x0000000080000000, 0x0000000080100000, 0x0000000080100000|100%| O|  |TAMS 0x0000000080100000, 0x0000000080000000| Untracked 
|   1|0x0000000080100000, 0x0000000080200000, 0x0000000080200000|100%| O|  |TAMS 0x0000000080200000, 0x0000000080100000| Untracked 
|   2|0x0000000080200000, 0x0000000080300000, 0x0000000080300000|100%| O|  |TAMS 0x0000000080300000, 0x0000000080200000| Untracked 
|   3|0x0000000080300000, 0x0000000080400000, 0x0000000080400000|100%|HS|  |TAMS 0x0000000080400000, 0x0000000080300000| Complete 
|   4|0x0000000080400000, 0x0000000080500000, 0x0000000080500000|100%|HC|  |TAMS 0x0000000080500000, 0x0000000080400000| Complete 
|   5|0x0000000080500000, 0x0000000080600000, 0x0000000080600000|100%|HC|  |TAMS 0x0000000080600000, 0x0000000080500000| Complete 
|   6|0x0000000080600000, 0x0000000080700000, 0x0000000080700000|100%| O|  |TAMS 0x0000000080700000, 0x0000000080600000| Untracked 
|   7|0x0000000080700000, 0x0000000080800000, 0x0000000080800000|100%| O|  |TAMS 0x0000000080800000, 0x0000000080700000| Untracked 
|   8|0x0000000080800000, 0x0000000080900000, 0x0000000080900000|100%| O|  |TAMS 0x0000000080900000, 0x0000000080800000| Untracked 
|   9|0x0000000080900000, 0x0000000080a00000, 0x0000000080a00000|100%| O|  |TAMS 0x0000000080a00000, 0x0000000080900000| Untracked 
|  10|0x0000000080a00000, 0x0000000080b00000, 0x0000000080b00000|100%| O|  |TAMS 0x0000000080b00000, 0x0000000080a00000| Untracked 
|  11|0x0000000080b00000, 0x0000000080c00000, 0x0000000080c00000|100%| O|  |TAMS 0x0000000080c00000, 0x0000000080b00000| Untracked 
|  12|0x0000000080c00000, 0x0000000080d00000, 0x0000000080d00000|100%| O|  |TAMS 0x0000000080d00000, 0x0000000080c00000| Untracked 
|  13|0x0000000080d00000, 0x0000000080e00000, 0x0000000080e00000|100%| O|  |TAMS 0x0000000080e00000, 0x0000000080d00000| Untracked 
|  14|0x0000000080e00000, 0x0000000080f00000, 0x0000000080f00000|100%| O|  |TAMS 0x0000000080f00000, 0x0000000080e00000| Untracked 
|  15|0x0000000080f00000, 0x0000000081000000, 0x0000000081000000|100%| O|  |TAMS 0x0000000081000000, 0x0000000080f00000| Untracked 
|  16|0x0000000081000000, 0x0000000081100000, 0x0000000081100000|100%| O|  |TAMS 0x0000000081100000, 0x0000000081000000| Untracked 
|  17|0x0000000081100000, 0x0000000081200000, 0x0000000081200000|100%| O|  |TAMS 0x0000000081200000, 0x0000000081100000| Untracked 
|  18|0x0000000081200000, 0x0000000081300000, 0x0000000081300000|100%| O|  |TAMS 0x0000000081300000, 0x0000000081200000| Untracked 
|  19|0x0000000081300000, 0x0000000081400000, 0x0000000081400000|100%| O|  |TAMS 0x0000000081400000, 0x0000000081300000| Untracked 
|  20|0x0000000081400000, 0x0000000081500000, 0x0000000081500000|100%| O|  |TAMS 0x0000000081500000, 0x0000000081400000| Untracked 
|  21|0x0000000081500000, 0x0000000081600000, 0x0000000081600000|100%| O|  |TAMS 0x0000000081600000, 0x0000000081500000| Untracked 
|  22|0x0000000081600000, 0x0000000081700000, 0x0000000081700000|100%| O|  |TAMS 0x0000000081700000, 0x0000000081600000| Untracked 
|  23|0x0000000081700000, 0x0000000081800000, 0x0000000081800000|100%|HS|  |TAMS 0x0000000081800000, 0x0000000081700000| Complete 
|  24|0x0000000081800000, 0x0000000081900000, 0x0000000081900000|100%| O|  |TAMS 0x0000000081900000, 0x0000000081800000| Untracked 
|  25|0x0000000081900000, 0x0000000081a00000, 0x0000000081a00000|100%| O|  |TAMS 0x0000000081a00000, 0x0000000081900000| Untracked 
|  26|0x0000000081a00000, 0x0000000081b00000, 0x0000000081b00000|100%| O|  |TAMS 0x0000000081b00000, 0x0000000081a00000| Untracked 
|  27|0x0000000081b00000, 0x0000000081c00000, 0x0000000081c00000|100%| O|  |TAMS 0x0000000081c00000, 0x0000000081b00000| Untracked 
|  28|0x0000000081c00000, 0x0000000081d00000, 0x0000000081d00000|100%| O|  |TAMS 0x0000000081d00000, 0x0000000081c00000| Untracked 
|  29|0x0000000081d00000, 0x0000000081e00000, 0x0000000081e00000|100%| O|  |TAMS 0x0000000081e00000, 0x0000000081d00000| Untracked 
|  30|0x0000000081e00000, 0x0000000081f00000, 0x0000000081f00000|100%|HS|  |TAMS 0x0000000081f00000, 0x0000000081e00000| Complete 
|  31|0x0000000081f00000, 0x0000000082000000, 0x0000000082000000|100%|HC|  |TAMS 0x0000000082000000, 0x0000000081f00000| Complete 
|  32|0x0000000082000000, 0x0000000082100000, 0x0000000082100000|100%|HC|  |TAMS 0x0000000082100000, 0x0000000082000000| Complete 
|  33|0x0000000082100000, 0x0000000082200000, 0x0000000082200000|100%| O|  |TAMS 0x0000000082200000, 0x0000000082100000| Untracked 
|  34|0x0000000082200000, 0x0000000082300000, 0x0000000082300000|100%| O|  |TAMS 0x0000000082300000, 0x0000000082200000| Untracked 
|  35|0x0000000082300000, 0x0000000082400000, 0x0000000082400000|100%| O|  |TAMS 0x0000000082400000, 0x0000000082300000| Untracked 
|  36|0x0000000082400000, 0x0000000082500000, 0x0000000082500000|100%| O|  |TAMS 0x0000000082500000, 0x0000000082400000| Untracked 
|  37|0x0000000082500000, 0x0000000082600000, 0x0000000082600000|100%| O|  |TAMS 0x0000000082600000, 0x0000000082500000| Untracked 
|  38|0x0000000082600000, 0x0000000082700000, 0x0000000082700000|100%| O|  |TAMS 0x0000000082700000, 0x0000000082600000| Untracked 
|  39|0x0000000082700000, 0x0000000082800000, 0x0000000082800000|100%| O|  |TAMS 0x0000000082800000, 0x0000000082700000| Untracked 
|  40|0x0000000082800000, 0x0000000082900000, 0x0000000082900000|100%| O|  |TAMS 0x0000000082900000, 0x0000000082800000| Untracked 
|  41|0x0000000082900000, 0x0000000082a00000, 0x0000000082a00000|100%| O|  |TAMS 0x0000000082a00000, 0x0000000082900000| Untracked 
|  42|0x0000000082a00000, 0x0000000082b00000, 0x0000000082b00000|100%| O|  |TAMS 0x0000000082b00000, 0x0000000082a00000| Untracked 
|  43|0x0000000082b00000, 0x0000000082c00000, 0x0000000082c00000|100%| O|  |TAMS 0x0000000082c00000, 0x0000000082b00000| Untracked 
|  44|0x0000000082c00000, 0x0000000082d00000, 0x0000000082d00000|100%| O|  |TAMS 0x0000000082d00000, 0x0000000082c00000| Untracked 
|  45|0x0000000082d00000, 0x0000000082e00000, 0x0000000082e00000|100%| O|  |TAMS 0x0000000082e00000, 0x0000000082d00000| Untracked 
|  46|0x0000000082e00000, 0x0000000082f00000, 0x0000000082f00000|100%| O|  |TAMS 0x0000000082f00000, 0x0000000082e00000| Untracked 
|  47|0x0000000082f00000, 0x0000000083000000, 0x0000000083000000|100%| O|  |TAMS 0x0000000083000000, 0x0000000082f00000| Untracked 
|  48|0x0000000083000000, 0x0000000083100000, 0x0000000083100000|100%|HS|  |TAMS 0x0000000083100000, 0x0000000083000000| Complete 
|  49|0x0000000083100000, 0x0000000083200000, 0x0000000083200000|100%|HS|  |TAMS 0x0000000083200000, 0x0000000083100000| Complete 
|  50|0x0000000083200000, 0x0000000083300000, 0x0000000083300000|100%| O|  |TAMS 0x0000000083300000, 0x0000000083200000| Untracked 
|  51|0x0000000083300000, 0x0000000083400000, 0x0000000083400000|100%| O|  |TAMS 0x0000000083400000, 0x0000000083300000| Untracked 
|  52|0x0000000083400000, 0x0000000083500000, 0x0000000083500000|100%| O|  |TAMS 0x0000000083500000, 0x0000000083400000| Untracked 
|  53|0x0000000083500000, 0x0000000083600000, 0x0000000083600000|100%| O|  |TAMS 0x0000000083600000, 0x0000000083500000| Untracked 
|  54|0x0000000083600000, 0x0000000083700000, 0x0000000083700000|100%| O|  |TAMS 0x0000000083700000, 0x0000000083600000| Untracked 
|  55|0x0000000083700000, 0x0000000083800000, 0x0000000083800000|100%|HS|  |TAMS 0x0000000083800000, 0x0000000083700000| Complete 
|  56|0x0000000083800000, 0x0000000083900000, 0x0000000083900000|100%|HC|  |TAMS 0x0000000083900000, 0x0000000083800000| Complete 
|  57|0x0000000083900000, 0x0000000083a00000, 0x0000000083a00000|100%| O|  |TAMS 0x0000000083a00000, 0x0000000083900000| Untracked 
|  58|0x0000000083a00000, 0x0000000083b00000, 0x0000000083b00000|100%| O|  |TAMS 0x0000000083b00000, 0x0000000083a00000| Untracked 
|  59|0x0000000083b00000, 0x0000000083c00000, 0x0000000083c00000|100%| O|  |TAMS 0x0000000083c00000, 0x0000000083b00000| Untracked 
|  60|0x0000000083c00000, 0x0000000083d00000, 0x0000000083d00000|100%| O|  |TAMS 0x0000000083d00000, 0x0000000083c00000| Untracked 
|  61|0x0000000083d00000, 0x0000000083e00000, 0x0000000083e00000|100%| O|  |TAMS 0x0000000083e00000, 0x0000000083d00000| Untracked 
|  62|0x0000000083e00000, 0x0000000083f00000, 0x0000000083f00000|100%| O|  |TAMS 0x0000000083f00000, 0x0000000083e00000| Untracked 
|  63|0x0000000083f00000, 0x0000000084000000, 0x0000000084000000|100%| O|  |TAMS 0x0000000084000000, 0x0000000083f00000| Untracked 
|  64|0x0000000084000000, 0x0000000084100000, 0x0000000084100000|100%| O|  |TAMS 0x0000000084100000, 0x0000000084000000| Untracked 
|  65|0x0000000084100000, 0x0000000084200000, 0x0000000084200000|100%| O|  |TAMS 0x0000000084200000, 0x0000000084100000| Untracked 
|  66|0x0000000084200000, 0x0000000084300000, 0x0000000084300000|100%| O|  |TAMS 0x0000000084300000, 0x0000000084200000| Untracked 
|  67|0x0000000084300000, 0x0000000084400000, 0x0000000084400000|100%| O|  |TAMS 0x0000000084400000, 0x0000000084300000| Untracked 
|  68|0x0000000084400000, 0x0000000084500000, 0x0000000084500000|100%| O|  |TAMS 0x0000000084500000, 0x0000000084400000| Untracked 
|  69|0x0000000084500000, 0x0000000084600000, 0x0000000084600000|100%| O|  |TAMS 0x0000000084600000, 0x0000000084500000| Untracked 
|  70|0x0000000084600000, 0x0000000084700000, 0x0000000084700000|100%| O|  |TAMS 0x0000000084700000, 0x0000000084600000| Untracked 
|  71|0x0000000084700000, 0x0000000084800000, 0x0000000084800000|100%| O|  |TAMS 0x0000000084800000, 0x0000000084700000| Untracked 
|  72|0x0000000084800000, 0x0000000084900000, 0x0000000084900000|100%| O|  |TAMS 0x0000000084900000, 0x0000000084800000| Untracked 
|  73|0x0000000084900000, 0x0000000084a00000, 0x0000000084a00000|100%| O|  |TAMS 0x0000000084a00000, 0x0000000084900000| Untracked 
|  74|0x0000000084a00000, 0x0000000084b00000, 0x0000000084b00000|100%| O|  |TAMS 0x0000000084b00000, 0x0000000084a00000| Untracked 
|  75|0x0000000084b00000, 0x0000000084c00000, 0x0000000084c00000|100%| O|  |TAMS 0x0000000084c00000, 0x0000000084b00000| Untracked 
|  76|0x0000000084c00000, 0x0000000084d00000, 0x0000000084d00000|100%| O|  |TAMS 0x0000000084d00000, 0x0000000084c00000| Untracked 
|  77|0x0000000084d00000, 0x0000000084e00000, 0x0000000084e00000|100%| O|  |TAMS 0x0000000084e00000, 0x0000000084d00000| Untracked 
|  78|0x0000000084e00000, 0x0000000084f00000, 0x0000000084f00000|100%| O|  |TAMS 0x0000000084f00000, 0x0000000084e00000| Untracked 
|  79|0x0000000084f00000, 0x0000000085000000, 0x0000000085000000|100%| O|  |TAMS 0x0000000085000000, 0x0000000084f00000| Untracked 
|  80|0x0000000085000000, 0x0000000085100000, 0x0000000085100000|100%| O|  |TAMS 0x0000000085100000, 0x0000000085000000| Untracked 
|  81|0x0000000085100000, 0x0000000085200000, 0x0000000085200000|100%| O|  |TAMS 0x0000000085200000, 0x0000000085100000| Untracked 
|  82|0x0000000085200000, 0x0000000085300000, 0x0000000085300000|100%| O|  |TAMS 0x0000000085300000, 0x0000000085200000| Untracked 
|  83|0x0000000085300000, 0x0000000085400000, 0x0000000085400000|100%| O|  |TAMS 0x0000000085400000, 0x0000000085300000| Untracked 
|  84|0x0000000085400000, 0x0000000085500000, 0x0000000085500000|100%| O|  |TAMS 0x0000000085500000, 0x0000000085400000| Untracked 
|  85|0x0000000085500000, 0x0000000085600000, 0x0000000085600000|100%| O|  |TAMS 0x0000000085600000, 0x0000000085500000| Untracked 
|  86|0x0000000085600000, 0x0000000085700000, 0x0000000085700000|100%| O|  |TAMS 0x0000000085700000, 0x0000000085600000| Untracked 
|  87|0x0000000085700000, 0x0000000085800000, 0x0000000085800000|100%| O|  |TAMS 0x0000000085800000, 0x0000000085700000| Untracked 
|  88|0x0000000085800000, 0x0000000085900000, 0x0000000085900000|100%|HS|  |TAMS 0x0000000085900000, 0x0000000085800000| Complete 
|  89|0x0000000085900000, 0x0000000085a00000, 0x0000000085a00000|100%|HS|  |TAMS 0x0000000085a00000, 0x0000000085900000| Complete 
|  90|0x0000000085a00000, 0x0000000085b00000, 0x0000000085b00000|100%|HS|  |TAMS 0x0000000085b00000, 0x0000000085a00000| Complete 
|  91|0x0000000085b00000, 0x0000000085c00000, 0x0000000085c00000|100%|HC|  |TAMS 0x0000000085c00000, 0x0000000085b00000| Complete 
|  92|0x0000000085c00000, 0x0000000085d00000, 0x0000000085d00000|100%|HC|  |TAMS 0x0000000085d00000, 0x0000000085c00000| Complete 
|  93|0x0000000085d00000, 0x0000000085e00000, 0x0000000085e00000|100%| O|  |TAMS 0x0000000085e00000, 0x0000000085d00000| Untracked 
|  94|0x0000000085e00000, 0x0000000085f00000, 0x0000000085f00000|100%| O|  |TAMS 0x0000000085f00000, 0x0000000085e00000| Untracked 
|  95|0x0000000085f00000, 0x0000000086000000, 0x0000000086000000|100%| O|  |TAMS 0x0000000086000000, 0x0000000085f00000| Untracked 
|  96|0x0000000086000000, 0x0000000086100000, 0x0000000086100000|100%| O|  |TAMS 0x0000000086100000, 0x0000000086000000| Untracked 
|  97|0x0000000086100000, 0x0000000086200000, 0x0000000086200000|100%| O|  |TAMS 0x0000000086200000, 0x0000000086100000| Untracked 
|  98|0x0000000086200000, 0x0000000086300000, 0x0000000086300000|100%| O|  |TAMS 0x0000000086300000, 0x0000000086200000| Untracked 
|  99|0x0000000086300000, 0x0000000086400000, 0x0000000086400000|100%| O|  |TAMS 0x0000000086400000, 0x0000000086300000| Untracked 
| 100|0x0000000086400000, 0x0000000086500000, 0x0000000086500000|100%| O|  |TAMS 0x0000000086500000, 0x0000000086400000| Untracked 
| 101|0x0000000086500000, 0x0000000086600000, 0x0000000086600000|100%| O|  |TAMS 0x0000000086600000, 0x0000000086500000| Untracked 
| 102|0x0000000086600000, 0x0000000086700000, 0x0000000086700000|100%| O|  |TAMS 0x0000000086700000, 0x0000000086600000| Untracked 
| 103|0x0000000086700000, 0x0000000086800000, 0x0000000086800000|100%| O|  |TAMS 0x0000000086800000, 0x0000000086700000| Untracked 
| 104|0x0000000086800000, 0x0000000086900000, 0x0000000086900000|100%| O|  |TAMS 0x0000000086900000, 0x0000000086800000| Untracked 
| 105|0x0000000086900000, 0x0000000086a00000, 0x0000000086a00000|100%| O|  |TAMS 0x0000000086a00000, 0x0000000086900000| Untracked 
| 106|0x0000000086a00000, 0x0000000086b00000, 0x0000000086b00000|100%| O|  |TAMS 0x0000000086b00000, 0x0000000086a00000| Untracked 
| 107|0x0000000086b00000, 0x0000000086c00000, 0x0000000086c00000|100%| O|  |TAMS 0x0000000086c00000, 0x0000000086b00000| Untracked 
| 108|0x0000000086c00000, 0x0000000086d00000, 0x0000000086d00000|100%| O|  |TAMS 0x0000000086d00000, 0x0000000086c00000| Untracked 
| 109|0x0000000086d00000, 0x0000000086e00000, 0x0000000086e00000|100%| O|  |TAMS 0x0000000086e00000, 0x0000000086d00000| Untracked 
| 110|0x0000000086e00000, 0x0000000086f00000, 0x0000000086f00000|100%| O|  |TAMS 0x0000000086f00000, 0x0000000086e00000| Untracked 
| 111|0x0000000086f00000, 0x0000000087000000, 0x0000000087000000|100%| O|  |TAMS 0x0000000087000000, 0x0000000086f00000| Untracked 
| 112|0x0000000087000000, 0x0000000087100000, 0x0000000087100000|100%| O|  |TAMS 0x0000000087100000, 0x0000000087000000| Untracked 
| 113|0x0000000087100000, 0x0000000087200000, 0x0000000087200000|100%| O|  |TAMS 0x0000000087200000, 0x0000000087100000| Untracked 
| 114|0x0000000087200000, 0x0000000087300000, 0x0000000087300000|100%| O|  |TAMS 0x0000000087300000, 0x0000000087200000| Untracked 
| 115|0x0000000087300000, 0x0000000087400000, 0x0000000087400000|100%| O|  |TAMS 0x0000000087400000, 0x0000000087300000| Untracked 
| 116|0x0000000087400000, 0x0000000087500000, 0x0000000087500000|100%| O|  |TAMS 0x0000000087500000, 0x0000000087400000| Untracked 
| 117|0x0000000087500000, 0x0000000087600000, 0x0000000087600000|100%| O|  |TAMS 0x0000000087600000, 0x0000000087500000| Untracked 
| 118|0x0000000087600000, 0x0000000087700000, 0x0000000087700000|100%| O|  |TAMS 0x0000000087700000, 0x0000000087600000| Untracked 
| 119|0x0000000087700000, 0x0000000087800000, 0x0000000087800000|100%| O|  |TAMS 0x0000000087800000, 0x0000000087700000| Untracked 
| 120|0x0000000087800000, 0x0000000087900000, 0x0000000087900000|100%| O|  |TAMS 0x0000000087900000, 0x0000000087800000| Untracked 
| 121|0x0000000087900000, 0x0000000087a00000, 0x0000000087a00000|100%| O|  |TAMS 0x00000000879c5200, 0x0000000087900000| Untracked 
| 122|0x0000000087a00000, 0x0000000087b00000, 0x0000000087b00000|100%| O|  |TAMS 0x0000000087a00000, 0x0000000087a00000| Untracked 
| 123|0x0000000087b00000, 0x0000000087c00000, 0x0000000087c00000|100%| O|  |TAMS 0x0000000087b00000, 0x0000000087b00000| Untracked 
| 124|0x0000000087c00000, 0x0000000087c28000, 0x0000000087d00000| 15%| O|  |TAMS 0x0000000087c00000, 0x0000000087c00000| Untracked 
| 125|0x0000000087d00000, 0x0000000087d00000, 0x0000000087e00000|  0%| F|  |TAMS 0x0000000087d00000, 0x0000000087d00000| Untracked 
| 126|0x0000000087e00000, 0x0000000087e00000, 0x0000000087f00000|  0%| F|  |TAMS 0x0000000087e00000, 0x0000000087e00000| Untracked 
| 127|0x0000000087f00000, 0x0000000087f00000, 0x0000000088000000|  0%| F|  |TAMS 0x0000000087f00000, 0x0000000087f00000| Untracked 
| 128|0x0000000088000000, 0x0000000088000000, 0x0000000088100000|  0%| F|  |TAMS 0x0000000088000000, 0x0000000088000000| Untracked 
| 129|0x0000000088100000, 0x0000000088100000, 0x0000000088200000|  0%| F|  |TAMS 0x0000000088100000, 0x0000000088100000| Untracked 
| 130|0x0000000088200000, 0x0000000088200000, 0x0000000088300000|  0%| F|  |TAMS 0x0000000088200000, 0x0000000088200000| Untracked 
| 131|0x0000000088300000, 0x0000000088300000, 0x0000000088400000|  0%| F|  |TAMS 0x0000000088300000, 0x0000000088300000| Untracked 
| 132|0x0000000088400000, 0x0000000088400000, 0x0000000088500000|  0%| F|  |TAMS 0x0000000088400000, 0x0000000088400000| Untracked 
| 133|0x0000000088500000, 0x0000000088500000, 0x0000000088600000|  0%| F|  |TAMS 0x0000000088500000, 0x0000000088500000| Untracked 
| 134|0x0000000088600000, 0x0000000088600000, 0x0000000088700000|  0%| F|  |TAMS 0x0000000088600000, 0x0000000088600000| Untracked 
| 135|0x0000000088700000, 0x0000000088700000, 0x0000000088800000|  0%| F|  |TAMS 0x0000000088700000, 0x0000000088700000| Untracked 
| 136|0x0000000088800000, 0x0000000088800000, 0x0000000088900000|  0%| F|  |TAMS 0x0000000088800000, 0x0000000088800000| Untracked 
| 137|0x0000000088900000, 0x0000000088900000, 0x0000000088a00000|  0%| F|  |TAMS 0x0000000088900000, 0x0000000088900000| Untracked 
| 138|0x0000000088a00000, 0x0000000088a00000, 0x0000000088b00000|  0%| F|  |TAMS 0x0000000088a00000, 0x0000000088a00000| Untracked 
| 139|0x0000000088b00000, 0x0000000088b00000, 0x0000000088c00000|  0%| F|  |TAMS 0x0000000088b00000, 0x0000000088b00000| Untracked 
| 140|0x0000000088c00000, 0x0000000088c00000, 0x0000000088d00000|  0%| F|  |TAMS 0x0000000088c00000, 0x0000000088c00000| Untracked 
| 141|0x0000000088d00000, 0x0000000088d00000, 0x0000000088e00000|  0%| F|  |TAMS 0x0000000088d00000, 0x0000000088d00000| Untracked 
| 142|0x0000000088e00000, 0x0000000088e00000, 0x0000000088f00000|  0%| F|  |TAMS 0x0000000088e00000, 0x0000000088e00000| Untracked 
| 143|0x0000000088f00000, 0x0000000088f00000, 0x0000000089000000|  0%| F|  |TAMS 0x0000000088f00000, 0x0000000088f00000| Untracked 
| 144|0x0000000089000000, 0x0000000089000000, 0x0000000089100000|  0%| F|  |TAMS 0x0000000089000000, 0x0000000089000000| Untracked 
| 145|0x0000000089100000, 0x0000000089100000, 0x0000000089200000|  0%| F|  |TAMS 0x0000000089100000, 0x0000000089100000| Untracked 
| 146|0x0000000089200000, 0x0000000089200000, 0x0000000089300000|  0%| F|  |TAMS 0x0000000089200000, 0x0000000089200000| Untracked 
| 147|0x0000000089300000, 0x0000000089300000, 0x0000000089400000|  0%| F|  |TAMS 0x0000000089300000, 0x0000000089300000| Untracked 
| 148|0x0000000089400000, 0x0000000089400000, 0x0000000089500000|  0%| F|  |TAMS 0x0000000089400000, 0x0000000089400000| Untracked 
| 149|0x0000000089500000, 0x0000000089500000, 0x0000000089600000|  0%| F|  |TAMS 0x0000000089500000, 0x0000000089500000| Untracked 
| 150|0x0000000089600000, 0x0000000089600000, 0x0000000089700000|  0%| F|  |TAMS 0x0000000089600000, 0x0000000089600000| Untracked 
| 151|0x0000000089700000, 0x000000008973d970, 0x0000000089800000| 24%| S|CS|TAMS 0x0000000089700000, 0x0000000089700000| Complete 
| 152|0x0000000089800000, 0x0000000089900000, 0x0000000089900000|100%| S|CS|TAMS 0x0000000089800000, 0x0000000089800000| Complete 
| 153|0x0000000089900000, 0x0000000089a00000, 0x0000000089a00000|100%| S|CS|TAMS 0x0000000089900000, 0x0000000089900000| Complete 
| 154|0x0000000089a00000, 0x0000000089a00000, 0x0000000089b00000|  0%| F|  |TAMS 0x0000000089a00000, 0x0000000089a00000| Untracked 
| 155|0x0000000089b00000, 0x0000000089b00000, 0x0000000089c00000|  0%| F|  |TAMS 0x0000000089b00000, 0x0000000089b00000| Untracked 
| 156|0x0000000089c00000, 0x0000000089c00000, 0x0000000089d00000|  0%| F|  |TAMS 0x0000000089c00000, 0x0000000089c00000| Untracked 
| 157|0x0000000089d00000, 0x0000000089d00000, 0x0000000089e00000|  0%| F|  |TAMS 0x0000000089d00000, 0x0000000089d00000| Untracked 
| 158|0x0000000089e00000, 0x0000000089e00000, 0x0000000089f00000|  0%| F|  |TAMS 0x0000000089e00000, 0x0000000089e00000| Untracked 
| 159|0x0000000089f00000, 0x0000000089f00000, 0x000000008a000000|  0%| F|  |TAMS 0x0000000089f00000, 0x0000000089f00000| Untracked 
| 160|0x000000008a000000, 0x000000008a100000, 0x000000008a100000|100%| S|CS|TAMS 0x000000008a000000, 0x000000008a000000| Complete 
| 161|0x000000008a100000, 0x000000008a200000, 0x000000008a200000|100%| S|CS|TAMS 0x000000008a100000, 0x000000008a100000| Complete 
| 162|0x000000008a200000, 0x000000008a300000, 0x000000008a300000|100%| S|CS|TAMS 0x000000008a200000, 0x000000008a200000| Complete 
| 163|0x000000008a300000, 0x000000008a300000, 0x000000008a400000|  0%| F|  |TAMS 0x000000008a300000, 0x000000008a300000| Untracked 
| 164|0x000000008a400000, 0x000000008a400000, 0x000000008a500000|  0%| F|  |TAMS 0x000000008a400000, 0x000000008a400000| Untracked 
| 165|0x000000008a500000, 0x000000008a500000, 0x000000008a600000|  0%| F|  |TAMS 0x000000008a500000, 0x000000008a500000| Untracked 
| 166|0x000000008a600000, 0x000000008a600000, 0x000000008a700000|  0%| F|  |TAMS 0x000000008a600000, 0x000000008a600000| Untracked 
| 167|0x000000008a700000, 0x000000008a700000, 0x000000008a800000|  0%| F|  |TAMS 0x000000008a700000, 0x000000008a700000| Untracked 
| 168|0x000000008a800000, 0x000000008a800000, 0x000000008a900000|  0%| F|  |TAMS 0x000000008a800000, 0x000000008a800000| Untracked 
| 169|0x000000008a900000, 0x000000008a900000, 0x000000008aa00000|  0%| F|  |TAMS 0x000000008a900000, 0x000000008a900000| Untracked 
| 170|0x000000008aa00000, 0x000000008aa00000, 0x000000008ab00000|  0%| F|  |TAMS 0x000000008aa00000, 0x000000008aa00000| Untracked 
| 171|0x000000008ab00000, 0x000000008ab00000, 0x000000008ac00000|  0%| F|  |TAMS 0x000000008ab00000, 0x000000008ab00000| Untracked 
| 172|0x000000008ac00000, 0x000000008ac00000, 0x000000008ad00000|  0%| F|  |TAMS 0x000000008ac00000, 0x000000008ac00000| Untracked 
| 173|0x000000008ad00000, 0x000000008ad00000, 0x000000008ae00000|  0%| F|  |TAMS 0x000000008ad00000, 0x000000008ad00000| Untracked 
| 174|0x000000008ae00000, 0x000000008ae00000, 0x000000008af00000|  0%| F|  |TAMS 0x000000008ae00000, 0x000000008ae00000| Untracked 
| 175|0x000000008af00000, 0x000000008af00000, 0x000000008b000000|  0%| F|  |TAMS 0x000000008af00000, 0x000000008af00000| Untracked 
| 176|0x000000008b000000, 0x000000008b000000, 0x000000008b100000|  0%| F|  |TAMS 0x000000008b000000, 0x000000008b000000| Untracked 
| 177|0x000000008b100000, 0x000000008b100000, 0x000000008b200000|  0%| F|  |TAMS 0x000000008b100000, 0x000000008b100000| Untracked 
| 178|0x000000008b200000, 0x000000008b200000, 0x000000008b300000|  0%| F|  |TAMS 0x000000008b200000, 0x000000008b200000| Untracked 
| 179|0x000000008b300000, 0x000000008b300000, 0x000000008b400000|  0%| F|  |TAMS 0x000000008b300000, 0x000000008b300000| Untracked 
| 180|0x000000008b400000, 0x000000008b400000, 0x000000008b500000|  0%| F|  |TAMS 0x000000008b400000, 0x000000008b400000| Untracked 
| 181|0x000000008b500000, 0x000000008b500000, 0x000000008b600000|  0%| F|  |TAMS 0x000000008b500000, 0x000000008b500000| Untracked 
| 182|0x000000008b600000, 0x000000008b600000, 0x000000008b700000|  0%| F|  |TAMS 0x000000008b600000, 0x000000008b600000| Untracked 
| 183|0x000000008b700000, 0x000000008b700000, 0x000000008b800000|  0%| F|  |TAMS 0x000000008b700000, 0x000000008b700000| Untracked 
| 184|0x000000008b800000, 0x000000008b800000, 0x000000008b900000|  0%| F|  |TAMS 0x000000008b800000, 0x000000008b800000| Untracked 
| 185|0x000000008b900000, 0x000000008b900000, 0x000000008ba00000|  0%| F|  |TAMS 0x000000008b900000, 0x000000008b900000| Untracked 
| 186|0x000000008ba00000, 0x000000008ba00000, 0x000000008bb00000|  0%| F|  |TAMS 0x000000008ba00000, 0x000000008ba00000| Untracked 
| 187|0x000000008bb00000, 0x000000008bb00000, 0x000000008bc00000|  0%| F|  |TAMS 0x000000008bb00000, 0x000000008bb00000| Untracked 
| 188|0x000000008bc00000, 0x000000008bc00000, 0x000000008bd00000|  0%| F|  |TAMS 0x000000008bc00000, 0x000000008bc00000| Untracked 
| 189|0x000000008bd00000, 0x000000008bd00000, 0x000000008be00000|  0%| F|  |TAMS 0x000000008bd00000, 0x000000008bd00000| Untracked 
| 190|0x000000008be00000, 0x000000008be00000, 0x000000008bf00000|  0%| F|  |TAMS 0x000000008be00000, 0x000000008be00000| Untracked 
| 191|0x000000008bf00000, 0x000000008bf00000, 0x000000008c000000|  0%| F|  |TAMS 0x000000008bf00000, 0x000000008bf00000| Untracked 
| 192|0x000000008c000000, 0x000000008c000000, 0x000000008c100000|  0%| F|  |TAMS 0x000000008c000000, 0x000000008c000000| Untracked 
| 193|0x000000008c100000, 0x000000008c100000, 0x000000008c200000|  0%| F|  |TAMS 0x000000008c100000, 0x000000008c100000| Untracked 
| 194|0x000000008c200000, 0x000000008c200000, 0x000000008c300000|  0%| F|  |TAMS 0x000000008c200000, 0x000000008c200000| Untracked 
| 195|0x000000008c300000, 0x000000008c300000, 0x000000008c400000|  0%| F|  |TAMS 0x000000008c300000, 0x000000008c300000| Untracked 
| 196|0x000000008c400000, 0x000000008c400000, 0x000000008c500000|  0%| F|  |TAMS 0x000000008c400000, 0x000000008c400000| Untracked 
| 197|0x000000008c500000, 0x000000008c500000, 0x000000008c600000|  0%| F|  |TAMS 0x000000008c500000, 0x000000008c500000| Untracked 
| 198|0x000000008c600000, 0x000000008c600000, 0x000000008c700000|  0%| F|  |TAMS 0x000000008c600000, 0x000000008c600000| Untracked 
| 199|0x000000008c700000, 0x000000008c700000, 0x000000008c800000|  0%| F|  |TAMS 0x000000008c700000, 0x000000008c700000| Untracked 
| 200|0x000000008c800000, 0x000000008c8225c0, 0x000000008c900000| 13%| E|  |TAMS 0x000000008c800000, 0x000000008c800000| Complete 
| 201|0x000000008c900000, 0x000000008ca00000, 0x000000008ca00000|100%| E|CS|TAMS 0x000000008c900000, 0x000000008c900000| Complete 
| 202|0x000000008ca00000, 0x000000008cb00000, 0x000000008cb00000|100%| E|CS|TAMS 0x000000008ca00000, 0x000000008ca00000| Complete 

Card table byte_map: [0x00000251ef5f0000,0x00000251ef9f0000] _byte_map_base: 0x00000251ef1f0000

Marking Bits (Prev, Next): (CMBitMap*) 0x00000251d77951e8, (CMBitMap*) 0x00000251d7795220
 Prev Bits: [0x00000251efdf0000, 0x00000251f1df0000)
 Next Bits: [0x00000251f1df0000, 0x00000251f3df0000)

Polling page: 0x00000251d6f30000

Metaspace:

Usage:
  Non-class:     98.57 MB capacity,    96.52 MB ( 98%) used,     1.72 MB (  2%) free+waste,   339.81 KB ( <1%) overhead. 
      Class:     15.70 MB capacity,    14.41 MB ( 92%) used,     1.13 MB (  7%) free+waste,   152.75 KB ( <1%) overhead. 
       Both:    114.27 MB capacity,   110.93 MB ( 97%) used,     2.85 MB (  2%) free+waste,   492.56 KB ( <1%) overhead. 

Virtual space:
  Non-class space:      100.00 MB reserved,      98.76 MB ( 99%) committed 
      Class space:      504.00 MB reserved,      15.82 MB (  3%) committed 
             Both:      604.00 MB reserved,     114.58 MB ( 19%) committed 

Chunk freelists:
   Non-Class:  0 bytes
       Class:  24.00 KB
        Both:  24.00 KB

MaxMetaspaceSize: 512.00 MB
CompressedClassSpaceSize: 504.00 MB
Initial GC threshold: 20.80 MB
Current GC threshold: 189.93 MB
CDS: off

CodeHeap 'non-profiled nmethods': size=120000Kb used=7919Kb max_used=7919Kb free=112080Kb
 bounds [0x00000251e7980000, 0x00000251e8140000, 0x00000251eeeb0000]
CodeHeap 'profiled nmethods': size=120000Kb used=32320Kb max_used=32320Kb free=87679Kb
 bounds [0x00000251e0450000, 0x00000251e23f0000, 0x00000251e7980000]
CodeHeap 'non-nmethods': size=5760Kb used=2420Kb max_used=2467Kb free=3339Kb
 bounds [0x00000251dfeb0000, 0x00000251e0130000, 0x00000251e0450000]
 total_blobs=15355 nmethods=14400 adapters=866
 compilation: enabled
              stopped_count=0, restarted_count=0
 full_count=0

Compilation events (20 events):
Event: 127.758 Thread 0x00000251f6879000 14789       3       kotlin.reflect.jvm.internal.KMutableProperty1Impl$_setter$1::<init> (11 bytes)
Event: 127.758 Thread 0x00000251f6879000 nmethod 14789 0x00000251e23d9390 code [0x00000251e23d9540, 0x00000251e23d9758]
Event: 127.758 Thread 0x00000251f6879000 14790       3       kotlin.jvm.internal.MutablePropertyReference::<init> (12 bytes)
Event: 127.758 Thread 0x00000251f6879000 nmethod 14790 0x00000251e23d9890 code [0x00000251e23d9a60, 0x00000251e23d9c48]
Event: 127.758 Thread 0x00000251f6879000 14791       3       kotlin.jvm.internal.Reflection::mutableProperty1 (8 bytes)
Event: 127.760 Thread 0x00000251f6879000 nmethod 14791 0x00000251e23d9d10 code [0x00000251e23d9f40, 0x00000251e23da738]
Event: 127.760 Thread 0x00000251f6879000 14792       3       kotlin.reflect.jvm.internal.KPropertyImpl::<init> (76 bytes)
Event: 127.761 Thread 0x00000251f6879000 nmethod 14792 0x00000251e23da910 code [0x00000251e23dab80, 0x00000251e23db738]
Event: 127.761 Thread 0x00000251f6879000 14793       3       kotlin.reflect.jvm.internal.KPropertyImpl$_javaField$1::<init> (11 bytes)
Event: 127.762 Thread 0x00000251f6879000 nmethod 14793 0x00000251e23dbb10 code [0x00000251e23dbcc0, 0x00000251e23dbed8]
Event: 127.762 Thread 0x00000251f6879000 14794       3       kotlin.reflect.jvm.internal.KPropertyImpl$_descriptor$1::<init> (11 bytes)
Event: 127.762 Thread 0x00000251f6879000 nmethod 14794 0x00000251e23dc010 code [0x00000251e23dc1c0, 0x00000251e23dc3d8]
Event: 127.762 Thread 0x00000251f6879000 14795       3       kotlin.reflect.jvm.internal.KProperty1Impl$_getter$1::<init> (11 bytes)
Event: 127.762 Thread 0x00000251f6879000 nmethod 14795 0x00000251e23dc510 code [0x00000251e23dc6c0, 0x00000251e23dc8d8]
Event: 127.762 Thread 0x00000251f6879000 14796       3       kotlin.reflect.jvm.internal.KProperty1Impl$delegateSource$1::<init> (11 bytes)
Event: 127.762 Thread 0x00000251f6879000 nmethod 14796 0x00000251e23dca10 code [0x00000251e23dcbc0, 0x00000251e23dcdd8]
Event: 127.762 Thread 0x00000251f6879000 14797       3       kotlin.reflect.jvm.internal.KPropertyImpl::<init> (29 bytes)
Event: 127.764 Thread 0x00000251f6879000 nmethod 14797 0x00000251e23dcf10 code [0x00000251e23dd240, 0x00000251e23de168]
Event: 127.778 Thread 0x00000251f6879000 14798   !   3       java.util.zip.ZipFile$ZipFileInflaterInputStream::close (67 bytes)
Event: 127.778 Thread 0x00000251f6879000 nmethod 14798 0x00000251e23de710 code [0x00000251e23de920, 0x00000251e23defb8]

GC Heap History (20 events):
Event: 105.480 GC heap before
{Heap before GC invocations=90 (full 0):
 garbage-first heap   total 156672K, used 123904K [0x0000000080000000, 0x0000000100000000)
  region size 1024K, 22 young (22528K), 2 survivors (2048K)
 Metaspace       used 97589K, capacity 100688K, committed 100948K, reserved 604160K
  class space    used 12847K, capacity 14057K, committed 14156K, reserved 516096K
}
Event: 105.485 GC heap after
{Heap after GC invocations=91 (full 0):
 garbage-first heap   total 156672K, used 104975K [0x0000000080000000, 0x0000000100000000)
  region size 1024K, 2 young (2048K), 2 survivors (2048K)
 Metaspace       used 97589K, capacity 100688K, committed 100948K, reserved 604160K
  class space    used 12847K, capacity 14057K, committed 14156K, reserved 516096K
}
Event: 107.062 GC heap before
{Heap before GC invocations=91 (full 0):
 garbage-first heap   total 156672K, used 125455K [0x0000000080000000, 0x0000000100000000)
  region size 1024K, 22 young (22528K), 2 survivors (2048K)
 Metaspace       used 99520K, capacity 102648K, committed 102740K, reserved 606208K
  class space    used 13147K, capacity 14360K, committed 14412K, reserved 516096K
}
Event: 107.072 GC heap after
{Heap after GC invocations=92 (full 0):
 garbage-first heap   total 156672K, used 105720K [0x0000000080000000, 0x0000000100000000)
  region size 1024K, 3 young (3072K), 3 survivors (3072K)
 Metaspace       used 99520K, capacity 102648K, committed 102740K, reserved 606208K
  class space    used 13147K, capacity 14360K, committed 14412K, reserved 516096K
}
Event: 108.119 GC heap before
{Heap before GC invocations=93 (full 0):
 garbage-first heap   total 156672K, used 127224K [0x0000000080000000, 0x0000000100000000)
  region size 1024K, 24 young (24576K), 3 survivors (3072K)
 Metaspace       used 101904K, capacity 104991K, committed 105172K, reserved 608256K
  class space    used 13408K, capacity 14664K, committed 14796K, reserved 516096K
}
Event: 108.134 GC heap after
{Heap after GC invocations=94 (full 0):
 garbage-first heap   total 156672K, used 107694K [0x0000000080000000, 0x0000000100000000)
  region size 1024K, 3 young (3072K), 3 survivors (3072K)
 Metaspace       used 101904K, capacity 104991K, committed 105172K, reserved 608256K
  class space    used 13408K, capacity 14664K, committed 14796K, reserved 516096K
}
Event: 109.301 GC heap before
{Heap before GC invocations=94 (full 0):
 garbage-first heap   total 156672K, used 129198K [0x0000000080000000, 0x0000000100000000)
  region size 1024K, 24 young (24576K), 3 survivors (3072K)
 Metaspace       used 103677K, capacity 106791K, committed 107092K, reserved 610304K
  class space    used 13600K, capacity 14827K, committed 14924K, reserved 516096K
}
Event: 109.354 GC heap after
{Heap after GC invocations=95 (full 0):
 garbage-first heap   total 207872K, used 110126K [0x0000000080000000, 0x0000000100000000)
  region size 1024K, 3 young (3072K), 3 survivors (3072K)
 Metaspace       used 103677K, capacity 106791K, committed 107092K, reserved 610304K
  class space    used 13600K, capacity 14827K, committed 14924K, reserved 516096K
}
Event: 116.465 GC heap before
{Heap before GC invocations=96 (full 0):
 garbage-first heap   total 207872K, used 151086K [0x0000000080000000, 0x0000000100000000)
  region size 1024K, 43 young (44032K), 3 survivors (3072K)
 Metaspace       used 107033K, capacity 110153K, committed 110292K, reserved 612352K
  class space    used 13984K, capacity 15228K, committed 15308K, reserved 516096K
}
Event: 116.488 GC heap after
{Heap after GC invocations=97 (full 0):
 garbage-first heap   total 207872K, used 114632K [0x0000000080000000, 0x0000000100000000)
  region size 1024K, 6 young (6144K), 6 survivors (6144K)
 Metaspace       used 107033K, capacity 110153K, committed 110292K, reserved 612352K
  class space    used 13984K, capacity 15228K, committed 15308K, reserved 516096K
}
Event: 121.939 GC heap before
{Heap before GC invocations=97 (full 0):
 garbage-first heap   total 207872K, used 155592K [0x0000000080000000, 0x0000000100000000)
  region size 1024K, 46 young (47104K), 6 survivors (6144K)
 Metaspace       used 110358K, capacity 113531K, committed 113748K, reserved 614400K
  class space    used 14376K, capacity 15598K, committed 15692K, reserved 516096K
}
Event: 122.033 GC heap after
{Heap after GC invocations=98 (full 0):
 garbage-first heap   total 207872K, used 119864K [0x0000000080000000, 0x0000000100000000)
  region size 1024K, 5 young (5120K), 5 survivors (5120K)
 Metaspace       used 110358K, capacity 113531K, committed 113748K, reserved 614400K
  class space    used 14376K, capacity 15598K, committed 15692K, reserved 516096K
}
Event: 123.171 GC heap before
{Heap before GC invocations=99 (full 0):
 garbage-first heap   total 207872K, used 159800K [0x0000000080000000, 0x0000000100000000)
  region size 1024K, 44 young (45056K), 5 survivors (5120K)
 Metaspace       used 111643K, capacity 114803K, committed 114900K, reserved 616448K
  class space    used 14531K, capacity 15776K, committed 15820K, reserved 516096K
}
Event: 123.187 GC heap after
{Heap after GC invocations=100 (full 0):
 garbage-first heap   total 207872K, used 122914K [0x0000000080000000, 0x0000000100000000)
  region size 1024K, 4 young (4096K), 4 survivors (4096K)
 Metaspace       used 111643K, capacity 114803K, committed 114900K, reserved 616448K
  class space    used 14531K, capacity 15776K, committed 15820K, reserved 516096K
}
Event: 124.689 GC heap before
{Heap before GC invocations=100 (full 0):
 garbage-first heap   total 207872K, used 161826K [0x0000000080000000, 0x0000000100000000)
  region size 1024K, 43 young (44032K), 4 survivors (4096K)
 Metaspace       used 112691K, capacity 116084K, committed 116180K, reserved 616448K
  class space    used 14691K, capacity 16021K, committed 16076K, reserved 516096K
}
Event: 124.698 GC heap after
{Heap after GC invocations=101 (full 0):
 garbage-first heap   total 207872K, used 124929K [0x0000000080000000, 0x0000000100000000)
  region size 1024K, 6 young (6144K), 6 survivors (6144K)
 Metaspace       used 112691K, capacity 116084K, committed 116180K, reserved 616448K
  class space    used 14691K, capacity 16021K, committed 16076K, reserved 516096K
}
Event: 126.119 GC heap before
{Heap before GC invocations=102 (full 0):
 garbage-first heap   total 207872K, used 164865K [0x0000000080000000, 0x0000000100000000)
  region size 1024K, 46 young (47104K), 6 survivors (6144K)
 Metaspace       used 112933K, capacity 116333K, committed 116436K, reserved 618496K
  class space    used 14694K, capacity 16024K, committed 16076K, reserved 516096K
}
Event: 126.129 GC heap after
{Heap after GC invocations=103 (full 0):
 garbage-first heap   total 207872K, used 127428K [0x0000000080000000, 0x0000000100000000)
  region size 1024K, 5 young (5120K), 5 survivors (5120K)
 Metaspace       used 112933K, capacity 116333K, committed 116436K, reserved 618496K
  class space    used 14694K, capacity 16024K, committed 16076K, reserved 516096K
}
Event: 126.866 GC heap before
{Heap before GC invocations=103 (full 0):
 garbage-first heap   total 207872K, used 168388K [0x0000000080000000, 0x0000000100000000)
  region size 1024K, 45 young (46080K), 5 survivors (5120K)
 Metaspace       used 113171K, capacity 116638K, committed 116692K, reserved 618496K
  class space    used 14701K, capacity 16025K, committed 16076K, reserved 516096K
}
Event: 126.878 GC heap after
{Heap after GC invocations=104 (full 0):
 garbage-first heap   total 207872K, used 130274K [0x0000000080000000, 0x0000000100000000)
  region size 1024K, 6 young (6144K), 6 survivors (6144K)
 Metaspace       used 113171K, capacity 116638K, committed 116692K, reserved 618496K
  class space    used 14701K, capacity 16025K, committed 16076K, reserved 516096K
}

Deoptimization events (20 events):
Event: 127.147 Thread 0x00000251fd000800 Uncommon trap: trap_request=0xffffffd6 fr.pc=0x00000251e811f6f0 relative=0x00000000000006b0
Event: 127.147 Thread 0x00000251fd000800 Uncommon trap: reason=array_check action=maybe_recompile pc=0x00000251e811f6f0 method=java.util.TimSort.reverseRange([Ljava/lang/Object;II)V @ 20 c2
Event: 127.147 Thread 0x00000251fd000800 DEOPT PACKING pc=0x00000251e811f6f0 sp=0x000000c89b6faae0
Event: 127.147 Thread 0x00000251fd000800 DEOPT UNPACKING pc=0x00000251dfefa1af sp=0x000000c89b6faa10 mode 2
Event: 127.148 Thread 0x00000251fd000800 Uncommon trap: trap_request=0xffffffd6 fr.pc=0x00000251e811f6f0 relative=0x00000000000006b0
Event: 127.148 Thread 0x00000251fd000800 Uncommon trap: reason=array_check action=maybe_recompile pc=0x00000251e811f6f0 method=java.util.TimSort.reverseRange([Ljava/lang/Object;II)V @ 20 c2
Event: 127.148 Thread 0x00000251fd000800 DEOPT PACKING pc=0x00000251e811f6f0 sp=0x000000c89b6fb090
Event: 127.148 Thread 0x00000251fd000800 DEOPT UNPACKING pc=0x00000251dfefa1af sp=0x000000c89b6fafc0 mode 2
Event: 127.155 Thread 0x00000251fd000800 Uncommon trap: trap_request=0xffffffd6 fr.pc=0x00000251e811f6f0 relative=0x00000000000006b0
Event: 127.155 Thread 0x00000251fd000800 Uncommon trap: reason=array_check action=maybe_recompile pc=0x00000251e811f6f0 method=java.util.TimSort.reverseRange([Ljava/lang/Object;II)V @ 20 c2
Event: 127.155 Thread 0x00000251fd000800 DEOPT PACKING pc=0x00000251e811f6f0 sp=0x000000c89b6fa8f0
Event: 127.155 Thread 0x00000251fd000800 DEOPT UNPACKING pc=0x00000251dfefa1af sp=0x000000c89b6fa820 mode 2
Event: 127.156 Thread 0x00000251fd000800 Uncommon trap: trap_request=0xffffffd6 fr.pc=0x00000251e811f6f0 relative=0x00000000000006b0
Event: 127.156 Thread 0x00000251fd000800 Uncommon trap: reason=array_check action=maybe_recompile pc=0x00000251e811f6f0 method=java.util.TimSort.reverseRange([Ljava/lang/Object;II)V @ 20 c2
Event: 127.156 Thread 0x00000251fd000800 DEOPT PACKING pc=0x00000251e811f6f0 sp=0x000000c89b6fa6a0
Event: 127.156 Thread 0x00000251fd000800 DEOPT UNPACKING pc=0x00000251dfefa1af sp=0x000000c89b6fa5d0 mode 2
Event: 127.215 Thread 0x00000251fd000800 Uncommon trap: trap_request=0xffffffd6 fr.pc=0x00000251e80f8e48 relative=0x0000000000000908
Event: 127.215 Thread 0x00000251fd000800 Uncommon trap: reason=array_check action=maybe_recompile pc=0x00000251e80f8e48 method=java.util.TimSort.binarySort([Ljava/lang/Object;IIILjava/util/Comparator;)V @ 183 c2
Event: 127.215 Thread 0x00000251fd000800 DEOPT PACKING pc=0x00000251e80f8e48 sp=0x000000c89b6fa8c0
Event: 127.215 Thread 0x00000251fd000800 DEOPT UNPACKING pc=0x00000251dfefa1af sp=0x000000c89b6fa868 mode 2

Classes redefined (0 events):
No events

Internal exceptions (20 events):
Event: 123.306 Thread 0x00000251fcff7000 Exception <a 'java/lang/NoSuchMethodError'{0x000000008c869b78}: 'java.lang.Object java.lang.invoke.DirectMethodHandle$Holder.invokeSpecialIFC(java.lang.Object, java.lang.Object, java.lang.Object)'> (0x000000008c869b78) thrown at [./src/hotspot/share/interpreter/linkResolver.cpp, line 773]
Event: 123.306 Thread 0x00000251fd079000 Exception <a 'java/lang/NoSuchMethodError'{0x000000008c872630}: 'java.lang.Object java.lang.invoke.DirectMethodHandle$Holder.invokeSpecialIFC(java.lang.Object, java.lang.Object, java.lang.Object)'> (0x000000008c872630) thrown at [./src/hotspot/share/interpreter/linkResolver.cpp, line 773]
Event: 123.306 Thread 0x00000251fa9e3800 Exception <a 'java/lang/NoSuchMethodError'{0x000000008c876ae8}: 'java.lang.Object java.lang.invoke.DirectMethodHandle$Holder.invokeSpecialIFC(java.lang.Object, java.lang.Object, java.lang.Object)'> (0x000000008c876ae8) thrown at [./src/hotspot/share/interpreter/linkResolver.cpp, line 773]
Event: 123.723 Thread 0x00000251f9b8b000 Exception <a 'java/lang/NoSuchMethodError'{0x000000008b967380}: 'void java.lang.invoke.DirectMethodHandle$Holder.invokeVirtual(java.lang.Object, java.lang.Object)'> (0x000000008b967380) thrown at [./src/hotspot/share/interpreter/linkResolver.cpp, line 773]
Event: 124.235 Thread 0x00000251fcffe800 Exception <a 'java/lang/ClassNotFoundException'{0x000000008a9c0ad8}: groovy/util/FileTreeBuilderBeanInfo> (0x000000008a9c0ad8) thrown at [./src/hotspot/share/classfile/systemDictionary.cpp, line 230]
Event: 124.272 Thread 0x00000251fcffe800 Exception <a 'java/lang/ClassNotFoundException'{0x000000008a854f88}: groovy/util/FileTreeBuilderCustomizer> (0x000000008a854f88) thrown at [./src/hotspot/share/classfile/systemDictionary.cpp, line 230]
Event: 124.335 Thread 0x00000251fcffe800 Exception <a 'java/lang/ClassNotFoundException'{0x000000008a8b8d20}: java/io/BufferedWriterBeanInfo> (0x000000008a8b8d20) thrown at [./src/hotspot/share/classfile/systemDictionary.cpp, line 230]
Event: 124.335 Thread 0x00000251fcffe800 Exception <a 'java/lang/ClassNotFoundException'{0x000000008a8bf7c8}: java/io/WriterBeanInfo> (0x000000008a8bf7c8) thrown at [./src/hotspot/share/classfile/systemDictionary.cpp, line 230]
Event: 124.336 Thread 0x00000251fcffe800 Exception <a 'java/lang/ClassNotFoundException'{0x000000008a8c64d8}: java/io/WriterCustomizer> (0x000000008a8c64d8) thrown at [./src/hotspot/share/classfile/systemDictionary.cpp, line 230]
Event: 124.338 Thread 0x00000251fcffe800 Exception <a 'java/lang/ClassNotFoundException'{0x000000008a8d71a0}: java/io/BufferedWriterCustomizer> (0x000000008a8d71a0) thrown at [./src/hotspot/share/classfile/systemDictionary.cpp, line 230]
Event: 124.603 Thread 0x00000251fd003000 Exception <a 'java/lang/NoSuchMethodError'{0x000000008a55e1a0}: <clinit>> (0x000000008a55e1a0) thrown at [./src/hotspot/share/prims/jni.cpp, line 1367]
Event: 124.682 Thread 0x00000251fd07f800 Implicit null exception at 0x00000251e80c6ef9 to 0x00000251e80c765c
Event: 124.682 Thread 0x00000251faf74000 Implicit null exception at 0x00000251e80c6ef9 to 0x00000251e80c765c
Event: 125.978 Thread 0x00000251f9f7e000 Exception <a 'java/lang/NoSuchMethodError'{0x000000008a8ead48}: <clinit>> (0x000000008a8ead48) thrown at [./src/hotspot/share/prims/jni.cpp, line 1367]
Event: 125.981 Thread 0x00000251f9f7e000 Exception <a 'java/lang/NoSuchMethodError'{0x000000008a8f8e18}: <clinit>> (0x000000008a8f8e18) thrown at [./src/hotspot/share/prims/jni.cpp, line 1367]
Event: 127.213 Thread 0x00000251fd000800 Exception <a 'java/lang/NoSuchMethodError'{0x000000008c1ba748}: <clinit>> (0x000000008c1ba748) thrown at [./src/hotspot/share/prims/jni.cpp, line 1367]
Event: 127.213 Thread 0x00000251fd000800 Exception <a 'java/lang/NoSuchMethodError'{0x000000008c1bbd38}: <clinit>> (0x000000008c1bbd38) thrown at [./src/hotspot/share/prims/jni.cpp, line 1367]
Event: 127.214 Thread 0x00000251fd000800 Exception <a 'java/lang/NoSuchMethodError'{0x000000008c1c1350}: <clinit>> (0x000000008c1c1350) thrown at [./src/hotspot/share/prims/jni.cpp, line 1367]
Event: 127.220 Thread 0x00000251fd000800 Exception <a 'java/lang/NoSuchMethodError'{0x000000008c1da908}: <clinit>> (0x000000008c1da908) thrown at [./src/hotspot/share/prims/jni.cpp, line 1367]
Event: 127.220 Thread 0x00000251fd000800 Exception <a 'java/lang/NoSuchMethodError'{0x000000008c1dbb40}: <clinit>> (0x000000008c1dbb40) thrown at [./src/hotspot/share/prims/jni.cpp, line 1367]

Events (20 events):
Event: 127.226 loading class org/gradle/internal/snapshot/FileSystemSnapshotHierarchyVisitor
Event: 127.226 loading class org/gradle/internal/snapshot/FileSystemSnapshotHierarchyVisitor done
Event: 127.226 loading class org/gradle/internal/snapshot/FileSystemSnapshotHierarchyVisitor
Event: 127.226 loading class org/gradle/internal/snapshot/FileSystemSnapshotHierarchyVisitor done
Event: 127.229 Executing VM operation: RevokeBias
Event: 127.229 Executing VM operation: RevokeBias done
Event: 127.232 Executing VM operation: RevokeBias
Event: 127.232 Executing VM operation: RevokeBias done
Event: 127.233 Executing VM operation: RevokeBias
Event: 127.234 Executing VM operation: RevokeBias done
Event: 127.241 Executing VM operation: RevokeBias
Event: 127.241 Executing VM operation: RevokeBias done
Event: 127.254 loading class org/gradle/api/internal/artifacts/ivyservice/clientmodule/ClientModuleResolver$ClientModuleComponentResolveMetadata
Event: 127.254 loading class org/gradle/api/internal/artifacts/ivyservice/clientmodule/ClientModuleResolver$ClientModuleComponentResolveMetadata done
Event: 127.261 loading class org/gradle/api/internal/artifacts/ivyservice/clientmodule/ClientModuleResolver$ClientModuleConfigurationMetadata
Event: 127.261 loading class org/gradle/api/internal/artifacts/ivyservice/clientmodule/ClientModuleResolver$ClientModuleConfigurationMetadata done
Event: 127.263 Executing VM operation: Deoptimize
Event: 127.269 Executing VM operation: Deoptimize done
Event: 127.741 Executing VM operation: BulkRevokeBias
Event: 127.746 Executing VM operation: BulkRevokeBias done


Dynamic libraries:
0x00007ff700e00000 - 0x00007ff700e0d000 	C:\Program Files\Eclipse Adoptium\jdk-11.0.16.8-hotspot\bin\java.exe
0x00007ffe6b890000 - 0x00007ffe6ba88000 	C:\WINDOWS\SYSTEM32\ntdll.dll
0x00007ffe69a60000 - 0x00007ffe69b1f000 	C:\WINDOWS\System32\KERNEL32.DLL
0x00007ffe69000000 - 0x00007ffe692d2000 	C:\WINDOWS\System32\KERNELBASE.dll
0x00007ffe693f0000 - 0x00007ffe694f0000 	C:\WINDOWS\System32\ucrtbase.dll
0x00007ffe4c9a0000 - 0x00007ffe4c9b5000 	C:\Program Files\Eclipse Adoptium\jdk-11.0.16.8-hotspot\bin\VCRUNTIME140.dll
0x00007ffe4ca80000 - 0x00007ffe4ca97000 	C:\Program Files\Eclipse Adoptium\jdk-11.0.16.8-hotspot\bin\jli.dll
0x00007ffe6b650000 - 0x00007ffe6b7ed000 	C:\WINDOWS\System32\USER32.dll
0x00007ffe69830000 - 0x00007ffe69852000 	C:\WINDOWS\System32\win32u.dll
0x00007ffe6b040000 - 0x00007ffe6b06b000 	C:\WINDOWS\System32\GDI32.dll
0x00007ffe51d60000 - 0x00007ffe51ffa000 	C:\WINDOWS\WinSxS\amd64_microsoft.windows.common-controls_6595b64144ccf1df_6.0.19041.1110_none_60b5254171f9507e\COMCTL32.dll
0x00007ffe698e0000 - 0x00007ffe6997e000 	C:\WINDOWS\System32\msvcrt.dll
0x00007ffe692e0000 - 0x00007ffe693ef000 	C:\WINDOWS\System32\gdi32full.dll
0x00007ffe694f0000 - 0x00007ffe6958d000 	C:\WINDOWS\System32\msvcp_win.dll
0x00007ffe6aec0000 - 0x00007ffe6aef2000 	C:\WINDOWS\System32\IMM32.DLL
0x00007ffe24fb0000 - 0x00007ffe2504b000 	C:\Program Files\Eclipse Adoptium\jdk-11.0.16.8-hotspot\bin\msvcp140.dll
0x00007ffdce100000 - 0x00007ffdcec82000 	C:\Program Files\Eclipse Adoptium\jdk-11.0.16.8-hotspot\bin\server\jvm.dll
0x00007ffe6b3e0000 - 0x00007ffe6b48e000 	C:\WINDOWS\System32\ADVAPI32.dll
0x00007ffe6a450000 - 0x00007ffe6a4ec000 	C:\WINDOWS\System32\sechost.dll
0x00007ffe6af00000 - 0x00007ffe6b025000 	C:\WINDOWS\System32\RPCRT4.dll
0x00007ffe6b030000 - 0x00007ffe6b038000 	C:\WINDOWS\System32\PSAPI.DLL
0x00007ffe5e9b0000 - 0x00007ffe5e9d7000 	C:\WINDOWS\SYSTEM32\WINMM.dll
0x00007ffe2f610000 - 0x00007ffe2f619000 	C:\WINDOWS\SYSTEM32\WSOCK32.dll
0x00007ffe60250000 - 0x00007ffe6025a000 	C:\WINDOWS\SYSTEM32\VERSION.dll
0x00007ffe6ae50000 - 0x00007ffe6aebb000 	C:\WINDOWS\System32\WS2_32.dll
0x00007ffe677a0000 - 0x00007ffe677b2000 	C:\WINDOWS\SYSTEM32\kernel.appcore.dll
0x00007ffe50170000 - 0x00007ffe50180000 	C:\Program Files\Eclipse Adoptium\jdk-11.0.16.8-hotspot\bin\verify.dll
0x00007ffe66de0000 - 0x00007ffe66fc4000 	C:\WINDOWS\SYSTEM32\DBGHELP.DLL
0x00007ffe43ff0000 - 0x00007ffe4401c000 	C:\WINDOWS\SYSTEM32\dbgcore.DLL
0x00007ffe696f0000 - 0x00007ffe69772000 	C:\WINDOWS\System32\bcryptPrimitives.dll
0x00007ffe40bc0000 - 0x00007ffe40be8000 	C:\Program Files\Eclipse Adoptium\jdk-11.0.16.8-hotspot\bin\java.dll
0x00007ffe50100000 - 0x00007ffe5010a000 	C:\Program Files\Eclipse Adoptium\jdk-11.0.16.8-hotspot\bin\jimage.dll
0x00007ffe4aa40000 - 0x00007ffe4aa58000 	C:\Program Files\Eclipse Adoptium\jdk-11.0.16.8-hotspot\bin\zip.dll
0x00007ffe6a4f0000 - 0x00007ffe6ac33000 	C:\WINDOWS\System32\SHELL32.dll
0x00007ffe66fd0000 - 0x00007ffe67762000 	C:\WINDOWS\SYSTEM32\windows.storage.dll
0x00007ffe6b080000 - 0x00007ffe6b3d4000 	C:\WINDOWS\System32\combase.dll
0x00007ffe689f0000 - 0x00007ffe68a20000 	C:\WINDOWS\SYSTEM32\Wldp.dll
0x00007ffe69bf0000 - 0x00007ffe69c9d000 	C:\WINDOWS\System32\SHCORE.dll
0x00007ffe69f80000 - 0x00007ffe69fd5000 	C:\WINDOWS\System32\shlwapi.dll
0x00007ffe68ed0000 - 0x00007ffe68eef000 	C:\WINDOWS\SYSTEM32\profapi.dll
0x00007ffe3ff60000 - 0x00007ffe3ff79000 	C:\Program Files\Eclipse Adoptium\jdk-11.0.16.8-hotspot\bin\net.dll
0x00007ffe5ee50000 - 0x00007ffe5ef5c000 	C:\WINDOWS\SYSTEM32\WINHTTP.dll
0x00007ffe68750000 - 0x00007ffe687ba000 	C:\WINDOWS\system32\mswsock.dll
0x00007ffe3ff40000 - 0x00007ffe3ff53000 	C:\Program Files\Eclipse Adoptium\jdk-11.0.16.8-hotspot\bin\nio.dll
0x00007ffe3d2c0000 - 0x00007ffe3d2e7000 	C:\Users\hp\.gradle\native\e1d6ef7f7dcc3fd88c89a11ec53ec762bb8ba0a96d01ffa2cd45eb1d1d8dd5c5\windows-amd64\native-platform.dll
0x00007ffe0a9d0000 - 0x00007ffe0ab14000 	C:\Users\hp\.gradle\native\0d407fdbe67a94daf76414ababcb853783967236a71b16ec16e742cd7a986fd3\windows-amd64\native-platform-file-events.dll
0x00007ffe4fc10000 - 0x00007ffe4fc19000 	C:\Program Files\Eclipse Adoptium\jdk-11.0.16.8-hotspot\bin\management.dll
0x00007ffe4fab0000 - 0x00007ffe4fabb000 	C:\Program Files\Eclipse Adoptium\jdk-11.0.16.8-hotspot\bin\management_ext.dll
0x00007ffe68940000 - 0x00007ffe68958000 	C:\WINDOWS\SYSTEM32\CRYPTSP.dll
0x00007ffe67fd0000 - 0x00007ffe68004000 	C:\WINDOWS\system32\rsaenh.dll
0x00007ffe698b0000 - 0x00007ffe698d7000 	C:\WINDOWS\System32\bcrypt.dll
0x00007ffe68e50000 - 0x00007ffe68e7e000 	C:\WINDOWS\SYSTEM32\USERENV.dll
0x00007ffe68960000 - 0x00007ffe6896c000 	C:\WINDOWS\SYSTEM32\CRYPTBASE.dll
0x00007ffe683d0000 - 0x00007ffe6840b000 	C:\WINDOWS\SYSTEM32\IPHLPAPI.DLL
0x00007ffe6ae40000 - 0x00007ffe6ae48000 	C:\WINDOWS\System32\NSI.dll
0x00007ffe5e620000 - 0x00007ffe5e637000 	C:\WINDOWS\SYSTEM32\dhcpcsvc6.DLL
0x00007ffe5e570000 - 0x00007ffe5e58d000 	C:\WINDOWS\SYSTEM32\dhcpcsvc.DLL
0x00007ffe68420000 - 0x00007ffe684ea000 	C:\WINDOWS\SYSTEM32\DNSAPI.dll
0x00007ffe56f70000 - 0x00007ffe56f7e000 	C:\Program Files\Eclipse Adoptium\jdk-11.0.16.8-hotspot\bin\sunmscapi.dll
0x00007ffe69590000 - 0x00007ffe696e6000 	C:\WINDOWS\System32\CRYPT32.dll
0x00007ffe68a60000 - 0x00007ffe68a87000 	C:\WINDOWS\SYSTEM32\ncrypt.dll
0x00007ffe68a20000 - 0x00007ffe68a5b000 	C:\WINDOWS\SYSTEM32\NTASN1.dll
0x00007ffe2d8e0000 - 0x00007ffe2d905000 	C:\Program Files\Eclipse Adoptium\jdk-11.0.16.8-hotspot\bin\sunec.dll
0x00007ffe603e0000 - 0x00007ffe603ea000 	C:\Windows\System32\rasadhlp.dll
0x00007ffe56ec0000 - 0x00007ffe56f40000 	C:\WINDOWS\System32\fwpuclnt.dll

dbghelp: loaded successfully - version: 4.0.5 - missing functions: none
symbol engine: initialized successfully - sym options: 0x614 - pdb path: .;C:\Program Files\Eclipse Adoptium\jdk-11.0.16.8-hotspot\bin;C:\WINDOWS\SYSTEM32;C:\WINDOWS\WinSxS\amd64_microsoft.windows.common-controls_6595b64144ccf1df_6.0.19041.1110_none_60b5254171f9507e;C:\Program Files\Eclipse Adoptium\jdk-11.0.16.8-hotspot\bin\server;C:\Users\hp\.gradle\native\e1d6ef7f7dcc3fd88c89a11ec53ec762bb8ba0a96d01ffa2cd45eb1d1d8dd5c5\windows-amd64;C:\Users\hp\.gradle\native\0d407fdbe67a94daf76414ababcb853783967236a71b16ec16e742cd7a986fd3\windows-amd64

VM Arguments:
jvm_args: -XX:MaxMetaspaceSize=512m --add-opens=java.base/java.util=ALL-UNNAMED --add-opens=java.base/java.lang=ALL-UNNAMED --add-opens=java.base/java.lang.invoke=ALL-UNNAMED --add-opens=java.base/java.util=ALL-UNNAMED --add-opens=java.prefs/java.util.prefs=ALL-UNNAMED --add-opens=java.prefs/java.util.prefs=ALL-UNNAMED --add-opens=java.base/java.nio.charset=ALL-UNNAMED --add-opens=java.base/java.net=ALL-UNNAMED --add-opens=java.base/java.util.concurrent.atomic=ALL-UNNAMED -Xmx2048m -Dfile.encoding=windows-1252 -Duser.country=ID -Duser.language=en -Duser.variant 
java_command: org.gradle.launcher.daemon.bootstrap.GradleDaemon 7.5.1
java_class_path (initial): C:\Users\hp\.gradle\wrapper\dists\gradle-7.5.1-all\1ehga6e77gqps5uk2kc5kf1vc\gradle-7.5.1\lib\gradle-launcher-7.5.1.jar
Launcher Type: SUN_STANDARD

[Global flags]
     intx CICompilerCount                          = 4                                         {product} {ergonomic}
   size_t CompressedClassSpaceSize                 = 528482304                                 {product} {ergonomic}
     uint ConcGCThreads                            = 2                                         {product} {ergonomic}
     uint G1ConcRefinementThreads                  = 8                                         {product} {ergonomic}
   size_t G1HeapRegionSize                         = 1048576                                   {product} {ergonomic}
    uintx GCDrainStackTargetSize                   = 64                                        {product} {ergonomic}
   size_t InitialHeapSize                          = 100663296                                 {product} {ergonomic}
   size_t MarkStackSize                            = 4194304                                   {product} {ergonomic}
   size_t MaxHeapSize                              = 2147483648                                {product} {command line}
   size_t MaxMetaspaceSize                         = 536870912                                 {product} {command line}
   size_t MaxNewSize                               = 1287651328                                {product} {ergonomic}
   size_t MinHeapDeltaBytes                        = 1048576                                   {product} {ergonomic}
    uintx NonNMethodCodeHeapSize                   = 5836300                                {pd product} {ergonomic}
    uintx NonProfiledCodeHeapSize                  = 122910970                              {pd product} {ergonomic}
    uintx ProfiledCodeHeapSize                     = 122910970                              {pd product} {ergonomic}
    uintx ReservedCodeCacheSize                    = 251658240                              {pd product} {ergonomic}
     bool SegmentedCodeCache                       = true                                      {product} {ergonomic}
     bool UseCompressedClassPointers               = true                                 {lp64_product} {ergonomic}
     bool UseCompressedOops                        = true                                 {lp64_product} {ergonomic}
     bool UseG1GC                                  = true                                      {product} {ergonomic}
     bool UseLargePagesIndividualAllocation        = false                                  {pd product} {ergonomic}

Logging:
Log output configuration:
 #0: stdout all=warning uptime,level,tags
 #1: stderr all=off uptime,level,tags

Environment Variables:
CLASSPATH=D:\Android01\android\\gradle\wrapper\gradle-wrapper.jar
PATH=D:\Android01\android\node_modules\.bin;D:\Android01\node_modules\.bin;D:\node_modules\.bin;C:\Program Files\nodejs;C:\Users\hp\AppData\Local\Temp\yarn--1671008380123-0.7515970469202902;D:\Android01\node_modules\.bin;C:\Users\hp\AppData\Local\Yarn\Data\link\node_modules\.bin;C:\Users\hp\AppData\Local\Yarn\bin;C:\Program Files\libexec\lib\node_modules\npm\bin\node-gyp-bin;C:\Program Files\lib\node_modules\npm\bin\node-gyp-bin;C:\Program Files\nodejs\node_modules\npm\bin\node-gyp-bin;C:\Program Files\Eclipse Adoptium\jdk-11.0.16.8-hotspot\bin;C:\Program Files\Common Files\Oracle\Java\javapath;C:\Program Files (x86)\Common Files\Intel\Shared Libraries\redist\intel64\compiler;C:\Program Files\Microsoft MPI\Bin\;C:\windows\system32;C:\windows;C:\windows\System32\Wbem;C:\windows\System32\WindowsPowerShell\v1.0\;C:\windows\System32\OpenSSH\;C:\Program Files (x86)\NVIDIA Corporation\PhysX\Common;C:\Program Files\NVIDIA Corporation\NVIDIA NvDLISR;C:\Program Files\Microsoft SQL Server\130\Tools\Binn\;C:\Program Files\Microsoft SQL Server\Client SDK\ODBC\170\Tools\Binn\;C:\Program Files (x86)\Microsoft SQL Server\150\Tools\Binn\;C:\Program Files\Microsoft SQL Server\150\Tools\Binn\;C:\Program Files\Microsoft SQL Server\150\DTS\Binn\;C:\Program Files\Git\cmd;C:\xampp\php;C:\WINDOWS\system32;C:\WINDOWS;C:\WINDOWS\System32\Wbem;C:\WINDOWS\System32\WindowsPowerShell\v1.0\;C:\WINDOWS\System32\OpenSSH\;C:\Program Files\Microsoft SQL Server\120\Tools\Binn\;C:\Program Files\heroku\bin;C:\Program Files\Java\jdk-18.0.1.1\bin;C:\Program Files\nodejs\;C:\ProgramData\chocolatey\bin;C:\Users\hp\AppData\Local\Android\Sdk\platform-tools;C:\Users\hp\AppData\Local\Android\Sdk;C:\Users\hp\AppData\Local\Programs\Python\Python39\Scripts\;C:\Users\hp\AppData\Local\Programs\Python\Python39\;C:\Users\hp\AppData\Local\Microsoft\WindowsApps;C:\Users\hp\AppData\Local\Programs\Microsoft VS Code\bin;C:\Users\hp\AppData\Roaming\Composer\vendor\bin;C:\flutter\bin;C:\Program Files\heroku\bin;C:\Users\hp\App
USERNAME=hp
OS=Windows_NT
PROCESSOR_IDENTIFIER=AMD64 Family 23 Model 24 Stepping 1, AuthenticAMD
TMP=C:\Users\hp\AppData\Local\Temp
TEMP=C:\Users\hp\AppData\Local\Temp



---------------  S Y S T E M  ---------------

OS: Windows 10 , 64 bit Build 19041 (10.0.19041.2251)
OS uptime: 5 days 0:35 hours
Hyper-V role detected

CPU:total 8 (initial active 8) (8 cores per cpu, 2 threads per core) family 23 model 24 stepping 1 microcode 0x0, cmov, cx8, fxsr, mmx, sse, sse2, sse3, ssse3, sse4.1, sse4.2, popcnt, avx, avx2, aes, clmul, mmxext, 3dnowpref, lzcnt, sse4a, ht, tsc, tscinvbit, tscinv, bmi1, bmi2, adx, sha, fma

Memory: 4k page, system-wide physical 6021M (144M free)
TotalPageFile size 24453M (AvailPageFile size 5M)
current process WorkingSet (physical memory assigned to process): 407M, peak: 407M
current process commit charge ("private bytes"): 541M, peak: 545M

vm_info: OpenJDK 64-Bit Server VM (11.0.16+8) for windows-amd64 JRE (11.0.16+8), built on Jul 20 2022 07:15:32 by "" with MS VC++ 15.9 (VS2017)

END.
