#
# There is insufficient memory for the Java Runtime Environment to continue.
# Native memory allocation (malloc) failed to allocate 1534576 bytes for Chunk::new
# Possible reasons:
#   The system is out of physical RAM or swap space
#   The process is running with CompressedOops enabled, and the Java Heap may be blocking the growth of the native heap
# Possible solutions:
#   Reduce memory load on the system
#   Increase physical memory or swap space
#   Check if swap backing store is full
#   Decrease Java heap size (-Xmx/-Xms)
#   Decrease number of Java threads
#   Decrease Java thread stack sizes (-Xss)
#   Set larger code cache with -XX:ReservedCodeCacheSize=
#   JVM is running with Unscaled Compressed Oops mode in which the Java heap is
#     placed in the first 4GB address space. The Java Heap base address is the
#     maximum limit for the native heap growth. Please use -XX:HeapBaseMinAddress
#     to set the Java Heap base and to place the Java Heap above 4GB virtual address.
# This output file may be truncated or incomplete.
#
#  Out of Memory Error (./src/hotspot/share/memory/arena.cpp:197), pid=14356, tid=23472
#
# JRE version: OpenJDK Runtime Environment Temurin-11.0.16+8 (11.0.16+8) (build 11.0.16+8)
# Java VM: OpenJDK 64-Bit Server VM Temurin-11.0.16+8 (11.0.16+8, mixed mode, tiered, compressed oops, g1 gc, windows-amd64)
# No core dump will be written. Minidumps are not enabled by default on client versions of Windows
#

---------------  S U M M A R Y ------------

Command Line: -XX:MaxMetaspaceSize=512m --add-opens=java.base/java.util=ALL-UNNAMED --add-opens=java.base/java.lang=ALL-UNNAMED --add-opens=java.base/java.lang.invoke=ALL-UNNAMED --add-opens=java.base/java.util=ALL-UNNAMED --add-opens=java.prefs/java.util.prefs=ALL-UNNAMED --add-opens=java.prefs/java.util.prefs=ALL-UNNAMED --add-opens=java.base/java.nio.charset=ALL-UNNAMED --add-opens=java.base/java.net=ALL-UNNAMED --add-opens=java.base/java.util.concurrent.atomic=ALL-UNNAMED -Xmx2048m -Dfile.encoding=windows-1252 -Duser.country=ID -Duser.language=en -Duser.variant org.gradle.launcher.daemon.bootstrap.GradleDaemon 7.5.1

Host: AMD Ryzen 5 3550H with Radeon Vega Mobile Gfx  , 8 cores, 5G,  Windows 10 , 64 bit Build 19041 (10.0.19041.1889)
Time: Sat Oct 29 10:01:19 2022 SE Asia Standard Time elapsed time: 1678.835461 seconds (0d 0h 27m 58s)

---------------  T H R E A D  ---------------

Current thread (0x000001e0b7c94000):  JavaThread "C2 CompilerThread0" daemon [_thread_in_native, id=23472, stack(0x0000003761600000,0x0000003761700000)]


Current CompileTask:
C2:1678835 18872       4       sun.invoke.util.VerifyAccess::isClassAccessible (182 bytes)

Stack: [0x0000003761600000,0x0000003761700000]
Native frames: (J=compiled Java code, j=interpreted, Vv=VM code, C=native code)
V  [jvm.dll+0x61f1da]
V  [jvm.dll+0x7abc69]
V  [jvm.dll+0x7ad358]
V  [jvm.dll+0x7ada33]
V  [jvm.dll+0x24fb08]
V  [jvm.dll+0xc262c]
V  [jvm.dll+0xc2bec]
V  [jvm.dll+0x359e67]
V  [jvm.dll+0x325e83]
V  [jvm.dll+0x3251ba]
V  [jvm.dll+0x208dd5]
V  [jvm.dll+0x207efd]
V  [jvm.dll+0x18a3a1]
V  [jvm.dll+0x2177b4]
V  [jvm.dll+0x2159fb]
V  [jvm.dll+0x76e6a0]
V  [jvm.dll+0x7675d4]
V  [jvm.dll+0x61e045]
C  [ucrtbase.dll+0x21bb2]
C  [KERNEL32.DLL+0x17034]
C  [ntdll.dll+0x526a1]


---------------  P R O C E S S  ---------------

Threads class SMR info:
_java_thread_list=0x000001e0bed51e10, length=109, elements={
0x000001e098271800, 0x000001e0b732a800, 0x000001e0b731f800, 0x000001e0b737e000,
0x000001e0b7c90800, 0x000001e0b7c91000, 0x000001e0b7c94000, 0x000001e0b7c96800,
0x000001e0b7ca0800, 0x000001e0b7dfc000, 0x000001e0b9501000, 0x000001e0b8b8a000,
0x000001e0ba3cc000, 0x000001e0b9165000, 0x000001e0b9166800, 0x000001e0b916a800,
0x000001e0b9168000, 0x000001e0b916b800, 0x000001e0b9169000, 0x000001e0ba0b4000,
0x000001e0ba0b5000, 0x000001e0ba0b7800, 0x000001e0ba0b9000, 0x000001e0ba0b3000,
0x000001e0ba0bb800, 0x000001e0ba0bc000, 0x000001e0ba0ba000, 0x000001e0ba0ba800,
0x000001e0bc472800, 0x000001e0bc474000, 0x000001e0babd3000, 0x000001e0babd1800,
0x000001e0babd2800, 0x000001e0babd4000, 0x000001e0babd6800, 0x000001e0babd0800,
0x000001e0babda800, 0x000001e0babd8000, 0x000001e0babd7000, 0x000001e0babd4800,
0x000001e0babd9800, 0x000001e0babdb800, 0x000001e0babd5800, 0x000001e0babdf800,
0x000001e0babdd000, 0x000001e0babdd800, 0x000001e0babde800, 0x000001e0bc84e000,
0x000001e0bc84f000, 0x000001e0bc850000, 0x000001e0bc84b800, 0x000001e0bc850800,
0x000001e0bc851800, 0x000001e0bc852000, 0x000001e0bc84c800, 0x000001e0bc858800,
0x000001e0bc854000, 0x000001e0bc855800, 0x000001e0bc856800, 0x000001e0bc857000,
0x000001e0bc854800, 0x000001e0bc858000, 0x000001e0bc853000, 0x000001e0bc859800,
0x000001e0bc85a800, 0x000001e0bc46a000, 0x000001e0bc46c800, 0x000001e0bc46b000,
0x000001e0bc46c000, 0x000001e0bc469800, 0x000001e0bc46d800, 0x000001e0bc46e800,
0x000001e0bc468800, 0x000001e0bc473000, 0x000001e0bc470000, 0x000001e0bc46f000,
0x000001e0bc475800, 0x000001e0bc475000, 0x000001e0bc476800, 0x000001e0bc471000,
0x000001e0bc477800, 0x000001e0bc471800, 0x000001e0ba0b8000, 0x000001e0ba0b5800,
0x000001e0ba0bd000, 0x000001e0ba0be000, 0x000001e0ba0bf800, 0x000001e0ba0be800,
0x000001e0ba0c0800, 0x000001e0ba0c1000, 0x000001e0ba0c2000, 0x000001e0be94c800,
0x000001e0be94f000, 0x000001e0be953000, 0x000001e0be950800, 0x000001e0be94e000,
0x000001e0be951800, 0x000001e0be952000, 0x000001e0be94d800, 0x000001e0b9165800,
0x000001e0b9169800, 0x000001e0b9167000, 0x000001e0bc344000, 0x000001e0bc345000,
0x000001e0bc342800, 0x000001e0bc347000, 0x000001e0bc348000, 0x000001e0bc346800,
0x000001e0bc349000
}

Java Threads: ( => current thread )
  0x000001e098271800 JavaThread "main" [_thread_blocked, id=3748, stack(0x0000003760a00000,0x0000003760b00000)]
  0x000001e0b732a800 JavaThread "Reference Handler" daemon [_thread_blocked, id=17620, stack(0x0000003761100000,0x0000003761200000)]
  0x000001e0b731f800 JavaThread "Finalizer" daemon [_thread_blocked, id=10596, stack(0x0000003761200000,0x0000003761300000)]
  0x000001e0b737e000 JavaThread "Signal Dispatcher" daemon [_thread_blocked, id=19304, stack(0x0000003761300000,0x0000003761400000)]
  0x000001e0b7c90800 JavaThread "Attach Listener" daemon [_thread_blocked, id=20712, stack(0x0000003761400000,0x0000003761500000)]
  0x000001e0b7c91000 JavaThread "Service Thread" daemon [_thread_blocked, id=6900, stack(0x0000003761500000,0x0000003761600000)]
=>0x000001e0b7c94000 JavaThread "C2 CompilerThread0" daemon [_thread_in_native, id=23472, stack(0x0000003761600000,0x0000003761700000)]
  0x000001e0b7c96800 JavaThread "C1 CompilerThread0" daemon [_thread_blocked, id=11252, stack(0x0000003761700000,0x0000003761800000)]
  0x000001e0b7ca0800 JavaThread "Sweeper thread" daemon [_thread_blocked, id=21024, stack(0x0000003761800000,0x0000003761900000)]
  0x000001e0b7dfc000 JavaThread "Common-Cleaner" daemon [_thread_blocked, id=24476, stack(0x0000003761900000,0x0000003761a00000)]
  0x000001e0b9501000 JavaThread "Daemon health stats" [_thread_blocked, id=22088, stack(0x0000003761c00000,0x0000003761d00000)]
  0x000001e0b8b8a000 JavaThread "Incoming local TCP Connector on port 52175" [_thread_in_native, id=24296, stack(0x0000003761d00000,0x0000003761e00000)]
  0x000001e0ba3cc000 JavaThread "Daemon periodic checks" [_thread_blocked, id=14572, stack(0x0000003761e00000,0x0000003761f00000)]
  0x000001e0b9165000 JavaThread "Cache worker for journal cache (C:\Users\hp\.gradle\caches\journal-1)" [_thread_blocked, id=22052, stack(0x0000003762c00000,0x0000003762d00000)]
  0x000001e0b9166800 JavaThread "File lock request listener" [_thread_in_native, id=6052, stack(0x0000003762d00000,0x0000003762e00000)]
  0x000001e0b916a800 JavaThread "Cache worker for file hash cache (C:\Users\hp\.gradle\caches\7.5.1\fileHashes)" [_thread_blocked, id=11768, stack(0x0000003762e00000,0x0000003762f00000)]
  0x000001e0b9168000 JavaThread "File watcher server" daemon [_thread_in_native, id=21096, stack(0x0000003763000000,0x0000003763100000)]
  0x000001e0b916b800 JavaThread "File watcher consumer" daemon [_thread_blocked, id=20576, stack(0x0000003763100000,0x0000003763200000)]
  0x000001e0b9169000 JavaThread "Cache worker for file content cache (C:\Users\hp\.gradle\caches\7.5.1\fileContent)" [_thread_blocked, id=19024, stack(0x0000003763400000,0x0000003763500000)]
  0x000001e0ba0b4000 JavaThread "Cache worker for execution history cache (C:\Users\hp\.gradle\caches\7.5.1\executionHistory)" [_thread_blocked, id=21068, stack(0x0000003763700000,0x0000003763800000)]
  0x000001e0ba0b5000 JavaThread "jar transforms" [_thread_blocked, id=21628, stack(0x0000003763800000,0x0000003763900000)]
  0x000001e0ba0b7800 JavaThread "jar transforms Thread 2" [_thread_blocked, id=17168, stack(0x0000003763900000,0x0000003763a00000)]
  0x000001e0ba0b9000 JavaThread "jar transforms Thread 3" [_thread_blocked, id=14264, stack(0x0000003763a00000,0x0000003763b00000)]
  0x000001e0ba0b3000 JavaThread "jar transforms Thread 4" [_thread_blocked, id=2040, stack(0x0000003763b00000,0x0000003763c00000)]
  0x000001e0ba0bb800 JavaThread "Cache worker for kotlin-dsl (C:\Users\hp\.gradle\caches\7.5.1\kotlin-dsl)" [_thread_blocked, id=1772, stack(0x0000003763d00000,0x0000003763e00000)]
  0x000001e0ba0bc000 JavaThread "jar transforms Thread 5" [_thread_blocked, id=15764, stack(0x0000003763e00000,0x0000003763f00000)]
  0x000001e0ba0ba000 JavaThread "jar transforms Thread 6" [_thread_blocked, id=11412, stack(0x0000003763f00000,0x0000003764000000)]
  0x000001e0ba0ba800 JavaThread "jar transforms Thread 7" [_thread_blocked, id=16764, stack(0x0000003764200000,0x0000003764300000)]
  0x000001e0bc472800 JavaThread "jar transforms Thread 8" [_thread_blocked, id=22752, stack(0x0000003766600000,0x0000003766700000)]
  0x000001e0bc474000 JavaThread "Memory manager" [_thread_blocked, id=19588, stack(0x0000003766800000,0x0000003766900000)]
  0x000001e0babd3000 JavaThread "Daemon Thread 4" [_thread_blocked, id=10212, stack(0x0000003760700000,0x0000003760800000)]
  0x000001e0babd1800 JavaThread "Handler for socket connection from /127.0.0.1:52175 to /127.0.0.1:54690" [_thread_in_native, id=26580, stack(0x0000003760800000,0x0000003760900000)]
  0x000001e0babd2800 JavaThread "Cancel handler" [_thread_blocked, id=25240, stack(0x0000003760900000,0x0000003760a00000)]
  0x000001e0babd4000 JavaThread "Daemon worker Thread 4" [_thread_blocked, id=6908, stack(0x0000003761f00000,0x0000003762000000)]
  0x000001e0babd6800 JavaThread "Asynchronous log dispatcher for DefaultDaemonConnection: socket connection from /127.0.0.1:52175 to /127.0.0.1:54690" [_thread_blocked, id=9796, stack(0x0000003762000000,0x0000003762100000)]
  0x000001e0babd0800 JavaThread "Stdin handler" [_thread_blocked, id=12796, stack(0x0000003762700000,0x0000003762800000)]
  0x000001e0babda800 JavaThread "Daemon client event forwarder" [_thread_blocked, id=10880, stack(0x0000003762800000,0x0000003762900000)]
  0x000001e0babd8000 JavaThread "Cache worker for checksums cache (D:\Android01\android\.gradle\7.5.1\checksums)" [_thread_blocked, id=20192, stack(0x0000003762900000,0x0000003762a00000)]
  0x000001e0babd7000 JavaThread "Cache worker for cache directory md-rule (C:\Users\hp\.gradle\caches\7.5.1\md-rule)" [_thread_blocked, id=13548, stack(0x0000003762a00000,0x0000003762b00000)]
  0x000001e0babd4800 JavaThread "Cache worker for file hash cache (D:\Android01\android\.gradle\7.5.1\fileHashes)" [_thread_blocked, id=8728, stack(0x0000003762b00000,0x0000003762c00000)]
  0x000001e0babd9800 JavaThread "Cache worker for cache directory md-supplier (C:\Users\hp\.gradle\caches\7.5.1\md-supplier)" [_thread_blocked, id=22756, stack(0x0000003763200000,0x0000003763300000)]
  0x000001e0babdb800 JavaThread "Cache worker for dependencies-accessors (D:\Android01\android\.gradle\7.5.1\dependencies-accessors)" [_thread_blocked, id=8036, stack(0x0000003763300000,0x0000003763400000)]
  0x000001e0babd5800 JavaThread "Cache worker for Build Output Cleanup Cache (D:\Android01\node_modules\react-native-gradle-plugin\.gradle\buildOutputCleanup)" [_thread_blocked, id=20876, stack(0x0000003763500000,0x0000003763600000)]
  0x000001e0babdf800 JavaThread "Unconstrained build operations" [_thread_blocked, id=3988, stack(0x0000003763600000,0x0000003763700000)]
  0x000001e0babdd000 JavaThread "Unconstrained build operations Thread 2" [_thread_blocked, id=23732, stack(0x0000003763c00000,0x0000003763d00000)]
  0x000001e0babdd800 JavaThread "Unconstrained build operations Thread 3" [_thread_blocked, id=20728, stack(0x0000003764000000,0x0000003764100000)]
  0x000001e0babde800 JavaThread "Unconstrained build operations Thread 4" [_thread_blocked, id=2008, stack(0x0000003764100000,0x0000003764200000)]
  0x000001e0bc84e000 JavaThread "Unconstrained build operations Thread 5" [_thread_blocked, id=1552, stack(0x0000003764300000,0x0000003764400000)]
  0x000001e0bc84f000 JavaThread "Unconstrained build operations Thread 6" [_thread_blocked, id=2408, stack(0x0000003764400000,0x0000003764500000)]
  0x000001e0bc850000 JavaThread "Unconstrained build operations Thread 7" [_thread_blocked, id=22732, stack(0x0000003764500000,0x0000003764600000)]
  0x000001e0bc84b800 JavaThread "Unconstrained build operations Thread 8" [_thread_blocked, id=5548, stack(0x0000003764600000,0x0000003764700000)]
  0x000001e0bc850800 JavaThread "Unconstrained build operations Thread 9" [_thread_blocked, id=17992, stack(0x0000003764700000,0x0000003764800000)]
  0x000001e0bc851800 JavaThread "Unconstrained build operations Thread 10" [_thread_blocked, id=8412, stack(0x0000003764800000,0x0000003764900000)]
  0x000001e0bc852000 JavaThread "Unconstrained build operations Thread 11" [_thread_blocked, id=18376, stack(0x0000003764900000,0x0000003764a00000)]
  0x000001e0bc84c800 JavaThread "Unconstrained build operations Thread 12" [_thread_blocked, id=23880, stack(0x0000003764a00000,0x0000003764b00000)]
  0x000001e0bc858800 JavaThread "Unconstrained build operations Thread 13" [_thread_blocked, id=14904, stack(0x0000003764b00000,0x0000003764c00000)]
  0x000001e0bc854000 JavaThread "Unconstrained build operations Thread 14" [_thread_blocked, id=13340, stack(0x0000003764c00000,0x0000003764d00000)]
  0x000001e0bc855800 JavaThread "Unconstrained build operations Thread 15" [_thread_blocked, id=15540, stack(0x0000003764d00000,0x0000003764e00000)]
  0x000001e0bc856800 JavaThread "Unconstrained build operations Thread 16" [_thread_blocked, id=22704, stack(0x0000003764e00000,0x0000003764f00000)]
  0x000001e0bc857000 JavaThread "Unconstrained build operations Thread 17" [_thread_blocked, id=10616, stack(0x0000003764f00000,0x0000003765000000)]
  0x000001e0bc854800 JavaThread "Unconstrained build operations Thread 18" [_thread_blocked, id=11956, stack(0x0000003765000000,0x0000003765100000)]
  0x000001e0bc858000 JavaThread "Unconstrained build operations Thread 19" [_thread_blocked, id=20320, stack(0x0000003765100000,0x0000003765200000)]
  0x000001e0bc853000 JavaThread "Unconstrained build operations Thread 20" [_thread_blocked, id=13092, stack(0x0000003765200000,0x0000003765300000)]
  0x000001e0bc859800 JavaThread "Unconstrained build operations Thread 21" [_thread_blocked, id=21836, stack(0x0000003765300000,0x0000003765400000)]
  0x000001e0bc85a800 JavaThread "Unconstrained build operations Thread 22" [_thread_blocked, id=11388, stack(0x0000003765400000,0x0000003765500000)]
  0x000001e0bc46a000 JavaThread "Unconstrained build operations Thread 23" [_thread_blocked, id=26100, stack(0x0000003765500000,0x0000003765600000)]
  0x000001e0bc46c800 JavaThread "Unconstrained build operations Thread 24" [_thread_blocked, id=16976, stack(0x0000003765600000,0x0000003765700000)]
  0x000001e0bc46b000 JavaThread "Unconstrained build operations Thread 25" [_thread_blocked, id=14612, stack(0x0000003765700000,0x0000003765800000)]
  0x000001e0bc46c000 JavaThread "Unconstrained build operations Thread 26" [_thread_blocked, id=14208, stack(0x0000003765800000,0x0000003765900000)]
  0x000001e0bc469800 JavaThread "Unconstrained build operations Thread 27" [_thread_blocked, id=1404, stack(0x0000003765900000,0x0000003765a00000)]
  0x000001e0bc46d800 JavaThread "Unconstrained build operations Thread 28" [_thread_blocked, id=5780, stack(0x0000003765a00000,0x0000003765b00000)]
  0x000001e0bc46e800 JavaThread "Unconstrained build operations Thread 29" [_thread_blocked, id=3900, stack(0x0000003765b00000,0x0000003765c00000)]
  0x000001e0bc468800 JavaThread "Unconstrained build operations Thread 30" [_thread_blocked, id=6196, stack(0x0000003765c00000,0x0000003765d00000)]
  0x000001e0bc473000 JavaThread "Unconstrained build operations Thread 31" [_thread_blocked, id=5084, stack(0x0000003765d00000,0x0000003765e00000)]
  0x000001e0bc470000 JavaThread "Unconstrained build operations Thread 32" [_thread_blocked, id=20096, stack(0x0000003765e00000,0x0000003765f00000)]
  0x000001e0bc46f000 JavaThread "Unconstrained build operations Thread 33" [_thread_blocked, id=21636, stack(0x0000003765f00000,0x0000003766000000)]
  0x000001e0bc475800 JavaThread "build event listener" [_thread_blocked, id=17616, stack(0x0000003766000000,0x0000003766100000)]
  0x000001e0bc475000 JavaThread "Cache worker for Build Output Cleanup Cache (D:\Android01\android\.gradle\buildOutputCleanup)" [_thread_blocked, id=19868, stack(0x0000003766100000,0x0000003766200000)]
  0x000001e0bc476800 JavaThread "included builds" [_thread_blocked, id=24980, stack(0x0000003766200000,0x0000003766300000)]
  0x000001e0bc471000 JavaThread "Execution worker" [_thread_blocked, id=20820, stack(0x0000003766300000,0x0000003766400000)]
  0x000001e0bc477800 JavaThread "Execution worker Thread 2" [_thread_in_vm, id=3280, stack(0x0000003766400000,0x0000003766500000)]
  0x000001e0bc471800 JavaThread "Execution worker Thread 3" [_thread_blocked, id=20432, stack(0x0000003766500000,0x0000003766600000)]
  0x000001e0ba0b8000 JavaThread "Execution worker Thread 4" [_thread_blocked, id=24556, stack(0x0000003766700000,0x0000003766800000)]
  0x000001e0ba0b5800 JavaThread "Execution worker Thread 5" [_thread_blocked, id=5096, stack(0x0000003766900000,0x0000003766a00000)]
  0x000001e0ba0bd000 JavaThread "Execution worker Thread 6" [_thread_blocked, id=16768, stack(0x0000003766a00000,0x0000003766b00000)]
  0x000001e0ba0be000 JavaThread "Execution worker Thread 7" [_thread_blocked, id=5932, stack(0x0000003766b00000,0x0000003766c00000)]
  0x000001e0ba0bf800 JavaThread "Cache worker for execution history cache (D:\Android01\node_modules\react-native-gradle-plugin\.gradle\7.5.1\executionHistory)" [_thread_blocked, id=25160, stack(0x0000003766c00000,0x0000003766d00000)]
  0x000001e0ba0be800 JavaThread "Unconstrained build operations Thread 34" [_thread_blocked, id=9368, stack(0x0000003766d00000,0x0000003766e00000)]
  0x000001e0ba0c0800 JavaThread "Unconstrained build operations Thread 35" [_thread_blocked, id=21988, stack(0x0000003766e00000,0x0000003766f00000)]
  0x000001e0ba0c1000 JavaThread "Unconstrained build operations Thread 36" [_thread_blocked, id=9080, stack(0x0000003766f00000,0x0000003767000000)]
  0x000001e0ba0c2000 JavaThread "Unconstrained build operations Thread 37" [_thread_blocked, id=22384, stack(0x0000003767000000,0x0000003767100000)]
  0x000001e0be94c800 JavaThread "Unconstrained build operations Thread 38" [_thread_blocked, id=4972, stack(0x0000003767100000,0x0000003767200000)]
  0x000001e0be94f000 JavaThread "Unconstrained build operations Thread 39" [_thread_blocked, id=10244, stack(0x0000003767200000,0x0000003767300000)]
  0x000001e0be953000 JavaThread "Unconstrained build operations Thread 40" [_thread_blocked, id=21160, stack(0x0000003767300000,0x0000003767400000)]
  0x000001e0be950800 JavaThread "Unconstrained build operations Thread 41" [_thread_blocked, id=19560, stack(0x0000003767400000,0x0000003767500000)]
  0x000001e0be94e000 JavaThread "Unconstrained build operations Thread 42" [_thread_blocked, id=16744, stack(0x0000003767500000,0x0000003767600000)]
  0x000001e0be951800 JavaThread "Unconstrained build operations Thread 43" [_thread_blocked, id=25368, stack(0x0000003767600000,0x0000003767700000)]
  0x000001e0be952000 JavaThread "Unconstrained build operations Thread 44" [_thread_blocked, id=9276, stack(0x0000003767700000,0x0000003767800000)]
  0x000001e0be94d800 JavaThread "Unconstrained build operations Thread 45" [_thread_blocked, id=2844, stack(0x0000003767800000,0x0000003767900000)]
  0x000001e0b9165800 JavaThread "Unconstrained build operations Thread 46" [_thread_blocked, id=4980, stack(0x0000003767900000,0x0000003767a00000)]
  0x000001e0b9169800 JavaThread "Unconstrained build operations Thread 47" [_thread_blocked, id=24592, stack(0x0000003767a00000,0x0000003767b00000)]
  0x000001e0b9167000 JavaThread "Unconstrained build operations Thread 48" [_thread_blocked, id=24340, stack(0x0000003767b00000,0x0000003767c00000)]
  0x000001e0bc344000 JavaThread "Unconstrained build operations Thread 49" [_thread_blocked, id=13640, stack(0x0000003767c00000,0x0000003767d00000)]
  0x000001e0bc345000 JavaThread "Unconstrained build operations Thread 50" [_thread_blocked, id=18468, stack(0x0000003767d00000,0x0000003767e00000)]
  0x000001e0bc342800 JavaThread "Unconstrained build operations Thread 51" [_thread_blocked, id=18680, stack(0x0000003767e00000,0x0000003767f00000)]
  0x000001e0bc347000 JavaThread "Unconstrained build operations Thread 52" [_thread_blocked, id=9836, stack(0x0000003767f00000,0x0000003768000000)]
  0x000001e0bc348000 JavaThread "Unconstrained build operations Thread 53" [_thread_blocked, id=24020, stack(0x0000003768000000,0x0000003768100000)]
  0x000001e0bc346800 JavaThread "Unconstrained build operations Thread 54" [_thread_blocked, id=2872, stack(0x0000003768100000,0x0000003768200000)]
  0x000001e0bc349000 JavaThread "Unconstrained build operations Thread 55" [_thread_blocked, id=21528, stack(0x0000003768200000,0x0000003768300000)]

Other Threads:
  0x000001e0b7314000 VMThread "VM Thread" [stack: 0x0000003761000000,0x0000003761100000] [id=26032]
  0x000001e0b7e11800 WatcherThread [stack: 0x0000003761a00000,0x0000003761b00000] [id=11972]
  0x000001e09828d000 GCTaskThread "GC Thread#0" [stack: 0x0000003760b00000,0x0000003760c00000] [id=25244]
  0x000001e0b88f3800 GCTaskThread "GC Thread#1" [stack: 0x0000003761b00000,0x0000003761c00000] [id=15848]
  0x000001e0b913c000 GCTaskThread "GC Thread#2" [stack: 0x0000003762100000,0x0000003762200000] [id=24064]
  0x000001e0b922e000 GCTaskThread "GC Thread#3" [stack: 0x0000003762200000,0x0000003762300000] [id=14436]
  0x000001e0b7f4e800 GCTaskThread "GC Thread#4" [stack: 0x0000003762300000,0x0000003762400000] [id=5556]
  0x000001e0b7f4f000 GCTaskThread "GC Thread#5" [stack: 0x0000003762400000,0x0000003762500000] [id=12592]
  0x000001e0b8c8f800 GCTaskThread "GC Thread#6" [stack: 0x0000003762500000,0x0000003762600000] [id=12196]
  0x000001e0b8c90000 GCTaskThread "GC Thread#7" [stack: 0x0000003762600000,0x0000003762700000] [id=2636]
  0x000001e0982be800 ConcurrentGCThread "G1 Main Marker" [stack: 0x0000003760c00000,0x0000003760d00000] [id=8268]
  0x000001e0982c0000 ConcurrentGCThread "G1 Conc#0" [stack: 0x0000003760d00000,0x0000003760e00000] [id=20972]
  0x000001e0b97a4800 ConcurrentGCThread "G1 Conc#1" [stack: 0x0000003762f00000,0x0000003763000000] [id=17588]
  0x000001e098343000 ConcurrentGCThread "G1 Refine#0" [stack: 0x0000003760e00000,0x0000003760f00000] [id=22928]
  0x000001e098344000 ConcurrentGCThread "G1 Young RemSet Sampling" [stack: 0x0000003760f00000,0x0000003761000000] [id=23904]

Threads with active compile tasks:
C2 CompilerThread0  1679218 18872       4       sun.invoke.util.VerifyAccess::isClassAccessible (182 bytes)

VM state:not at safepoint (normal execution)

VM Mutex/Monitor currently owned by a thread: None

OutOfMemory and StackOverflow Exception counts:
StackOverflowErrors=3
LinkageErrors=138

Heap address: 0x0000000080000000, size: 2048 MB, Compressed Oops mode: 32-bit
Narrow klass base: 0x0000000000000000, Narrow klass shift: 3
Compressed class space size: 528482304 Address: 0x0000000100000000

Heap:
 garbage-first heap   total 268288K, used 142167K [0x0000000080000000, 0x0000000100000000)
  region size 1024K, 12 young (12288K), 3 survivors (3072K)
 Metaspace       used 141221K, capacity 145375K, committed 145492K, reserved 643072K
  class space    used 18221K, capacity 19824K, committed 19840K, reserved 516096K
Heap Regions: E=young(eden), S=young(survivor), O=old, HS=humongous(starts), HC=humongous(continues), CS=collection set, F=free, A=archive, TAMS=top-at-mark-start (previous, next)
|   0|0x0000000080000000, 0x0000000080100000, 0x0000000080100000|100%| O|  |TAMS 0x0000000080100000, 0x0000000080000000| Untracked 
|   1|0x0000000080100000, 0x0000000080200000, 0x0000000080200000|100%| O|  |TAMS 0x0000000080200000, 0x0000000080100000| Untracked 
|   2|0x0000000080200000, 0x0000000080300000, 0x0000000080300000|100%| O|  |TAMS 0x0000000080300000, 0x0000000080200000| Untracked 
|   3|0x0000000080300000, 0x0000000080400000, 0x0000000080400000|100%|HS|  |TAMS 0x0000000080400000, 0x0000000080300000| Complete 
|   4|0x0000000080400000, 0x0000000080500000, 0x0000000080500000|100%|HC|  |TAMS 0x0000000080500000, 0x0000000080400000| Complete 
|   5|0x0000000080500000, 0x0000000080600000, 0x0000000080600000|100%|HC|  |TAMS 0x0000000080600000, 0x0000000080500000| Complete 
|   6|0x0000000080600000, 0x0000000080700000, 0x0000000080700000|100%| O|  |TAMS 0x0000000080700000, 0x0000000080600000| Untracked 
|   7|0x0000000080700000, 0x0000000080800000, 0x0000000080800000|100%| O|  |TAMS 0x0000000080800000, 0x0000000080700000| Untracked 
|   8|0x0000000080800000, 0x0000000080900000, 0x0000000080900000|100%| O|  |TAMS 0x0000000080900000, 0x0000000080800000| Untracked 
|   9|0x0000000080900000, 0x0000000080a00000, 0x0000000080a00000|100%| O|  |TAMS 0x0000000080a00000, 0x0000000080900000| Untracked 
|  10|0x0000000080a00000, 0x0000000080b00000, 0x0000000080b00000|100%| O|  |TAMS 0x0000000080b00000, 0x0000000080a00000| Untracked 
|  11|0x0000000080b00000, 0x0000000080c00000, 0x0000000080c00000|100%| O|  |TAMS 0x0000000080c00000, 0x0000000080b00000| Untracked 
|  12|0x0000000080c00000, 0x0000000080d00000, 0x0000000080d00000|100%| O|  |TAMS 0x0000000080d00000, 0x0000000080c00000| Untracked 
|  13|0x0000000080d00000, 0x0000000080e00000, 0x0000000080e00000|100%| O|  |TAMS 0x0000000080e00000, 0x0000000080d00000| Untracked 
|  14|0x0000000080e00000, 0x0000000080f00000, 0x0000000080f00000|100%| O|  |TAMS 0x0000000080f00000, 0x0000000080e00000| Untracked 
|  15|0x0000000080f00000, 0x0000000081000000, 0x0000000081000000|100%| O|  |TAMS 0x0000000081000000, 0x0000000080f00000| Untracked 
|  16|0x0000000081000000, 0x0000000081100000, 0x0000000081100000|100%| O|  |TAMS 0x0000000081100000, 0x0000000081000000| Untracked 
|  17|0x0000000081100000, 0x0000000081200000, 0x0000000081200000|100%| O|  |TAMS 0x0000000081200000, 0x0000000081100000| Untracked 
|  18|0x0000000081200000, 0x0000000081300000, 0x0000000081300000|100%| O|  |TAMS 0x0000000081300000, 0x0000000081200000| Untracked 
|  19|0x0000000081300000, 0x0000000081400000, 0x0000000081400000|100%| O|  |TAMS 0x0000000081400000, 0x0000000081300000| Untracked 
|  20|0x0000000081400000, 0x0000000081500000, 0x0000000081500000|100%| O|  |TAMS 0x0000000081500000, 0x0000000081400000| Untracked 
|  21|0x0000000081500000, 0x0000000081600000, 0x0000000081600000|100%| O|  |TAMS 0x0000000081600000, 0x0000000081500000| Untracked 
|  22|0x0000000081600000, 0x0000000081700000, 0x0000000081700000|100%| O|  |TAMS 0x0000000081700000, 0x0000000081600000| Untracked 
|  23|0x0000000081700000, 0x0000000081800000, 0x0000000081800000|100%| O|  |TAMS 0x0000000081800000, 0x0000000081700000| Untracked 
|  24|0x0000000081800000, 0x0000000081900000, 0x0000000081900000|100%| O|  |TAMS 0x0000000081900000, 0x0000000081800000| Untracked 
|  25|0x0000000081900000, 0x0000000081a00000, 0x0000000081a00000|100%| O|  |TAMS 0x0000000081a00000, 0x0000000081900000| Untracked 
|  26|0x0000000081a00000, 0x0000000081b00000, 0x0000000081b00000|100%| O|  |TAMS 0x0000000081b00000, 0x0000000081a00000| Untracked 
|  27|0x0000000081b00000, 0x0000000081c00000, 0x0000000081c00000|100%| O|  |TAMS 0x0000000081c00000, 0x0000000081b00000| Untracked 
|  28|0x0000000081c00000, 0x0000000081d00000, 0x0000000081d00000|100%| O|  |TAMS 0x0000000081d00000, 0x0000000081c00000| Untracked 
|  29|0x0000000081d00000, 0x0000000081e00000, 0x0000000081e00000|100%|HS|  |TAMS 0x0000000081e00000, 0x0000000081d00000| Complete 
|  30|0x0000000081e00000, 0x0000000081f00000, 0x0000000081f00000|100%|HS|  |TAMS 0x0000000081f00000, 0x0000000081e00000| Complete 
|  31|0x0000000081f00000, 0x0000000082000000, 0x0000000082000000|100%|HC|  |TAMS 0x0000000082000000, 0x0000000081f00000| Complete 
|  32|0x0000000082000000, 0x0000000082100000, 0x0000000082100000|100%|HC|  |TAMS 0x0000000082100000, 0x0000000082000000| Complete 
|  33|0x0000000082100000, 0x0000000082200000, 0x0000000082200000|100%| O|  |TAMS 0x0000000082200000, 0x0000000082100000| Untracked 
|  34|0x0000000082200000, 0x0000000082300000, 0x0000000082300000|100%| O|  |TAMS 0x0000000082300000, 0x0000000082200000| Untracked 
|  35|0x0000000082300000, 0x0000000082400000, 0x0000000082400000|100%| O|  |TAMS 0x0000000082400000, 0x0000000082300000| Untracked 
|  36|0x0000000082400000, 0x0000000082500000, 0x0000000082500000|100%| O|  |TAMS 0x0000000082500000, 0x0000000082400000| Untracked 
|  37|0x0000000082500000, 0x0000000082600000, 0x0000000082600000|100%| O|  |TAMS 0x0000000082600000, 0x0000000082500000| Untracked 
|  38|0x0000000082600000, 0x0000000082700000, 0x0000000082700000|100%| O|  |TAMS 0x0000000082700000, 0x0000000082600000| Untracked 
|  39|0x0000000082700000, 0x0000000082800000, 0x0000000082800000|100%| O|  |TAMS 0x0000000082800000, 0x0000000082700000| Untracked 
|  40|0x0000000082800000, 0x0000000082900000, 0x0000000082900000|100%| O|  |TAMS 0x0000000082900000, 0x0000000082800000| Untracked 
|  41|0x0000000082900000, 0x0000000082a00000, 0x0000000082a00000|100%| O|  |TAMS 0x0000000082a00000, 0x0000000082900000| Untracked 
|  42|0x0000000082a00000, 0x0000000082b00000, 0x0000000082b00000|100%| O|  |TAMS 0x0000000082b00000, 0x0000000082a00000| Untracked 
|  43|0x0000000082b00000, 0x0000000082c00000, 0x0000000082c00000|100%| O|  |TAMS 0x0000000082c00000, 0x0000000082b00000| Untracked 
|  44|0x0000000082c00000, 0x0000000082d00000, 0x0000000082d00000|100%| O|  |TAMS 0x0000000082d00000, 0x0000000082c00000| Untracked 
|  45|0x0000000082d00000, 0x0000000082e00000, 0x0000000082e00000|100%| O|  |TAMS 0x0000000082e00000, 0x0000000082d00000| Untracked 
|  46|0x0000000082e00000, 0x0000000082f00000, 0x0000000082f00000|100%| O|  |TAMS 0x0000000082f00000, 0x0000000082e00000| Untracked 
|  47|0x0000000082f00000, 0x0000000083000000, 0x0000000083000000|100%| O|  |TAMS 0x0000000083000000, 0x0000000082f00000| Untracked 
|  48|0x0000000083000000, 0x00000000830ec400, 0x0000000083100000| 92%| O|  |TAMS 0x00000000830ec400, 0x0000000083000000| Untracked 
|  49|0x0000000083100000, 0x0000000083200000, 0x0000000083200000|100%| O|  |TAMS 0x0000000083200000, 0x0000000083100000| Untracked 
|  50|0x0000000083200000, 0x0000000083300000, 0x0000000083300000|100%| O|  |TAMS 0x0000000083300000, 0x0000000083200000| Untracked 
|  51|0x0000000083300000, 0x0000000083400000, 0x0000000083400000|100%| O|  |TAMS 0x0000000083400000, 0x0000000083300000| Untracked 
|  52|0x0000000083400000, 0x0000000083500000, 0x0000000083500000|100%| O|  |TAMS 0x0000000083500000, 0x0000000083400000| Untracked 
|  53|0x0000000083500000, 0x0000000083600000, 0x0000000083600000|100%| O|  |TAMS 0x0000000083600000, 0x0000000083500000| Untracked 
|  54|0x0000000083600000, 0x0000000083700000, 0x0000000083700000|100%| O|  |TAMS 0x0000000083700000, 0x0000000083600000| Untracked 
|  55|0x0000000083700000, 0x0000000083800000, 0x0000000083800000|100%|HS|  |TAMS 0x0000000083800000, 0x0000000083700000| Complete 
|  56|0x0000000083800000, 0x0000000083900000, 0x0000000083900000|100%|HS|  |TAMS 0x0000000083900000, 0x0000000083800000| Complete 
|  57|0x0000000083900000, 0x0000000083a00000, 0x0000000083a00000|100%| O|  |TAMS 0x0000000083a00000, 0x0000000083900000| Untracked 
|  58|0x0000000083a00000, 0x0000000083b00000, 0x0000000083b00000|100%|HS|  |TAMS 0x0000000083b00000, 0x0000000083a00000| Complete 
|  59|0x0000000083b00000, 0x0000000083c00000, 0x0000000083c00000|100%|HC|  |TAMS 0x0000000083c00000, 0x0000000083b00000| Complete 
|  60|0x0000000083c00000, 0x0000000083d00000, 0x0000000083d00000|100%| O|  |TAMS 0x0000000083d00000, 0x0000000083c00000| Untracked 
|  61|0x0000000083d00000, 0x0000000083e00000, 0x0000000083e00000|100%| O|  |TAMS 0x0000000083e00000, 0x0000000083d00000| Untracked 
|  62|0x0000000083e00000, 0x0000000083f00000, 0x0000000083f00000|100%| O|  |TAMS 0x0000000083f00000, 0x0000000083e00000| Untracked 
|  63|0x0000000083f00000, 0x0000000084000000, 0x0000000084000000|100%| O|  |TAMS 0x0000000084000000, 0x0000000083f00000| Untracked 
|  64|0x0000000084000000, 0x0000000084100000, 0x0000000084100000|100%| O|  |TAMS 0x0000000084100000, 0x0000000084000000| Untracked 
|  65|0x0000000084100000, 0x0000000084200000, 0x0000000084200000|100%| O|  |TAMS 0x0000000084200000, 0x0000000084100000| Untracked 
|  66|0x0000000084200000, 0x0000000084300000, 0x0000000084300000|100%| O|  |TAMS 0x0000000084300000, 0x0000000084200000| Untracked 
|  67|0x0000000084300000, 0x0000000084400000, 0x0000000084400000|100%| O|  |TAMS 0x0000000084400000, 0x0000000084300000| Untracked 
|  68|0x0000000084400000, 0x0000000084500000, 0x0000000084500000|100%| O|  |TAMS 0x0000000084500000, 0x0000000084400000| Untracked 
|  69|0x0000000084500000, 0x0000000084600000, 0x0000000084600000|100%| O|  |TAMS 0x0000000084600000, 0x0000000084500000| Untracked 
|  70|0x0000000084600000, 0x0000000084700000, 0x0000000084700000|100%| O|  |TAMS 0x0000000084700000, 0x0000000084600000| Untracked 
|  71|0x0000000084700000, 0x0000000084800000, 0x0000000084800000|100%| O|  |TAMS 0x0000000084800000, 0x0000000084700000| Untracked 
|  72|0x0000000084800000, 0x0000000084900000, 0x0000000084900000|100%| O|  |TAMS 0x0000000084900000, 0x0000000084800000| Untracked 
|  73|0x0000000084900000, 0x0000000084a00000, 0x0000000084a00000|100%| O|  |TAMS 0x0000000084a00000, 0x0000000084900000| Untracked 
|  74|0x0000000084a00000, 0x0000000084b00000, 0x0000000084b00000|100%| O|  |TAMS 0x0000000084b00000, 0x0000000084a00000| Untracked 
|  75|0x0000000084b00000, 0x0000000084c00000, 0x0000000084c00000|100%| O|  |TAMS 0x0000000084c00000, 0x0000000084b00000| Untracked 
|  76|0x0000000084c00000, 0x0000000084d00000, 0x0000000084d00000|100%| O|  |TAMS 0x0000000084d00000, 0x0000000084c00000| Untracked 
|  77|0x0000000084d00000, 0x0000000084e00000, 0x0000000084e00000|100%| O|  |TAMS 0x0000000084e00000, 0x0000000084d00000| Untracked 
|  78|0x0000000084e00000, 0x0000000084f00000, 0x0000000084f00000|100%| O|  |TAMS 0x0000000084f00000, 0x0000000084e00000| Untracked 
|  79|0x0000000084f00000, 0x0000000085000000, 0x0000000085000000|100%| O|  |TAMS 0x0000000085000000, 0x0000000084f00000| Untracked 
|  80|0x0000000085000000, 0x0000000085100000, 0x0000000085100000|100%| O|  |TAMS 0x0000000085100000, 0x0000000085000000| Untracked 
|  81|0x0000000085100000, 0x0000000085200000, 0x0000000085200000|100%| O|  |TAMS 0x0000000085200000, 0x0000000085100000| Untracked 
|  82|0x0000000085200000, 0x0000000085300000, 0x0000000085300000|100%| O|  |TAMS 0x0000000085300000, 0x0000000085200000| Untracked 
|  83|0x0000000085300000, 0x0000000085400000, 0x0000000085400000|100%| O|  |TAMS 0x0000000085400000, 0x0000000085300000| Untracked 
|  84|0x0000000085400000, 0x0000000085500000, 0x0000000085500000|100%| O|  |TAMS 0x0000000085500000, 0x0000000085400000| Untracked 
|  85|0x0000000085500000, 0x0000000085600000, 0x0000000085600000|100%| O|  |TAMS 0x0000000085600000, 0x0000000085500000| Untracked 
|  86|0x0000000085600000, 0x0000000085700000, 0x0000000085700000|100%| O|  |TAMS 0x0000000085700000, 0x0000000085600000| Untracked 
|  87|0x0000000085700000, 0x0000000085800000, 0x0000000085800000|100%| O|  |TAMS 0x0000000085800000, 0x0000000085700000| Untracked 
|  88|0x0000000085800000, 0x0000000085900000, 0x0000000085900000|100%| O|  |TAMS 0x0000000085900000, 0x0000000085800000| Untracked 
|  89|0x0000000085900000, 0x0000000085a00000, 0x0000000085a00000|100%| O|  |TAMS 0x0000000085a00000, 0x0000000085900000| Untracked 
|  90|0x0000000085a00000, 0x0000000085b00000, 0x0000000085b00000|100%| O|  |TAMS 0x0000000085b00000, 0x0000000085a00000| Untracked 
|  91|0x0000000085b00000, 0x0000000085c00000, 0x0000000085c00000|100%| O|  |TAMS 0x0000000085c00000, 0x0000000085b00000| Untracked 
|  92|0x0000000085c00000, 0x0000000085d00000, 0x0000000085d00000|100%| O|  |TAMS 0x0000000085d00000, 0x0000000085c00000| Untracked 
|  93|0x0000000085d00000, 0x0000000085e00000, 0x0000000085e00000|100%| O|  |TAMS 0x0000000085e00000, 0x0000000085d00000| Untracked 
|  94|0x0000000085e00000, 0x0000000085f00000, 0x0000000085f00000|100%| O|  |TAMS 0x0000000085f00000, 0x0000000085e00000| Untracked 
|  95|0x0000000085f00000, 0x0000000086000000, 0x0000000086000000|100%| O|  |TAMS 0x0000000086000000, 0x0000000085f00000| Untracked 
|  96|0x0000000086000000, 0x0000000086100000, 0x0000000086100000|100%| O|  |TAMS 0x0000000086100000, 0x0000000086000000| Untracked 
|  97|0x0000000086100000, 0x0000000086200000, 0x0000000086200000|100%| O|  |TAMS 0x0000000086200000, 0x0000000086100000| Untracked 
|  98|0x0000000086200000, 0x0000000086300000, 0x0000000086300000|100%| O|  |TAMS 0x0000000086300000, 0x0000000086200000| Untracked 
|  99|0x0000000086300000, 0x0000000086400000, 0x0000000086400000|100%| O|  |TAMS 0x0000000086400000, 0x0000000086300000| Untracked 
| 100|0x0000000086400000, 0x0000000086500000, 0x0000000086500000|100%| O|  |TAMS 0x0000000086500000, 0x0000000086400000| Untracked 
| 101|0x0000000086500000, 0x0000000086600000, 0x0000000086600000|100%| O|  |TAMS 0x0000000086600000, 0x0000000086500000| Untracked 
| 102|0x0000000086600000, 0x0000000086700000, 0x0000000086700000|100%| O|  |TAMS 0x0000000086700000, 0x0000000086600000| Untracked 
| 103|0x0000000086700000, 0x0000000086800000, 0x0000000086800000|100%| O|  |TAMS 0x0000000086800000, 0x0000000086700000| Untracked 
| 104|0x0000000086800000, 0x0000000086900000, 0x0000000086900000|100%| O|  |TAMS 0x0000000086900000, 0x0000000086800000| Untracked 
| 105|0x0000000086900000, 0x0000000086a00000, 0x0000000086a00000|100%| O|  |TAMS 0x0000000086a00000, 0x0000000086900000| Untracked 
| 106|0x0000000086a00000, 0x0000000086b00000, 0x0000000086b00000|100%| O|  |TAMS 0x0000000086b00000, 0x0000000086a00000| Untracked 
| 107|0x0000000086b00000, 0x0000000086c00000, 0x0000000086c00000|100%| O|  |TAMS 0x0000000086c00000, 0x0000000086b00000| Untracked 
| 108|0x0000000086c00000, 0x0000000086d00000, 0x0000000086d00000|100%| O|  |TAMS 0x0000000086d00000, 0x0000000086c00000| Untracked 
| 109|0x0000000086d00000, 0x0000000086e00000, 0x0000000086e00000|100%| O|  |TAMS 0x0000000086e00000, 0x0000000086d00000| Untracked 
| 110|0x0000000086e00000, 0x0000000086f00000, 0x0000000086f00000|100%| O|  |TAMS 0x0000000086f00000, 0x0000000086e00000| Untracked 
| 111|0x0000000086f00000, 0x0000000086f00000, 0x0000000087000000|  0%| F|  |TAMS 0x0000000086f00000, 0x0000000086f00000| Untracked 
| 112|0x0000000087000000, 0x0000000087000000, 0x0000000087100000|  0%| F|  |TAMS 0x0000000087000000, 0x0000000087000000| Untracked 
| 113|0x0000000087100000, 0x0000000087100000, 0x0000000087200000|  0%| F|  |TAMS 0x0000000087100000, 0x0000000087100000| Untracked 
| 114|0x0000000087200000, 0x0000000087200000, 0x0000000087300000|  0%| F|  |TAMS 0x0000000087200000, 0x0000000087200000| Untracked 
| 115|0x0000000087300000, 0x0000000087400000, 0x0000000087400000|100%| O|  |TAMS 0x0000000087400000, 0x0000000087300000| Untracked 
| 116|0x0000000087400000, 0x0000000087500000, 0x0000000087500000|100%| O|  |TAMS 0x0000000087500000, 0x0000000087400000| Untracked 
| 117|0x0000000087500000, 0x0000000087600000, 0x0000000087600000|100%| O|  |TAMS 0x0000000087600000, 0x0000000087500000| Untracked 
| 118|0x0000000087600000, 0x0000000087700000, 0x0000000087700000|100%| O|  |TAMS 0x0000000087700000, 0x0000000087600000| Untracked 
| 119|0x0000000087700000, 0x0000000087800000, 0x0000000087800000|100%| O|  |TAMS 0x0000000087800000, 0x0000000087700000| Untracked 
| 120|0x0000000087800000, 0x0000000087900000, 0x0000000087900000|100%| O|  |TAMS 0x0000000087900000, 0x0000000087800000| Untracked 
| 121|0x0000000087900000, 0x0000000087a00000, 0x0000000087a00000|100%| O|  |TAMS 0x0000000087a00000, 0x0000000087900000| Untracked 
| 122|0x0000000087a00000, 0x0000000087b00000, 0x0000000087b00000|100%| O|  |TAMS 0x0000000087b00000, 0x0000000087a00000| Untracked 
| 123|0x0000000087b00000, 0x0000000087c00000, 0x0000000087c00000|100%| O|  |TAMS 0x0000000087c00000, 0x0000000087b00000| Untracked 
| 124|0x0000000087c00000, 0x0000000087c00000, 0x0000000087d00000|  0%| F|  |TAMS 0x0000000087c00000, 0x0000000087c00000| Untracked 
| 125|0x0000000087d00000, 0x0000000087d00000, 0x0000000087e00000|  0%| F|  |TAMS 0x0000000087d00000, 0x0000000087d00000| Untracked 
| 126|0x0000000087e00000, 0x0000000087f00000, 0x0000000087f00000|100%| O|  |TAMS 0x0000000087f00000, 0x0000000087e00000| Untracked 
| 127|0x0000000087f00000, 0x0000000088000000, 0x0000000088000000|100%| O|  |TAMS 0x0000000088000000, 0x0000000087f00000| Untracked 
| 128|0x0000000088000000, 0x0000000088100000, 0x0000000088100000|100%| O|  |TAMS 0x0000000088100000, 0x0000000088000000| Untracked 
| 129|0x0000000088100000, 0x0000000088200000, 0x0000000088200000|100%| O|  |TAMS 0x0000000088200000, 0x0000000088100000| Untracked 
| 130|0x0000000088200000, 0x0000000088300000, 0x0000000088300000|100%| O|  |TAMS 0x0000000088300000, 0x0000000088200000| Untracked 
| 131|0x0000000088300000, 0x0000000088400000, 0x0000000088400000|100%| O|  |TAMS 0x0000000088400000, 0x0000000088300000| Untracked 
| 132|0x0000000088400000, 0x0000000088500000, 0x0000000088500000|100%| O|  |TAMS 0x0000000088500000, 0x0000000088400000| Untracked 
| 133|0x0000000088500000, 0x0000000088600000, 0x0000000088600000|100%| O|  |TAMS 0x0000000088600000, 0x0000000088500000| Untracked 
| 134|0x0000000088600000, 0x0000000088600000, 0x0000000088700000|  0%| F|  |TAMS 0x0000000088600000, 0x0000000088600000| Untracked 
| 135|0x0000000088700000, 0x0000000088700000, 0x0000000088800000|  0%| F|  |TAMS 0x0000000088700000, 0x0000000088700000| Untracked 
| 136|0x0000000088800000, 0x0000000088800000, 0x0000000088900000|  0%| F|  |TAMS 0x0000000088800000, 0x0000000088800000| Untracked 
| 137|0x0000000088900000, 0x0000000088900000, 0x0000000088a00000|  0%| F|  |TAMS 0x0000000088900000, 0x0000000088900000| Untracked 
| 138|0x0000000088a00000, 0x0000000088a00000, 0x0000000088b00000|  0%| F|  |TAMS 0x0000000088a00000, 0x0000000088a00000| Untracked 
| 139|0x0000000088b00000, 0x0000000088b00000, 0x0000000088c00000|  0%| F|  |TAMS 0x0000000088b00000, 0x0000000088b00000| Untracked 
| 140|0x0000000088c00000, 0x0000000088c00000, 0x0000000088d00000|  0%| F|  |TAMS 0x0000000088c00000, 0x0000000088c00000| Untracked 
| 141|0x0000000088d00000, 0x0000000088d00000, 0x0000000088e00000|  0%| F|  |TAMS 0x0000000088d00000, 0x0000000088d00000| Untracked 
| 142|0x0000000088e00000, 0x0000000088e00000, 0x0000000088f00000|  0%| F|  |TAMS 0x0000000088e00000, 0x0000000088e00000| Untracked 
| 143|0x0000000088f00000, 0x0000000088f00000, 0x0000000089000000|  0%| F|  |TAMS 0x0000000088f00000, 0x0000000088f00000| Untracked 
| 144|0x0000000089000000, 0x0000000089000000, 0x0000000089100000|  0%| F|  |TAMS 0x0000000089000000, 0x0000000089000000| Untracked 
| 145|0x0000000089100000, 0x0000000089100000, 0x0000000089200000|  0%| F|  |TAMS 0x0000000089100000, 0x0000000089100000| Untracked 
| 146|0x0000000089200000, 0x0000000089200000, 0x0000000089300000|  0%| F|  |TAMS 0x0000000089200000, 0x0000000089200000| Untracked 
| 147|0x0000000089300000, 0x0000000089300000, 0x0000000089400000|  0%| F|  |TAMS 0x0000000089300000, 0x0000000089300000| Untracked 
| 148|0x0000000089400000, 0x0000000089400000, 0x0000000089500000|  0%| F|  |TAMS 0x0000000089400000, 0x0000000089400000| Untracked 
| 149|0x0000000089500000, 0x0000000089500000, 0x0000000089600000|  0%| F|  |TAMS 0x0000000089500000, 0x0000000089500000| Untracked 
| 150|0x0000000089600000, 0x0000000089600000, 0x0000000089700000|  0%| F|  |TAMS 0x0000000089600000, 0x0000000089600000| Untracked 
| 151|0x0000000089700000, 0x0000000089700000, 0x0000000089800000|  0%| F|  |TAMS 0x0000000089700000, 0x0000000089700000| Untracked 
| 152|0x0000000089800000, 0x0000000089800000, 0x0000000089900000|  0%| F|  |TAMS 0x0000000089800000, 0x0000000089800000| Untracked 
| 153|0x0000000089900000, 0x0000000089900000, 0x0000000089a00000|  0%| F|  |TAMS 0x0000000089900000, 0x0000000089900000| Untracked 
| 154|0x0000000089a00000, 0x0000000089a00000, 0x0000000089b00000|  0%| F|  |TAMS 0x0000000089a00000, 0x0000000089a00000| Untracked 
| 155|0x0000000089b00000, 0x0000000089b00000, 0x0000000089c00000|  0%| F|  |TAMS 0x0000000089b00000, 0x0000000089b00000| Untracked 
| 156|0x0000000089c00000, 0x0000000089c00000, 0x0000000089d00000|  0%| F|  |TAMS 0x0000000089c00000, 0x0000000089c00000| Untracked 
| 157|0x0000000089d00000, 0x0000000089d00000, 0x0000000089e00000|  0%| F|  |TAMS 0x0000000089d00000, 0x0000000089d00000| Untracked 
| 158|0x0000000089e00000, 0x0000000089e00000, 0x0000000089f00000|  0%| F|  |TAMS 0x0000000089e00000, 0x0000000089e00000| Untracked 
| 159|0x0000000089f00000, 0x0000000089f00000, 0x000000008a000000|  0%| F|  |TAMS 0x0000000089f00000, 0x0000000089f00000| Untracked 
| 160|0x000000008a000000, 0x000000008a000000, 0x000000008a100000|  0%| F|  |TAMS 0x000000008a000000, 0x000000008a000000| Untracked 
| 161|0x000000008a100000, 0x000000008a100000, 0x000000008a200000|  0%| F|  |TAMS 0x000000008a100000, 0x000000008a100000| Untracked 
| 162|0x000000008a200000, 0x000000008a200000, 0x000000008a300000|  0%| F|  |TAMS 0x000000008a200000, 0x000000008a200000| Untracked 
| 163|0x000000008a300000, 0x000000008a300000, 0x000000008a400000|  0%| F|  |TAMS 0x000000008a300000, 0x000000008a300000| Untracked 
| 164|0x000000008a400000, 0x000000008a400000, 0x000000008a500000|  0%| F|  |TAMS 0x000000008a400000, 0x000000008a400000| Untracked 
| 165|0x000000008a500000, 0x000000008a500000, 0x000000008a600000|  0%| F|  |TAMS 0x000000008a500000, 0x000000008a500000| Untracked 
| 166|0x000000008a600000, 0x000000008a600000, 0x000000008a700000|  0%| F|  |TAMS 0x000000008a600000, 0x000000008a600000| Untracked 
| 167|0x000000008a700000, 0x000000008a700000, 0x000000008a800000|  0%| F|  |TAMS 0x000000008a700000, 0x000000008a700000| Untracked 
| 168|0x000000008a800000, 0x000000008a800000, 0x000000008a900000|  0%| F|  |TAMS 0x000000008a800000, 0x000000008a800000| Untracked 
| 169|0x000000008a900000, 0x000000008a900000, 0x000000008aa00000|  0%| F|  |TAMS 0x000000008a900000, 0x000000008a900000| Untracked 
| 170|0x000000008aa00000, 0x000000008aa00000, 0x000000008ab00000|  0%| F|  |TAMS 0x000000008aa00000, 0x000000008aa00000| Untracked 
| 171|0x000000008ab00000, 0x000000008ab00000, 0x000000008ac00000|  0%| F|  |TAMS 0x000000008ab00000, 0x000000008ab00000| Untracked 
| 172|0x000000008ac00000, 0x000000008ac00000, 0x000000008ad00000|  0%| F|  |TAMS 0x000000008ac00000, 0x000000008ac00000| Untracked 
| 173|0x000000008ad00000, 0x000000008ad00000, 0x000000008ae00000|  0%| F|  |TAMS 0x000000008ad00000, 0x000000008ad00000| Untracked 
| 174|0x000000008ae00000, 0x000000008ae00000, 0x000000008af00000|  0%| F|  |TAMS 0x000000008ae00000, 0x000000008ae00000| Untracked 
| 175|0x000000008af00000, 0x000000008af00000, 0x000000008b000000|  0%| F|  |TAMS 0x000000008af00000, 0x000000008af00000| Untracked 
| 176|0x000000008b000000, 0x000000008b000000, 0x000000008b100000|  0%| F|  |TAMS 0x000000008b000000, 0x000000008b000000| Untracked 
| 177|0x000000008b100000, 0x000000008b100000, 0x000000008b200000|  0%| F|  |TAMS 0x000000008b100000, 0x000000008b100000| Untracked 
| 178|0x000000008b200000, 0x000000008b200000, 0x000000008b300000|  0%| F|  |TAMS 0x000000008b200000, 0x000000008b200000| Untracked 
| 179|0x000000008b300000, 0x000000008b300000, 0x000000008b400000|  0%| F|  |TAMS 0x000000008b300000, 0x000000008b300000| Untracked 
| 180|0x000000008b400000, 0x000000008b400000, 0x000000008b500000|  0%| F|  |TAMS 0x000000008b400000, 0x000000008b400000| Untracked 
| 181|0x000000008b500000, 0x000000008b500000, 0x000000008b600000|  0%| F|  |TAMS 0x000000008b500000, 0x000000008b500000| Untracked 
| 182|0x000000008b600000, 0x000000008b600000, 0x000000008b700000|  0%| F|  |TAMS 0x000000008b600000, 0x000000008b600000| Untracked 
| 183|0x000000008b700000, 0x000000008b700000, 0x000000008b800000|  0%| F|  |TAMS 0x000000008b700000, 0x000000008b700000| Untracked 
| 184|0x000000008b800000, 0x000000008b800000, 0x000000008b900000|  0%| F|  |TAMS 0x000000008b800000, 0x000000008b800000| Untracked 
| 185|0x000000008b900000, 0x000000008b900000, 0x000000008ba00000|  0%| F|  |TAMS 0x000000008b900000, 0x000000008b900000| Untracked 
| 186|0x000000008ba00000, 0x000000008ba00000, 0x000000008bb00000|  0%| F|  |TAMS 0x000000008ba00000, 0x000000008ba00000| Untracked 
| 187|0x000000008bb00000, 0x000000008bb00000, 0x000000008bc00000|  0%| F|  |TAMS 0x000000008bb00000, 0x000000008bb00000| Untracked 
| 188|0x000000008bc00000, 0x000000008bc00000, 0x000000008bd00000|  0%| F|  |TAMS 0x000000008bc00000, 0x000000008bc00000| Untracked 
| 189|0x000000008bd00000, 0x000000008bd00000, 0x000000008be00000|  0%| F|  |TAMS 0x000000008bd00000, 0x000000008bd00000| Untracked 
| 190|0x000000008be00000, 0x000000008be00000, 0x000000008bf00000|  0%| F|  |TAMS 0x000000008be00000, 0x000000008be00000| Untracked 
| 191|0x000000008bf00000, 0x000000008bf00000, 0x000000008c000000|  0%| F|  |TAMS 0x000000008bf00000, 0x000000008bf00000| Untracked 
| 192|0x000000008c000000, 0x000000008c000000, 0x000000008c100000|  0%| F|  |TAMS 0x000000008c000000, 0x000000008c000000| Untracked 
| 193|0x000000008c100000, 0x000000008c100000, 0x000000008c200000|  0%| F|  |TAMS 0x000000008c100000, 0x000000008c100000| Untracked 
| 194|0x000000008c200000, 0x000000008c200000, 0x000000008c300000|  0%| F|  |TAMS 0x000000008c200000, 0x000000008c200000| Untracked 
| 195|0x000000008c300000, 0x000000008c300000, 0x000000008c400000|  0%| F|  |TAMS 0x000000008c300000, 0x000000008c300000| Untracked 
| 196|0x000000008c400000, 0x000000008c400000, 0x000000008c500000|  0%| F|  |TAMS 0x000000008c400000, 0x000000008c400000| Untracked 
| 197|0x000000008c500000, 0x000000008c500000, 0x000000008c600000|  0%| F|  |TAMS 0x000000008c500000, 0x000000008c500000| Untracked 
| 198|0x000000008c600000, 0x000000008c600000, 0x000000008c700000|  0%| F|  |TAMS 0x000000008c600000, 0x000000008c600000| Untracked 
| 199|0x000000008c700000, 0x000000008c700000, 0x000000008c800000|  0%| F|  |TAMS 0x000000008c700000, 0x000000008c700000| Untracked 
| 200|0x000000008c800000, 0x000000008c800000, 0x000000008c900000|  0%| F|  |TAMS 0x000000008c800000, 0x000000008c800000| Untracked 
| 201|0x000000008c900000, 0x000000008c900000, 0x000000008ca00000|  0%| F|  |TAMS 0x000000008c900000, 0x000000008c900000| Untracked 
| 202|0x000000008ca00000, 0x000000008ca00000, 0x000000008cb00000|  0%| F|  |TAMS 0x000000008ca00000, 0x000000008ca00000| Untracked 
| 203|0x000000008cb00000, 0x000000008cb00000, 0x000000008cc00000|  0%| F|  |TAMS 0x000000008cb00000, 0x000000008cb00000| Untracked 
| 204|0x000000008cc00000, 0x000000008cc00000, 0x000000008cd00000|  0%| F|  |TAMS 0x000000008cc00000, 0x000000008cc00000| Untracked 
| 205|0x000000008cd00000, 0x000000008cd00000, 0x000000008ce00000|  0%| F|  |TAMS 0x000000008cd00000, 0x000000008cd00000| Untracked 
| 206|0x000000008ce00000, 0x000000008ce00000, 0x000000008cf00000|  0%| F|  |TAMS 0x000000008ce00000, 0x000000008ce00000| Untracked 
| 207|0x000000008cf00000, 0x000000008cf00000, 0x000000008d000000|  0%| F|  |TAMS 0x000000008cf00000, 0x000000008cf00000| Untracked 
| 208|0x000000008d000000, 0x000000008d000000, 0x000000008d100000|  0%| F|  |TAMS 0x000000008d000000, 0x000000008d000000| Untracked 
| 209|0x000000008d100000, 0x000000008d100000, 0x000000008d200000|  0%| F|  |TAMS 0x000000008d100000, 0x000000008d100000| Untracked 
| 210|0x000000008d200000, 0x000000008d200000, 0x000000008d300000|  0%| F|  |TAMS 0x000000008d200000, 0x000000008d200000| Untracked 
| 211|0x000000008d300000, 0x000000008d300000, 0x000000008d400000|  0%| F|  |TAMS 0x000000008d300000, 0x000000008d300000| Untracked 
| 212|0x000000008d400000, 0x000000008d400000, 0x000000008d500000|  0%| F|  |TAMS 0x000000008d400000, 0x000000008d400000| Untracked 
| 213|0x000000008d500000, 0x000000008d500000, 0x000000008d600000|  0%| F|  |TAMS 0x000000008d500000, 0x000000008d500000| Untracked 
| 214|0x000000008d600000, 0x000000008d600000, 0x000000008d700000|  0%| F|  |TAMS 0x000000008d600000, 0x000000008d600000| Untracked 
| 215|0x000000008d700000, 0x000000008d700000, 0x000000008d800000|  0%| F|  |TAMS 0x000000008d700000, 0x000000008d700000| Untracked 
| 216|0x000000008d800000, 0x000000008d800000, 0x000000008d900000|  0%| F|  |TAMS 0x000000008d800000, 0x000000008d800000| Untracked 
| 217|0x000000008d900000, 0x000000008d900000, 0x000000008da00000|  0%| F|  |TAMS 0x000000008d900000, 0x000000008d900000| Untracked 
| 218|0x000000008da00000, 0x000000008da00000, 0x000000008db00000|  0%| F|  |TAMS 0x000000008da00000, 0x000000008da00000| Untracked 
| 219|0x000000008db00000, 0x000000008db00000, 0x000000008dc00000|  0%| F|  |TAMS 0x000000008db00000, 0x000000008db00000| Untracked 
| 220|0x000000008dc00000, 0x000000008dc00000, 0x000000008dd00000|  0%| F|  |TAMS 0x000000008dc00000, 0x000000008dc00000| Untracked 
| 221|0x000000008dd00000, 0x000000008dd00000, 0x000000008de00000|  0%| F|  |TAMS 0x000000008dd00000, 0x000000008dd00000| Untracked 
| 222|0x000000008de00000, 0x000000008de00000, 0x000000008df00000|  0%| F|  |TAMS 0x000000008de00000, 0x000000008de00000| Untracked 
| 223|0x000000008df00000, 0x000000008df00000, 0x000000008e000000|  0%| F|  |TAMS 0x000000008df00000, 0x000000008df00000| Untracked 
| 224|0x000000008e000000, 0x000000008e000000, 0x000000008e100000|  0%| F|  |TAMS 0x000000008e000000, 0x000000008e000000| Untracked 
| 225|0x000000008e100000, 0x000000008e100000, 0x000000008e200000|  0%| F|  |TAMS 0x000000008e100000, 0x000000008e100000| Untracked 
| 226|0x000000008e200000, 0x000000008e200000, 0x000000008e300000|  0%| F|  |TAMS 0x000000008e200000, 0x000000008e200000| Untracked 
| 227|0x000000008e300000, 0x000000008e300000, 0x000000008e400000|  0%| F|  |TAMS 0x000000008e300000, 0x000000008e300000| Untracked 
| 228|0x000000008e400000, 0x000000008e400000, 0x000000008e500000|  0%| F|  |TAMS 0x000000008e400000, 0x000000008e400000| Untracked 
| 229|0x000000008e500000, 0x000000008e500000, 0x000000008e600000|  0%| F|  |TAMS 0x000000008e500000, 0x000000008e500000| Untracked 
| 230|0x000000008e600000, 0x000000008e600000, 0x000000008e700000|  0%| F|  |TAMS 0x000000008e600000, 0x000000008e600000| Untracked 
| 231|0x000000008e700000, 0x000000008e700000, 0x000000008e800000|  0%| F|  |TAMS 0x000000008e700000, 0x000000008e700000| Untracked 
| 232|0x000000008e800000, 0x000000008e800000, 0x000000008e900000|  0%| F|  |TAMS 0x000000008e800000, 0x000000008e800000| Untracked 
| 233|0x000000008e900000, 0x000000008e900000, 0x000000008ea00000|  0%| F|  |TAMS 0x000000008e900000, 0x000000008e900000| Untracked 
| 234|0x000000008ea00000, 0x000000008ea00000, 0x000000008eb00000|  0%| F|  |TAMS 0x000000008ea00000, 0x000000008ea00000| Untracked 
| 235|0x000000008eb00000, 0x000000008eb00000, 0x000000008ec00000|  0%| F|  |TAMS 0x000000008eb00000, 0x000000008eb00000| Untracked 
| 236|0x000000008ec00000, 0x000000008ec00000, 0x000000008ed00000|  0%| F|  |TAMS 0x000000008ec00000, 0x000000008ec00000| Untracked 
| 237|0x000000008ed00000, 0x000000008ed00000, 0x000000008ee00000|  0%| F|  |TAMS 0x000000008ed00000, 0x000000008ed00000| Untracked 
| 238|0x000000008ee00000, 0x000000008ee00000, 0x000000008ef00000|  0%| F|  |TAMS 0x000000008ee00000, 0x000000008ee00000| Untracked 
| 239|0x000000008ef00000, 0x000000008ef00000, 0x000000008f000000|  0%| F|  |TAMS 0x000000008ef00000, 0x000000008ef00000| Untracked 
| 240|0x000000008f000000, 0x000000008f000000, 0x000000008f100000|  0%| F|  |TAMS 0x000000008f000000, 0x000000008f000000| Untracked 
| 241|0x000000008f100000, 0x000000008f100000, 0x000000008f200000|  0%| F|  |TAMS 0x000000008f100000, 0x000000008f100000| Untracked 
| 242|0x000000008f200000, 0x000000008f200000, 0x000000008f300000|  0%| F|  |TAMS 0x000000008f200000, 0x000000008f200000| Untracked 
| 243|0x000000008f300000, 0x000000008f3e99f0, 0x000000008f400000| 91%| S|CS|TAMS 0x000000008f300000, 0x000000008f300000| Complete 
| 244|0x000000008f400000, 0x000000008f500000, 0x000000008f500000|100%| S|CS|TAMS 0x000000008f400000, 0x000000008f400000| Complete 
| 245|0x000000008f500000, 0x000000008f600000, 0x000000008f600000|100%| S|CS|TAMS 0x000000008f500000, 0x000000008f500000| Complete 
| 246|0x000000008f600000, 0x000000008f600000, 0x000000008f700000|  0%| F|  |TAMS 0x000000008f600000, 0x000000008f600000| Untracked 
| 247|0x000000008f700000, 0x000000008f700000, 0x000000008f800000|  0%| F|  |TAMS 0x000000008f700000, 0x000000008f700000| Untracked 
| 248|0x000000008f800000, 0x000000008f800000, 0x000000008f900000|  0%| F|  |TAMS 0x000000008f800000, 0x000000008f800000| Untracked 
| 249|0x000000008f900000, 0x000000008f900000, 0x000000008fa00000|  0%| F|  |TAMS 0x000000008f900000, 0x000000008f900000| Untracked 
| 250|0x000000008fa00000, 0x000000008fa00000, 0x000000008fb00000|  0%| F|  |TAMS 0x000000008fa00000, 0x000000008fa00000| Untracked 
| 251|0x000000008fb00000, 0x000000008fb00000, 0x000000008fc00000|  0%| F|  |TAMS 0x000000008fb00000, 0x000000008fb00000| Untracked 
| 252|0x000000008fc00000, 0x000000008fc262a8, 0x000000008fd00000| 14%| E|  |TAMS 0x000000008fc00000, 0x000000008fc00000| Complete 
| 253|0x000000008fd00000, 0x000000008fe00000, 0x000000008fe00000|100%| E|CS|TAMS 0x000000008fd00000, 0x000000008fd00000| Complete 
| 254|0x000000008fe00000, 0x000000008ff00000, 0x000000008ff00000|100%| E|CS|TAMS 0x000000008fe00000, 0x000000008fe00000| Complete 
| 255|0x000000008ff00000, 0x0000000090000000, 0x0000000090000000|100%| E|CS|TAMS 0x000000008ff00000, 0x000000008ff00000| Complete 
| 256|0x0000000090000000, 0x0000000090100000, 0x0000000090100000|100%| E|CS|TAMS 0x0000000090000000, 0x0000000090000000| Complete 
| 257|0x0000000090100000, 0x0000000090200000, 0x0000000090200000|100%| E|CS|TAMS 0x0000000090100000, 0x0000000090100000| Complete 
| 258|0x0000000090200000, 0x0000000090300000, 0x0000000090300000|100%| E|CS|TAMS 0x0000000090200000, 0x0000000090200000| Complete 
| 259|0x0000000090300000, 0x0000000090400000, 0x0000000090400000|100%| E|CS|TAMS 0x0000000090300000, 0x0000000090300000| Complete 
| 260|0x0000000090400000, 0x0000000090500000, 0x0000000090500000|100%| E|CS|TAMS 0x0000000090400000, 0x0000000090400000| Complete 
| 261|0x0000000090500000, 0x0000000090600000, 0x0000000090600000|100%| E|CS|TAMS 0x0000000090500000, 0x0000000090500000| Complete 

Card table byte_map: [0x000001e0b0100000,0x000001e0b0500000] _byte_map_base: 0x000001e0afd00000

Marking Bits (Prev, Next): (CMBitMap*) 0x000001e0982b5cb0, (CMBitMap*) 0x000001e0982b5c78
 Prev Bits: [0x000001e0b2900000, 0x000001e0b4900000)
 Next Bits: [0x000001e0b0900000, 0x000001e0b2900000)

Polling page: 0x000001e097a50000

Metaspace:

Usage:
  Non-class:    122.61 MB capacity,   120.12 MB ( 98%) used,     2.08 MB (  2%) free+waste,   416.06 KB ( <1%) overhead. 
      Class:     19.36 MB capacity,    17.80 MB ( 92%) used,     1.38 MB (  7%) free+waste,   184.63 KB ( <1%) overhead. 
       Both:    141.97 MB capacity,   137.92 MB ( 97%) used,     3.47 MB (  2%) free+waste,   600.69 KB ( <1%) overhead. 

Virtual space:
  Non-class space:      124.00 MB reserved,     122.71 MB ( 99%) committed 
      Class space:      504.00 MB reserved,      19.38 MB (  4%) committed 
             Both:      628.00 MB reserved,     142.08 MB ( 23%) committed 

Chunk freelists:
   Non-Class:  32.00 KB
       Class:  15.00 KB
        Both:  47.00 KB

MaxMetaspaceSize: 512.00 MB
CompressedClassSpaceSize: 504.00 MB
Initial GC threshold: 20.80 MB
Current GC threshold: 234.93 MB
CDS: off

CodeHeap 'non-profiled nmethods': size=120000Kb used=11869Kb max_used=11869Kb free=108130Kb
 bounds [0x000001e0a84a0000, 0x000001e0a9040000, 0x000001e0af9d0000]
CodeHeap 'profiled nmethods': size=120000Kb used=40588Kb max_used=40588Kb free=79412Kb
 bounds [0x000001e0a0f70000, 0x000001e0a3720000, 0x000001e0a84a0000]
CodeHeap 'non-nmethods': size=5760Kb used=2447Kb max_used=2482Kb free=3312Kb
 bounds [0x000001e0a09d0000, 0x000001e0a0c60000, 0x000001e0a0f70000]
 total_blobs=19335 nmethods=18345 adapters=901
 compilation: enabled
              stopped_count=0, restarted_count=0
 full_count=0

Compilation events (20 events):
Event: 1676.564 Thread 0x000001e0b7c96800 nmethod 18863 0x000001e0a370a890 code [0x000001e0a370aa40, 0x000001e0a370ac18]
Event: 1676.586 Thread 0x000001e0b7c94000 18864       4       java.security.MessageDigest::digest (12 bytes)
Event: 1676.598 Thread 0x000001e0b7c94000 nmethod 18864 0x000001e0a902f290 code [0x000001e0a902f460, 0x000001e0a902f838]
Event: 1676.617 Thread 0x000001e0b7c96800 18865       3       java.util.Collections$2::characteristics (33 bytes)
Event: 1676.624 Thread 0x000001e0b7c96800 nmethod 18865 0x000001e0a370ad10 code [0x000001e0a370aec0, 0x000001e0a370b038]
Event: 1676.673 Thread 0x000001e0b7c96800 18866       3       org.gradle.launcher.daemon.server.health.gc.GarbageCollectionStats::<init> (47 bytes)
Event: 1676.678 Thread 0x000001e0b7c96800 nmethod 18866 0x000001e0a370b110 code [0x000001e0a370b2e0, 0x000001e0a370b508]
Event: 1676.722 Thread 0x000001e0b7c94000 18867       4       org.gradle.internal.classloader.FilteringClassLoader::classAllowed (80 bytes)
Event: 1677.072 Thread 0x000001e0b7c94000 nmethod 18867 0x000001e0a902fc90 code [0x000001e0a90300c0, 0x000001e0a9035330]
Event: 1678.530 Thread 0x000001e0b7c96800 18868       3       sun.nio.fs.WindowsPathParser::normalize (233 bytes)
Event: 1678.549 Thread 0x000001e0b7c96800 nmethod 18868 0x000001e0a370b610 code [0x000001e0a370bc80, 0x000001e0a370f188]
Event: 1678.549 Thread 0x000001e0b7c96800 18869   !   3       java.util.Locale::getDefault (132 bytes)
Event: 1678.551 Thread 0x000001e0b7c96800 nmethod 18869 0x000001e0a3710510 code [0x000001e0a3710740, 0x000001e0a3710f78]
Event: 1678.551 Thread 0x000001e0b7c96800 18870       3       sun.util.locale.provider.LocaleResources::removeEmptyReferences (33 bytes)
Event: 1678.552 Thread 0x000001e0b7c96800 nmethod 18870 0x000001e0a3711190 code [0x000001e0a3711380, 0x000001e0a3711a18]
Event: 1678.575 Thread 0x000001e0b7c94000 18871       4       java.security.MessageDigest::update (14 bytes)
Event: 1678.581 Thread 0x000001e0b7c94000 nmethod 18871 0x000001e0a9037290 code [0x000001e0a9037420, 0x000001e0a90374b8]
Event: 1678.607 Thread 0x000001e0b7c94000 18872       4       sun.invoke.util.VerifyAccess::isClassAccessible (182 bytes)
Event: 1678.612 Thread 0x000001e0b7c96800 18873       3       java.lang.PublicMethods$MethodList::getMostSpecific (63 bytes)
Event: 1678.615 Thread 0x000001e0b7c96800 nmethod 18873 0x000001e0a3711c10 code [0x000001e0a3711de0, 0x000001e0a37120e8]

GC Heap History (20 events):
Event: 660.031 GC heap before
{Heap before GC invocations=119 (full 0):
 garbage-first heap   total 152576K, used 134656K [0x0000000080000000, 0x0000000100000000)
  region size 1024K, 7 young (7168K), 1 survivors (1024K)
 Metaspace       used 132393K, capacity 136293K, committed 136404K, reserved 634880K
  class space    used 17138K, capacity 18593K, committed 18688K, reserved 516096K
}
Event: 660.035 GC heap after
{Heap after GC invocations=120 (full 0):
 garbage-first heap   total 152576K, used 128889K [0x0000000080000000, 0x0000000100000000)
  region size 1024K, 1 young (1024K), 1 survivors (1024K)
 Metaspace       used 132393K, capacity 136293K, committed 136404K, reserved 634880K
  class space    used 17138K, capacity 18593K, committed 18688K, reserved 516096K
}
Event: 660.134 GC heap before
{Heap before GC invocations=120 (full 0):
 garbage-first heap   total 152576K, used 135033K [0x0000000080000000, 0x0000000100000000)
  region size 1024K, 7 young (7168K), 1 survivors (1024K)
 Metaspace       used 133174K, capacity 137077K, committed 137172K, reserved 634880K
  class space    used 17170K, capacity 18633K, committed 18688K, reserved 516096K
}
Event: 660.172 GC heap after
{Heap after GC invocations=121 (full 0):
 garbage-first heap   total 152576K, used 128606K [0x0000000080000000, 0x0000000100000000)
  region size 1024K, 1 young (1024K), 1 survivors (1024K)
 Metaspace       used 133174K, capacity 137077K, committed 137172K, reserved 634880K
  class space    used 17170K, capacity 18633K, committed 18688K, reserved 516096K
}
Event: 660.232 GC heap before
{Heap before GC invocations=121 (full 0):
 garbage-first heap   total 152576K, used 134750K [0x0000000080000000, 0x0000000100000000)
  region size 1024K, 7 young (7168K), 1 survivors (1024K)
 Metaspace       used 133266K, capacity 137211K, committed 137428K, reserved 636928K
  class space    used 17178K, capacity 18634K, committed 18688K, reserved 516096K
}
Event: 660.359 GC heap after
{Heap after GC invocations=122 (full 0):
 garbage-first heap   total 268288K, used 129385K [0x0000000080000000, 0x0000000100000000)
  region size 1024K, 1 young (1024K), 1 survivors (1024K)
 Metaspace       used 133266K, capacity 137211K, committed 137428K, reserved 636928K
  class space    used 17178K, capacity 18634K, committed 18688K, reserved 516096K
}
Event: 1663.317 GC heap before
{Heap before GC invocations=123 (full 0):
 garbage-first heap   total 268288K, used 179561K [0x0000000080000000, 0x0000000100000000)
  region size 1024K, 51 young (52224K), 1 survivors (1024K)
 Metaspace       used 134277K, capacity 138183K, committed 138324K, reserved 636928K
  class space    used 17271K, capacity 18739K, committed 18816K, reserved 516096K
}
Event: 1664.290 GC heap after
{Heap after GC invocations=124 (full 0):
 garbage-first heap   total 268288K, used 132046K [0x0000000080000000, 0x0000000100000000)
  region size 1024K, 4 young (4096K), 4 survivors (4096K)
 Metaspace       used 134277K, capacity 138183K, committed 138324K, reserved 636928K
  class space    used 17271K, capacity 18739K, committed 18816K, reserved 516096K
}
Event: 1666.090 GC heap before
{Heap before GC invocations=124 (full 0):
 garbage-first heap   total 268288K, used 140238K [0x0000000080000000, 0x0000000100000000)
  region size 1024K, 13 young (13312K), 4 survivors (4096K)
 Metaspace       used 135664K, capacity 139591K, committed 139860K, reserved 638976K
  class space    used 17531K, capacity 19018K, committed 19072K, reserved 516096K
}
Event: 1666.143 GC heap after
{Heap after GC invocations=125 (full 0):
 garbage-first heap   total 268288K, used 132706K [0x0000000080000000, 0x0000000100000000)
  region size 1024K, 1 young (1024K), 1 survivors (1024K)
 Metaspace       used 135664K, capacity 139591K, committed 139860K, reserved 638976K
  class space    used 17531K, capacity 19018K, committed 19072K, reserved 516096K
}
Event: 1668.871 GC heap before
{Heap before GC invocations=126 (full 0):
 garbage-first heap   total 268288K, used 162402K [0x0000000080000000, 0x0000000100000000)
  region size 1024K, 31 young (31744K), 1 survivors (1024K)
 Metaspace       used 137484K, capacity 141331K, committed 141652K, reserved 638976K
  class space    used 17780K, capacity 19235K, committed 19328K, reserved 516096K
}
Event: 1669.222 GC heap after
{Heap after GC invocations=127 (full 0):
 garbage-first heap   total 268288K, used 133833K [0x0000000080000000, 0x0000000100000000)
  region size 1024K, 2 young (2048K), 2 survivors (2048K)
 Metaspace       used 137484K, capacity 141331K, committed 141652K, reserved 638976K
  class space    used 17780K, capacity 19235K, committed 19328K, reserved 516096K
}
Event: 1669.724 GC heap before
{Heap before GC invocations=127 (full 0):
 garbage-first heap   total 268288K, used 144073K [0x0000000080000000, 0x0000000100000000)
  region size 1024K, 13 young (13312K), 2 survivors (2048K)
 Metaspace       used 138955K, capacity 142957K, committed 143060K, reserved 641024K
  class space    used 17926K, capacity 19432K, committed 19456K, reserved 516096K
}
Event: 1669.827 GC heap after
{Heap after GC invocations=128 (full 0):
 garbage-first heap   total 268288K, used 130248K [0x0000000080000000, 0x0000000100000000)
  region size 1024K, 2 young (2048K), 2 survivors (2048K)
 Metaspace       used 138955K, capacity 142957K, committed 143060K, reserved 641024K
  class space    used 17926K, capacity 19432K, committed 19456K, reserved 516096K
}
Event: 1674.882 GC heap before
{Heap before GC invocations=128 (full 0):
 garbage-first heap   total 268288K, used 140488K [0x0000000080000000, 0x0000000100000000)
  region size 1024K, 13 young (13312K), 2 survivors (2048K)
 Metaspace       used 139608K, capacity 143708K, committed 143956K, reserved 641024K
  class space    used 17991K, capacity 19555K, committed 19584K, reserved 516096K
}
Event: 1674.890 GC heap after
{Heap after GC invocations=129 (full 0):
 garbage-first heap   total 268288K, used 130993K [0x0000000080000000, 0x0000000100000000)
  region size 1024K, 2 young (2048K), 2 survivors (2048K)
 Metaspace       used 139608K, capacity 143708K, committed 143956K, reserved 641024K
  class space    used 17991K, capacity 19555K, committed 19584K, reserved 516096K
}
Event: 1675.460 GC heap before
{Heap before GC invocations=130 (full 0):
 garbage-first heap   total 268288K, used 148401K [0x0000000080000000, 0x0000000100000000)
  region size 1024K, 19 young (19456K), 2 survivors (2048K)
 Metaspace       used 139678K, capacity 143720K, committed 143956K, reserved 641024K
  class space    used 17994K, capacity 19557K, committed 19584K, reserved 516096K
}
Event: 1675.468 GC heap after
{Heap after GC invocations=131 (full 0):
 garbage-first heap   total 268288K, used 132159K [0x0000000080000000, 0x0000000100000000)
  region size 1024K, 2 young (2048K), 2 survivors (2048K)
 Metaspace       used 139678K, capacity 143720K, committed 143956K, reserved 641024K
  class space    used 17994K, capacity 19557K, committed 19584K, reserved 516096K
}
Event: 1676.037 GC heap before
{Heap before GC invocations=131 (full 0):
 garbage-first heap   total 268288K, used 148543K [0x0000000080000000, 0x0000000100000000)
  region size 1024K, 18 young (18432K), 2 survivors (2048K)
 Metaspace       used 139831K, capacity 143941K, committed 144084K, reserved 641024K
  class space    used 18017K, capacity 19607K, committed 19712K, reserved 516096K
}
Event: 1676.048 GC heap after
{Heap after GC invocations=132 (full 0):
 garbage-first heap   total 268288K, used 133975K [0x0000000080000000, 0x0000000100000000)
  region size 1024K, 3 young (3072K), 3 survivors (3072K)
 Metaspace       used 139831K, capacity 143941K, committed 144084K, reserved 641024K
  class space    used 18017K, capacity 19607K, committed 19712K, reserved 516096K
}

Deoptimization events (20 events):
Event: 1678.665 Thread 0x000001e0bc477800 Uncommon trap: trap_request=0xffffffde fr.pc=0x000001e0a85c4a94 relative=0x0000000000000334
Event: 1678.665 Thread 0x000001e0bc477800 Uncommon trap: reason=class_check action=maybe_recompile pc=0x000001e0a85c4a94 method=java.io.DataOutputStream.write(I)V @ 5 c2
Event: 1678.665 Thread 0x000001e0bc477800 DEOPT PACKING pc=0x000001e0a85c4a94 sp=0x00000037664f9c10
Event: 1678.665 Thread 0x000001e0bc477800 DEOPT UNPACKING pc=0x000001e0a0a1a1af sp=0x00000037664f9be8 mode 2
Event: 1678.665 Thread 0x000001e0bc477800 Uncommon trap: trap_request=0xffffffde fr.pc=0x000001e0a85c4a94 relative=0x0000000000000334
Event: 1678.665 Thread 0x000001e0bc477800 Uncommon trap: reason=class_check action=maybe_recompile pc=0x000001e0a85c4a94 method=java.io.DataOutputStream.write(I)V @ 5 c2
Event: 1678.665 Thread 0x000001e0bc477800 DEOPT PACKING pc=0x000001e0a85c4a94 sp=0x00000037664f9c10
Event: 1678.665 Thread 0x000001e0bc477800 DEOPT UNPACKING pc=0x000001e0a0a1a1af sp=0x00000037664f9be8 mode 2
Event: 1678.665 Thread 0x000001e0bc477800 Uncommon trap: trap_request=0xffffffde fr.pc=0x000001e0a85c4a94 relative=0x0000000000000334
Event: 1678.665 Thread 0x000001e0bc477800 Uncommon trap: reason=class_check action=maybe_recompile pc=0x000001e0a85c4a94 method=java.io.DataOutputStream.write(I)V @ 5 c2
Event: 1678.665 Thread 0x000001e0bc477800 DEOPT PACKING pc=0x000001e0a85c4a94 sp=0x00000037664f9c10
Event: 1678.665 Thread 0x000001e0bc477800 DEOPT UNPACKING pc=0x000001e0a0a1a1af sp=0x00000037664f9be8 mode 2
Event: 1678.665 Thread 0x000001e0bc477800 Uncommon trap: trap_request=0xffffffde fr.pc=0x000001e0a85b77d8 relative=0x0000000000000f78
Event: 1678.665 Thread 0x000001e0bc477800 Uncommon trap: reason=class_check action=maybe_recompile pc=0x000001e0a85b77d8 method=java.io.DataOutputStream.write(I)V @ 5 c2
Event: 1678.665 Thread 0x000001e0bc477800 DEOPT PACKING pc=0x000001e0a85b77d8 sp=0x00000037664f9c30
Event: 1678.665 Thread 0x000001e0bc477800 DEOPT UNPACKING pc=0x000001e0a0a1a1af sp=0x00000037664f9bc0 mode 2
Event: 1678.736 Thread 0x000001e0bc477800 Uncommon trap: trap_request=0xffffffde fr.pc=0x000001e0a8d5e51c relative=0x00000000000058fc
Event: 1678.736 Thread 0x000001e0bc477800 Uncommon trap: reason=class_check action=maybe_recompile pc=0x000001e0a8d5e51c method=java.io.ObjectOutputStream.writeObject0(Ljava/lang/Object;Z)V @ 240 c2
Event: 1678.736 Thread 0x000001e0bc477800 DEOPT PACKING pc=0x000001e0a8d5e51c sp=0x00000037664f9dd0
Event: 1678.737 Thread 0x000001e0bc477800 DEOPT UNPACKING pc=0x000001e0a0a1a1af sp=0x00000037664f9de8 mode 2

Classes redefined (0 events):
No events

Internal exceptions (20 events):
Event: 1669.925 Thread 0x000001e0ba0b7800 Exception <a 'sun/nio/fs/WindowsException'{0x00000000904af9e8}> (0x00000000904af9e8) thrown at [./src/hotspot/share/prims/jni.cpp, line 617]
Event: 1669.991 Thread 0x000001e0ba0b7800 Exception <a 'sun/nio/fs/WindowsException'{0x000000009034fcd0}> (0x000000009034fcd0) thrown at [./src/hotspot/share/prims/jni.cpp, line 617]
Event: 1669.992 Thread 0x000001e0ba0b7800 Exception <a 'sun/nio/fs/WindowsException'{0x000000009034fe38}> (0x000000009034fe38) thrown at [./src/hotspot/share/prims/jni.cpp, line 617]
Event: 1670.036 Thread 0x000001e0babd4000 Exception <a 'java/lang/ClassNotFoundException'{0x00000000903a8098}: settings_buyit6nty3pgh27k24j4jwln5BeanInfo> (0x00000000903a8098) thrown at [./src/hotspot/share/classfile/systemDictionary.cpp, line 230]
Event: 1670.037 Thread 0x000001e0babd4000 Exception <a 'java/lang/ClassNotFoundException'{0x00000000903b3308}: settings_buyit6nty3pgh27k24j4jwln5Customizer> (0x00000000903b3308) thrown at [./src/hotspot/share/classfile/systemDictionary.cpp, line 230]
Event: 1670.083 Thread 0x000001e0ba0ba800 Exception <a 'sun/nio/fs/WindowsException'{0x0000000090214be0}> (0x0000000090214be0) thrown at [./src/hotspot/share/prims/jni.cpp, line 617]
Event: 1670.085 Thread 0x000001e0ba0ba800 Exception <a 'sun/nio/fs/WindowsException'{0x0000000090218358}> (0x0000000090218358) thrown at [./src/hotspot/share/prims/jni.cpp, line 617]
Event: 1670.085 Thread 0x000001e0ba0ba800 Exception <a 'sun/nio/fs/WindowsException'{0x0000000090218388}> (0x0000000090218388) thrown at [./src/hotspot/share/prims/jni.cpp, line 617]
Event: 1670.095 Thread 0x000001e0ba0bc000 Exception <a 'sun/nio/fs/WindowsException'{0x000000009025b080}> (0x000000009025b080) thrown at [./src/hotspot/share/prims/jni.cpp, line 617]
Event: 1670.181 Thread 0x000001e0ba0bc000 Exception <a 'sun/nio/fs/WindowsException'{0x000000008ff98a60}> (0x000000008ff98a60) thrown at [./src/hotspot/share/prims/jni.cpp, line 617]
Event: 1670.181 Thread 0x000001e0ba0bc000 Exception <a 'sun/nio/fs/WindowsException'{0x000000008ff98b10}> (0x000000008ff98b10) thrown at [./src/hotspot/share/prims/jni.cpp, line 617]
Event: 1670.189 Thread 0x000001e0babd4000 Exception <a 'java/lang/ClassNotFoundException'{0x000000008ffd4c80}: native_modules_evcz7ziftr8zh8x3e7toxktu6BeanInfo> (0x000000008ffd4c80) thrown at [./src/hotspot/share/classfile/systemDictionary.cpp, line 230]
Event: 1670.189 Thread 0x000001e0babd4000 Exception <a 'java/lang/ClassNotFoundException'{0x000000008ffdaf10}: native_modules_evcz7ziftr8zh8x3e7toxktu6Customizer> (0x000000008ffdaf10) thrown at [./src/hotspot/share/classfile/systemDictionary.cpp, line 230]
Event: 1670.197 Thread 0x000001e0babd4000 Exception <a 'java/lang/ClassNotFoundException'{0x000000008fe17308}: ReactNativeModulesBeanInfo> (0x000000008fe17308) thrown at [./src/hotspot/share/classfile/systemDictionary.cpp, line 230]
Event: 1670.198 Thread 0x000001e0babd4000 Exception <a 'java/lang/ClassNotFoundException'{0x000000008fe1c040}: ReactNativeModulesCustomizer> (0x000000008fe1c040) thrown at [./src/hotspot/share/classfile/systemDictionary.cpp, line 230]
Event: 1675.451 Thread 0x000001e0ba0bc000 Exception <a 'sun/nio/fs/WindowsException'{0x000000008f9e7050}> (0x000000008f9e7050) thrown at [./src/hotspot/share/prims/jni.cpp, line 617]
Event: 1675.478 Thread 0x000001e0ba0bc000 Exception <a 'sun/nio/fs/WindowsException'{0x000000009053d4a8}> (0x000000009053d4a8) thrown at [./src/hotspot/share/prims/jni.cpp, line 617]
Event: 1675.479 Thread 0x000001e0ba0bc000 Exception <a 'sun/nio/fs/WindowsException'{0x000000009053d610}> (0x000000009053d610) thrown at [./src/hotspot/share/prims/jni.cpp, line 617]
Event: 1675.488 Thread 0x000001e0babd4000 Exception <a 'java/lang/ClassNotFoundException'{0x00000000905c0040}: build_m2jz8jc7aznt4e5f30llirg0BeanInfo> (0x00000000905c0040) thrown at [./src/hotspot/share/classfile/systemDictionary.cpp, line 230]
Event: 1675.489 Thread 0x000001e0babd4000 Exception <a 'java/lang/ClassNotFoundException'{0x00000000905cb9a8}: build_m2jz8jc7aznt4e5f30llirg0Customizer> (0x00000000905cb9a8) thrown at [./src/hotspot/share/classfile/systemDictionary.cpp, line 230]

Events (20 events):
Event: 1678.782 loading class java/rmi/activation/UnknownObjectException
Event: 1678.782 loading class java/rmi/activation/UnknownObjectException done
Event: 1678.782 loading class java/rmi/activation/ActivationGroupDesc
Event: 1678.782 loading class java/rmi/activation/ActivationGroupDesc done
Event: 1678.785 loading class java/io/ObjectInputStream$Caches
Event: 1678.785 loading class java/io/ObjectInputStream$Caches done
Event: 1678.785 loading class java/io/ObjectInputStream$Caches$1
Event: 1678.785 loading class java/io/ObjectInputStream$Caches$1 done
Event: 1678.787 loading class java/rmi/server/RMIClassLoader
Event: 1678.787 loading class java/rmi/server/RMIClassLoader done
Event: 1678.787 loading class java/rmi/server/RMIClassLoader$2
Event: 1678.787 loading class java/rmi/server/RMIClassLoaderSpi
Event: 1678.787 loading class java/rmi/server/RMIClassLoaderSpi done
Event: 1678.787 loading class java/rmi/server/RMIClassLoader$2 done
Event: 1678.787 loading class java/rmi/server/RMIClassLoader$1
Event: 1678.787 loading class java/rmi/server/RMIClassLoader$1 done
Event: 1678.815 loading class sun/rmi/server/LoaderHandler
Event: 1678.816 loading class sun/rmi/server/LoaderHandler done
Event: 1678.825 loading class org/jetbrains/kotlin/daemon/common/CompileService
Event: 1678.825 loading class org/jetbrains/kotlin/daemon/common/CompileService done


Dynamic libraries:
0x00007ff7e5c20000 - 0x00007ff7e5c2d000 	C:\Program Files\Eclipse Adoptium\jdk-11.0.16.8-hotspot\bin\java.exe
0x00007ff90a1b0000 - 0x00007ff90a3a8000 	C:\WINDOWS\SYSTEM32\ntdll.dll
0x00007ff908270000 - 0x00007ff90832d000 	C:\WINDOWS\System32\KERNEL32.DLL
0x00007ff907ee0000 - 0x00007ff9081b2000 	C:\WINDOWS\System32\KERNELBASE.dll
0x00007ff907ca0000 - 0x00007ff907da0000 	C:\WINDOWS\System32\ucrtbase.dll
0x00007ff8ee4e0000 - 0x00007ff8ee4f7000 	C:\Program Files\Eclipse Adoptium\jdk-11.0.16.8-hotspot\bin\jli.dll
0x00007ff908330000 - 0x00007ff9084cd000 	C:\WINDOWS\System32\USER32.dll
0x00007ff8ecc70000 - 0x00007ff8ecc85000 	C:\Program Files\Eclipse Adoptium\jdk-11.0.16.8-hotspot\bin\VCRUNTIME140.dll
0x00007ff907eb0000 - 0x00007ff907ed2000 	C:\WINDOWS\System32\win32u.dll
0x00007ff908c00000 - 0x00007ff908c2b000 	C:\WINDOWS\System32\GDI32.dll
0x00007ff907da0000 - 0x00007ff907eaf000 	C:\WINDOWS\System32\gdi32full.dll
0x00007ff907c00000 - 0x00007ff907c9d000 	C:\WINDOWS\System32\msvcp_win.dll
0x00007ff8f0540000 - 0x00007ff8f07da000 	C:\WINDOWS\WinSxS\amd64_microsoft.windows.common-controls_6595b64144ccf1df_6.0.19041.1110_none_60b5254171f9507e\COMCTL32.dll
0x00007ff909770000 - 0x00007ff90980e000 	C:\WINDOWS\System32\msvcrt.dll
0x00007ff9088f0000 - 0x00007ff908920000 	C:\WINDOWS\System32\IMM32.DLL
0x00007ff8ae5f0000 - 0x00007ff8ae68b000 	C:\Program Files\Eclipse Adoptium\jdk-11.0.16.8-hotspot\bin\msvcp140.dll
0x00007ff85eb50000 - 0x00007ff85f6d2000 	C:\Program Files\Eclipse Adoptium\jdk-11.0.16.8-hotspot\bin\server\jvm.dll
0x00007ff908840000 - 0x00007ff9088ee000 	C:\WINDOWS\System32\ADVAPI32.dll
0x00007ff9096d0000 - 0x00007ff90976c000 	C:\WINDOWS\System32\sechost.dll
0x00007ff908c30000 - 0x00007ff908d55000 	C:\WINDOWS\System32\RPCRT4.dll
0x00007ff909340000 - 0x00007ff909348000 	C:\WINDOWS\System32\PSAPI.DLL
0x00007ff903050000 - 0x00007ff903059000 	C:\WINDOWS\SYSTEM32\WSOCK32.dll
0x00007ff908b90000 - 0x00007ff908bfb000 	C:\WINDOWS\System32\WS2_32.dll
0x00007ff8fd8f0000 - 0x00007ff8fd917000 	C:\WINDOWS\SYSTEM32\WINMM.dll
0x00007ff8fdb20000 - 0x00007ff8fdb2a000 	C:\WINDOWS\SYSTEM32\VERSION.dll
0x00007ff9060d0000 - 0x00007ff9060e2000 	C:\WINDOWS\SYSTEM32\kernel.appcore.dll
0x00007ff8ed9d0000 - 0x00007ff8ed9e0000 	C:\Program Files\Eclipse Adoptium\jdk-11.0.16.8-hotspot\bin\verify.dll
0x00007ff905710000 - 0x00007ff9058f4000 	C:\WINDOWS\SYSTEM32\DBGHELP.DLL
0x00007ff8e0de0000 - 0x00007ff8e0e0c000 	C:\WINDOWS\SYSTEM32\dbgcore.DLL
0x00007ff907a10000 - 0x00007ff907a92000 	C:\WINDOWS\System32\bcryptPrimitives.dll
0x00007ff8cdc70000 - 0x00007ff8cdc98000 	C:\Program Files\Eclipse Adoptium\jdk-11.0.16.8-hotspot\bin\java.dll
0x00007ff8ecdd0000 - 0x00007ff8ecdda000 	C:\Program Files\Eclipse Adoptium\jdk-11.0.16.8-hotspot\bin\jimage.dll
0x00007ff8d51e0000 - 0x00007ff8d51f8000 	C:\Program Files\Eclipse Adoptium\jdk-11.0.16.8-hotspot\bin\zip.dll
0x00007ff909a20000 - 0x00007ff90a163000 	C:\WINDOWS\System32\SHELL32.dll
0x00007ff905900000 - 0x00007ff906091000 	C:\WINDOWS\SYSTEM32\windows.storage.dll
0x00007ff9084d0000 - 0x00007ff908824000 	C:\WINDOWS\System32\combase.dll
0x00007ff907320000 - 0x00007ff907350000 	C:\WINDOWS\SYSTEM32\Wldp.dll
0x00007ff909620000 - 0x00007ff9096cd000 	C:\WINDOWS\System32\SHCORE.dll
0x00007ff908210000 - 0x00007ff908265000 	C:\WINDOWS\System32\shlwapi.dll
0x00007ff907800000 - 0x00007ff90781f000 	C:\WINDOWS\SYSTEM32\profapi.dll
0x00007ff8d11f0000 - 0x00007ff8d1209000 	C:\Program Files\Eclipse Adoptium\jdk-11.0.16.8-hotspot\bin\net.dll
0x00007ff8fd430000 - 0x00007ff8fd53d000 	C:\WINDOWS\SYSTEM32\WINHTTP.dll
0x00007ff907030000 - 0x00007ff90709a000 	C:\WINDOWS\system32\mswsock.dll
0x00007ff8cddd0000 - 0x00007ff8cdde3000 	C:\Program Files\Eclipse Adoptium\jdk-11.0.16.8-hotspot\bin\nio.dll
0x00007ff8cb3a0000 - 0x00007ff8cb3c7000 	C:\Users\hp\.gradle\native\e1d6ef7f7dcc3fd88c89a11ec53ec762bb8ba0a96d01ffa2cd45eb1d1d8dd5c5\windows-amd64\native-platform.dll
0x00007ff8a4830000 - 0x00007ff8a4974000 	C:\Users\hp\.gradle\native\0d407fdbe67a94daf76414ababcb853783967236a71b16ec16e742cd7a986fd3\windows-amd64\native-platform-file-events.dll
0x00007ff904bc0000 - 0x00007ff904bc9000 	C:\Program Files\Eclipse Adoptium\jdk-11.0.16.8-hotspot\bin\management.dll
0x00007ff8ecd60000 - 0x00007ff8ecd6b000 	C:\Program Files\Eclipse Adoptium\jdk-11.0.16.8-hotspot\bin\management_ext.dll
0x00007ff907210000 - 0x00007ff907228000 	C:\WINDOWS\SYSTEM32\CRYPTSP.dll
0x00007ff9068f0000 - 0x00007ff906924000 	C:\WINDOWS\system32\rsaenh.dll
0x00007ff9079e0000 - 0x00007ff907a07000 	C:\WINDOWS\System32\bcrypt.dll
0x00007ff9077c0000 - 0x00007ff9077ee000 	C:\WINDOWS\SYSTEM32\USERENV.dll
0x00007ff907230000 - 0x00007ff90723c000 	C:\WINDOWS\SYSTEM32\CRYPTBASE.dll
0x00007ff906cf0000 - 0x00007ff906d2b000 	C:\WINDOWS\SYSTEM32\IPHLPAPI.DLL
0x00007ff908ad0000 - 0x00007ff908ad8000 	C:\WINDOWS\System32\NSI.dll
0x00007ff8fa820000 - 0x00007ff8fa837000 	C:\WINDOWS\SYSTEM32\dhcpcsvc6.DLL
0x00007ff8fa7e0000 - 0x00007ff8fa7fd000 	C:\WINDOWS\SYSTEM32\dhcpcsvc.DLL
0x00007ff906d30000 - 0x00007ff906dfa000 	C:\WINDOWS\SYSTEM32\DNSAPI.dll
0x00007ff904b10000 - 0x00007ff904b35000 	C:\Program Files\Eclipse Adoptium\jdk-11.0.16.8-hotspot\bin\sunec.dll
0x00007ff900260000 - 0x00007ff90026a000 	C:\Windows\System32\rasadhlp.dll
0x00007ff8f5b40000 - 0x00007ff8f5bc0000 	C:\WINDOWS\System32\fwpuclnt.dll
0x00007ff904d20000 - 0x00007ff904d2e000 	C:\Program Files\Eclipse Adoptium\jdk-11.0.16.8-hotspot\bin\sunmscapi.dll
0x00007ff907aa0000 - 0x00007ff907bf6000 	C:\WINDOWS\System32\CRYPT32.dll
0x00007ff907390000 - 0x00007ff9073b7000 	C:\WINDOWS\SYSTEM32\ncrypt.dll
0x00007ff907350000 - 0x00007ff90738b000 	C:\WINDOWS\SYSTEM32\NTASN1.dll
0x00007ff906a10000 - 0x00007ff906a43000 	C:\WINDOWS\SYSTEM32\ntmarta.dll
0x00007ff8cdf20000 - 0x00007ff8cdf3e000 	C:\Users\hp\AppData\Local\Temp\native-platform7725098387098617409dir\native-platform.dll

dbghelp: loaded successfully - version: 4.0.5 - missing functions: none
symbol engine: initialized successfully - sym options: 0x614 - pdb path: .;C:\Program Files\Eclipse Adoptium\jdk-11.0.16.8-hotspot\bin;C:\WINDOWS\SYSTEM32;C:\WINDOWS\WinSxS\amd64_microsoft.windows.common-controls_6595b64144ccf1df_6.0.19041.1110_none_60b5254171f9507e;C:\Program Files\Eclipse Adoptium\jdk-11.0.16.8-hotspot\bin\server;C:\Users\hp\.gradle\native\e1d6ef7f7dcc3fd88c89a11ec53ec762bb8ba0a96d01ffa2cd45eb1d1d8dd5c5\windows-amd64;C:\Users\hp\.gradle\native\0d407fdbe67a94daf76414ababcb853783967236a71b16ec16e742cd7a986fd3\windows-amd64;C:\Users\hp\AppData\Local\Temp\native-platform7725098387098617409dir

VM Arguments:
jvm_args: -XX:MaxMetaspaceSize=512m --add-opens=java.base/java.util=ALL-UNNAMED --add-opens=java.base/java.lang=ALL-UNNAMED --add-opens=java.base/java.lang.invoke=ALL-UNNAMED --add-opens=java.base/java.util=ALL-UNNAMED --add-opens=java.prefs/java.util.prefs=ALL-UNNAMED --add-opens=java.prefs/java.util.prefs=ALL-UNNAMED --add-opens=java.base/java.nio.charset=ALL-UNNAMED --add-opens=java.base/java.net=ALL-UNNAMED --add-opens=java.base/java.util.concurrent.atomic=ALL-UNNAMED -Xmx2048m -Dfile.encoding=windows-1252 -Duser.country=ID -Duser.language=en -Duser.variant 
java_command: org.gradle.launcher.daemon.bootstrap.GradleDaemon 7.5.1
java_class_path (initial): C:\Users\hp\.gradle\wrapper\dists\gradle-7.5.1-all\1ehga6e77gqps5uk2kc5kf1vc\gradle-7.5.1\lib\gradle-launcher-7.5.1.jar
Launcher Type: SUN_STANDARD

[Global flags]
     intx CICompilerCount                          = 4                                         {product} {ergonomic}
   size_t CompressedClassSpaceSize                 = 528482304                                 {product} {ergonomic}
     uint ConcGCThreads                            = 2                                         {product} {ergonomic}
     uint G1ConcRefinementThreads                  = 8                                         {product} {ergonomic}
   size_t G1HeapRegionSize                         = 1048576                                   {product} {ergonomic}
    uintx GCDrainStackTargetSize                   = 64                                        {product} {ergonomic}
   size_t InitialHeapSize                          = 100663296                                 {product} {ergonomic}
   size_t MarkStackSize                            = 4194304                                   {product} {ergonomic}
   size_t MaxHeapSize                              = 2147483648                                {product} {command line}
   size_t MaxMetaspaceSize                         = 536870912                                 {product} {command line}
   size_t MaxNewSize                               = 1287651328                                {product} {ergonomic}
   size_t MinHeapDeltaBytes                        = 1048576                                   {product} {ergonomic}
    uintx NonNMethodCodeHeapSize                   = 5836300                                {pd product} {ergonomic}
    uintx NonProfiledCodeHeapSize                  = 122910970                              {pd product} {ergonomic}
    uintx ProfiledCodeHeapSize                     = 122910970                              {pd product} {ergonomic}
    uintx ReservedCodeCacheSize                    = 251658240                              {pd product} {ergonomic}
     bool SegmentedCodeCache                       = true                                      {product} {ergonomic}
     bool UseCompressedClassPointers               = true                                 {lp64_product} {ergonomic}
     bool UseCompressedOops                        = true                                 {lp64_product} {ergonomic}
     bool UseG1GC                                  = true                                      {product} {ergonomic}
     bool UseLargePagesIndividualAllocation        = false                                  {pd product} {ergonomic}

Logging:
Log output configuration:
 #0: stdout all=warning uptime,level,tags
 #1: stderr all=off uptime,level,tags

Environment Variables:
CLASSPATH=C:\Windows\System32\Android1\android\\gradle\wrapper\gradle-wrapper.jar
PATH=C:\Windows\System32\Android1\android\node_modules\.bin;C:\Windows\System32\Android1\node_modules\.bin;C:\Windows\System32\node_modules\.bin;C:\Windows\node_modules\.bin;C:\node_modules\.bin;C:\Program Files\nodejs;C:\Users\hp\AppData\Local\Temp\yarn--1667010737761-0.3979515029155516;C:\Windows\System32\Android1\node_modules\.bin;C:\Users\hp\AppData\Local\Yarn\Data\link\node_modules\.bin;C:\Users\hp\AppData\Local\Yarn\bin;C:\Program Files\libexec\lib\node_modules\npm\bin\node-gyp-bin;C:\Program Files\lib\node_modules\npm\bin\node-gyp-bin;C:\Program Files\nodejs\node_modules\npm\bin\node-gyp-bin;C:\Program Files\Eclipse Adoptium\jdk-11.0.16.8-hotspot\bin;C:\Program Files\Common Files\Oracle\Java\javapath;C:\Program Files (x86)\Common Files\Intel\Shared Libraries\redist\intel64\compiler;C:\Program Files\Microsoft MPI\Bin\;C:\windows\system32;C:\windows;C:\windows\System32\Wbem;C:\windows\System32\WindowsPowerShell\v1.0\;C:\windows\System32\OpenSSH\;C:\Program Files (x86)\NVIDIA Corporation\PhysX\Common;C:\Program Files\NVIDIA Corporation\NVIDIA NvDLISR;C:\Program Files\Microsoft SQL Server\130\Tools\Binn\;C:\Program Files\Microsoft SQL Server\Client SDK\ODBC\170\Tools\Binn\;C:\Program Files (x86)\Microsoft SQL Server\150\Tools\Binn\;C:\Program Files\Microsoft SQL Server\150\Tools\Binn\;C:\Program Files\Microsoft SQL Server\150\DTS\Binn\;C:\Program Files\Git\cmd;C:\xampp\php;C:\WINDOWS\system32;C:\WINDOWS;C:\WINDOWS\System32\Wbem;C:\WINDOWS\System32\WindowsPowerShell\v1.0\;C:\WINDOWS\System32\OpenSSH\;C:\Program Files\Microsoft SQL Server\120\Tools\Binn\;C:\Program Files\heroku\bin;C:\Program Files\Java\jdk-18.0.1.1\bin;C:\Program Files\nodejs\;C:\ProgramData\chocolatey\bin;C:\Users\hp\AppData\Local\Android\Sdk\platform-tools;C:\Users\hp\AppData\Local\Android\Sdk;C:\Users\hp\AppData\Local\Programs\Python\Python39\Scripts\;C:\Users\hp\AppData\Local\Programs\Python\Python39\;C:\Users\hp\AppData\Local\Microsoft\WindowsApps;C:\Users\hp\AppData\Local\Programs\Microsoft VS 
USERNAME=hp
OS=Windows_NT
PROCESSOR_IDENTIFIER=AMD64 Family 23 Model 24 Stepping 1, AuthenticAMD
TMP=C:\Users\hp\AppData\Local\Temp
TEMP=C:\Users\hp\AppData\Local\Temp



---------------  S Y S T E M  ---------------

OS: Windows 10 , 64 bit Build 19041 (10.0.19041.1889)
OS uptime: 9 days 14:23 hours
Hyper-V role detected

CPU:total 8 (initial active 8) (8 cores per cpu, 2 threads per core) family 23 model 24 stepping 1 microcode 0x0, cmov, cx8, fxsr, mmx, sse, sse2, sse3, ssse3, sse4.1, sse4.2, popcnt, avx, avx2, aes, clmul, mmxext, 3dnowpref, lzcnt, sse4a, ht, tsc, tscinvbit, tscinv, bmi1, bmi2, adx, sha, fma

Memory: 4k page, system-wide physical 6021M (106M free)
TotalPageFile size 24453M (AvailPageFile size 4M)
current process WorkingSet (physical memory assigned to process): 302M, peak: 403M
current process commit charge ("private bytes"): 652M, peak: 656M

vm_info: OpenJDK 64-Bit Server VM (11.0.16+8) for windows-amd64 JRE (11.0.16+8), built on Jul 20 2022 07:15:32 by "" with MS VC++ 15.9 (VS2017)

END.
