#
# There is insufficient memory for the Java Runtime Environment to continue.
# Native memory allocation (mmap) failed to map 65536 bytes for Failed to commit area from 0x0000024f3e760000 to 0x0000024f3e770000 of length 65536.
# Possible reasons:
#   The system is out of physical RAM or swap space
#   The process is running with CompressedOops enabled, and the Java Heap may be blocking the growth of the native heap
# Possible solutions:
#   Reduce memory load on the system
#   Increase physical memory or swap space
#   Check if swap backing store is full
#   Decrease Java heap size (-Xmx/-Xms)
#   Decrease number of Java threads
#   Decrease Java thread stack sizes (-Xss)
#   Set larger code cache with -XX:ReservedCodeCacheSize=
#   JVM is running with Unscaled Compressed Oops mode in which the Java heap is
#     placed in the first 4GB address space. The Java Heap base address is the
#     maximum limit for the native heap growth. Please use -XX:HeapBaseMinAddress
#     to set the Java Heap base and to place the Java Heap above 4GB virtual address.
# This output file may be truncated or incomplete.
#
#  Out of Memory Error (./src/hotspot/os/windows/os_windows.cpp:3386), pid=24324, tid=20788
#
# JRE version: OpenJDK Runtime Environment Temurin-11.0.16+8 (11.0.16+8) (build 11.0.16+8)
# Java VM: OpenJDK 64-Bit Server VM Temurin-11.0.16+8 (11.0.16+8, mixed mode, tiered, compressed oops, g1 gc, windows-amd64)
# No core dump will be written. Minidumps are not enabled by default on client versions of Windows
#

---------------  S U M M A R Y ------------

Command Line: -XX:MaxMetaspaceSize=512m --add-opens=java.base/java.util=ALL-UNNAMED --add-opens=java.base/java.lang=ALL-UNNAMED --add-opens=java.base/java.lang.invoke=ALL-UNNAMED --add-opens=java.base/java.util=ALL-UNNAMED --add-opens=java.prefs/java.util.prefs=ALL-UNNAMED --add-opens=java.prefs/java.util.prefs=ALL-UNNAMED --add-opens=java.base/java.nio.charset=ALL-UNNAMED --add-opens=java.base/java.net=ALL-UNNAMED --add-opens=java.base/java.util.concurrent.atomic=ALL-UNNAMED -Xmx2048m -Dfile.encoding=windows-1252 -Duser.country=ID -Duser.language=en -Duser.variant org.gradle.launcher.daemon.bootstrap.GradleDaemon 7.5.1

Host: AMD Ryzen 5 3550H with Radeon Vega Mobile Gfx  , 8 cores, 5G,  Windows 10 , 64 bit Build 19041 (10.0.19041.1889)
Time: Sat Oct 29 17:41:52 2022 SE Asia Standard Time elapsed time: 52.778877 seconds (0d 0h 0m 52s)

---------------  T H R E A D  ---------------

Current thread (0x0000024f42f09000):  VMThread "VM Thread" [stack: 0x000000bb54700000,0x000000bb54800000] [id=20788]

Stack: [0x000000bb54700000,0x000000bb54800000]
[error occurred during error reporting (printing stack bounds), id 0xc0000005, EXCEPTION_ACCESS_VIOLATION (0xc0000005) at pc=0x0000024f2bdf112d]

Native frames: (J=compiled Java code, j=interpreted, Vv=VM code, C=native code)
V  [jvm.dll+0x61f1da]
V  [jvm.dll+0x7abc69]
V  [jvm.dll+0x7ad358]
V  [jvm.dll+0x7ad995]
V  [jvm.dll+0x7ad94b]
V  [jvm.dll+0x61e567]
V  [jvm.dll+0x61ec78]
C  [ntdll.dll+0xa241f]
C  [ntdll.dll+0x514a4]
C  [ntdll.dll+0xa0f4e]
C  0x0000024f2bdf112d

VM_Operation (0x000000bb584fa440): G1CollectForAllocation, mode: safepoint, requested by thread 0x0000024f444c7000


---------------  P R O C E S S  ---------------

Threads class SMR info:
_java_thread_list=0x0000024f49f579a0, length=136, elements={
0x0000024f21eb4000, 0x0000024f42f1c800, 0x0000024f42f14800, 0x0000024f42f70000,
0x0000024f43880800, 0x0000024f43881800, 0x0000024f43882800, 0x0000024f43883800,
0x0000024f438db800, 0x0000024f439e8000, 0x0000024f45a61000, 0x0000024f458d0000,
0x0000024f43db6000, 0x0000024f448a3000, 0x0000024f45078800, 0x0000024f453bd000,
0x0000024f45008000, 0x0000024f452d1800, 0x0000024f43a05800, 0x0000024f45a06000,
0x0000024f453a2000, 0x0000024f453a3000, 0x0000024f4539e000, 0x0000024f4539d800,
0x0000024f4539f000, 0x0000024f4539f800, 0x0000024f453a0800, 0x0000024f453a4000,
0x0000024f453a1800, 0x0000024f43cb7800, 0x0000024f43cbe000, 0x0000024f43cbc800,
0x0000024f43cbd000, 0x0000024f43cba000, 0x0000024f43cb9000, 0x0000024f43cbf000,
0x0000024f43cc0800, 0x0000024f43cbb000, 0x0000024f43cc1800, 0x0000024f43cbf800,
0x0000024f43cbb800, 0x0000024f43cc4000, 0x0000024f43cc4800, 0x0000024f43cc5800,
0x0000024f43cc6000, 0x0000024f43cc2000, 0x0000024f43cc3000, 0x0000024f444c9800,
0x0000024f444c5000, 0x0000024f444c8800, 0x0000024f444ca000, 0x0000024f444c7000,
0x0000024f444c7800, 0x0000024f444c4800, 0x0000024f444cb000, 0x0000024f444cb800,
0x0000024f444c6000, 0x0000024f444d0000, 0x0000024f444d1800, 0x0000024f444d2000,
0x0000024f444d0800, 0x0000024f444cd800, 0x0000024f444cc800, 0x0000024f444d3000,
0x0000024f444ce000, 0x0000024f444cf000, 0x0000024f4b307000, 0x0000024f4b305800,
0x0000024f4b306800, 0x0000024f4b308000, 0x0000024f4b309000, 0x0000024f4b309800,
0x0000024f4b30a800, 0x0000024f4b305000, 0x0000024f4b311000, 0x0000024f4b30b800,
0x0000024f4b30f800, 0x0000024f4b312000, 0x0000024f4b310000, 0x0000024f4b30e000,
0x0000024f4b30c000, 0x0000024f4b312800, 0x0000024f4b30d000, 0x0000024f4b313800,
0x0000024f4b30e800, 0x0000024f4b969000, 0x0000024f4b96a000, 0x0000024f4b968000,
0x0000024f4b965000, 0x0000024f4b96a800, 0x0000024f4b967800, 0x0000024f4b96b800,
0x0000024f4b965800, 0x0000024f4b96c000, 0x0000024f4b966800, 0x0000024f4b971000,
0x0000024f4b972000, 0x0000024f4b96e800, 0x0000024f4b973000, 0x0000024f4b96e000,
0x0000024f4b96d000, 0x0000024f4b973800, 0x0000024f4b96f800, 0x0000024f4b970800,
0x0000024f4627d800, 0x0000024f4627b000, 0x0000024f4627f000, 0x0000024f46280000,
0x0000024f4627c000, 0x0000024f4627c800, 0x0000024f4627e800, 0x0000024f4627a000,
0x0000024f46286800, 0x0000024f46285000, 0x0000024f46281000, 0x0000024f46287800,
0x0000024f46282800, 0x0000024f46285800, 0x0000024f46281800, 0x0000024f46288000,
0x0000024f46289000, 0x0000024f46283000, 0x0000024f46284000, 0x0000024f47d1d000,
0x0000024f47d1c800, 0x0000024f47d1e000, 0x0000024f47d1f000, 0x0000024f47d1b000,
0x0000024f47d1b800, 0x0000024f47d1f800, 0x0000024f47d1a000, 0x0000024f47d25800,
0x0000024f47d23000, 0x0000024f47d26000, 0x0000024f47d27000, 0x0000024f47d24800
}

Java Threads: ( => current thread )
  0x0000024f21eb4000 JavaThread "main" [_thread_blocked, id=17480, stack(0x000000bb54100000,0x000000bb54200000)]
  0x0000024f42f1c800 JavaThread "Reference Handler" daemon [_thread_blocked, id=16972, stack(0x000000bb54800000,0x000000bb54900000)]
  0x0000024f42f14800 JavaThread "Finalizer" daemon [_thread_blocked, id=20308, stack(0x000000bb54900000,0x000000bb54a00000)]
  0x0000024f42f70000 JavaThread "Signal Dispatcher" daemon [_thread_blocked, id=21292, stack(0x000000bb54a00000,0x000000bb54b00000)]
  0x0000024f43880800 JavaThread "Attach Listener" daemon [_thread_blocked, id=14284, stack(0x000000bb54b00000,0x000000bb54c00000)]
  0x0000024f43881800 JavaThread "Service Thread" daemon [_thread_blocked, id=13796, stack(0x000000bb54c00000,0x000000bb54d00000)]
  0x0000024f43882800 JavaThread "C2 CompilerThread0" daemon [_thread_blocked, id=13540, stack(0x000000bb54d00000,0x000000bb54e00000)]
  0x0000024f43883800 JavaThread "C1 CompilerThread0" daemon [_thread_blocked, id=9232, stack(0x000000bb54e00000,0x000000bb54f00000)]
  0x0000024f438db800 JavaThread "Sweeper thread" daemon [_thread_blocked, id=6636, stack(0x000000bb54f00000,0x000000bb55000000)]
  0x0000024f439e8000 JavaThread "Common-Cleaner" daemon [_thread_blocked, id=10948, stack(0x000000bb55000000,0x000000bb55100000)]
  0x0000024f45a61000 JavaThread "Daemon health stats" [_thread_blocked, id=13200, stack(0x000000bb55300000,0x000000bb55400000)]
  0x0000024f458d0000 JavaThread "Incoming local TCP Connector on port 60779" [_thread_in_native, id=14892, stack(0x000000bb55600000,0x000000bb55700000)]
  0x0000024f43db6000 JavaThread "Daemon periodic checks" [_thread_blocked, id=18180, stack(0x000000bb55700000,0x000000bb55800000)]
  0x0000024f448a3000 JavaThread "Daemon" [_thread_blocked, id=20904, stack(0x000000bb55800000,0x000000bb55900000)]
  0x0000024f45078800 JavaThread "Handler for socket connection from /127.0.0.1:60779 to /127.0.0.1:60780" [_thread_in_native, id=24716, stack(0x000000bb55900000,0x000000bb55a00000)]
  0x0000024f453bd000 JavaThread "Cancel handler" [_thread_blocked, id=16904, stack(0x000000bb55a00000,0x000000bb55b00000)]
  0x0000024f45008000 JavaThread "Daemon worker" [_thread_blocked, id=2760, stack(0x000000bb55b00000,0x000000bb55c00000)]
  0x0000024f452d1800 JavaThread "Asynchronous log dispatcher for DefaultDaemonConnection: socket connection from /127.0.0.1:60779 to /127.0.0.1:60780" [_thread_blocked, id=2916, stack(0x000000bb55c00000,0x000000bb55d00000)]
  0x0000024f43a05800 JavaThread "Stdin handler" [_thread_blocked, id=3864, stack(0x000000bb55d00000,0x000000bb55e00000)]
  0x0000024f45a06000 JavaThread "Daemon client event forwarder" [_thread_blocked, id=25228, stack(0x000000bb55e00000,0x000000bb55f00000)]
  0x0000024f453a2000 JavaThread "Cache worker for journal cache (C:\Users\hp\.gradle\caches\journal-1)" [_thread_blocked, id=21724, stack(0x000000bb55f00000,0x000000bb56000000)]
  0x0000024f453a3000 JavaThread "File lock request listener" [_thread_in_native, id=16812, stack(0x000000bb56000000,0x000000bb56100000)]
  0x0000024f4539e000 JavaThread "Cache worker for file hash cache (C:\Users\hp\.gradle\caches\7.5.1\fileHashes)" [_thread_blocked, id=22276, stack(0x000000bb56500000,0x000000bb56600000)]
  0x0000024f4539d800 JavaThread "File watcher server" daemon [_thread_blocked, id=13364, stack(0x000000bb56700000,0x000000bb56800000)]
  0x0000024f4539f000 JavaThread "File watcher consumer" daemon [_thread_blocked, id=3144, stack(0x000000bb56800000,0x000000bb56900000)]
  0x0000024f4539f800 JavaThread "Cache worker for checksums cache (D:\Android01\android\.gradle\7.5.1\checksums)" [_thread_blocked, id=19512, stack(0x000000bb56900000,0x000000bb56a00000)]
  0x0000024f453a0800 JavaThread "Cache worker for cache directory md-rule (C:\Users\hp\.gradle\caches\7.5.1\md-rule)" [_thread_blocked, id=952, stack(0x000000bb56a00000,0x000000bb56b00000)]
  0x0000024f453a4000 JavaThread "Cache worker for file content cache (C:\Users\hp\.gradle\caches\7.5.1\fileContent)" [_thread_blocked, id=18820, stack(0x000000bb56b00000,0x000000bb56c00000)]
  0x0000024f453a1800 JavaThread "Cache worker for file hash cache (D:\Android01\android\.gradle\7.5.1\fileHashes)" [_thread_blocked, id=20844, stack(0x000000bb56c00000,0x000000bb56d00000)]
  0x0000024f43cb7800 JavaThread "Cache worker for cache directory md-supplier (C:\Users\hp\.gradle\caches\7.5.1\md-supplier)" [_thread_blocked, id=19684, stack(0x000000bb56d00000,0x000000bb56e00000)]
  0x0000024f43cbe000 JavaThread "Cache worker for execution history cache (C:\Users\hp\.gradle\caches\7.5.1\executionHistory)" [_thread_blocked, id=17992, stack(0x000000bb56e00000,0x000000bb56f00000)]
  0x0000024f43cbc800 JavaThread "jar transforms" [_thread_blocked, id=19588, stack(0x000000bb56f00000,0x000000bb57000000)]
  0x0000024f43cbd000 JavaThread "jar transforms Thread 2" [_thread_blocked, id=2816, stack(0x000000bb57000000,0x000000bb57100000)]
  0x0000024f43cba000 JavaThread "jar transforms Thread 3" [_thread_blocked, id=9568, stack(0x000000bb57100000,0x000000bb57200000)]
  0x0000024f43cb9000 JavaThread "jar transforms Thread 4" [_thread_blocked, id=21056, stack(0x000000bb57200000,0x000000bb57300000)]
  0x0000024f43cbf000 JavaThread "Cache worker for kotlin-dsl (C:\Users\hp\.gradle\caches\7.5.1\kotlin-dsl)" [_thread_blocked, id=21544, stack(0x000000bb57400000,0x000000bb57500000)]
  0x0000024f43cc0800 JavaThread "jar transforms Thread 5" [_thread_blocked, id=23316, stack(0x000000bb57500000,0x000000bb57600000)]
  0x0000024f43cbb000 JavaThread "jar transforms Thread 6" [_thread_blocked, id=12464, stack(0x000000bb57600000,0x000000bb57700000)]
  0x0000024f43cc1800 JavaThread "Cache worker for dependencies-accessors (D:\Android01\android\.gradle\7.5.1\dependencies-accessors)" [_thread_blocked, id=19992, stack(0x000000bb57700000,0x000000bb57800000)]
  0x0000024f43cbf800 JavaThread "Cache worker for Build Output Cleanup Cache (D:\Android01\node_modules\react-native-gradle-plugin\.gradle\buildOutputCleanup)" [_thread_blocked, id=26504, stack(0x000000bb57800000,0x000000bb57900000)]
  0x0000024f43cbb800 JavaThread "jar transforms Thread 7" [_thread_blocked, id=23852, stack(0x000000bb57900000,0x000000bb57a00000)]
  0x0000024f43cc4000 JavaThread "Unconstrained build operations" [_thread_blocked, id=19124, stack(0x000000bb57a00000,0x000000bb57b00000)]
  0x0000024f43cc4800 JavaThread "Unconstrained build operations Thread 2" [_thread_blocked, id=12156, stack(0x000000bb57b00000,0x000000bb57c00000)]
  0x0000024f43cc5800 JavaThread "Unconstrained build operations Thread 3" [_thread_blocked, id=7416, stack(0x000000bb57c00000,0x000000bb57d00000)]
  0x0000024f43cc6000 JavaThread "Unconstrained build operations Thread 4" [_thread_blocked, id=16680, stack(0x000000bb57d00000,0x000000bb57e00000)]
  0x0000024f43cc2000 JavaThread "Unconstrained build operations Thread 5" [_thread_blocked, id=17692, stack(0x000000bb57e00000,0x000000bb57f00000)]
  0x0000024f43cc3000 JavaThread "Unconstrained build operations Thread 6" [_thread_blocked, id=7136, stack(0x000000bb57f00000,0x000000bb58000000)]
  0x0000024f444c9800 JavaThread "Unconstrained build operations Thread 7" [_thread_blocked, id=10180, stack(0x000000bb58000000,0x000000bb58100000)]
  0x0000024f444c5000 JavaThread "Unconstrained build operations Thread 8" [_thread_blocked, id=8784, stack(0x000000bb58100000,0x000000bb58200000)]
  0x0000024f444c8800 JavaThread "Unconstrained build operations Thread 9" [_thread_blocked, id=9504, stack(0x000000bb58200000,0x000000bb58300000)]
  0x0000024f444ca000 JavaThread "Unconstrained build operations Thread 10" [_thread_blocked, id=3216, stack(0x000000bb58300000,0x000000bb58400000)]
  0x0000024f444c7000 JavaThread "Unconstrained build operations Thread 11" [_thread_blocked, id=23324, stack(0x000000bb58400000,0x000000bb58500000)]
  0x0000024f444c7800 JavaThread "Unconstrained build operations Thread 12" [_thread_blocked, id=11172, stack(0x000000bb58500000,0x000000bb58600000)]
  0x0000024f444c4800 JavaThread "Unconstrained build operations Thread 13" [_thread_blocked, id=10660, stack(0x000000bb58600000,0x000000bb58700000)]
  0x0000024f444cb000 JavaThread "Unconstrained build operations Thread 14" [_thread_blocked, id=24424, stack(0x000000bb58700000,0x000000bb58800000)]
  0x0000024f444cb800 JavaThread "Unconstrained build operations Thread 15" [_thread_blocked, id=1876, stack(0x000000bb58800000,0x000000bb58900000)]
  0x0000024f444c6000 JavaThread "Unconstrained build operations Thread 16" [_thread_blocked, id=10172, stack(0x000000bb58900000,0x000000bb58a00000)]
  0x0000024f444d0000 JavaThread "Unconstrained build operations Thread 17" [_thread_blocked, id=16208, stack(0x000000bb58a00000,0x000000bb58b00000)]
  0x0000024f444d1800 JavaThread "Unconstrained build operations Thread 18" [_thread_blocked, id=17908, stack(0x000000bb58b00000,0x000000bb58c00000)]
  0x0000024f444d2000 JavaThread "Unconstrained build operations Thread 19" [_thread_blocked, id=24744, stack(0x000000bb58c00000,0x000000bb58d00000)]
  0x0000024f444d0800 JavaThread "Unconstrained build operations Thread 20" [_thread_blocked, id=20384, stack(0x000000bb58d00000,0x000000bb58e00000)]
  0x0000024f444cd800 JavaThread "Unconstrained build operations Thread 21" [_thread_blocked, id=1404, stack(0x000000bb58e00000,0x000000bb58f00000)]
  0x0000024f444cc800 JavaThread "Unconstrained build operations Thread 22" [_thread_blocked, id=19148, stack(0x000000bb58f00000,0x000000bb59000000)]
  0x0000024f444d3000 JavaThread "Unconstrained build operations Thread 23" [_thread_blocked, id=6828, stack(0x000000bb59000000,0x000000bb59100000)]
  0x0000024f444ce000 JavaThread "Unconstrained build operations Thread 24" [_thread_blocked, id=2124, stack(0x000000bb59100000,0x000000bb59200000)]
  0x0000024f444cf000 JavaThread "Unconstrained build operations Thread 25" [_thread_blocked, id=22112, stack(0x000000bb59200000,0x000000bb59300000)]
  0x0000024f4b307000 JavaThread "Unconstrained build operations Thread 26" [_thread_blocked, id=12816, stack(0x000000bb59300000,0x000000bb59400000)]
  0x0000024f4b305800 JavaThread "Unconstrained build operations Thread 27" [_thread_blocked, id=11460, stack(0x000000bb59400000,0x000000bb59500000)]
  0x0000024f4b306800 JavaThread "Unconstrained build operations Thread 28" [_thread_blocked, id=17292, stack(0x000000bb59500000,0x000000bb59600000)]
  0x0000024f4b308000 JavaThread "Unconstrained build operations Thread 29" [_thread_blocked, id=19156, stack(0x000000bb59600000,0x000000bb59700000)]
  0x0000024f4b309000 JavaThread "Unconstrained build operations Thread 30" [_thread_blocked, id=16180, stack(0x000000bb59700000,0x000000bb59800000)]
  0x0000024f4b309800 JavaThread "Unconstrained build operations Thread 31" [_thread_blocked, id=21052, stack(0x000000bb59800000,0x000000bb59900000)]
  0x0000024f4b30a800 JavaThread "Unconstrained build operations Thread 32" [_thread_blocked, id=18024, stack(0x000000bb59900000,0x000000bb59a00000)]
  0x0000024f4b305000 JavaThread "Unconstrained build operations Thread 33" [_thread_blocked, id=26476, stack(0x000000bb59a00000,0x000000bb59b00000)]
  0x0000024f4b311000 JavaThread "jar transforms Thread 8" [_thread_blocked, id=9780, stack(0x000000bb59b00000,0x000000bb59c00000)]
  0x0000024f4b30b800 JavaThread "build event listener" [_thread_blocked, id=20060, stack(0x000000bb59c00000,0x000000bb59d00000)]
  0x0000024f4b30f800 JavaThread "Memory manager" [_thread_blocked, id=16620, stack(0x000000bb59d00000,0x000000bb59e00000)]
  0x0000024f4b312000 JavaThread "Cache worker for Build Output Cleanup Cache (D:\Android01\android\.gradle\buildOutputCleanup)" [_thread_blocked, id=2688, stack(0x000000bb57300000,0x000000bb57400000)]
  0x0000024f4b310000 JavaThread "included builds" [_thread_blocked, id=19840, stack(0x000000bb59e00000,0x000000bb59f00000)]
  0x0000024f4b30e000 JavaThread "Execution worker" [_thread_blocked, id=12336, stack(0x000000bb59f00000,0x000000bb5a000000)]
  0x0000024f4b30c000 JavaThread "Execution worker Thread 2" [_thread_blocked, id=10148, stack(0x000000bb5a000000,0x000000bb5a100000)]
  0x0000024f4b312800 JavaThread "Execution worker Thread 3" [_thread_blocked, id=21804, stack(0x000000bb5a100000,0x000000bb5a200000)]
  0x0000024f4b30d000 JavaThread "Execution worker Thread 4" [_thread_blocked, id=23740, stack(0x000000bb5a200000,0x000000bb5a300000)]
  0x0000024f4b313800 JavaThread "Execution worker Thread 5" [_thread_blocked, id=22260, stack(0x000000bb5a300000,0x000000bb5a400000)]
  0x0000024f4b30e800 JavaThread "Execution worker Thread 6" [_thread_blocked, id=24028, stack(0x000000bb5a400000,0x000000bb5a500000)]
  0x0000024f4b969000 JavaThread "Execution worker Thread 7" [_thread_blocked, id=23596, stack(0x000000bb5a500000,0x000000bb5a600000)]
  0x0000024f4b96a000 JavaThread "Cache worker for execution history cache (D:\Android01\node_modules\react-native-gradle-plugin\.gradle\7.5.1\executionHistory)" [_thread_blocked, id=11032, stack(0x000000bb5a600000,0x000000bb5a700000)]
  0x0000024f4b968000 JavaThread "Unconstrained build operations Thread 34" [_thread_blocked, id=20264, stack(0x000000bb5a700000,0x000000bb5a800000)]
  0x0000024f4b965000 JavaThread "Unconstrained build operations Thread 35" [_thread_blocked, id=16940, stack(0x000000bb5a800000,0x000000bb5a900000)]
  0x0000024f4b96a800 JavaThread "Unconstrained build operations Thread 36" [_thread_blocked, id=5176, stack(0x000000bb5a900000,0x000000bb5aa00000)]
  0x0000024f4b967800 JavaThread "Unconstrained build operations Thread 37" [_thread_blocked, id=5548, stack(0x000000bb5aa00000,0x000000bb5ab00000)]
  0x0000024f4b96b800 JavaThread "Unconstrained build operations Thread 38" [_thread_blocked, id=22508, stack(0x000000bb5ab00000,0x000000bb5ac00000)]
  0x0000024f4b965800 JavaThread "Unconstrained build operations Thread 39" [_thread_blocked, id=2784, stack(0x000000bb5ac00000,0x000000bb5ad00000)]
  0x0000024f4b96c000 JavaThread "Unconstrained build operations Thread 40" [_thread_blocked, id=16036, stack(0x000000bb5ad00000,0x000000bb5ae00000)]
  0x0000024f4b966800 JavaThread "Unconstrained build operations Thread 41" [_thread_blocked, id=4752, stack(0x000000bb5ae00000,0x000000bb5af00000)]
  0x0000024f4b971000 JavaThread "Unconstrained build operations Thread 42" [_thread_blocked, id=18004, stack(0x000000bb5af00000,0x000000bb5b000000)]
  0x0000024f4b972000 JavaThread "Unconstrained build operations Thread 43" [_thread_blocked, id=19868, stack(0x000000bb5b000000,0x000000bb5b100000)]
  0x0000024f4b96e800 JavaThread "Unconstrained build operations Thread 44" [_thread_blocked, id=18128, stack(0x000000bb5b100000,0x000000bb5b200000)]
  0x0000024f4b973000 JavaThread "Unconstrained build operations Thread 45" [_thread_blocked, id=16564, stack(0x000000bb5b200000,0x000000bb5b300000)]
  0x0000024f4b96e000 JavaThread "Unconstrained build operations Thread 46" [_thread_blocked, id=19572, stack(0x000000bb5b300000,0x000000bb5b400000)]
  0x0000024f4b96d000 JavaThread "Unconstrained build operations Thread 47" [_thread_blocked, id=4332, stack(0x000000bb5b400000,0x000000bb5b500000)]
  0x0000024f4b973800 JavaThread "Unconstrained build operations Thread 48" [_thread_blocked, id=4612, stack(0x000000bb5b500000,0x000000bb5b600000)]
  0x0000024f4b96f800 JavaThread "Unconstrained build operations Thread 49" [_thread_blocked, id=9812, stack(0x000000bb5b600000,0x000000bb5b700000)]
  0x0000024f4b970800 JavaThread "Unconstrained build operations Thread 50" [_thread_blocked, id=5556, stack(0x000000bb5b700000,0x000000bb5b800000)]
  0x0000024f4627d800 JavaThread "Unconstrained build operations Thread 51" [_thread_blocked, id=16752, stack(0x000000bb5b800000,0x000000bb5b900000)]
  0x0000024f4627b000 JavaThread "Unconstrained build operations Thread 52" [_thread_blocked, id=8516, stack(0x000000bb5b900000,0x000000bb5ba00000)]
  0x0000024f4627f000 JavaThread "Unconstrained build operations Thread 53" [_thread_blocked, id=9228, stack(0x000000bb5ba00000,0x000000bb5bb00000)]
  0x0000024f46280000 JavaThread "Unconstrained build operations Thread 54" [_thread_blocked, id=19980, stack(0x000000bb5bb00000,0x000000bb5bc00000)]
  0x0000024f4627c000 JavaThread "Unconstrained build operations Thread 55" [_thread_blocked, id=12932, stack(0x000000bb5bc00000,0x000000bb5bd00000)]
  0x0000024f4627c800 JavaThread "Unconstrained build operations Thread 56" [_thread_blocked, id=20484, stack(0x000000bb5bd00000,0x000000bb5be00000)]
  0x0000024f4627e800 JavaThread "Unconstrained build operations Thread 57" [_thread_blocked, id=24120, stack(0x000000bb5be00000,0x000000bb5bf00000)]
  0x0000024f4627a000 JavaThread "Unconstrained build operations Thread 58" [_thread_blocked, id=3120, stack(0x000000bb5bf00000,0x000000bb5c000000)]
  0x0000024f46286800 JavaThread "Unconstrained build operations Thread 59" [_thread_blocked, id=23220, stack(0x000000bb5c000000,0x000000bb5c100000)]
  0x0000024f46285000 JavaThread "Unconstrained build operations Thread 60" [_thread_blocked, id=6152, stack(0x000000bb5c100000,0x000000bb5c200000)]
  0x0000024f46281000 JavaThread "Unconstrained build operations Thread 61" [_thread_blocked, id=18624, stack(0x000000bb5c200000,0x000000bb5c300000)]
  0x0000024f46287800 JavaThread "Unconstrained build operations Thread 62" [_thread_blocked, id=16844, stack(0x000000bb5c300000,0x000000bb5c400000)]
  0x0000024f46282800 JavaThread "Unconstrained build operations Thread 63" [_thread_blocked, id=20380, stack(0x000000bb5c400000,0x000000bb5c500000)]
  0x0000024f46285800 JavaThread "Unconstrained build operations Thread 64" [_thread_blocked, id=17836, stack(0x000000bb5c500000,0x000000bb5c600000)]
  0x0000024f46281800 JavaThread "Unconstrained build operations Thread 65" [_thread_blocked, id=22752, stack(0x000000bb5c600000,0x000000bb5c700000)]
  0x0000024f46288000 JavaThread "Unconstrained build operations Thread 66" [_thread_blocked, id=21588, stack(0x000000bb5c700000,0x000000bb5c800000)]
  0x0000024f46289000 JavaThread "Unconstrained build operations Thread 67" [_thread_blocked, id=19096, stack(0x000000bb5c800000,0x000000bb5c900000)]
  0x0000024f46283000 JavaThread "Unconstrained build operations Thread 68" [_thread_blocked, id=3716, stack(0x000000bb5c900000,0x000000bb5ca00000)]
  0x0000024f46284000 JavaThread "Unconstrained build operations Thread 69" [_thread_blocked, id=16344, stack(0x000000bb5ca00000,0x000000bb5cb00000)]
  0x0000024f47d1d000 JavaThread "Unconstrained build operations Thread 70" [_thread_blocked, id=24928, stack(0x000000bb5cb00000,0x000000bb5cc00000)]
  0x0000024f47d1c800 JavaThread "Unconstrained build operations Thread 71" [_thread_blocked, id=18636, stack(0x000000bb5cc00000,0x000000bb5cd00000)]
  0x0000024f47d1e000 JavaThread "Unconstrained build operations Thread 72" [_thread_blocked, id=10364, stack(0x000000bb5cd00000,0x000000bb5ce00000)]
  0x0000024f47d1f000 JavaThread "Unconstrained build operations Thread 73" [_thread_blocked, id=18464, stack(0x000000bb5ce00000,0x000000bb5cf00000)]
  0x0000024f47d1b000 JavaThread "Unconstrained build operations Thread 74" [_thread_blocked, id=21836, stack(0x000000bb5cf00000,0x000000bb5d000000)]
  0x0000024f47d1b800 JavaThread "Unconstrained build operations Thread 75" [_thread_blocked, id=9616, stack(0x000000bb5d000000,0x000000bb5d100000)]
  0x0000024f47d1f800 JavaThread "Unconstrained build operations Thread 76" [_thread_blocked, id=25232, stack(0x000000bb5d100000,0x000000bb5d200000)]
  0x0000024f47d1a000 JavaThread "Unconstrained build operations Thread 77" [_thread_blocked, id=16916, stack(0x000000bb5d200000,0x000000bb5d300000)]
  0x0000024f47d25800 JavaThread "Unconstrained build operations Thread 78" [_thread_blocked, id=12880, stack(0x000000bb5d300000,0x000000bb5d400000)]
  0x0000024f47d23000 JavaThread "Unconstrained build operations Thread 79" [_thread_blocked, id=5132, stack(0x000000bb5d400000,0x000000bb5d500000)]
  0x0000024f47d26000 JavaThread "Unconstrained build operations Thread 80" [_thread_blocked, id=5720, stack(0x000000bb5d500000,0x000000bb5d600000)]
  0x0000024f47d27000 JavaThread "Cache worker for execution history cache (D:\Android01\android\.gradle\7.5.1\executionHistory)" [_thread_blocked, id=17052, stack(0x000000bb5d800000,0x000000bb5d900000)]
  0x0000024f47d24800 JavaThread "WorkerExecutor Queue" [_thread_blocked, id=23344, stack(0x000000bb5d900000,0x000000bb5da00000)]

Other Threads:
=>0x0000024f42f09000 VMThread "VM Thread" [stack: 0x000000bb54700000,0x000000bb54800000] [id=20788]
  0x0000024f43a0e800 WatcherThread [stack: 0x000000bb55100000,0x000000bb55200000] [id=22720]
  0x0000024f21ecd800 GCTaskThread "GC Thread#0" [stack: 0x000000bb54200000,0x000000bb54300000] [id=26596]
  0x0000024f44679800 GCTaskThread "GC Thread#1" [stack: 0x000000bb55200000,0x000000bb55300000] [id=13864]
  0x0000024f44679000 GCTaskThread "GC Thread#2" [stack: 0x000000bb55400000,0x000000bb55500000] [id=25704]
  0x0000024f4467e800 GCTaskThread "GC Thread#3" [stack: 0x000000bb55500000,0x000000bb55600000] [id=21152]
  0x0000024f4467b000 GCTaskThread "GC Thread#4" [stack: 0x000000bb56100000,0x000000bb56200000] [id=21480]
  0x0000024f4467e000 GCTaskThread "GC Thread#5" [stack: 0x000000bb56200000,0x000000bb56300000] [id=24944]
  0x0000024f4467c000 GCTaskThread "GC Thread#6" [stack: 0x000000bb56300000,0x000000bb56400000] [id=22236]
  0x0000024f44678000 GCTaskThread "GC Thread#7" [stack: 0x000000bb56400000,0x000000bb56500000] [id=22576]
  0x0000024f21f00000 ConcurrentGCThread "G1 Main Marker" [stack: 0x000000bb54300000,0x000000bb54400000] [id=5036]
  0x0000024f21f01800 ConcurrentGCThread "G1 Conc#0" [stack: 0x000000bb54400000,0x000000bb54500000] [id=10992]
  0x0000024f4467a800 ConcurrentGCThread "G1 Conc#1" [stack: 0x000000bb56600000,0x000000bb56700000] [id=18380]
  0x0000024f21f8b800 ConcurrentGCThread "G1 Refine#0" [stack: 0x000000bb54500000,0x000000bb54600000] [id=19720]
  0x0000024f21f8c800 ConcurrentGCThread "G1 Young RemSet Sampling" [stack: 0x000000bb54600000,0x000000bb54700000] [id=21636]

Threads with active compile tasks:
C2 CompilerThread0    52826 11844       4       sun.nio.fs.WindowsPathParser::normalize (233 bytes)

VM state:at safepoint (normal execution)

VM Mutex/Monitor currently owned by a thread:  ([mutex/lock_event])
[0x0000024f21eaf8a0] Threads_lock - owner thread: 0x0000024f42f09000
[0x0000024f21eb0a10] Heap_lock - owner thread: 0x0000024f444c7000

Heap address: 0x0000000080000000, size: 2048 MB, Compressed Oops mode: 32-bit
Narrow klass base: 0x0000000000000000, Narrow klass shift: 3
Compressed class space size: 528482304 Address: 0x0000000100000000

Heap:
 garbage-first heap   total 260096K, used 100734K [0x0000000080000000, 0x0000000100000000)
  region size 1024K, 2 young (2048K), 2 survivors (2048K)
 Metaspace       used 100890K, capacity 103758K, committed 103944K, reserved 606208K
  class space    used 13106K, capacity 14250K, committed 14336K, reserved 516096K
Heap Regions: E=young(eden), S=young(survivor), O=old, HS=humongous(starts), HC=humongous(continues), CS=collection set, F=free, A=archive, TAMS=top-at-mark-start (previous, next)
|   0|0x0000000080000000, 0x0000000080100000, 0x0000000080100000|100%| O|  |TAMS 0x0000000080100000, 0x0000000080000000| Updating 
|   1|0x0000000080100000, 0x0000000080200000, 0x0000000080200000|100%| O|  |TAMS 0x0000000080200000, 0x0000000080100000| Updating 
|   2|0x0000000080200000, 0x0000000080300000, 0x0000000080300000|100%| O|  |TAMS 0x0000000080300000, 0x0000000080200000| Updating 
|   3|0x0000000080300000, 0x0000000080400000, 0x0000000080400000|100%|HS|  |TAMS 0x0000000080400000, 0x0000000080300000| Complete 
|   4|0x0000000080400000, 0x0000000080500000, 0x0000000080500000|100%|HC|  |TAMS 0x0000000080500000, 0x0000000080400000| Complete 
|   5|0x0000000080500000, 0x0000000080600000, 0x0000000080600000|100%|HC|  |TAMS 0x0000000080600000, 0x0000000080500000| Complete 
|   6|0x0000000080600000, 0x0000000080700000, 0x0000000080700000|100%| O|  |TAMS 0x0000000080700000, 0x0000000080600000| Updating 
|   7|0x0000000080700000, 0x0000000080800000, 0x0000000080800000|100%| O|  |TAMS 0x0000000080800000, 0x0000000080700000| Updating 
|   8|0x0000000080800000, 0x0000000080900000, 0x0000000080900000|100%| O|  |TAMS 0x0000000080900000, 0x0000000080800000| Updating 
|   9|0x0000000080900000, 0x0000000080a00000, 0x0000000080a00000|100%| O|  |TAMS 0x0000000080a00000, 0x0000000080900000| Updating 
|  10|0x0000000080a00000, 0x0000000080b00000, 0x0000000080b00000|100%| O|  |TAMS 0x0000000080b00000, 0x0000000080a00000| Updating 
|  11|0x0000000080b00000, 0x0000000080c00000, 0x0000000080c00000|100%| O|  |TAMS 0x0000000080c00000, 0x0000000080b00000| Updating 
|  12|0x0000000080c00000, 0x0000000080d00000, 0x0000000080d00000|100%| O|  |TAMS 0x0000000080d00000, 0x0000000080c00000| Updating 
|  13|0x0000000080d00000, 0x0000000080e00000, 0x0000000080e00000|100%| O|  |TAMS 0x0000000080e00000, 0x0000000080d00000| Updating 
|  14|0x0000000080e00000, 0x0000000080f00000, 0x0000000080f00000|100%| O|  |TAMS 0x0000000080f00000, 0x0000000080e00000| Updating 
|  15|0x0000000080f00000, 0x0000000081000000, 0x0000000081000000|100%| O|  |TAMS 0x0000000081000000, 0x0000000080f00000| Updating 
|  16|0x0000000081000000, 0x0000000081100000, 0x0000000081100000|100%| O|  |TAMS 0x0000000081100000, 0x0000000081000000| Updating 
|  17|0x0000000081100000, 0x0000000081200000, 0x0000000081200000|100%| O|  |TAMS 0x0000000081200000, 0x0000000081100000| Updating 
|  18|0x0000000081200000, 0x0000000081300000, 0x0000000081300000|100%| O|  |TAMS 0x0000000081300000, 0x0000000081200000| Updating 
|  19|0x0000000081300000, 0x0000000081400000, 0x0000000081400000|100%| O|  |TAMS 0x0000000081400000, 0x0000000081300000| Updating 
|  20|0x0000000081400000, 0x0000000081500000, 0x0000000081500000|100%| O|  |TAMS 0x0000000081500000, 0x0000000081400000| Updating 
|  21|0x0000000081500000, 0x0000000081600000, 0x0000000081600000|100%| O|  |TAMS 0x0000000081600000, 0x0000000081500000| Updating 
|  22|0x0000000081600000, 0x0000000081700000, 0x0000000081700000|100%| O|  |TAMS 0x0000000081700000, 0x0000000081600000| Updating 
|  23|0x0000000081700000, 0x0000000081800000, 0x0000000081800000|100%| O|  |TAMS 0x0000000081800000, 0x0000000081700000| Updating 
|  24|0x0000000081800000, 0x0000000081900000, 0x0000000081900000|100%| O|  |TAMS 0x0000000081900000, 0x0000000081800000| Updating 
|  25|0x0000000081900000, 0x0000000081a00000, 0x0000000081a00000|100%| O|  |TAMS 0x0000000081a00000, 0x0000000081900000| Updating 
|  26|0x0000000081a00000, 0x0000000081b00000, 0x0000000081b00000|100%| O|  |TAMS 0x0000000081b00000, 0x0000000081a00000| Updating 
|  27|0x0000000081b00000, 0x0000000081c00000, 0x0000000081c00000|100%| O|  |TAMS 0x0000000081c00000, 0x0000000081b00000| Updating 
|  28|0x0000000081c00000, 0x0000000081d00000, 0x0000000081d00000|100%|HS|  |TAMS 0x0000000081d00000, 0x0000000081c00000| Complete 
|  29|0x0000000081d00000, 0x0000000081e00000, 0x0000000081e00000|100%|HS|  |TAMS 0x0000000081e00000, 0x0000000081d00000| Complete 
|  30|0x0000000081e00000, 0x0000000081f00000, 0x0000000081f00000|100%|HC|  |TAMS 0x0000000081f00000, 0x0000000081e00000| Complete 
|  31|0x0000000081f00000, 0x0000000082000000, 0x0000000082000000|100%|HC|  |TAMS 0x0000000082000000, 0x0000000081f00000| Complete 
|  32|0x0000000082000000, 0x0000000082100000, 0x0000000082100000|100%| O|  |TAMS 0x0000000082100000, 0x0000000082000000| Updating 
|  33|0x0000000082100000, 0x0000000082200000, 0x0000000082200000|100%| O|  |TAMS 0x0000000082200000, 0x0000000082100000| Updating 
|  34|0x0000000082200000, 0x0000000082300000, 0x0000000082300000|100%| O|  |TAMS 0x0000000082300000, 0x0000000082200000| Updating 
|  35|0x0000000082300000, 0x0000000082400000, 0x0000000082400000|100%| O|  |TAMS 0x0000000082400000, 0x0000000082300000| Updating 
|  36|0x0000000082400000, 0x0000000082500000, 0x0000000082500000|100%| O|  |TAMS 0x0000000082500000, 0x0000000082400000| Updating 
|  37|0x0000000082500000, 0x0000000082600000, 0x0000000082600000|100%| O|  |TAMS 0x0000000082600000, 0x0000000082500000| Updating 
|  38|0x0000000082600000, 0x0000000082700000, 0x0000000082700000|100%| O|  |TAMS 0x0000000082700000, 0x0000000082600000| Updating 
|  39|0x0000000082700000, 0x0000000082800000, 0x0000000082800000|100%| O|  |TAMS 0x0000000082800000, 0x0000000082700000| Updating 
|  40|0x0000000082800000, 0x0000000082900000, 0x0000000082900000|100%| O|  |TAMS 0x0000000082900000, 0x0000000082800000| Updating 
|  41|0x0000000082900000, 0x0000000082a00000, 0x0000000082a00000|100%| O|  |TAMS 0x0000000082a00000, 0x0000000082900000| Updating 
|  42|0x0000000082a00000, 0x0000000082b00000, 0x0000000082b00000|100%| O|  |TAMS 0x0000000082b00000, 0x0000000082a00000| Updating 
|  43|0x0000000082b00000, 0x0000000082c00000, 0x0000000082c00000|100%| O|  |TAMS 0x0000000082c00000, 0x0000000082b00000| Updating 
|  44|0x0000000082c00000, 0x0000000082d00000, 0x0000000082d00000|100%| O|  |TAMS 0x0000000082d00000, 0x0000000082c00000| Updating 
|  45|0x0000000082d00000, 0x0000000082e00000, 0x0000000082e00000|100%| O|  |TAMS 0x0000000082e00000, 0x0000000082d00000| Updating 
|  46|0x0000000082e00000, 0x0000000082f00000, 0x0000000082f00000|100%| O|  |TAMS 0x0000000082f00000, 0x0000000082e00000| Updating 
|  47|0x0000000082f00000, 0x0000000083000000, 0x0000000083000000|100%| O|  |TAMS 0x0000000083000000, 0x0000000082f00000| Updating 
|  48|0x0000000083000000, 0x0000000083100000, 0x0000000083100000|100%| O|  |TAMS 0x0000000083100000, 0x0000000083000000| Updating 
|  49|0x0000000083100000, 0x0000000083200000, 0x0000000083200000|100%|HS|  |TAMS 0x0000000083200000, 0x0000000083100000| Complete 
|  50|0x0000000083200000, 0x0000000083300000, 0x0000000083300000|100%|HS|  |TAMS 0x0000000083300000, 0x0000000083200000| Complete 
|  51|0x0000000083300000, 0x0000000083400000, 0x0000000083400000|100%| O|  |TAMS 0x0000000083400000, 0x0000000083300000| Updating 
|  52|0x0000000083400000, 0x0000000083500000, 0x0000000083500000|100%| O|  |TAMS 0x0000000083500000, 0x0000000083400000| Updating 
|  53|0x0000000083500000, 0x0000000083600000, 0x0000000083600000|100%| O|  |TAMS 0x0000000083600000, 0x0000000083500000| Updating 
|  54|0x0000000083600000, 0x0000000083700000, 0x0000000083700000|100%| O|  |TAMS 0x0000000083700000, 0x0000000083600000| Updating 
|  55|0x0000000083700000, 0x0000000083800000, 0x0000000083800000|100%|HS|  |TAMS 0x0000000083800000, 0x0000000083700000| Complete 
|  56|0x0000000083800000, 0x0000000083900000, 0x0000000083900000|100%|HC|  |TAMS 0x0000000083900000, 0x0000000083800000| Complete 
|  57|0x0000000083900000, 0x0000000083a00000, 0x0000000083a00000|100%| O|  |TAMS 0x0000000083a00000, 0x0000000083900000| Updating 
|  58|0x0000000083a00000, 0x0000000083b00000, 0x0000000083b00000|100%| O|  |TAMS 0x0000000083b00000, 0x0000000083a00000| Updating 
|  59|0x0000000083b00000, 0x0000000083c00000, 0x0000000083c00000|100%| O|  |TAMS 0x0000000083c00000, 0x0000000083b00000| Updating 
|  60|0x0000000083c00000, 0x0000000083d00000, 0x0000000083d00000|100%| O|  |TAMS 0x0000000083d00000, 0x0000000083c00000| Updating 
|  61|0x0000000083d00000, 0x0000000083e00000, 0x0000000083e00000|100%| O|  |TAMS 0x0000000083e00000, 0x0000000083d00000| Updating 
|  62|0x0000000083e00000, 0x0000000083f00000, 0x0000000083f00000|100%| O|  |TAMS 0x0000000083f00000, 0x0000000083e00000| Updating 
|  63|0x0000000083f00000, 0x0000000084000000, 0x0000000084000000|100%| O|  |TAMS 0x0000000084000000, 0x0000000083f00000| Updating 
|  64|0x0000000084000000, 0x0000000084100000, 0x0000000084100000|100%| O|  |TAMS 0x0000000084100000, 0x0000000084000000| Updating 
|  65|0x0000000084100000, 0x0000000084200000, 0x0000000084200000|100%| O|  |TAMS 0x0000000084200000, 0x0000000084100000| Updating 
|  66|0x0000000084200000, 0x0000000084300000, 0x0000000084300000|100%| O|  |TAMS 0x0000000084300000, 0x0000000084200000| Updating 
|  67|0x0000000084300000, 0x0000000084400000, 0x0000000084400000|100%| O|  |TAMS 0x0000000084400000, 0x0000000084300000| Updating 
|  68|0x0000000084400000, 0x0000000084500000, 0x0000000084500000|100%| O|  |TAMS 0x0000000084500000, 0x0000000084400000| Updating 
|  69|0x0000000084500000, 0x0000000084600000, 0x0000000084600000|100%| O|  |TAMS 0x0000000084600000, 0x0000000084500000| Updating 
|  70|0x0000000084600000, 0x0000000084700000, 0x0000000084700000|100%| O|  |TAMS 0x0000000084700000, 0x0000000084600000| Updating 
|  71|0x0000000084700000, 0x0000000084800000, 0x0000000084800000|100%| O|  |TAMS 0x0000000084800000, 0x0000000084700000| Updating 
|  72|0x0000000084800000, 0x0000000084900000, 0x0000000084900000|100%| O|  |TAMS 0x0000000084900000, 0x0000000084800000| Updating 
|  73|0x0000000084900000, 0x0000000084a00000, 0x0000000084a00000|100%| O|  |TAMS 0x0000000084a00000, 0x0000000084900000| Updating 
|  74|0x0000000084a00000, 0x0000000084b00000, 0x0000000084b00000|100%| O|  |TAMS 0x0000000084b00000, 0x0000000084a00000| Updating 
|  75|0x0000000084b00000, 0x0000000084c00000, 0x0000000084c00000|100%| O|  |TAMS 0x0000000084c00000, 0x0000000084b00000| Updating 
|  76|0x0000000084c00000, 0x0000000084d00000, 0x0000000084d00000|100%| O|  |TAMS 0x0000000084d00000, 0x0000000084c00000| Updating 
|  77|0x0000000084d00000, 0x0000000084e00000, 0x0000000084e00000|100%| O|  |TAMS 0x0000000084e00000, 0x0000000084d00000| Updating 
|  78|0x0000000084e00000, 0x0000000084f00000, 0x0000000084f00000|100%| O|  |TAMS 0x0000000084f00000, 0x0000000084e00000| Updating 
|  79|0x0000000084f00000, 0x0000000085000000, 0x0000000085000000|100%| O|  |TAMS 0x0000000085000000, 0x0000000084f00000| Updating 
|  80|0x0000000085000000, 0x0000000085100000, 0x0000000085100000|100%| O|  |TAMS 0x0000000085100000, 0x0000000085000000| Updating 
|  81|0x0000000085100000, 0x0000000085200000, 0x0000000085200000|100%| O|  |TAMS 0x0000000085200000, 0x0000000085100000| Updating 
|  82|0x0000000085200000, 0x0000000085300000, 0x0000000085300000|100%| O|  |TAMS 0x0000000085300000, 0x0000000085200000| Updating 
|  83|0x0000000085300000, 0x0000000085400000, 0x0000000085400000|100%| O|  |TAMS 0x0000000085400000, 0x0000000085300000| Updating 
|  84|0x0000000085400000, 0x0000000085500000, 0x0000000085500000|100%| O|  |TAMS 0x0000000085500000, 0x0000000085400000| Updating 
|  85|0x0000000085500000, 0x0000000085600000, 0x0000000085600000|100%| O|  |TAMS 0x0000000085600000, 0x0000000085500000| Updating 
|  86|0x0000000085600000, 0x0000000085700000, 0x0000000085700000|100%| O|  |TAMS 0x0000000085700000, 0x0000000085600000| Updating 
|  87|0x0000000085700000, 0x0000000085800000, 0x0000000085800000|100%| O|  |TAMS 0x0000000085800000, 0x0000000085700000| Updating 
|  88|0x0000000085800000, 0x0000000085900000, 0x0000000085900000|100%| O|  |TAMS 0x0000000085900000, 0x0000000085800000| Updating 
|  89|0x0000000085900000, 0x0000000085a00000, 0x0000000085a00000|100%| O|  |TAMS 0x0000000085a00000, 0x0000000085900000| Updating 
|  90|0x0000000085a00000, 0x0000000085b00000, 0x0000000085b00000|100%| O|  |TAMS 0x0000000085b00000, 0x0000000085a00000| Updating 
|  91|0x0000000085b00000, 0x0000000085b76800, 0x0000000085c00000| 46%| O|  |TAMS 0x0000000085b00000, 0x0000000085b00000| Untracked 
|  92|0x0000000085c00000, 0x0000000085c00000, 0x0000000085d00000|  0%| F|  |TAMS 0x0000000085c00000, 0x0000000085c00000| Untracked 
|  93|0x0000000085d00000, 0x0000000085d00000, 0x0000000085e00000|  0%| F|  |TAMS 0x0000000085d00000, 0x0000000085d00000| Untracked 
|  94|0x0000000085e00000, 0x0000000085e00000, 0x0000000085f00000|  0%| F|  |TAMS 0x0000000085e00000, 0x0000000085e00000| Untracked 
|  95|0x0000000085f00000, 0x0000000085f00000, 0x0000000086000000|  0%| F|  |TAMS 0x0000000085f00000, 0x0000000085f00000| Untracked 
|  96|0x0000000086000000, 0x0000000086000000, 0x0000000086100000|  0%| F|  |TAMS 0x0000000086000000, 0x0000000086000000| Untracked 
|  97|0x0000000086100000, 0x0000000086100000, 0x0000000086200000|  0%| F|  |TAMS 0x0000000086100000, 0x0000000086100000| Untracked 
|  98|0x0000000086200000, 0x0000000086200000, 0x0000000086300000|  0%| F|  |TAMS 0x0000000086200000, 0x0000000086200000| Untracked 
|  99|0x0000000086300000, 0x0000000086300000, 0x0000000086400000|  0%| F|  |TAMS 0x0000000086300000, 0x0000000086300000| Untracked 
| 100|0x0000000086400000, 0x0000000086400000, 0x0000000086500000|  0%| F|  |TAMS 0x0000000086400000, 0x0000000086400000| Untracked 
| 101|0x0000000086500000, 0x0000000086500000, 0x0000000086600000|  0%| F|  |TAMS 0x0000000086500000, 0x0000000086500000| Untracked 
| 102|0x0000000086600000, 0x0000000086600000, 0x0000000086700000|  0%| F|  |TAMS 0x0000000086600000, 0x0000000086600000| Untracked 
| 103|0x0000000086700000, 0x0000000086700000, 0x0000000086800000|  0%| F|  |TAMS 0x0000000086700000, 0x0000000086700000| Untracked 
| 104|0x0000000086800000, 0x0000000086800000, 0x0000000086900000|  0%| F|  |TAMS 0x0000000086800000, 0x0000000086800000| Untracked 
| 105|0x0000000086900000, 0x0000000086900000, 0x0000000086a00000|  0%| F|  |TAMS 0x0000000086900000, 0x0000000086900000| Untracked 
| 106|0x0000000086a00000, 0x0000000086a00000, 0x0000000086b00000|  0%| F|  |TAMS 0x0000000086a00000, 0x0000000086a00000| Untracked 
| 107|0x0000000086b00000, 0x0000000086b00000, 0x0000000086c00000|  0%| F|  |TAMS 0x0000000086b00000, 0x0000000086b00000| Untracked 
| 108|0x0000000086c00000, 0x0000000086c00000, 0x0000000086d00000|  0%| F|  |TAMS 0x0000000086c00000, 0x0000000086c00000| Untracked 
| 109|0x0000000086d00000, 0x0000000086d00000, 0x0000000086e00000|  0%| F|  |TAMS 0x0000000086d00000, 0x0000000086d00000| Untracked 
| 110|0x0000000086e00000, 0x0000000086e00000, 0x0000000086f00000|  0%| F|  |TAMS 0x0000000086e00000, 0x0000000086e00000| Untracked 
| 111|0x0000000086f00000, 0x0000000086f00000, 0x0000000087000000|  0%| F|  |TAMS 0x0000000086f00000, 0x0000000086f00000| Untracked 
| 112|0x0000000087000000, 0x0000000087000000, 0x0000000087100000|  0%| F|  |TAMS 0x0000000087000000, 0x0000000087000000| Untracked 
| 113|0x0000000087100000, 0x0000000087100000, 0x0000000087200000|  0%| F|  |TAMS 0x0000000087100000, 0x0000000087100000| Untracked 
| 114|0x0000000087200000, 0x0000000087200000, 0x0000000087300000|  0%| F|  |TAMS 0x0000000087200000, 0x0000000087200000| Untracked 
| 115|0x0000000087300000, 0x0000000087300000, 0x0000000087400000|  0%| F|  |TAMS 0x0000000087300000, 0x0000000087300000| Untracked 
| 116|0x0000000087400000, 0x0000000087400000, 0x0000000087500000|  0%| F|  |TAMS 0x0000000087400000, 0x0000000087400000| Untracked 
| 117|0x0000000087500000, 0x0000000087500000, 0x0000000087600000|  0%| F|  |TAMS 0x0000000087500000, 0x0000000087500000| Untracked 
| 118|0x0000000087600000, 0x0000000087600000, 0x0000000087700000|  0%| F|  |TAMS 0x0000000087600000, 0x0000000087600000| Untracked 
| 119|0x0000000087700000, 0x0000000087700000, 0x0000000087800000|  0%| F|  |TAMS 0x0000000087700000, 0x0000000087700000| Untracked 
| 120|0x0000000087800000, 0x0000000087800000, 0x0000000087900000|  0%| F|  |TAMS 0x0000000087800000, 0x0000000087800000| Untracked 
| 121|0x0000000087900000, 0x0000000087900000, 0x0000000087a00000|  0%| F|  |TAMS 0x0000000087900000, 0x0000000087900000| Untracked 
| 122|0x0000000087a00000, 0x0000000087a00000, 0x0000000087b00000|  0%| F|  |TAMS 0x0000000087a00000, 0x0000000087a00000| Untracked 
| 123|0x0000000087b00000, 0x0000000087b00000, 0x0000000087c00000|  0%| F|  |TAMS 0x0000000087b00000, 0x0000000087b00000| Untracked 
| 124|0x0000000087c00000, 0x0000000087c00000, 0x0000000087d00000|  0%| F|  |TAMS 0x0000000087c00000, 0x0000000087c00000| Untracked 
| 125|0x0000000087d00000, 0x0000000087d00000, 0x0000000087e00000|  0%| F|  |TAMS 0x0000000087d00000, 0x0000000087d00000| Untracked 
| 126|0x0000000087e00000, 0x0000000087f00000, 0x0000000087f00000|100%| O|  |TAMS 0x0000000087f00000, 0x0000000087e00000| Updating 
| 127|0x0000000087f00000, 0x0000000088000000, 0x0000000088000000|100%| O|  |TAMS 0x0000000087f45800, 0x0000000087f00000| Updating 
| 128|0x0000000088000000, 0x0000000088000000, 0x0000000088100000|  0%| F|  |TAMS 0x0000000088000000, 0x0000000088000000| Untracked 
| 129|0x0000000088100000, 0x0000000088100000, 0x0000000088200000|  0%| F|  |TAMS 0x0000000088100000, 0x0000000088100000| Untracked 
| 130|0x0000000088200000, 0x0000000088200000, 0x0000000088300000|  0%| F|  |TAMS 0x0000000088200000, 0x0000000088200000| Untracked 
| 131|0x0000000088300000, 0x0000000088300000, 0x0000000088400000|  0%| F|  |TAMS 0x0000000088300000, 0x0000000088300000| Untracked 
| 132|0x0000000088400000, 0x0000000088500000, 0x0000000088500000|100%| O|  |TAMS 0x0000000088500000, 0x0000000088400000| Updating 
| 133|0x0000000088500000, 0x0000000088600000, 0x0000000088600000|100%| O|  |TAMS 0x0000000088600000, 0x0000000088500000| Updating 
| 134|0x0000000088600000, 0x0000000088600000, 0x0000000088700000|  0%| F|  |TAMS 0x0000000088600000, 0x0000000088600000| Untracked 
| 135|0x0000000088700000, 0x0000000088700000, 0x0000000088800000|  0%| F|  |TAMS 0x0000000088700000, 0x0000000088700000| Untracked 
| 136|0x0000000088800000, 0x0000000088800000, 0x0000000088900000|  0%| F|  |TAMS 0x0000000088800000, 0x0000000088800000| Untracked 
| 137|0x0000000088900000, 0x0000000088900000, 0x0000000088a00000|  0%| F|  |TAMS 0x0000000088900000, 0x0000000088900000| Untracked 
| 138|0x0000000088a00000, 0x0000000088a00000, 0x0000000088b00000|  0%| F|  |TAMS 0x0000000088a00000, 0x0000000088a00000| Untracked 
| 139|0x0000000088b00000, 0x0000000088b00000, 0x0000000088c00000|  0%| F|  |TAMS 0x0000000088b00000, 0x0000000088b00000| Untracked 
| 140|0x0000000088c00000, 0x0000000088c00000, 0x0000000088d00000|  0%| F|  |TAMS 0x0000000088c00000, 0x0000000088c00000| Untracked 
| 141|0x0000000088d00000, 0x0000000088d00000, 0x0000000088e00000|  0%| F|  |TAMS 0x0000000088d00000, 0x0000000088d00000| Untracked 
| 142|0x0000000088e00000, 0x0000000088e00000, 0x0000000088f00000|  0%| F|  |TAMS 0x0000000088e00000, 0x0000000088e00000| Untracked 
| 143|0x0000000088f00000, 0x0000000088f00000, 0x0000000089000000|  0%| F|  |TAMS 0x0000000088f00000, 0x0000000088f00000| Untracked 
| 144|0x0000000089000000, 0x0000000089000000, 0x0000000089100000|  0%| F|  |TAMS 0x0000000089000000, 0x0000000089000000| Untracked 
| 145|0x0000000089100000, 0x0000000089100000, 0x0000000089200000|  0%| F|  |TAMS 0x0000000089100000, 0x0000000089100000| Untracked 
| 146|0x0000000089200000, 0x0000000089200000, 0x0000000089300000|  0%| F|  |TAMS 0x0000000089200000, 0x0000000089200000| Untracked 
| 147|0x0000000089300000, 0x0000000089300000, 0x0000000089400000|  0%| F|  |TAMS 0x0000000089300000, 0x0000000089300000| Untracked 
| 148|0x0000000089400000, 0x0000000089400000, 0x0000000089500000|  0%| F|  |TAMS 0x0000000089400000, 0x0000000089400000| Untracked 
| 149|0x0000000089500000, 0x0000000089500000, 0x0000000089600000|  0%| F|  |TAMS 0x0000000089500000, 0x0000000089500000| Untracked 
| 150|0x0000000089600000, 0x0000000089600000, 0x0000000089700000|  0%| F|  |TAMS 0x0000000089600000, 0x0000000089600000| Untracked 
| 151|0x0000000089700000, 0x0000000089800000, 0x0000000089800000|100%| O|  |TAMS 0x0000000089800000, 0x0000000089700000| Updating 
| 152|0x0000000089800000, 0x0000000089800000, 0x0000000089900000|  0%| F|  |TAMS 0x0000000089800000, 0x0000000089800000| Untracked 
| 153|0x0000000089900000, 0x0000000089900000, 0x0000000089a00000|  0%| F|  |TAMS 0x0000000089900000, 0x0000000089900000| Untracked 
| 154|0x0000000089a00000, 0x0000000089a00000, 0x0000000089b00000|  0%| F|  |TAMS 0x0000000089a00000, 0x0000000089a00000| Untracked 
| 155|0x0000000089b00000, 0x0000000089be9038, 0x0000000089c00000| 91%| S|CS|TAMS 0x0000000089b00000, 0x0000000089b00000| Complete 
| 156|0x0000000089c00000, 0x0000000089d00000, 0x0000000089d00000|100%| S|CS|TAMS 0x0000000089c00000, 0x0000000089c00000| Complete 
| 157|0x0000000089d00000, 0x0000000089d00000, 0x0000000089e00000|  0%| F|  |TAMS 0x0000000089d00000, 0x0000000089d00000| Untracked 
| 158|0x0000000089e00000, 0x0000000089e00000, 0x0000000089f00000|  0%| F|  |TAMS 0x0000000089e00000, 0x0000000089e00000| Untracked 
| 159|0x0000000089f00000, 0x0000000089f00000, 0x000000008a000000|  0%| F|  |TAMS 0x0000000089f00000, 0x0000000089f00000| Untracked 
| 160|0x000000008a000000, 0x000000008a000000, 0x000000008a100000|  0%| F|  |TAMS 0x000000008a000000, 0x000000008a000000| Untracked 
| 161|0x000000008a100000, 0x000000008a100000, 0x000000008a200000|  0%| F|  |TAMS 0x000000008a100000, 0x000000008a100000| Untracked 
| 162|0x000000008a200000, 0x000000008a200000, 0x000000008a300000|  0%| F|  |TAMS 0x000000008a200000, 0x000000008a200000| Untracked 
| 163|0x000000008a300000, 0x000000008a300000, 0x000000008a400000|  0%| F|  |TAMS 0x000000008a300000, 0x000000008a300000| Untracked 
| 164|0x000000008a400000, 0x000000008a400000, 0x000000008a500000|  0%| F|  |TAMS 0x000000008a400000, 0x000000008a400000| Untracked 
| 165|0x000000008a500000, 0x000000008a500000, 0x000000008a600000|  0%| F|  |TAMS 0x000000008a500000, 0x000000008a500000| Untracked 
| 166|0x000000008a600000, 0x000000008a600000, 0x000000008a700000|  0%| F|  |TAMS 0x000000008a600000, 0x000000008a600000| Untracked 
| 167|0x000000008a700000, 0x000000008a700000, 0x000000008a800000|  0%| F|  |TAMS 0x000000008a700000, 0x000000008a700000| Untracked 
| 168|0x000000008a800000, 0x000000008a800000, 0x000000008a900000|  0%| F|  |TAMS 0x000000008a800000, 0x000000008a800000| Untracked 
| 169|0x000000008a900000, 0x000000008a900000, 0x000000008aa00000|  0%| F|  |TAMS 0x000000008a900000, 0x000000008a900000| Untracked 
| 170|0x000000008aa00000, 0x000000008aa00000, 0x000000008ab00000|  0%| F|  |TAMS 0x000000008aa00000, 0x000000008aa00000| Untracked 
| 171|0x000000008ab00000, 0x000000008ab00000, 0x000000008ac00000|  0%| F|  |TAMS 0x000000008ab00000, 0x000000008ab00000| Untracked 
| 172|0x000000008ac00000, 0x000000008ac00000, 0x000000008ad00000|  0%| F|  |TAMS 0x000000008ac00000, 0x000000008ac00000| Untracked 

Card table byte_map: [0x0000024f3bc60000,0x0000024f3c060000] _byte_map_base: 0x0000024f3b860000

Marking Bits (Prev, Next): (CMBitMap*) 0x0000024f21ef74d8, (CMBitMap*) 0x0000024f21ef7510
 Prev Bits: [0x0000024f3c460000, 0x0000024f3e460000)
 Next Bits: [0x0000024f3e460000, 0x0000024f40460000)

Polling page: 0x0000024f21d60000

Metaspace:

Usage:
  Non-class:     87.41 MB capacity,    85.73 MB ( 98%) used,     1.39 MB (  2%) free+waste,   298.31 KB ( <1%) overhead. 
      Class:     13.92 MB capacity,    12.80 MB ( 92%) used,  1005.86 KB (  7%) free+waste,   137.63 KB ( <1%) overhead. 
       Both:    101.33 MB capacity,    98.53 MB ( 97%) used,     2.37 MB (  2%) free+waste,   435.94 KB ( <1%) overhead. 

Virtual space:
  Non-class space:       88.00 MB reserved,      87.51 MB (>99%) committed 
      Class space:      504.00 MB reserved,      14.00 MB (  3%) committed 
             Both:      592.00 MB reserved,     101.51 MB ( 17%) committed 

Chunk freelists:
   Non-Class:  100.00 KB
       Class:  54.00 KB
        Both:  154.00 KB

MaxMetaspaceSize: 512.00 MB
CompressedClassSpaceSize: 504.00 MB
Initial GC threshold: 20.80 MB
Current GC threshold: 169.18 MB
CDS: off

CodeHeap 'non-profiled nmethods': size=120000Kb used=5913Kb max_used=5913Kb free=114086Kb
 bounds [0x0000024f338c0000, 0x0000024f33e90000, 0x0000024f3adf0000]
CodeHeap 'profiled nmethods': size=120000Kb used=25263Kb max_used=25263Kb free=94736Kb
 bounds [0x0000024f2c390000, 0x0000024f2dc40000, 0x0000024f338c0000]
CodeHeap 'non-nmethods': size=5760Kb used=2396Kb max_used=2463Kb free=3363Kb
 bounds [0x0000024f2bdf0000, 0x0000024f2c070000, 0x0000024f2c390000]
 total_blobs=12567 nmethods=11641 adapters=838
 compilation: enabled
              stopped_count=0, restarted_count=0
 full_count=0

Compilation events (20 events):
Event: 52.269 Thread 0x0000024f43883800 11856       1       com.google.common.cache.RemovalCause$2::wasEvicted (2 bytes)
Event: 52.270 Thread 0x0000024f43883800 nmethod 11856 0x0000024f33e7cb10 code [0x0000024f33e7ccc0, 0x0000024f33e7cd78]
Event: 52.286 Thread 0x0000024f43883800 11858       2       net.rubygrapefruit.platform.internal.DefaultWindowsFiles::stat (70 bytes)
Event: 52.288 Thread 0x0000024f43883800 nmethod 11858 0x0000024f2dc38490 code [0x0000024f2dc38700, 0x0000024f2dc38fc8]
Event: 52.555 Thread 0x0000024f43883800 11860       2       org.gradle.internal.snapshot.RelativePathTracker::<init> (16 bytes)
Event: 52.556 Thread 0x0000024f43883800 nmethod 11860 0x0000024f2dc39390 code [0x0000024f2dc39540, 0x0000024f2dc397f8]
Event: 52.558 Thread 0x0000024f43883800 11861       2       java.util.RegularEnumSet$EnumSetIterator::<init> (23 bytes)
Event: 52.558 Thread 0x0000024f43883800 nmethod 11861 0x0000024f2dc39910 code [0x0000024f2dc39ac0, 0x0000024f2dc39c18]
Event: 52.564 Thread 0x0000024f43883800 11862       2       org.gradle.api.internal.artifacts.transform.CacheableInvocation$1::invoke (17 bytes)
Event: 52.565 Thread 0x0000024f43883800 nmethod 11862 0x0000024f2dc39d10 code [0x0000024f2dc39ee0, 0x0000024f2dc3a038]
Event: 52.566 Thread 0x0000024f43883800 11863       2       java.util.RegularEnumSet::iterator (9 bytes)
Event: 52.567 Thread 0x0000024f43883800 nmethod 11863 0x0000024f2dc3a110 code [0x0000024f2dc3a2c0, 0x0000024f2dc3a478]
Event: 52.579 Thread 0x0000024f43883800 11864       2       org.gradle.api.internal.artifacts.transform.CacheableInvocation$3::invoke (13 bytes)
Event: 52.580 Thread 0x0000024f43883800 nmethod 11864 0x0000024f2dc3a510 code [0x0000024f2dc3a6c0, 0x0000024f2dc3a808]
Event: 52.681 Thread 0x0000024f43883800 11865   !   2       java.nio.DirectByteBuffer::get (151 bytes)
Event: 52.682 Thread 0x0000024f43883800 nmethod 11865 0x0000024f2dc3a910 code [0x0000024f2dc3ab80, 0x0000024f2dc3b188]
Event: 52.682 Thread 0x0000024f43883800 11866  s!   2       sun.nio.ch.NativeThreadSet::signalAndWait (134 bytes)
Event: 52.683 Thread 0x0000024f43883800 nmethod 11866 0x0000024f2dc3b710 code [0x0000024f2dc3b8e0, 0x0000024f2dc3bd58]
Event: 52.759 Thread 0x0000024f43882800 nmethod 11814 0x0000024f33e7ce10 code [0x0000024f33e7d7e0, 0x0000024f33e83108]
Event: 52.759 Thread 0x0000024f43882800 11844       4       sun.nio.fs.WindowsPathParser::normalize (233 bytes)

GC Heap History (20 events):
Event: 42.211 GC heap after
{Heap after GC invocations=50 (full 0):
 garbage-first heap   total 143360K, used 85301K [0x0000000080000000, 0x0000000100000000)
  region size 1024K, 5 young (5120K), 5 survivors (5120K)
 Metaspace       used 90978K, capacity 93685K, committed 93704K, reserved 598016K
  class space    used 11988K, capacity 13049K, committed 13056K, reserved 516096K
}
Event: 43.792 GC heap before
{Heap before GC invocations=51 (full 0):
 garbage-first heap   total 143360K, used 116021K [0x0000000080000000, 0x0000000100000000)
  region size 1024K, 35 young (35840K), 5 survivors (5120K)
 Metaspace       used 93671K, capacity 96377K, committed 96520K, reserved 600064K
  class space    used 12417K, capacity 13448K, committed 13568K, reserved 516096K
}
Event: 43.805 GC heap after
{Heap after GC invocations=52 (full 0):
 garbage-first heap   total 143360K, used 87022K [0x0000000080000000, 0x0000000100000000)
  region size 1024K, 2 young (2048K), 2 survivors (2048K)
 Metaspace       used 93671K, capacity 96377K, committed 96520K, reserved 600064K
  class space    used 12417K, capacity 13448K, committed 13568K, reserved 516096K
}
Event: 46.842 GC heap before
{Heap before GC invocations=52 (full 0):
 garbage-first heap   total 143360K, used 116718K [0x0000000080000000, 0x0000000100000000)
  region size 1024K, 31 young (31744K), 2 survivors (2048K)
 Metaspace       used 97443K, capacity 100167K, committed 100232K, reserved 604160K
  class space    used 12838K, capacity 13906K, committed 13952K, reserved 516096K
}
Event: 46.861 GC heap after
{Heap after GC invocations=53 (full 0):
 garbage-first heap   total 172032K, used 88951K [0x0000000080000000, 0x0000000100000000)
  region size 1024K, 4 young (4096K), 4 survivors (4096K)
 Metaspace       used 97443K, capacity 100167K, committed 100232K, reserved 604160K
  class space    used 12838K, capacity 13906K, committed 13952K, reserved 516096K
}
Event: 49.225 GC heap before
{Heap before GC invocations=54 (full 0):
 garbage-first heap   total 172032K, used 129911K [0x0000000080000000, 0x0000000100000000)
  region size 1024K, 44 young (45056K), 4 survivors (4096K)
 Metaspace       used 98898K, capacity 101742K, committed 101896K, reserved 604160K
  class space    used 12973K, capacity 14065K, committed 14080K, reserved 516096K
}
Event: 49.245 GC heap after
{Heap after GC invocations=55 (full 0):
 garbage-first heap   total 172032K, used 92572K [0x0000000080000000, 0x0000000100000000)
  region size 1024K, 6 young (6144K), 6 survivors (6144K)
 Metaspace       used 98898K, capacity 101742K, committed 101896K, reserved 604160K
  class space    used 12973K, capacity 14065K, committed 14080K, reserved 516096K
}
Event: 49.977 GC heap before
{Heap before GC invocations=55 (full 0):
 garbage-first heap   total 172032K, used 127388K [0x0000000080000000, 0x0000000100000000)
  region size 1024K, 42 young (43008K), 6 survivors (6144K)
 Metaspace       used 100491K, capacity 103457K, committed 103688K, reserved 606208K
  class space    used 13108K, capacity 14259K, committed 14336K, reserved 516096K
}
Event: 50.011 GC heap after
{Heap after GC invocations=56 (full 0):
 garbage-first heap   total 172032K, used 94634K [0x0000000080000000, 0x0000000100000000)
  region size 1024K, 3 young (3072K), 3 survivors (3072K)
 Metaspace       used 100491K, capacity 103457K, committed 103688K, reserved 606208K
  class space    used 13108K, capacity 14259K, committed 14336K, reserved 516096K
}
Event: 50.297 GC heap before
{Heap before GC invocations=57 (full 0):
 garbage-first heap   total 172032K, used 106922K [0x0000000080000000, 0x0000000100000000)
  region size 1024K, 12 young (12288K), 3 survivors (3072K)
 Metaspace       used 100597K, capacity 103590K, committed 103688K, reserved 606208K
  class space    used 13116K, capacity 14260K, committed 14336K, reserved 516096K
}
Event: 50.305 GC heap after
{Heap after GC invocations=58 (full 0):
 garbage-first heap   total 172032K, used 96054K [0x0000000080000000, 0x0000000100000000)
  region size 1024K, 4 young (4096K), 4 survivors (4096K)
 Metaspace       used 100597K, capacity 103590K, committed 103688K, reserved 606208K
  class space    used 13116K, capacity 14260K, committed 14336K, reserved 516096K
}
Event: 51.028 GC heap before
{Heap before GC invocations=59 (full 0):
 garbage-first heap   total 177152K, used 166710K [0x0000000080000000, 0x0000000100000000)
  region size 1024K, 10 young (10240K), 4 survivors (4096K)
 Metaspace       used 100600K, capacity 103547K, committed 103688K, reserved 606208K
  class space    used 13107K, capacity 14245K, committed 14336K, reserved 516096K
}
Event: 51.044 GC heap after
{Heap after GC invocations=60 (full 0):
 garbage-first heap   total 177152K, used 139427K [0x0000000080000000, 0x0000000100000000)
  region size 1024K, 3 young (3072K), 3 survivors (3072K)
 Metaspace       used 100600K, capacity 103547K, committed 103688K, reserved 606208K
  class space    used 13107K, capacity 14245K, committed 14336K, reserved 516096K
}
Event: 51.691 GC heap before
{Heap before GC invocations=60 (full 0):
 garbage-first heap   total 177152K, used 167075K [0x0000000080000000, 0x0000000100000000)
  region size 1024K, 14 young (14336K), 3 survivors (3072K)
 Metaspace       used 100874K, capacity 103835K, committed 103944K, reserved 606208K
  class space    used 13119K, capacity 14277K, committed 14336K, reserved 516096K
}
Event: 51.922 GC heap after
{Heap after GC invocations=61 (full 0):
 garbage-first heap   total 177152K, used 140888K [0x0000000080000000, 0x0000000100000000)
  region size 1024K, 1 young (1024K), 1 survivors (1024K)
 Metaspace       used 100874K, capacity 103835K, committed 103944K, reserved 606208K
  class space    used 13119K, capacity 14277K, committed 14336K, reserved 516096K
}
Event: 52.089 GC heap before
{Heap before GC invocations=62 (full 0):
 garbage-first heap   total 177152K, used 151128K [0x0000000080000000, 0x0000000100000000)
  region size 1024K, 12 young (12288K), 1 survivors (1024K)
 Metaspace       used 100913K, capacity 103835K, committed 103944K, reserved 606208K
  class space    used 13119K, capacity 14277K, committed 14336K, reserved 516096K
}
Event: 52.094 GC heap after
{Heap after GC invocations=63 (full 0):
 garbage-first heap   total 177152K, used 141716K [0x0000000080000000, 0x0000000100000000)
  region size 1024K, 2 young (2048K), 2 survivors (2048K)
 Metaspace       used 100913K, capacity 103835K, committed 103944K, reserved 606208K
  class space    used 13119K, capacity 14277K, committed 14336K, reserved 516096K
}
Event: 52.310 GC heap before
{Heap before GC invocations=63 (full 0):
 garbage-first heap   total 177152K, used 151956K [0x0000000080000000, 0x0000000100000000)
  region size 1024K, 13 young (13312K), 2 survivors (2048K)
 Metaspace       used 100936K, capacity 103841K, committed 103944K, reserved 606208K
  class space    used 13123K, capacity 14279K, committed 14336K, reserved 516096K
}
Event: 52.453 GC heap after
{Heap after GC invocations=64 (full 0):
 garbage-first heap   total 177152K, used 131615K [0x0000000080000000, 0x0000000100000000)
  region size 1024K, 2 young (2048K), 2 survivors (2048K)
 Metaspace       used 100936K, capacity 103841K, committed 103944K, reserved 606208K
  class space    used 13123K, capacity 14279K, committed 14336K, reserved 516096K
}
Event: 52.767 GC heap before
{Heap before GC invocations=64 (full 0):
 garbage-first heap   total 177152K, used 112159K [0x0000000080000000, 0x0000000100000000)
  region size 1024K, 16 young (16384K), 2 survivors (2048K)
 Metaspace       used 100890K, capacity 103758K, committed 103944K, reserved 606208K
  class space    used 13106K, capacity 14250K, committed 14336K, reserved 516096K
}

Deoptimization events (20 events):
Event: 51.943 Thread 0x0000024f444c7000 DEOPT PACKING pc=0x0000024f2d7dc8c4 sp=0x000000bb584faa40
Event: 51.943 Thread 0x0000024f444c7000 DEOPT UNPACKING pc=0x0000024f2be3a95e sp=0x000000bb584f9fe0 mode 0
Event: 51.999 Thread 0x0000024f444c7000 DEOPT PACKING pc=0x0000024f2d7dc8c4 sp=0x000000bb584faa40
Event: 51.999 Thread 0x0000024f444c7000 DEOPT UNPACKING pc=0x0000024f2be3a95e sp=0x000000bb584f9fe0 mode 0
Event: 52.076 Thread 0x0000024f444c7000 DEOPT PACKING pc=0x0000024f2d7dc8c4 sp=0x000000bb584faa40
Event: 52.076 Thread 0x0000024f444c7000 DEOPT UNPACKING pc=0x0000024f2be3a95e sp=0x000000bb584f9fe0 mode 0
Event: 52.189 Thread 0x0000024f444c7000 DEOPT PACKING pc=0x0000024f2d7dc8c4 sp=0x000000bb584faa40
Event: 52.189 Thread 0x0000024f444c7000 DEOPT UNPACKING pc=0x0000024f2be3a95e sp=0x000000bb584f9fe0 mode 0
Event: 52.211 Thread 0x0000024f444c7000 DEOPT PACKING pc=0x0000024f2d7dc8c4 sp=0x000000bb584faa40
Event: 52.211 Thread 0x0000024f444c7000 DEOPT UNPACKING pc=0x0000024f2be3a95e sp=0x000000bb584f9fe0 mode 0
Event: 52.308 Thread 0x0000024f444c7000 DEOPT PACKING pc=0x0000024f2d7dc8c4 sp=0x000000bb584faa40
Event: 52.308 Thread 0x0000024f444c7000 DEOPT UNPACKING pc=0x0000024f2be3a95e sp=0x000000bb584f9fe0 mode 0
Event: 52.475 Thread 0x0000024f444c7000 DEOPT PACKING pc=0x0000024f2d7dc8c4 sp=0x000000bb584faa40
Event: 52.475 Thread 0x0000024f444c7000 DEOPT UNPACKING pc=0x0000024f2be3a95e sp=0x000000bb584f9fe0 mode 0
Event: 52.494 Thread 0x0000024f444c7000 DEOPT PACKING pc=0x0000024f2d7dc8c4 sp=0x000000bb584faa40
Event: 52.494 Thread 0x0000024f444c7000 DEOPT UNPACKING pc=0x0000024f2be3a95e sp=0x000000bb584f9fe0 mode 0
Event: 52.631 Thread 0x0000024f444c7000 DEOPT PACKING pc=0x0000024f2d7dc8c4 sp=0x000000bb584faa40
Event: 52.631 Thread 0x0000024f444c7000 DEOPT UNPACKING pc=0x0000024f2be3a95e sp=0x000000bb584f9fe0 mode 0
Event: 52.763 Thread 0x0000024f444c7000 DEOPT PACKING pc=0x0000024f2d7dc8c4 sp=0x000000bb584faa40
Event: 52.763 Thread 0x0000024f444c7000 DEOPT UNPACKING pc=0x0000024f2be3a95e sp=0x000000bb584f9fe0 mode 0

Classes redefined (0 events):
No events

Internal exceptions (20 events):
Event: 43.443 Thread 0x0000024f45008000 Exception <a 'java/lang/NullPointerException'{0x00000000875981f8}> (0x00000000875981f8) thrown at [./src/hotspot/share/interpreter/linkResolver.cpp, line 1440]
Event: 44.281 Thread 0x0000024f45008000 Exception <a 'java/lang/NoSuchMethodError'{0x00000000883ac8f8}: 'int java.lang.invoke.DirectMethodHandle$Holder.invokeStatic(java.lang.Object, java.lang.Object, int, java.lang.Object)'> (0x00000000883ac8f8) thrown at [./src/hotspot/share/interpreter/linkResolver.cpp, line 773]
Event: 44.615 Thread 0x0000024f45008000 Exception <a 'sun/nio/fs/WindowsException'{0x00000000882c8590}> (0x00000000882c8590) thrown at [./src/hotspot/share/prims/jni.cpp, line 617]
Event: 44.616 Thread 0x0000024f45008000 Exception <a 'sun/nio/fs/WindowsException'{0x00000000882c9900}> (0x00000000882c9900) thrown at [./src/hotspot/share/prims/jni.cpp, line 617]
Event: 44.616 Thread 0x0000024f45008000 Exception <a 'sun/nio/fs/WindowsException'{0x00000000882cacc0}> (0x00000000882cacc0) thrown at [./src/hotspot/share/prims/jni.cpp, line 617]
Event: 44.617 Thread 0x0000024f45008000 Exception <a 'sun/nio/fs/WindowsException'{0x00000000882cc080}> (0x00000000882cc080) thrown at [./src/hotspot/share/prims/jni.cpp, line 617]
Event: 49.063 Thread 0x0000024f4b30e000 Exception <a 'java/lang/NoSuchMethodError'{0x00000000884c9c58}: 'void java.lang.invoke.DirectMethodHandle$Holder.invokeStatic(java.lang.Object, java.lang.Object, java.lang.Object, java.lang.Object, int, java.lang.Object, java.lang.Object)'> (0x00000000884c9c58) thrown at [./src/hotspot/share/interpreter/linkResolver.cpp, line 773]
Event: 49.136 Thread 0x0000024f4b305000 Exception <a 'java/lang/NoSuchMethodError'{0x00000000882d60b8}: 'java.lang.Object java.lang.invoke.DirectMethodHandle$Holder.invokeSpecialIFC(java.lang.Object, java.lang.Object, java.lang.Object)'> (0x00000000882d60b8) thrown at [./src/hotspot/share/interpreter/linkResolver.cpp, line 773]
Event: 49.136 Thread 0x0000024f4b30e000 Exception <a 'java/lang/NoSuchMethodError'{0x00000000882d53f0}: 'java.lang.Object java.lang.invoke.DirectMethodHandle$Holder.invokeSpecialIFC(java.lang.Object, java.lang.Object, java.lang.Object)'> (0x00000000882d53f0) thrown at [./src/hotspot/share/interpreter/linkResolver.cpp, line 773]
Event: 49.677 Thread 0x0000024f4b30e000 Exception <a 'java/lang/ClassNotFoundException'{0x0000000088f3b280}: groovy/util/FileTreeBuilderBeanInfo> (0x0000000088f3b280) thrown at [./src/hotspot/share/classfile/systemDictionary.cpp, line 230]
Event: 49.679 Thread 0x0000024f4b30e000 Exception <a 'java/lang/ClassNotFoundException'{0x0000000088fb2d70}: groovy/util/FileTreeBuilderCustomizer> (0x0000000088fb2d70) thrown at [./src/hotspot/share/classfile/systemDictionary.cpp, line 230]
Event: 49.700 Thread 0x0000024f4b30e000 Exception <a 'java/lang/ClassNotFoundException'{0x0000000088e06998}: java/io/BufferedWriterBeanInfo> (0x0000000088e06998) thrown at [./src/hotspot/share/classfile/systemDictionary.cpp, line 230]
Event: 49.700 Thread 0x0000024f4b30e000 Exception <a 'java/lang/ClassNotFoundException'{0x0000000088e0c190}: java/io/WriterBeanInfo> (0x0000000088e0c190) thrown at [./src/hotspot/share/classfile/systemDictionary.cpp, line 230]
Event: 49.701 Thread 0x0000024f4b30e000 Exception <a 'java/lang/ClassNotFoundException'{0x0000000088e11be0}: java/io/WriterCustomizer> (0x0000000088e11be0) thrown at [./src/hotspot/share/classfile/systemDictionary.cpp, line 230]
Event: 49.701 Thread 0x0000024f4b30e000 Exception <a 'java/lang/ClassNotFoundException'{0x0000000088e1f538}: java/io/BufferedWriterCustomizer> (0x0000000088e1f538) thrown at [./src/hotspot/share/classfile/systemDictionary.cpp, line 230]
Event: 49.747 Thread 0x0000024f4b313800 Exception <a 'java/lang/NoSuchMethodError'{0x0000000088edcac0}: <clinit>> (0x0000000088edcac0) thrown at [./src/hotspot/share/prims/jni.cpp, line 1367]
Event: 49.859 Thread 0x0000024f4b313800 Exception <a 'sun/nio/fs/WindowsException'{0x0000000088a1fea0}> (0x0000000088a1fea0) thrown at [./src/hotspot/share/prims/jni.cpp, line 617]
Event: 49.860 Thread 0x0000024f4b313800 Exception <a 'sun/nio/fs/WindowsException'{0x0000000088a20d28}> (0x0000000088a20d28) thrown at [./src/hotspot/share/prims/jni.cpp, line 617]
Event: 49.908 Thread 0x0000024f47d24800 Exception <a 'sun/nio/fs/WindowsException'{0x000000008886c848}> (0x000000008886c848) thrown at [./src/hotspot/share/prims/jni.cpp, line 617]
Event: 52.123 Thread 0x0000024f444cf000 Exception <a 'sun/nio/fs/WindowsException'{0x000000008aa57df0}> (0x000000008aa57df0) thrown at [./src/hotspot/share/prims/jni.cpp, line 617]

Events (20 events):
Event: 52.095 Executing VM operation: G1CollectForAllocation done
Event: 52.099 loading class com/android/tools/build/jetifier/processor/transform/pom/PomScanner
Event: 52.099 loading class com/android/tools/build/jetifier/processor/transform/pom/PomScanner done
Event: 52.110 loading class com/android/tools/build/jetifier/processor/transform/pom/PomScanner$Companion
Event: 52.110 loading class com/android/tools/build/jetifier/processor/transform/pom/PomScanner$Companion done
Event: 52.171 loading class com/android/tools/build/jetifier/processor/TransformationResult
Event: 52.171 loading class com/android/tools/build/jetifier/processor/TransformationResult done
Event: 52.176 loading class org/gradle/api/internal/artifacts/transform/TransformationResult$Builder
Event: 52.176 loading class org/gradle/api/internal/artifacts/transform/TransformationResult$Builder done
Event: 52.177 loading class org/gradle/api/internal/artifacts/transform/TransformationResultSerializer
Event: 52.177 loading class org/gradle/api/internal/artifacts/transform/TransformationResultSerializer done
Event: 52.197 loading class org/gradle/api/internal/artifacts/transform/DefaultTransformerInvocationFactory$AbstractTransformerExecution$2
Event: 52.197 loading class org/gradle/api/internal/artifacts/transform/DefaultTransformerInvocationFactory$AbstractTransformerExecution$2 done
Event: 52.309 Executing VM operation: G1CollectForAllocation
Event: 52.453 Executing VM operation: G1CollectForAllocation done
Event: 52.551 Executing VM operation: RevokeBias
Event: 52.552 Executing VM operation: RevokeBias done
Event: 52.703 Executing VM operation: CGC_Operation
Event: 52.743 Executing VM operation: CGC_Operation done
Event: 52.767 Executing VM operation: G1CollectForAllocation


Dynamic libraries:
0x00007ff6108c0000 - 0x00007ff6108cd000 	C:\Program Files\Eclipse Adoptium\jdk-11.0.16.8-hotspot\bin\java.exe
0x00007ff90a1b0000 - 0x00007ff90a3a8000 	C:\WINDOWS\SYSTEM32\ntdll.dll
0x00007ff908270000 - 0x00007ff90832d000 	C:\WINDOWS\System32\KERNEL32.DLL
0x00007ff907ee0000 - 0x00007ff9081b2000 	C:\WINDOWS\System32\KERNELBASE.dll
0x00007ff907ca0000 - 0x00007ff907da0000 	C:\WINDOWS\System32\ucrtbase.dll
0x00007ff8f4820000 - 0x00007ff8f4837000 	C:\Program Files\Eclipse Adoptium\jdk-11.0.16.8-hotspot\bin\jli.dll
0x00007ff908330000 - 0x00007ff9084cd000 	C:\WINDOWS\System32\USER32.dll
0x00007ff8f4800000 - 0x00007ff8f4815000 	C:\Program Files\Eclipse Adoptium\jdk-11.0.16.8-hotspot\bin\VCRUNTIME140.dll
0x00007ff907eb0000 - 0x00007ff907ed2000 	C:\WINDOWS\System32\win32u.dll
0x00007ff908c00000 - 0x00007ff908c2b000 	C:\WINDOWS\System32\GDI32.dll
0x00007ff907da0000 - 0x00007ff907eaf000 	C:\WINDOWS\System32\gdi32full.dll
0x00007ff8f0540000 - 0x00007ff8f07da000 	C:\WINDOWS\WinSxS\amd64_microsoft.windows.common-controls_6595b64144ccf1df_6.0.19041.1110_none_60b5254171f9507e\COMCTL32.dll
0x00007ff907c00000 - 0x00007ff907c9d000 	C:\WINDOWS\System32\msvcp_win.dll
0x00007ff909770000 - 0x00007ff90980e000 	C:\WINDOWS\System32\msvcrt.dll
0x00007ff9088f0000 - 0x00007ff908920000 	C:\WINDOWS\System32\IMM32.DLL
0x00007ff8f4760000 - 0x00007ff8f47fb000 	C:\Program Files\Eclipse Adoptium\jdk-11.0.16.8-hotspot\bin\msvcp140.dll
0x00007ff8670b0000 - 0x00007ff867c32000 	C:\Program Files\Eclipse Adoptium\jdk-11.0.16.8-hotspot\bin\server\jvm.dll
0x00007ff908840000 - 0x00007ff9088ee000 	C:\WINDOWS\System32\ADVAPI32.dll
0x00007ff9096d0000 - 0x00007ff90976c000 	C:\WINDOWS\System32\sechost.dll
0x00007ff908c30000 - 0x00007ff908d55000 	C:\WINDOWS\System32\RPCRT4.dll
0x00007ff909340000 - 0x00007ff909348000 	C:\WINDOWS\System32\PSAPI.DLL
0x00007ff903050000 - 0x00007ff903059000 	C:\WINDOWS\SYSTEM32\WSOCK32.dll
0x00007ff8fd8f0000 - 0x00007ff8fd917000 	C:\WINDOWS\SYSTEM32\WINMM.dll
0x00007ff908b90000 - 0x00007ff908bfb000 	C:\WINDOWS\System32\WS2_32.dll
0x00007ff8fdb20000 - 0x00007ff8fdb2a000 	C:\WINDOWS\SYSTEM32\VERSION.dll
0x00007ff9060d0000 - 0x00007ff9060e2000 	C:\WINDOWS\SYSTEM32\kernel.appcore.dll
0x00007ff904bc0000 - 0x00007ff904bd0000 	C:\Program Files\Eclipse Adoptium\jdk-11.0.16.8-hotspot\bin\verify.dll
0x00007ff905710000 - 0x00007ff9058f4000 	C:\WINDOWS\SYSTEM32\DBGHELP.DLL
0x00007ff8e0de0000 - 0x00007ff8e0e0c000 	C:\WINDOWS\SYSTEM32\dbgcore.DLL
0x00007ff907a10000 - 0x00007ff907a92000 	C:\WINDOWS\System32\bcryptPrimitives.dll
0x00007ff8f4730000 - 0x00007ff8f4758000 	C:\Program Files\Eclipse Adoptium\jdk-11.0.16.8-hotspot\bin\java.dll
0x00007ff8fdb30000 - 0x00007ff8fdb3a000 	C:\Program Files\Eclipse Adoptium\jdk-11.0.16.8-hotspot\bin\jimage.dll
0x00007ff8f4710000 - 0x00007ff8f4728000 	C:\Program Files\Eclipse Adoptium\jdk-11.0.16.8-hotspot\bin\zip.dll
0x00007ff909a20000 - 0x00007ff90a163000 	C:\WINDOWS\System32\SHELL32.dll
0x00007ff905900000 - 0x00007ff906091000 	C:\WINDOWS\SYSTEM32\windows.storage.dll
0x00007ff9084d0000 - 0x00007ff908824000 	C:\WINDOWS\System32\combase.dll
0x00007ff907320000 - 0x00007ff907350000 	C:\WINDOWS\SYSTEM32\Wldp.dll
0x00007ff909620000 - 0x00007ff9096cd000 	C:\WINDOWS\System32\SHCORE.dll
0x00007ff908210000 - 0x00007ff908265000 	C:\WINDOWS\System32\shlwapi.dll
0x00007ff907800000 - 0x00007ff90781f000 	C:\WINDOWS\SYSTEM32\profapi.dll
0x00007ff8f46f0000 - 0x00007ff8f4709000 	C:\Program Files\Eclipse Adoptium\jdk-11.0.16.8-hotspot\bin\net.dll
0x00007ff8fd430000 - 0x00007ff8fd53d000 	C:\WINDOWS\SYSTEM32\WINHTTP.dll
0x00007ff907030000 - 0x00007ff90709a000 	C:\WINDOWS\system32\mswsock.dll
0x00007ff8f46d0000 - 0x00007ff8f46e3000 	C:\Program Files\Eclipse Adoptium\jdk-11.0.16.8-hotspot\bin\nio.dll
0x00007ff904b10000 - 0x00007ff904b37000 	C:\Users\hp\.gradle\native\e1d6ef7f7dcc3fd88c89a11ec53ec762bb8ba0a96d01ffa2cd45eb1d1d8dd5c5\windows-amd64\native-platform.dll
0x00007ff8aead0000 - 0x00007ff8aec14000 	C:\Users\hp\.gradle\native\0d407fdbe67a94daf76414ababcb853783967236a71b16ec16e742cd7a986fd3\windows-amd64\native-platform-file-events.dll
0x00007ff8f46c0000 - 0x00007ff8f46c9000 	C:\Program Files\Eclipse Adoptium\jdk-11.0.16.8-hotspot\bin\management.dll
0x00007ff8f46b0000 - 0x00007ff8f46bb000 	C:\Program Files\Eclipse Adoptium\jdk-11.0.16.8-hotspot\bin\management_ext.dll
0x00007ff907210000 - 0x00007ff907228000 	C:\WINDOWS\SYSTEM32\CRYPTSP.dll
0x00007ff9068f0000 - 0x00007ff906924000 	C:\WINDOWS\system32\rsaenh.dll
0x00007ff9079e0000 - 0x00007ff907a07000 	C:\WINDOWS\System32\bcrypt.dll
0x00007ff9077c0000 - 0x00007ff9077ee000 	C:\WINDOWS\SYSTEM32\USERENV.dll
0x00007ff907230000 - 0x00007ff90723c000 	C:\WINDOWS\SYSTEM32\CRYPTBASE.dll
0x00007ff906cf0000 - 0x00007ff906d2b000 	C:\WINDOWS\SYSTEM32\IPHLPAPI.DLL
0x00007ff908ad0000 - 0x00007ff908ad8000 	C:\WINDOWS\System32\NSI.dll
0x00007ff8fa820000 - 0x00007ff8fa837000 	C:\WINDOWS\SYSTEM32\dhcpcsvc6.DLL
0x00007ff8fa7e0000 - 0x00007ff8fa7fd000 	C:\WINDOWS\SYSTEM32\dhcpcsvc.DLL
0x00007ff906d30000 - 0x00007ff906dfa000 	C:\WINDOWS\SYSTEM32\DNSAPI.dll
0x00007ff906a10000 - 0x00007ff906a43000 	C:\WINDOWS\SYSTEM32\ntmarta.dll

dbghelp: loaded successfully - version: 4.0.5 - missing functions: none
symbol engine: initialized successfully - sym options: 0x614 - pdb path: .;C:\Program Files\Eclipse Adoptium\jdk-11.0.16.8-hotspot\bin;C:\WINDOWS\SYSTEM32;C:\WINDOWS\WinSxS\amd64_microsoft.windows.common-controls_6595b64144ccf1df_6.0.19041.1110_none_60b5254171f9507e;C:\Program Files\Eclipse Adoptium\jdk-11.0.16.8-hotspot\bin\server;C:\Users\hp\.gradle\native\e1d6ef7f7dcc3fd88c89a11ec53ec762bb8ba0a96d01ffa2cd45eb1d1d8dd5c5\windows-amd64;C:\Users\hp\.gradle\native\0d407fdbe67a94daf76414ababcb853783967236a71b16ec16e742cd7a986fd3\windows-amd64

VM Arguments:
jvm_args: -XX:MaxMetaspaceSize=512m --add-opens=java.base/java.util=ALL-UNNAMED --add-opens=java.base/java.lang=ALL-UNNAMED --add-opens=java.base/java.lang.invoke=ALL-UNNAMED --add-opens=java.base/java.util=ALL-UNNAMED --add-opens=java.prefs/java.util.prefs=ALL-UNNAMED --add-opens=java.prefs/java.util.prefs=ALL-UNNAMED --add-opens=java.base/java.nio.charset=ALL-UNNAMED --add-opens=java.base/java.net=ALL-UNNAMED --add-opens=java.base/java.util.concurrent.atomic=ALL-UNNAMED -Xmx2048m -Dfile.encoding=windows-1252 -Duser.country=ID -Duser.language=en -Duser.variant 
java_command: org.gradle.launcher.daemon.bootstrap.GradleDaemon 7.5.1
java_class_path (initial): C:\Users\hp\.gradle\wrapper\dists\gradle-7.5.1-all\1ehga6e77gqps5uk2kc5kf1vc\gradle-7.5.1\lib\gradle-launcher-7.5.1.jar
Launcher Type: SUN_STANDARD

[Global flags]
     intx CICompilerCount                          = 4                                         {product} {ergonomic}
   size_t CompressedClassSpaceSize                 = 528482304                                 {product} {ergonomic}
     uint ConcGCThreads                            = 2                                         {product} {ergonomic}
     uint G1ConcRefinementThreads                  = 8                                         {product} {ergonomic}
   size_t G1HeapRegionSize                         = 1048576                                   {product} {ergonomic}
    uintx GCDrainStackTargetSize                   = 64                                        {product} {ergonomic}
   size_t InitialHeapSize                          = 100663296                                 {product} {ergonomic}
   size_t MarkStackSize                            = 4194304                                   {product} {ergonomic}
   size_t MaxHeapSize                              = 2147483648                                {product} {command line}
   size_t MaxMetaspaceSize                         = 536870912                                 {product} {command line}
   size_t MaxNewSize                               = 1287651328                                {product} {ergonomic}
   size_t MinHeapDeltaBytes                        = 1048576                                   {product} {ergonomic}
    uintx NonNMethodCodeHeapSize                   = 5836300                                {pd product} {ergonomic}
    uintx NonProfiledCodeHeapSize                  = 122910970                              {pd product} {ergonomic}
    uintx ProfiledCodeHeapSize                     = 122910970                              {pd product} {ergonomic}
    uintx ReservedCodeCacheSize                    = 251658240                              {pd product} {ergonomic}
     bool SegmentedCodeCache                       = true                                      {product} {ergonomic}
     bool UseCompressedClassPointers               = true                                 {lp64_product} {ergonomic}
     bool UseCompressedOops                        = true                                 {lp64_product} {ergonomic}
     bool UseG1GC                                  = true                                      {product} {ergonomic}
     bool UseLargePagesIndividualAllocation        = false                                  {pd product} {ergonomic}

Logging:
Log output configuration:
 #0: stdout all=warning uptime,level,tags
 #1: stderr all=off uptime,level,tags

Environment Variables:
CLASSPATH=D:\Android01\android\\gradle\wrapper\gradle-wrapper.jar
PATH=D:\Android01\android\node_modules\.bin;D:\Android01\node_modules\.bin;D:\node_modules\.bin;C:\Program Files\nodejs;C:\Users\hp\AppData\Local\Temp\yarn--1667040014244-0.7151318867613843;D:\Android01\node_modules\.bin;C:\Users\hp\AppData\Local\Yarn\Data\link\node_modules\.bin;C:\Users\hp\AppData\Local\Yarn\bin;C:\Program Files\libexec\lib\node_modules\npm\bin\node-gyp-bin;C:\Program Files\lib\node_modules\npm\bin\node-gyp-bin;C:\Program Files\nodejs\node_modules\npm\bin\node-gyp-bin;C:\Program Files\Eclipse Adoptium\jdk-11.0.16.8-hotspot\bin;C:\Program Files\Common Files\Oracle\Java\javapath;C:\Program Files (x86)\Common Files\Intel\Shared Libraries\redist\intel64\compiler;C:\Program Files\Microsoft MPI\Bin\;C:\windows\system32;C:\windows;C:\windows\System32\Wbem;C:\windows\System32\WindowsPowerShell\v1.0\;C:\windows\System32\OpenSSH\;C:\Program Files (x86)\NVIDIA Corporation\PhysX\Common;C:\Program Files\NVIDIA Corporation\NVIDIA NvDLISR;C:\Program Files\Microsoft SQL Server\130\Tools\Binn\;C:\Program Files\Microsoft SQL Server\Client SDK\ODBC\170\Tools\Binn\;C:\Program Files (x86)\Microsoft SQL Server\150\Tools\Binn\;C:\Program Files\Microsoft SQL Server\150\Tools\Binn\;C:\Program Files\Microsoft SQL Server\150\DTS\Binn\;C:\Program Files\Git\cmd;C:\xampp\php;C:\WINDOWS\system32;C:\WINDOWS;C:\WINDOWS\System32\Wbem;C:\WINDOWS\System32\WindowsPowerShell\v1.0\;C:\WINDOWS\System32\OpenSSH\;C:\Program Files\Microsoft SQL Server\120\Tools\Binn\;C:\Program Files\heroku\bin;C:\Program Files\Java\jdk-18.0.1.1\bin;C:\Program Files\nodejs\;C:\ProgramData\chocolatey\bin;C:\Users\hp\AppData\Local\Android\Sdk\platform-tools;C:\Users\hp\AppData\Local\Android\Sdk;C:\Users\hp\AppData\Local\Programs\Python\Python39\Scripts\;C:\Users\hp\AppData\Local\Programs\Python\Python39\;C:\Users\hp\AppData\Local\Microsoft\WindowsApps;C:\Users\hp\AppData\Local\Programs\Microsoft VS Code\bin;C:\Users\hp\AppData\Roaming\Composer\vendor\bin;C:\flutter\bin;C:\Users\hp\AppData\Roaming\npm
USERNAME=hp
OS=Windows_NT
PROCESSOR_IDENTIFIER=AMD64 Family 23 Model 24 Stepping 1, AuthenticAMD
TMP=C:\Users\hp\AppData\Local\Temp
TEMP=C:\Users\hp\AppData\Local\Temp



---------------  S Y S T E M  ---------------

OS: Windows 10 , 64 bit Build 19041 (10.0.19041.1889)
OS uptime: 9 days 22:04 hours
Hyper-V role detected

CPU:total 8 (initial active 8) (8 cores per cpu, 2 threads per core) family 23 model 24 stepping 1 microcode 0x0, cmov, cx8, fxsr, mmx, sse, sse2, sse3, ssse3, sse4.1, sse4.2, popcnt, avx, avx2, aes, clmul, mmxext, 3dnowpref, lzcnt, sse4a, ht, tsc, tscinvbit, tscinv, bmi1, bmi2, adx, sha, fma

Memory: 4k page, system-wide physical 6021M (293M free)
TotalPageFile size 24453M (AvailPageFile size 0M)
current process WorkingSet (physical memory assigned to process): 374M, peak: 378M
current process commit charge ("private bytes"): 571M, peak: 571M

vm_info: OpenJDK 64-Bit Server VM (11.0.16+8) for windows-amd64 JRE (11.0.16+8), built on Jul 20 2022 07:15:32 by "" with MS VC++ 15.9 (VS2017)

END.
